[0.014s] Invoking command in '/home/cisco/xbox_ros2_ws/build/controller_interface': CMAKE_PREFIX_PATH=${CMAKE_PREFIX_PATH}:/opt/ros/humble /usr/bin/cmake --build /home/cisco/xbox_ros2_ws/build/controller_interface -- -j4 -l4
[0.105s] [  3%] Built target controller_interface__cpp
[0.111s] [ 12%] Built target controller_interface__rosidl_generator_c
[0.140s] [ 12%] Built target ament_cmake_python_copy_controller_interface
[0.162s] [ 22%] Built target controller_interface__rosidl_typesupport_fastrtps_cpp
[0.162s] [ 32%] Built target controller_interface__rosidl_typesupport_cpp
[0.176s] [ 41%] Built target controller_interface__rosidl_typesupport_introspection_cpp
[0.186s] [ 51%] Built target controller_interface__rosidl_typesupport_fastrtps_c
[0.197s] [ 61%] Built target controller_interface__rosidl_typesupport_c
[0.199s] [ 70%] Built target controller_interface__rosidl_typesupport_introspection_c
[0.217s] [ 70%] Built target controller_interface
[0.243s] [ 74%] Built target controller_interface__py
[0.269s] [ 80%] Built target controller_interface__rosidl_generator_py
[0.291s] [ 87%] Built target controller_interface__rosidl_typesupport_c__pyext
[0.309s] [100%] Built target controller_interface__rosidl_typesupport_fastrtps_c__pyext
[0.310s] [100%] Built target controller_interface__rosidl_typesupport_introspection_c__pyext
[0.550s] running egg_info
[0.555s] writing controller_interface.egg-info/PKG-INFO
[0.555s] writing dependency_links to controller_interface.egg-info/dependency_links.txt
[0.556s] writing top-level names to controller_interface.egg-info/top_level.txt
[0.559s] reading manifest file 'controller_interface.egg-info/SOURCES.txt'
[0.560s] writing manifest file 'controller_interface.egg-info/SOURCES.txt'
[0.614s] [100%] Built target ament_cmake_python_build_controller_interface_egg
[0.634s] Invoked command in '/home/cisco/xbox_ros2_ws/build/controller_interface' returned '0': CMAKE_PREFIX_PATH=${CMAKE_PREFIX_PATH}:/opt/ros/humble /usr/bin/cmake --build /home/cisco/xbox_ros2_ws/build/controller_interface -- -j4 -l4
[0.768s] Invoking command in '/home/cisco/xbox_ros2_ws/build/controller_interface': CMAKE_PREFIX_PATH=${CMAKE_PREFIX_PATH}:/opt/ros/humble /usr/bin/cmake --install /home/cisco/xbox_ros2_ws/build/controller_interface
[0.778s] -- Install configuration: ""
[0.779s] -- Up-to-date: /home/cisco/xbox_ros2_ws/install/controller_interface/share/ament_index/resource_index/rosidl_interfaces/controller_interface
[0.780s] -- Up-to-date: /home/cisco/xbox_ros2_ws/install/controller_interface/include/controller_interface/controller_interface
[0.780s] -- Up-to-date: /home/cisco/xbox_ros2_ws/install/controller_interface/include/controller_interface/controller_interface/msg
[0.781s] -- Up-to-date: /home/cisco/xbox_ros2_ws/install/controller_interface/include/controller_interface/controller_interface/msg/rosidl_generator_c__visibility_control.h
[0.781s] -- Up-to-date: /home/cisco/xbox_ros2_ws/install/controller_interface/include/controller_interface/controller_interface/msg/detail
[0.782s] -- Up-to-date: /home/cisco/xbox_ros2_ws/install/controller_interface/include/controller_interface/controller_interface/msg/detail/control__functions.c
[0.782s] -- Up-to-date: /home/cisco/xbox_ros2_ws/install/controller_interface/include/controller_interface/controller_interface/msg/detail/control__struct.h
[0.782s] -- Up-to-date: /home/cisco/xbox_ros2_ws/install/controller_interface/include/controller_interface/controller_interface/msg/detail/control__type_support.h
[0.783s] -- Up-to-date: /home/cisco/xbox_ros2_ws/install/controller_interface/include/controller_interface/controller_interface/msg/detail/control__functions.h
[0.783s] -- Up-to-date: /home/cisco/xbox_ros2_ws/install/controller_interface/include/controller_interface/controller_interface/msg/control.h
[0.784s] -- Up-to-date: /home/cisco/xbox_ros2_ws/install/controller_interface/share/controller_interface/environment/library_path.sh
[0.785s] -- Up-to-date: /home/cisco/xbox_ros2_ws/install/controller_interface/share/controller_interface/environment/library_path.dsv
[0.785s] -- Up-to-date: /home/cisco/xbox_ros2_ws/install/controller_interface/lib/libcontroller_interface__rosidl_generator_c.so
[0.785s] -- Up-to-date: /home/cisco/xbox_ros2_ws/install/controller_interface/include/controller_interface/controller_interface
[0.785s] -- Up-to-date: /home/cisco/xbox_ros2_ws/install/controller_interface/include/controller_interface/controller_interface/msg
[0.785s] -- Up-to-date: /home/cisco/xbox_ros2_ws/install/controller_interface/include/controller_interface/controller_interface/msg/rosidl_typesupport_fastrtps_c__visibility_control.h
[0.785s] -- Up-to-date: /home/cisco/xbox_ros2_ws/install/controller_interface/include/controller_interface/controller_interface/msg/detail
[0.786s] -- Up-to-date: /home/cisco/xbox_ros2_ws/install/controller_interface/include/controller_interface/controller_interface/msg/detail/control__rosidl_typesupport_fastrtps_c.h
[0.786s] -- Up-to-date: /home/cisco/xbox_ros2_ws/install/controller_interface/lib/libcontroller_interface__rosidl_typesupport_fastrtps_c.so
[0.786s] -- Up-to-date: /home/cisco/xbox_ros2_ws/install/controller_interface/include/controller_interface/controller_interface
[0.786s] -- Up-to-date: /home/cisco/xbox_ros2_ws/install/controller_interface/include/controller_interface/controller_interface/msg
[0.786s] -- Up-to-date: /home/cisco/xbox_ros2_ws/install/controller_interface/include/controller_interface/controller_interface/msg/detail
[0.787s] -- Up-to-date: /home/cisco/xbox_ros2_ws/install/controller_interface/include/controller_interface/controller_interface/msg/detail/control__type_support.c
[0.787s] -- Up-to-date: /home/cisco/xbox_ros2_ws/install/controller_interface/include/controller_interface/controller_interface/msg/detail/control__rosidl_typesupport_introspection_c.h
[0.787s] -- Up-to-date: /home/cisco/xbox_ros2_ws/install/controller_interface/include/controller_interface/controller_interface/msg/rosidl_typesupport_introspection_c__visibility_control.h
[0.787s] -- Up-to-date: /home/cisco/xbox_ros2_ws/install/controller_interface/lib/libcontroller_interface__rosidl_typesupport_introspection_c.so
[0.787s] -- Up-to-date: /home/cisco/xbox_ros2_ws/install/controller_interface/lib/libcontroller_interface__rosidl_typesupport_c.so
[0.788s] -- Up-to-date: /home/cisco/xbox_ros2_ws/install/controller_interface/include/controller_interface/controller_interface
[0.788s] -- Up-to-date: /home/cisco/xbox_ros2_ws/install/controller_interface/include/controller_interface/controller_interface/msg
[0.788s] -- Up-to-date: /home/cisco/xbox_ros2_ws/install/controller_interface/include/controller_interface/controller_interface/msg/detail
[0.788s] -- Up-to-date: /home/cisco/xbox_ros2_ws/install/controller_interface/include/controller_interface/controller_interface/msg/detail/control__traits.hpp
[0.788s] -- Up-to-date: /home/cisco/xbox_ros2_ws/install/controller_interface/include/controller_interface/controller_interface/msg/detail/control__struct.hpp
[0.788s] -- Up-to-date: /home/cisco/xbox_ros2_ws/install/controller_interface/include/controller_interface/controller_interface/msg/detail/control__builder.hpp
[0.789s] -- Up-to-date: /home/cisco/xbox_ros2_ws/install/controller_interface/include/controller_interface/controller_interface/msg/control.hpp
[0.789s] -- Up-to-date: /home/cisco/xbox_ros2_ws/install/controller_interface/include/controller_interface/controller_interface
[0.789s] -- Up-to-date: /home/cisco/xbox_ros2_ws/install/controller_interface/include/controller_interface/controller_interface/msg
[0.789s] -- Up-to-date: /home/cisco/xbox_ros2_ws/install/controller_interface/include/controller_interface/controller_interface/msg/detail
[0.789s] -- Up-to-date: /home/cisco/xbox_ros2_ws/install/controller_interface/include/controller_interface/controller_interface/msg/detail/dds_fastrtps
[0.790s] -- Up-to-date: /home/cisco/xbox_ros2_ws/install/controller_interface/include/controller_interface/controller_interface/msg/detail/control__rosidl_typesupport_fastrtps_cpp.hpp
[0.790s] -- Up-to-date: /home/cisco/xbox_ros2_ws/install/controller_interface/include/controller_interface/controller_interface/msg/rosidl_typesupport_fastrtps_cpp__visibility_control.h
[0.790s] -- Up-to-date: /home/cisco/xbox_ros2_ws/install/controller_interface/lib/libcontroller_interface__rosidl_typesupport_fastrtps_cpp.so
[0.791s] -- Up-to-date: /home/cisco/xbox_ros2_ws/install/controller_interface/include/controller_interface/controller_interface
[0.791s] -- Up-to-date: /home/cisco/xbox_ros2_ws/install/controller_interface/include/controller_interface/controller_interface/msg
[0.791s] -- Up-to-date: /home/cisco/xbox_ros2_ws/install/controller_interface/include/controller_interface/controller_interface/msg/detail
[0.791s] -- Up-to-date: /home/cisco/xbox_ros2_ws/install/controller_interface/include/controller_interface/controller_interface/msg/detail/control__rosidl_typesupport_introspection_cpp.hpp
[0.792s] -- Up-to-date: /home/cisco/xbox_ros2_ws/install/controller_interface/include/controller_interface/controller_interface/msg/detail/control__type_support.cpp
[0.792s] -- Up-to-date: /home/cisco/xbox_ros2_ws/install/controller_interface/lib/libcontroller_interface__rosidl_typesupport_introspection_cpp.so
[0.792s] -- Up-to-date: /home/cisco/xbox_ros2_ws/install/controller_interface/lib/libcontroller_interface__rosidl_typesupport_cpp.so
[0.792s] -- Up-to-date: /home/cisco/xbox_ros2_ws/install/controller_interface/share/controller_interface/environment/pythonpath.sh
[0.793s] -- Up-to-date: /home/cisco/xbox_ros2_ws/install/controller_interface/share/controller_interface/environment/pythonpath.dsv
[0.793s] -- Up-to-date: /home/cisco/xbox_ros2_ws/install/controller_interface/local/lib/python3.10/dist-packages/controller_interface-0.0.0-py3.10.egg-info
[0.793s] -- Installing: /home/cisco/xbox_ros2_ws/install/controller_interface/local/lib/python3.10/dist-packages/controller_interface-0.0.0-py3.10.egg-info/SOURCES.txt
[0.793s] -- Installing: /home/cisco/xbox_ros2_ws/install/controller_interface/local/lib/python3.10/dist-packages/controller_interface-0.0.0-py3.10.egg-info/PKG-INFO
[0.793s] -- Installing: /home/cisco/xbox_ros2_ws/install/controller_interface/local/lib/python3.10/dist-packages/controller_interface-0.0.0-py3.10.egg-info/dependency_links.txt
[0.794s] -- Installing: /home/cisco/xbox_ros2_ws/install/controller_interface/local/lib/python3.10/dist-packages/controller_interface-0.0.0-py3.10.egg-info/top_level.txt
[0.794s] -- Up-to-date: /home/cisco/xbox_ros2_ws/install/controller_interface/local/lib/python3.10/dist-packages/controller_interface
[0.794s] -- Up-to-date: /home/cisco/xbox_ros2_ws/install/controller_interface/local/lib/python3.10/dist-packages/controller_interface/_controller_interface_s.ep.rosidl_typesupport_c.c
[0.794s] -- Up-to-date: /home/cisco/xbox_ros2_ws/install/controller_interface/local/lib/python3.10/dist-packages/controller_interface/__init__.py
[0.794s] -- Up-to-date: /home/cisco/xbox_ros2_ws/install/controller_interface/local/lib/python3.10/dist-packages/controller_interface/_controller_interface_s.ep.rosidl_typesupport_introspection_c.c
[0.794s] -- Up-to-date: /home/cisco/xbox_ros2_ws/install/controller_interface/local/lib/python3.10/dist-packages/controller_interface/controller_interface_s__rosidl_typesupport_fastrtps_c.cpython-310-x86_64-linux-gnu.so
[0.795s] -- Up-to-date: /home/cisco/xbox_ros2_ws/install/controller_interface/local/lib/python3.10/dist-packages/controller_interface/libcontroller_interface__rosidl_generator_py.so
[0.795s] -- Up-to-date: /home/cisco/xbox_ros2_ws/install/controller_interface/local/lib/python3.10/dist-packages/controller_interface/controller_interface_s__rosidl_typesupport_introspection_c.cpython-310-x86_64-linux-gnu.so
[0.795s] -- Up-to-date: /home/cisco/xbox_ros2_ws/install/controller_interface/local/lib/python3.10/dist-packages/controller_interface/_controller_interface_s.ep.rosidl_typesupport_fastrtps_c.c
[0.795s] -- Up-to-date: /home/cisco/xbox_ros2_ws/install/controller_interface/local/lib/python3.10/dist-packages/controller_interface/msg
[0.795s] -- Up-to-date: /home/cisco/xbox_ros2_ws/install/controller_interface/local/lib/python3.10/dist-packages/controller_interface/msg/__init__.py
[0.796s] -- Up-to-date: /home/cisco/xbox_ros2_ws/install/controller_interface/local/lib/python3.10/dist-packages/controller_interface/msg/_control_s.c
[0.796s] -- Up-to-date: /home/cisco/xbox_ros2_ws/install/controller_interface/local/lib/python3.10/dist-packages/controller_interface/msg/_control.py
[0.796s] -- Up-to-date: /home/cisco/xbox_ros2_ws/install/controller_interface/local/lib/python3.10/dist-packages/controller_interface/controller_interface_s__rosidl_typesupport_c.cpython-310-x86_64-linux-gnu.so
[0.829s] Listing '/home/cisco/xbox_ros2_ws/install/controller_interface/local/lib/python3.10/dist-packages/controller_interface'...
[0.830s] Listing '/home/cisco/xbox_ros2_ws/install/controller_interface/local/lib/python3.10/dist-packages/controller_interface/msg'...
[0.835s] -- Up-to-date: /home/cisco/xbox_ros2_ws/install/controller_interface/local/lib/python3.10/dist-packages/controller_interface/controller_interface_s__rosidl_typesupport_fastrtps_c.cpython-310-x86_64-linux-gnu.so
[0.835s] -- Up-to-date: /home/cisco/xbox_ros2_ws/install/controller_interface/local/lib/python3.10/dist-packages/controller_interface/controller_interface_s__rosidl_typesupport_introspection_c.cpython-310-x86_64-linux-gnu.so
[0.835s] -- Up-to-date: /home/cisco/xbox_ros2_ws/install/controller_interface/local/lib/python3.10/dist-packages/controller_interface/controller_interface_s__rosidl_typesupport_c.cpython-310-x86_64-linux-gnu.so
[0.836s] -- Up-to-date: /home/cisco/xbox_ros2_ws/install/controller_interface/lib/libcontroller_interface__rosidl_generator_py.so
[0.836s] -- Up-to-date: /home/cisco/xbox_ros2_ws/install/controller_interface/share/controller_interface/msg/Control.idl
[0.837s] -- Up-to-date: /home/cisco/xbox_ros2_ws/install/controller_interface/share/controller_interface/msg/Control.msg
[0.837s] -- Up-to-date: /home/cisco/xbox_ros2_ws/install/controller_interface/share/ament_index/resource_index/package_run_dependencies/controller_interface
[0.837s] -- Up-to-date: /home/cisco/xbox_ros2_ws/install/controller_interface/share/ament_index/resource_index/parent_prefix_path/controller_interface
[0.838s] -- Up-to-date: /home/cisco/xbox_ros2_ws/install/controller_interface/share/controller_interface/environment/ament_prefix_path.sh
[0.838s] -- Up-to-date: /home/cisco/xbox_ros2_ws/install/controller_interface/share/controller_interface/environment/ament_prefix_path.dsv
[0.838s] -- Up-to-date: /home/cisco/xbox_ros2_ws/install/controller_interface/share/controller_interface/environment/path.sh
[0.839s] -- Up-to-date: /home/cisco/xbox_ros2_ws/install/controller_interface/share/controller_interface/environment/path.dsv
[0.845s] -- Up-to-date: /home/cisco/xbox_ros2_ws/install/controller_interface/share/controller_interface/local_setup.bash
[0.845s] -- Up-to-date: /home/cisco/xbox_ros2_ws/install/controller_interface/share/controller_interface/local_setup.sh
[0.846s] -- Up-to-date: /home/cisco/xbox_ros2_ws/install/controller_interface/share/controller_interface/local_setup.zsh
[0.846s] -- Up-to-date: /home/cisco/xbox_ros2_ws/install/controller_interface/share/controller_interface/local_setup.dsv
[0.846s] -- Installing: /home/cisco/xbox_ros2_ws/install/controller_interface/share/controller_interface/package.dsv
[0.846s] -- Up-to-date: /home/cisco/xbox_ros2_ws/install/controller_interface/share/ament_index/resource_index/packages/controller_interface
[0.846s] -- Up-to-date: /home/cisco/xbox_ros2_ws/install/controller_interface/share/controller_interface/cmake/export_controller_interface__rosidl_generator_cExport.cmake
[0.847s] -- Up-to-date: /home/cisco/xbox_ros2_ws/install/controller_interface/share/controller_interface/cmake/export_controller_interface__rosidl_generator_cExport-noconfig.cmake
[0.847s] -- Up-to-date: /home/cisco/xbox_ros2_ws/install/controller_interface/share/controller_interface/cmake/export_controller_interface__rosidl_typesupport_fastrtps_cExport.cmake
[0.847s] -- Up-to-date: /home/cisco/xbox_ros2_ws/install/controller_interface/share/controller_interface/cmake/export_controller_interface__rosidl_typesupport_fastrtps_cExport-noconfig.cmake
[0.848s] -- Up-to-date: /home/cisco/xbox_ros2_ws/install/controller_interface/share/controller_interface/cmake/controller_interface__rosidl_typesupport_introspection_cExport.cmake
[0.848s] -- Up-to-date: /home/cisco/xbox_ros2_ws/install/controller_interface/share/controller_interface/cmake/controller_interface__rosidl_typesupport_introspection_cExport-noconfig.cmake
[0.848s] -- Up-to-date: /home/cisco/xbox_ros2_ws/install/controller_interface/share/controller_interface/cmake/controller_interface__rosidl_typesupport_cExport.cmake
[0.850s] -- Up-to-date: /home/cisco/xbox_ros2_ws/install/controller_interface/share/controller_interface/cmake/controller_interface__rosidl_typesupport_cExport-noconfig.cmake
[0.851s] -- Up-to-date: /home/cisco/xbox_ros2_ws/install/controller_interface/share/controller_interface/cmake/export_controller_interface__rosidl_generator_cppExport.cmake
[0.853s] -- Up-to-date: /home/cisco/xbox_ros2_ws/install/controller_interface/share/controller_interface/cmake/export_controller_interface__rosidl_typesupport_fastrtps_cppExport.cmake
[0.853s] -- Up-to-date: /home/cisco/xbox_ros2_ws/install/controller_interface/share/controller_interface/cmake/export_controller_interface__rosidl_typesupport_fastrtps_cppExport-noconfig.cmake
[0.853s] -- Up-to-date: /home/cisco/xbox_ros2_ws/install/controller_interface/share/controller_interface/cmake/controller_interface__rosidl_typesupport_introspection_cppExport.cmake
[0.854s] -- Up-to-date: /home/cisco/xbox_ros2_ws/install/controller_interface/share/controller_interface/cmake/controller_interface__rosidl_typesupport_introspection_cppExport-noconfig.cmake
[0.854s] -- Up-to-date: /home/cisco/xbox_ros2_ws/install/controller_interface/share/controller_interface/cmake/controller_interface__rosidl_typesupport_cppExport.cmake
[0.856s] -- Up-to-date: /home/cisco/xbox_ros2_ws/install/controller_interface/share/controller_interface/cmake/controller_interface__rosidl_typesupport_cppExport-noconfig.cmake
[0.856s] -- Up-to-date: /home/cisco/xbox_ros2_ws/install/controller_interface/share/controller_interface/cmake/export_controller_interface__rosidl_generator_pyExport.cmake
[0.857s] -- Up-to-date: /home/cisco/xbox_ros2_ws/install/controller_interface/share/controller_interface/cmake/export_controller_interface__rosidl_generator_pyExport-noconfig.cmake
[0.860s] -- Up-to-date: /home/cisco/xbox_ros2_ws/install/controller_interface/share/controller_interface/cmake/rosidl_cmake-extras.cmake
[0.862s] -- Up-to-date: /home/cisco/xbox_ros2_ws/install/controller_interface/share/controller_interface/cmake/ament_cmake_export_include_directories-extras.cmake
[0.863s] -- Up-to-date: /home/cisco/xbox_ros2_ws/install/controller_interface/share/controller_interface/cmake/ament_cmake_export_libraries-extras.cmake
[0.863s] -- Up-to-date: /home/cisco/xbox_ros2_ws/install/controller_interface/share/controller_interface/cmake/ament_cmake_export_targets-extras.cmake
[0.863s] -- Up-to-date: /home/cisco/xbox_ros2_ws/install/controller_interface/share/controller_interface/cmake/rosidl_cmake_export_typesupport_targets-extras.cmake
[0.864s] -- Up-to-date: /home/cisco/xbox_ros2_ws/install/controller_interface/share/controller_interface/cmake/ament_cmake_export_dependencies-extras.cmake
[0.864s] -- Up-to-date: /home/cisco/xbox_ros2_ws/install/controller_interface/share/controller_interface/cmake/rosidl_cmake_export_typesupport_libraries-extras.cmake
[0.865s] -- Up-to-date: /home/cisco/xbox_ros2_ws/install/controller_interface/share/controller_interface/cmake/controller_interfaceConfig.cmake
[0.865s] -- Up-to-date: /home/cisco/xbox_ros2_ws/install/controller_interface/share/controller_interface/cmake/controller_interfaceConfig-version.cmake
[0.865s] -- Up-to-date: /home/cisco/xbox_ros2_ws/install/controller_interface/share/controller_interface/package.xml
[0.866s] Invoked command in '/home/cisco/xbox_ros2_ws/build/controller_interface' returned '0': CMAKE_PREFIX_PATH=${CMAKE_PREFIX_PATH}:/opt/ros/humble /usr/bin/cmake --install /home/cisco/xbox_ros2_ws/build/controller_interface
