[0.607s] Invoking command in '/home/cisco/xbox_ros2_ws/src/xbox_control': PYTHONPATH=/home/cisco/xbox_ros2_ws/build/xbox_control/prefix_override:/home/cisco/xbox_ros2_ws/install/xbox_control/lib/python3.10/site-packages:${PYTHONPATH} /usr/bin/python3 setup.py egg_info --egg-base ../../build/xbox_control build --build-base /home/cisco/xbox_ros2_ws/build/xbox_control/build install --record /home/cisco/xbox_ros2_ws/build/xbox_control/install.log --single-version-externally-managed
[0.841s] running egg_info
[0.843s] writing ../../build/xbox_control/xbox_control.egg-info/PKG-INFO
[0.843s] writing dependency_links to ../../build/xbox_control/xbox_control.egg-info/dependency_links.txt
[0.843s] writing entry points to ../../build/xbox_control/xbox_control.egg-info/entry_points.txt
[0.844s] writing requirements to ../../build/xbox_control/xbox_control.egg-info/requires.txt
[0.844s] writing top-level names to ../../build/xbox_control/xbox_control.egg-info/top_level.txt
[0.846s] reading manifest file '../../build/xbox_control/xbox_control.egg-info/SOURCES.txt'
[0.847s] writing manifest file '../../build/xbox_control/xbox_control.egg-info/SOURCES.txt'
[0.847s] running build
[0.847s] running build_py
[0.848s] running install
[0.848s] running install_lib
[0.849s] running install_data
[0.850s] running install_egg_info
[0.851s] removing '/home/cisco/xbox_ros2_ws/install/xbox_control/lib/python3.10/site-packages/xbox_control-0.0.0-py3.10.egg-info' (and everything under it)
[0.852s] Copying ../../build/xbox_control/xbox_control.egg-info to /home/cisco/xbox_ros2_ws/install/xbox_control/lib/python3.10/site-packages/xbox_control-0.0.0-py3.10.egg-info
[0.853s] running install_scripts
[0.871s] Installing xbox_pub script to /home/cisco/xbox_ros2_ws/install/xbox_control/lib/xbox_control
[0.871s] Installing xbox_sub script to /home/cisco/xbox_ros2_ws/install/xbox_control/lib/xbox_control
[0.872s] writing list of installed files to '/home/cisco/xbox_ros2_ws/build/xbox_control/install.log'
[0.905s] Invoked command in '/home/cisco/xbox_ros2_ws/src/xbox_control' returned '0': PYTHONPATH=/home/cisco/xbox_ros2_ws/build/xbox_control/prefix_override:/home/cisco/xbox_ros2_ws/install/xbox_control/lib/python3.10/site-packages:${PYTHONPATH} /usr/bin/python3 setup.py egg_info --egg-base ../../build/xbox_control build --build-base /home/cisco/xbox_ros2_ws/build/xbox_control/build install --record /home/cisco/xbox_ros2_ws/build/xbox_control/install.log --single-version-externally-managed
