[0.142s] DEBUG:colcon:Command line arguments: ['/usr/bin/colcon', 'build']
[0.143s] DEBUG:colcon:Parsed command line arguments: Namespace(log_base=None, log_level=None, verb_name='build', build_base='build', install_base='install', merge_install=False, symlink_install=False, test_result_base=None, continue_on_error=False, executor='parallel', parallel_workers=4, event_handlers=None, ignore_user_meta=False, metas=['./colcon.meta'], base_paths=['.'], packages_ignore=None, packages_ignore_regex=None, paths=None, packages_up_to=None, packages_up_to_regex=None, packages_above=None, packages_above_and_dependencies=None, packages_above_depth=None, packages_select_by_dep=None, packages_skip_by_dep=None, packages_skip_up_to=None, packages_select_build_failed=False, packages_skip_build_finished=False, packages_select_test_failures=False, packages_skip_test_passed=False, packages_select=None, packages_skip=None, packages_select_regex=None, packages_skip_regex=None, packages_start=None, packages_end=None, allow_overriding=[], cmake_args=None, cmake_target=None, cmake_target_skip_unavailable=False, cmake_clean_cache=False, cmake_clean_first=False, cmake_force_configure=False, ament_cmake_args=None, catkin_cmake_args=None, catkin_skip_building_tests=False, verb_parser=<colcon_defaults.argument_parser.defaults.DefaultArgumentsDecorator object at 0x7f04e4c4e590>, verb_extension=<colcon_core.verb.build.BuildVerb object at 0x7f04e4c4e020>, main=<bound method BuildVerb.main of <colcon_core.verb.build.BuildVerb object at 0x7f04e4c4e020>>)
[0.170s] Level 1:colcon.colcon_core.package_discovery:discover_packages(colcon_meta) check parameters
[0.170s] Level 1:colcon.colcon_core.package_discovery:discover_packages(recursive) check parameters
[0.170s] Level 1:colcon.colcon_core.package_discovery:discover_packages(ignore) check parameters
[0.170s] Level 1:colcon.colcon_core.package_discovery:discover_packages(path) check parameters
[0.170s] Level 1:colcon.colcon_core.package_discovery:discover_packages(colcon_meta) discover
[0.170s] Level 1:colcon.colcon_core.package_discovery:discover_packages(recursive) discover
[0.170s] INFO:colcon.colcon_core.package_discovery:Crawling recursively for packages in '/home/cisco/xbox_ros2_ws'
[0.170s] Level 1:colcon.colcon_core.package_identification:_identify(.) by extensions ['ignore', 'ignore_ament_install']
[0.170s] Level 1:colcon.colcon_core.package_identification:_identify(.) by extension 'ignore'
[0.170s] Level 1:colcon.colcon_core.package_identification:_identify(.) by extension 'ignore_ament_install'
[0.171s] Level 1:colcon.colcon_core.package_identification:_identify(.) by extensions ['colcon_pkg']
[0.171s] Level 1:colcon.colcon_core.package_identification:_identify(.) by extension 'colcon_pkg'
[0.171s] Level 1:colcon.colcon_core.package_identification:_identify(.) by extensions ['colcon_meta']
[0.171s] Level 1:colcon.colcon_core.package_identification:_identify(.) by extension 'colcon_meta'
[0.171s] Level 1:colcon.colcon_core.package_identification:_identify(.) by extensions ['ros']
[0.171s] Level 1:colcon.colcon_core.package_identification:_identify(.) by extension 'ros'
[0.182s] Level 1:colcon.colcon_core.package_identification:_identify(.) by extensions ['cmake', 'python']
[0.182s] Level 1:colcon.colcon_core.package_identification:_identify(.) by extension 'cmake'
[0.182s] Level 1:colcon.colcon_core.package_identification:_identify(.) by extension 'python'
[0.182s] Level 1:colcon.colcon_core.package_identification:_identify(.) by extensions ['python_setup_py']
[0.182s] Level 1:colcon.colcon_core.package_identification:_identify(.) by extension 'python_setup_py'
[0.182s] Level 1:colcon.colcon_core.package_identification:_identify(build) by extensions ['ignore', 'ignore_ament_install']
[0.182s] Level 1:colcon.colcon_core.package_identification:_identify(build) by extension 'ignore'
[0.182s] Level 1:colcon.colcon_core.package_identification:_identify(build) ignored
[0.182s] Level 1:colcon.colcon_core.package_identification:_identify(install) by extensions ['ignore', 'ignore_ament_install']
[0.182s] Level 1:colcon.colcon_core.package_identification:_identify(install) by extension 'ignore'
[0.182s] Level 1:colcon.colcon_core.package_identification:_identify(install) ignored
[0.183s] Level 1:colcon.colcon_core.package_identification:_identify(log) by extensions ['ignore', 'ignore_ament_install']
[0.183s] Level 1:colcon.colcon_core.package_identification:_identify(log) by extension 'ignore'
[0.183s] Level 1:colcon.colcon_core.package_identification:_identify(log) ignored
[0.183s] Level 1:colcon.colcon_core.package_identification:_identify(src) by extensions ['ignore', 'ignore_ament_install']
[0.183s] Level 1:colcon.colcon_core.package_identification:_identify(src) by extension 'ignore'
[0.183s] Level 1:colcon.colcon_core.package_identification:_identify(src) by extension 'ignore_ament_install'
[0.183s] Level 1:colcon.colcon_core.package_identification:_identify(src) by extensions ['colcon_pkg']
[0.183s] Level 1:colcon.colcon_core.package_identification:_identify(src) by extension 'colcon_pkg'
[0.183s] Level 1:colcon.colcon_core.package_identification:_identify(src) by extensions ['colcon_meta']
[0.183s] Level 1:colcon.colcon_core.package_identification:_identify(src) by extension 'colcon_meta'
[0.183s] Level 1:colcon.colcon_core.package_identification:_identify(src) by extensions ['ros']
[0.183s] Level 1:colcon.colcon_core.package_identification:_identify(src) by extension 'ros'
[0.184s] Level 1:colcon.colcon_core.package_identification:_identify(src) by extensions ['cmake', 'python']
[0.184s] Level 1:colcon.colcon_core.package_identification:_identify(src) by extension 'cmake'
[0.184s] Level 1:colcon.colcon_core.package_identification:_identify(src) by extension 'python'
[0.184s] Level 1:colcon.colcon_core.package_identification:_identify(src) by extensions ['python_setup_py']
[0.184s] Level 1:colcon.colcon_core.package_identification:_identify(src) by extension 'python_setup_py'
[0.184s] Level 1:colcon.colcon_core.package_identification:_identify(src/build) by extensions ['ignore', 'ignore_ament_install']
[0.184s] Level 1:colcon.colcon_core.package_identification:_identify(src/build) by extension 'ignore'
[0.184s] Level 1:colcon.colcon_core.package_identification:_identify(src/build) ignored
[0.184s] Level 1:colcon.colcon_core.package_identification:_identify(src/controller_interface) by extensions ['ignore', 'ignore_ament_install']
[0.184s] Level 1:colcon.colcon_core.package_identification:_identify(src/controller_interface) by extension 'ignore'
[0.184s] Level 1:colcon.colcon_core.package_identification:_identify(src/controller_interface) by extension 'ignore_ament_install'
[0.184s] Level 1:colcon.colcon_core.package_identification:_identify(src/controller_interface) by extensions ['colcon_pkg']
[0.184s] Level 1:colcon.colcon_core.package_identification:_identify(src/controller_interface) by extension 'colcon_pkg'
[0.184s] Level 1:colcon.colcon_core.package_identification:_identify(src/controller_interface) by extensions ['colcon_meta']
[0.184s] Level 1:colcon.colcon_core.package_identification:_identify(src/controller_interface) by extension 'colcon_meta'
[0.184s] Level 1:colcon.colcon_core.package_identification:_identify(src/controller_interface) by extensions ['ros']
[0.185s] Level 1:colcon.colcon_core.package_identification:_identify(src/controller_interface) by extension 'ros'
[0.188s] DEBUG:colcon.colcon_core.package_identification:Package 'src/controller_interface' with type 'ros.ament_cmake' and name 'controller_interface'
[0.188s] Level 1:colcon.colcon_core.package_identification:_identify(src/install) by extensions ['ignore', 'ignore_ament_install']
[0.188s] Level 1:colcon.colcon_core.package_identification:_identify(src/install) by extension 'ignore'
[0.188s] Level 1:colcon.colcon_core.package_identification:_identify(src/install) ignored
[0.188s] Level 1:colcon.colcon_core.package_identification:_identify(src/log) by extensions ['ignore', 'ignore_ament_install']
[0.188s] Level 1:colcon.colcon_core.package_identification:_identify(src/log) by extension 'ignore'
[0.188s] Level 1:colcon.colcon_core.package_identification:_identify(src/log) ignored
[0.188s] Level 1:colcon.colcon_core.package_identification:_identify(src/xbox_control) by extensions ['ignore', 'ignore_ament_install']
[0.188s] Level 1:colcon.colcon_core.package_identification:_identify(src/xbox_control) by extension 'ignore'
[0.189s] Level 1:colcon.colcon_core.package_identification:_identify(src/xbox_control) by extension 'ignore_ament_install'
[0.189s] Level 1:colcon.colcon_core.package_identification:_identify(src/xbox_control) by extensions ['colcon_pkg']
[0.189s] Level 1:colcon.colcon_core.package_identification:_identify(src/xbox_control) by extension 'colcon_pkg'
[0.189s] Level 1:colcon.colcon_core.package_identification:_identify(src/xbox_control) by extensions ['colcon_meta']
[0.189s] Level 1:colcon.colcon_core.package_identification:_identify(src/xbox_control) by extension 'colcon_meta'
[0.189s] Level 1:colcon.colcon_core.package_identification:_identify(src/xbox_control) by extensions ['ros']
[0.189s] Level 1:colcon.colcon_core.package_identification:_identify(src/xbox_control) by extension 'ros'
[0.189s] DEBUG:colcon.colcon_core.package_identification:Package 'src/xbox_control' with type 'ros.ament_python' and name 'xbox_control'
[0.189s] Level 1:colcon.colcon_core.package_discovery:discover_packages(recursive) using defaults
[0.189s] Level 1:colcon.colcon_core.package_discovery:discover_packages(ignore) discover
[0.189s] Level 1:colcon.colcon_core.package_discovery:discover_packages(ignore) using defaults
[0.190s] Level 1:colcon.colcon_core.package_discovery:discover_packages(path) discover
[0.190s] Level 1:colcon.colcon_core.package_discovery:discover_packages(path) using defaults
[0.212s] Level 1:colcon.colcon_core.package_discovery:discover_packages(prefix_path) check parameters
[0.213s] Level 1:colcon.colcon_core.package_discovery:discover_packages(prefix_path) discover
[0.216s] DEBUG:colcon.colcon_installed_package_information.package_discovery:Found 2 installed packages in /home/cisco/xbox_ros2_ws/install
[0.218s] DEBUG:colcon.colcon_installed_package_information.package_discovery:Found 1 installed packages in /home/cisco/ros2_ws/install
[0.220s] DEBUG:colcon.colcon_installed_package_information.package_discovery:Found 270 installed packages in /opt/ros/humble
[0.222s] Level 1:colcon.colcon_core.package_discovery:discover_packages(prefix_path) using defaults
[0.275s] Level 5:colcon.colcon_core.verb:set package 'controller_interface' build argument 'cmake_args' from command line to 'None'
[0.275s] Level 5:colcon.colcon_core.verb:set package 'controller_interface' build argument 'cmake_target' from command line to 'None'
[0.275s] Level 5:colcon.colcon_core.verb:set package 'controller_interface' build argument 'cmake_target_skip_unavailable' from command line to 'False'
[0.275s] Level 5:colcon.colcon_core.verb:set package 'controller_interface' build argument 'cmake_clean_cache' from command line to 'False'
[0.275s] Level 5:colcon.colcon_core.verb:set package 'controller_interface' build argument 'cmake_clean_first' from command line to 'False'
[0.275s] Level 5:colcon.colcon_core.verb:set package 'controller_interface' build argument 'cmake_force_configure' from command line to 'False'
[0.275s] Level 5:colcon.colcon_core.verb:set package 'controller_interface' build argument 'ament_cmake_args' from command line to 'None'
[0.275s] Level 5:colcon.colcon_core.verb:set package 'controller_interface' build argument 'catkin_cmake_args' from command line to 'None'
[0.275s] Level 5:colcon.colcon_core.verb:set package 'controller_interface' build argument 'catkin_skip_building_tests' from command line to 'False'
[0.275s] DEBUG:colcon.colcon_core.verb:Building package 'controller_interface' with the following arguments: {'ament_cmake_args': None, 'build_base': '/home/cisco/xbox_ros2_ws/build/controller_interface', 'catkin_cmake_args': None, 'catkin_skip_building_tests': False, 'cmake_args': None, 'cmake_clean_cache': False, 'cmake_clean_first': False, 'cmake_force_configure': False, 'cmake_target': None, 'cmake_target_skip_unavailable': False, 'install_base': '/home/cisco/xbox_ros2_ws/install/controller_interface', 'merge_install': False, 'path': '/home/cisco/xbox_ros2_ws/src/controller_interface', 'symlink_install': False, 'test_result_base': None}
[0.276s] Level 5:colcon.colcon_core.verb:set package 'xbox_control' build argument 'cmake_args' from command line to 'None'
[0.276s] Level 5:colcon.colcon_core.verb:set package 'xbox_control' build argument 'cmake_target' from command line to 'None'
[0.276s] Level 5:colcon.colcon_core.verb:set package 'xbox_control' build argument 'cmake_target_skip_unavailable' from command line to 'False'
[0.276s] Level 5:colcon.colcon_core.verb:set package 'xbox_control' build argument 'cmake_clean_cache' from command line to 'False'
[0.276s] Level 5:colcon.colcon_core.verb:set package 'xbox_control' build argument 'cmake_clean_first' from command line to 'False'
[0.276s] Level 5:colcon.colcon_core.verb:set package 'xbox_control' build argument 'cmake_force_configure' from command line to 'False'
[0.276s] Level 5:colcon.colcon_core.verb:set package 'xbox_control' build argument 'ament_cmake_args' from command line to 'None'
[0.276s] Level 5:colcon.colcon_core.verb:set package 'xbox_control' build argument 'catkin_cmake_args' from command line to 'None'
[0.277s] Level 5:colcon.colcon_core.verb:set package 'xbox_control' build argument 'catkin_skip_building_tests' from command line to 'False'
[0.277s] DEBUG:colcon.colcon_core.verb:Building package 'xbox_control' with the following arguments: {'ament_cmake_args': None, 'build_base': '/home/cisco/xbox_ros2_ws/build/xbox_control', 'catkin_cmake_args': None, 'catkin_skip_building_tests': False, 'cmake_args': None, 'cmake_clean_cache': False, 'cmake_clean_first': False, 'cmake_force_configure': False, 'cmake_target': None, 'cmake_target_skip_unavailable': False, 'install_base': '/home/cisco/xbox_ros2_ws/install/xbox_control', 'merge_install': False, 'path': '/home/cisco/xbox_ros2_ws/src/xbox_control', 'symlink_install': False, 'test_result_base': None}
[0.277s] INFO:colcon.colcon_core.executor:Executing jobs using 'parallel' executor
[0.283s] DEBUG:colcon.colcon_parallel_executor.executor.parallel:run_until_complete
[0.284s] INFO:colcon.colcon_ros.task.ament_cmake.build:Building ROS package in '/home/cisco/xbox_ros2_ws/src/controller_interface' with build type 'ament_cmake'
[0.284s] INFO:colcon.colcon_cmake.task.cmake.build:Building CMake package in '/home/cisco/xbox_ros2_ws/src/controller_interface'
[0.289s] INFO:colcon.colcon_core.plugin_system:Skipping extension 'colcon_core.shell.bat': Not used on non-Windows systems
[0.289s] INFO:colcon.colcon_core.shell:Skip shell extension 'powershell' for command environment: Not usable outside of PowerShell
[0.289s] DEBUG:colcon.colcon_core.shell:Skip shell extension 'dsv' for command environment
[0.306s] DEBUG:colcon.colcon_core.event_handler.log_command:Invoking command in '/home/cisco/xbox_ros2_ws/build/controller_interface': CMAKE_PREFIX_PATH=${CMAKE_PREFIX_PATH}:/home/cisco/xbox_ros2_ws/install/xbox_control:/opt/ros/humble /usr/bin/cmake --build /home/cisco/xbox_ros2_ws/build/controller_interface -- -j4 -l4
[0.788s] DEBUG:colcon.colcon_core.event_handler.log_command:Invoked command in '/home/cisco/xbox_ros2_ws/build/controller_interface' returned '0': CMAKE_PREFIX_PATH=${CMAKE_PREFIX_PATH}:/home/cisco/xbox_ros2_ws/install/xbox_control:/opt/ros/humble /usr/bin/cmake --build /home/cisco/xbox_ros2_ws/build/controller_interface -- -j4 -l4
[0.910s] DEBUG:colcon.colcon_core.event_handler.log_command:Invoking command in '/home/cisco/xbox_ros2_ws/build/controller_interface': CMAKE_PREFIX_PATH=${CMAKE_PREFIX_PATH}:/home/cisco/xbox_ros2_ws/install/xbox_control:/opt/ros/humble /usr/bin/cmake --install /home/cisco/xbox_ros2_ws/build/controller_interface
[1.007s] Level 1:colcon.colcon_core.environment:create_environment_scripts_only(controller_interface)
[1.012s] DEBUG:colcon.colcon_core.event_handler.log_command:Invoked command in '/home/cisco/xbox_ros2_ws/build/controller_interface' returned '0': CMAKE_PREFIX_PATH=${CMAKE_PREFIX_PATH}:/home/cisco/xbox_ros2_ws/install/xbox_control:/opt/ros/humble /usr/bin/cmake --install /home/cisco/xbox_ros2_ws/build/controller_interface
[1.022s] Level 1:colcon.colcon_core.environment:checking '/home/cisco/xbox_ros2_ws/install/controller_interface' for CMake module files
[1.023s] Level 1:colcon.colcon_core.environment:checking '/home/cisco/xbox_ros2_ws/install/controller_interface' for CMake config files
[1.024s] Level 1:colcon.colcon_core.shell:create_environment_hook('controller_interface', 'cmake_prefix_path')
[1.025s] INFO:colcon.colcon_core.shell:Creating environment hook '/home/cisco/xbox_ros2_ws/install/controller_interface/share/controller_interface/hook/cmake_prefix_path.ps1'
[1.026s] INFO:colcon.colcon_core.shell:Creating environment descriptor '/home/cisco/xbox_ros2_ws/install/controller_interface/share/controller_interface/hook/cmake_prefix_path.dsv'
[1.027s] INFO:colcon.colcon_core.shell:Creating environment hook '/home/cisco/xbox_ros2_ws/install/controller_interface/share/controller_interface/hook/cmake_prefix_path.sh'
[1.028s] Level 1:colcon.colcon_core.environment:checking '/home/cisco/xbox_ros2_ws/install/controller_interface/lib'
[1.028s] Level 1:colcon.colcon_core.shell:create_environment_hook('controller_interface', 'ld_library_path_lib')
[1.030s] INFO:colcon.colcon_core.shell:Creating environment hook '/home/cisco/xbox_ros2_ws/install/controller_interface/share/controller_interface/hook/ld_library_path_lib.ps1'
[1.031s] INFO:colcon.colcon_core.shell:Creating environment descriptor '/home/cisco/xbox_ros2_ws/install/controller_interface/share/controller_interface/hook/ld_library_path_lib.dsv'
[1.032s] INFO:colcon.colcon_core.shell:Creating environment hook '/home/cisco/xbox_ros2_ws/install/controller_interface/share/controller_interface/hook/ld_library_path_lib.sh'
[1.033s] Level 1:colcon.colcon_core.environment:checking '/home/cisco/xbox_ros2_ws/install/controller_interface/bin'
[1.033s] Level 1:colcon.colcon_core.environment:checking '/home/cisco/xbox_ros2_ws/install/controller_interface/lib/pkgconfig/controller_interface.pc'
[1.034s] Level 1:colcon.colcon_core.environment:checking '/home/cisco/xbox_ros2_ws/install/controller_interface/lib/python3.10/site-packages'
[1.034s] Level 1:colcon.colcon_core.environment:checking '/home/cisco/xbox_ros2_ws/install/controller_interface/bin'
[1.037s] INFO:colcon.colcon_core.shell:Creating package script '/home/cisco/xbox_ros2_ws/install/controller_interface/share/controller_interface/package.ps1'
[1.038s] INFO:colcon.colcon_core.shell:Creating package descriptor '/home/cisco/xbox_ros2_ws/install/controller_interface/share/controller_interface/package.dsv'
[1.039s] INFO:colcon.colcon_core.shell:Creating package script '/home/cisco/xbox_ros2_ws/install/controller_interface/share/controller_interface/package.sh'
[1.040s] INFO:colcon.colcon_core.shell:Creating package script '/home/cisco/xbox_ros2_ws/install/controller_interface/share/controller_interface/package.bash'
[1.041s] INFO:colcon.colcon_core.shell:Creating package script '/home/cisco/xbox_ros2_ws/install/controller_interface/share/controller_interface/package.zsh'
[1.042s] Level 1:colcon.colcon_core.environment:create_file_with_runtime_dependencies(/home/cisco/xbox_ros2_ws/install/controller_interface/share/colcon-core/packages/controller_interface)
[1.150s] Level 1:colcon.colcon_core.environment:create_environment_scripts_only(controller_interface)
[1.153s] Level 1:colcon.colcon_core.environment:checking '/home/cisco/xbox_ros2_ws/install/controller_interface' for CMake module files
[1.154s] Level 1:colcon.colcon_core.environment:checking '/home/cisco/xbox_ros2_ws/install/controller_interface' for CMake config files
[1.155s] Level 1:colcon.colcon_core.shell:create_environment_hook('controller_interface', 'cmake_prefix_path')
[1.156s] INFO:colcon.colcon_core.shell:Creating environment hook '/home/cisco/xbox_ros2_ws/install/controller_interface/share/controller_interface/hook/cmake_prefix_path.ps1'
[1.157s] INFO:colcon.colcon_core.shell:Creating environment descriptor '/home/cisco/xbox_ros2_ws/install/controller_interface/share/controller_interface/hook/cmake_prefix_path.dsv'
[1.159s] INFO:colcon.colcon_core.shell:Creating environment hook '/home/cisco/xbox_ros2_ws/install/controller_interface/share/controller_interface/hook/cmake_prefix_path.sh'
[1.160s] Level 1:colcon.colcon_core.environment:checking '/home/cisco/xbox_ros2_ws/install/controller_interface/lib'
[1.160s] Level 1:colcon.colcon_core.shell:create_environment_hook('controller_interface', 'ld_library_path_lib')
[1.162s] INFO:colcon.colcon_core.shell:Creating environment hook '/home/cisco/xbox_ros2_ws/install/controller_interface/share/controller_interface/hook/ld_library_path_lib.ps1'
[1.163s] INFO:colcon.colcon_core.shell:Creating environment descriptor '/home/cisco/xbox_ros2_ws/install/controller_interface/share/controller_interface/hook/ld_library_path_lib.dsv'
[1.163s] INFO:colcon.colcon_core.shell:Creating environment hook '/home/cisco/xbox_ros2_ws/install/controller_interface/share/controller_interface/hook/ld_library_path_lib.sh'
[1.164s] Level 1:colcon.colcon_core.environment:checking '/home/cisco/xbox_ros2_ws/install/controller_interface/bin'
[1.164s] Level 1:colcon.colcon_core.environment:checking '/home/cisco/xbox_ros2_ws/install/controller_interface/lib/pkgconfig/controller_interface.pc'
[1.164s] Level 1:colcon.colcon_core.environment:checking '/home/cisco/xbox_ros2_ws/install/controller_interface/lib/python3.10/site-packages'
[1.165s] Level 1:colcon.colcon_core.environment:checking '/home/cisco/xbox_ros2_ws/install/controller_interface/bin'
[1.168s] INFO:colcon.colcon_core.shell:Creating package script '/home/cisco/xbox_ros2_ws/install/controller_interface/share/controller_interface/package.ps1'
[1.169s] INFO:colcon.colcon_core.shell:Creating package descriptor '/home/cisco/xbox_ros2_ws/install/controller_interface/share/controller_interface/package.dsv'
[1.170s] INFO:colcon.colcon_core.shell:Creating package script '/home/cisco/xbox_ros2_ws/install/controller_interface/share/controller_interface/package.sh'
[1.171s] INFO:colcon.colcon_core.shell:Creating package script '/home/cisco/xbox_ros2_ws/install/controller_interface/share/controller_interface/package.bash'
[1.172s] INFO:colcon.colcon_core.shell:Creating package script '/home/cisco/xbox_ros2_ws/install/controller_interface/share/controller_interface/package.zsh'
[1.172s] Level 1:colcon.colcon_core.environment:create_file_with_runtime_dependencies(/home/cisco/xbox_ros2_ws/install/controller_interface/share/colcon-core/packages/controller_interface)
[1.173s] INFO:colcon.colcon_ros.task.ament_python.build:Building ROS package in '/home/cisco/xbox_ros2_ws/src/xbox_control' with build type 'ament_python'
[1.173s] Level 1:colcon.colcon_core.shell:create_environment_hook('xbox_control', 'ament_prefix_path')
[1.175s] INFO:colcon.colcon_core.shell:Creating environment hook '/home/cisco/xbox_ros2_ws/install/xbox_control/share/xbox_control/hook/ament_prefix_path.ps1'
[1.177s] INFO:colcon.colcon_core.shell:Creating environment descriptor '/home/cisco/xbox_ros2_ws/install/xbox_control/share/xbox_control/hook/ament_prefix_path.dsv'
[1.186s] INFO:colcon.colcon_core.shell:Creating environment hook '/home/cisco/xbox_ros2_ws/install/xbox_control/share/xbox_control/hook/ament_prefix_path.sh'
[1.191s] INFO:colcon.colcon_core.shell:Skip shell extension 'powershell' for command environment: Not usable outside of PowerShell
[1.191s] DEBUG:colcon.colcon_core.shell:Skip shell extension 'dsv' for command environment
[1.543s] INFO:colcon.colcon_core.task.python.build:Building Python package in '/home/cisco/xbox_ros2_ws/src/xbox_control'
[1.545s] INFO:colcon.colcon_core.shell:Skip shell extension 'powershell' for command environment: Not usable outside of PowerShell
[1.545s] DEBUG:colcon.colcon_core.shell:Skip shell extension 'dsv' for command environment
[1.982s] DEBUG:colcon.colcon_core.event_handler.log_command:Invoking command in '/home/cisco/xbox_ros2_ws/src/xbox_control': PYTHONPATH=/home/cisco/xbox_ros2_ws/build/xbox_control/prefix_override:/home/cisco/xbox_ros2_ws/install/xbox_control/lib/python3.10/site-packages:${PYTHONPATH} /usr/bin/python3 setup.py egg_info --egg-base ../../build/xbox_control build --build-base /home/cisco/xbox_ros2_ws/build/xbox_control/build install --record /home/cisco/xbox_ros2_ws/build/xbox_control/install.log --single-version-externally-managed
[2.335s] Level 1:colcon.colcon_core.environment:checking '/home/cisco/xbox_ros2_ws/install/xbox_control' for CMake module files
[2.336s] DEBUG:colcon.colcon_core.event_handler.log_command:Invoked command in '/home/cisco/xbox_ros2_ws/src/xbox_control' returned '0': PYTHONPATH=/home/cisco/xbox_ros2_ws/build/xbox_control/prefix_override:/home/cisco/xbox_ros2_ws/install/xbox_control/lib/python3.10/site-packages:${PYTHONPATH} /usr/bin/python3 setup.py egg_info --egg-base ../../build/xbox_control build --build-base /home/cisco/xbox_ros2_ws/build/xbox_control/build install --record /home/cisco/xbox_ros2_ws/build/xbox_control/install.log --single-version-externally-managed
[2.337s] Level 1:colcon.colcon_core.environment:checking '/home/cisco/xbox_ros2_ws/install/xbox_control' for CMake config files
[2.338s] Level 1:colcon.colcon_core.environment:checking '/home/cisco/xbox_ros2_ws/install/xbox_control/lib'
[2.338s] Level 1:colcon.colcon_core.environment:checking '/home/cisco/xbox_ros2_ws/install/xbox_control/bin'
[2.338s] Level 1:colcon.colcon_core.environment:checking '/home/cisco/xbox_ros2_ws/install/xbox_control/lib/pkgconfig/xbox_control.pc'
[2.338s] Level 1:colcon.colcon_core.environment:checking '/home/cisco/xbox_ros2_ws/install/xbox_control/lib/python3.10/site-packages'
[2.338s] Level 1:colcon.colcon_core.shell:create_environment_hook('xbox_control', 'pythonpath')
[2.340s] INFO:colcon.colcon_core.shell:Creating environment hook '/home/cisco/xbox_ros2_ws/install/xbox_control/share/xbox_control/hook/pythonpath.ps1'
[2.340s] INFO:colcon.colcon_core.shell:Creating environment descriptor '/home/cisco/xbox_ros2_ws/install/xbox_control/share/xbox_control/hook/pythonpath.dsv'
[2.341s] INFO:colcon.colcon_core.shell:Creating environment hook '/home/cisco/xbox_ros2_ws/install/xbox_control/share/xbox_control/hook/pythonpath.sh'
[2.342s] Level 1:colcon.colcon_core.environment:checking '/home/cisco/xbox_ros2_ws/install/xbox_control/bin'
[2.342s] Level 1:colcon.colcon_core.environment:create_environment_scripts_only(xbox_control)
[2.344s] INFO:colcon.colcon_core.shell:Creating package script '/home/cisco/xbox_ros2_ws/install/xbox_control/share/xbox_control/package.ps1'
[2.345s] INFO:colcon.colcon_core.shell:Creating package descriptor '/home/cisco/xbox_ros2_ws/install/xbox_control/share/xbox_control/package.dsv'
[2.345s] INFO:colcon.colcon_core.shell:Creating package script '/home/cisco/xbox_ros2_ws/install/xbox_control/share/xbox_control/package.sh'
[2.346s] INFO:colcon.colcon_core.shell:Creating package script '/home/cisco/xbox_ros2_ws/install/xbox_control/share/xbox_control/package.bash'
[2.346s] INFO:colcon.colcon_core.shell:Creating package script '/home/cisco/xbox_ros2_ws/install/xbox_control/share/xbox_control/package.zsh'
[2.347s] Level 1:colcon.colcon_core.environment:create_file_with_runtime_dependencies(/home/cisco/xbox_ros2_ws/install/xbox_control/share/colcon-core/packages/xbox_control)
[2.347s] DEBUG:colcon.colcon_parallel_executor.executor.parallel:closing loop
[2.348s] DEBUG:colcon.colcon_parallel_executor.executor.parallel:loop closed
[2.348s] DEBUG:colcon.colcon_parallel_executor.executor.parallel:run_until_complete finished with '0'
[2.348s] DEBUG:colcon.colcon_core.event_reactor:joining thread
[2.357s] INFO:colcon.colcon_core.plugin_system:Skipping extension 'colcon_notification.desktop_notification.terminal_notifier': Not used on non-Darwin systems
[2.357s] INFO:colcon.colcon_core.plugin_system:Skipping extension 'colcon_notification.desktop_notification.win32': Not used on non-Windows systems
[2.357s] INFO:colcon.colcon_notification.desktop_notification:Sending desktop notification using 'notify2'
[2.375s] DEBUG:colcon.colcon_core.event_reactor:joined thread
[2.388s] INFO:colcon.colcon_core.shell:Creating prefix script '/home/cisco/xbox_ros2_ws/install/local_setup.ps1'
[2.389s] INFO:colcon.colcon_core.shell:Creating prefix util module '/home/cisco/xbox_ros2_ws/install/_local_setup_util_ps1.py'
[2.391s] INFO:colcon.colcon_core.shell:Creating prefix chain script '/home/cisco/xbox_ros2_ws/install/setup.ps1'
[2.393s] INFO:colcon.colcon_core.shell:Creating prefix script '/home/cisco/xbox_ros2_ws/install/local_setup.sh'
[2.394s] INFO:colcon.colcon_core.shell:Creating prefix util module '/home/cisco/xbox_ros2_ws/install/_local_setup_util_sh.py'
[2.394s] INFO:colcon.colcon_core.shell:Creating prefix chain script '/home/cisco/xbox_ros2_ws/install/setup.sh'
[2.397s] INFO:colcon.colcon_core.shell:Creating prefix script '/home/cisco/xbox_ros2_ws/install/local_setup.bash'
[2.397s] INFO:colcon.colcon_core.shell:Creating prefix chain script '/home/cisco/xbox_ros2_ws/install/setup.bash'
[2.404s] INFO:colcon.colcon_core.shell:Creating prefix script '/home/cisco/xbox_ros2_ws/install/local_setup.zsh'
[2.405s] INFO:colcon.colcon_core.shell:Creating prefix chain script '/home/cisco/xbox_ros2_ws/install/setup.zsh'
