[0.857s] Invoking command in '/home/cisco/xbox_ros2_ws/src/xbox_control': AMENT_PREFIX_PATH=/home/cisco/xbox_ros2_ws/src/install/controller_interface:${AMENT_PREFIX_PATH} CMAKE_PREFIX_PATH=/home/cisco/xbox_ros2_ws/src/install/controller_interface LD_LIBRARY_PATH=/home/cisco/xbox_ros2_ws/src/install/controller_interface/lib:${LD_LIBRARY_PATH} PYTHONPATH=/home/cisco/xbox_ros2_ws/src/build/xbox_control/prefix_override:/home/cisco/xbox_ros2_ws/src/install/xbox_control/lib/python3.10/site-packages:/home/cisco/xbox_ros2_ws/src/install/controller_interface/local/lib/python3.10/dist-packages:${PYTHONPATH} /usr/bin/python3 setup.py egg_info --egg-base ../build/xbox_control build --build-base /home/cisco/xbox_ros2_ws/src/build/xbox_control/build install --record /home/cisco/xbox_ros2_ws/src/build/xbox_control/install.log --single-version-externally-managed
[1.113s] running egg_info
[1.115s] writing ../build/xbox_control/xbox_control.egg-info/PKG-INFO
[1.116s] writing dependency_links to ../build/xbox_control/xbox_control.egg-info/dependency_links.txt
[1.116s] writing entry points to ../build/xbox_control/xbox_control.egg-info/entry_points.txt
[1.116s] writing requirements to ../build/xbox_control/xbox_control.egg-info/requires.txt
[1.117s] writing top-level names to ../build/xbox_control/xbox_control.egg-info/top_level.txt
[1.122s] reading manifest file '../build/xbox_control/xbox_control.egg-info/SOURCES.txt'
[1.123s] writing manifest file '../build/xbox_control/xbox_control.egg-info/SOURCES.txt'
[1.124s] running build
[1.124s] running build_py
[1.125s] copying xbox_control/xbox_pub.py -> /home/cisco/xbox_ros2_ws/src/build/xbox_control/build/lib/xbox_control
[1.126s] copying xbox_control/xbox_sub.py -> /home/cisco/xbox_ros2_ws/src/build/xbox_control/build/lib/xbox_control
[1.127s] running install
[1.127s] running install_lib
[1.129s] copying /home/cisco/xbox_ros2_ws/src/build/xbox_control/build/lib/xbox_control/xbox_pub.py -> /home/cisco/xbox_ros2_ws/src/install/xbox_control/lib/python3.10/site-packages/xbox_control
[1.129s] copying /home/cisco/xbox_ros2_ws/src/build/xbox_control/build/lib/xbox_control/xbox_sub.py -> /home/cisco/xbox_ros2_ws/src/install/xbox_control/lib/python3.10/site-packages/xbox_control
[1.130s] byte-compiling /home/cisco/xbox_ros2_ws/src/install/xbox_control/lib/python3.10/site-packages/xbox_control/xbox_pub.py to xbox_pub.cpython-310.pyc
[1.132s] byte-compiling /home/cisco/xbox_ros2_ws/src/install/xbox_control/lib/python3.10/site-packages/xbox_control/xbox_sub.py to xbox_sub.cpython-310.pyc
[1.132s] running install_data
[1.135s] copying package.xml -> /home/cisco/xbox_ros2_ws/src/install/xbox_control/share/xbox_control
[1.136s] running install_egg_info
[1.137s] removing '/home/cisco/xbox_ros2_ws/src/install/xbox_control/lib/python3.10/site-packages/xbox_control-0.0.0-py3.10.egg-info' (and everything under it)
[1.138s] Copying ../build/xbox_control/xbox_control.egg-info to /home/cisco/xbox_ros2_ws/src/install/xbox_control/lib/python3.10/site-packages/xbox_control-0.0.0-py3.10.egg-info
[1.139s] running install_scripts
[1.157s] Installing xbox_pub script to /home/cisco/xbox_ros2_ws/src/install/xbox_control/lib/xbox_control
[1.158s] Installing xbox_sub script to /home/cisco/xbox_ros2_ws/src/install/xbox_control/lib/xbox_control
[1.158s] writing list of installed files to '/home/cisco/xbox_ros2_ws/src/build/xbox_control/install.log'
[1.188s] Invoked command in '/home/cisco/xbox_ros2_ws/src/xbox_control' returned '0': AMENT_PREFIX_PATH=/home/cisco/xbox_ros2_ws/src/install/controller_interface:${AMENT_PREFIX_PATH} CMAKE_PREFIX_PATH=/home/cisco/xbox_ros2_ws/src/install/controller_interface LD_LIBRARY_PATH=/home/cisco/xbox_ros2_ws/src/install/controller_interface/lib:${LD_LIBRARY_PATH} PYTHONPATH=/home/cisco/xbox_ros2_ws/src/build/xbox_control/prefix_override:/home/cisco/xbox_ros2_ws/src/install/xbox_control/lib/python3.10/site-packages:/home/cisco/xbox_ros2_ws/src/install/controller_interface/local/lib/python3.10/dist-packages:${PYTHONPATH} /usr/bin/python3 setup.py egg_info --egg-base ../build/xbox_control build --build-base /home/cisco/xbox_ros2_ws/src/build/xbox_control/build install --record /home/cisco/xbox_ros2_ws/src/build/xbox_control/install.log --single-version-externally-managed
