[1.505s] Invoking command in '/home/cisco/xbox_ros2_ws/src/xbox_control': PYTHONPATH=/home/cisco/xbox_ros2_ws/build/xbox_control/prefix_override:/home/cisco/xbox_ros2_ws/install/xbox_control/lib/python3.10/site-packages:${PYTHONPATH} /usr/bin/python3 setup.py egg_info --egg-base ../../build/xbox_control build --build-base /home/cisco/xbox_ros2_ws/build/xbox_control/build install --record /home/cisco/xbox_ros2_ws/build/xbox_control/install.log --single-version-externally-managed
[2.174s] running egg_info
[2.175s] writing ../../build/xbox_control/xbox_control.egg-info/PKG-INFO
[2.176s] writing dependency_links to ../../build/xbox_control/xbox_control.egg-info/dependency_links.txt
[2.176s] writing entry points to ../../build/xbox_control/xbox_control.egg-info/entry_points.txt
[2.177s] writing requirements to ../../build/xbox_control/xbox_control.egg-info/requires.txt
[2.177s] writing top-level names to ../../build/xbox_control/xbox_control.egg-info/top_level.txt
[2.181s] reading manifest file '../../build/xbox_control/xbox_control.egg-info/SOURCES.txt'
[2.182s] writing manifest file '../../build/xbox_control/xbox_control.egg-info/SOURCES.txt'
[2.182s] running build
[2.183s] running build_py
[2.183s] copying xbox_control/xbox_pub.py -> /home/cisco/xbox_ros2_ws/build/xbox_control/build/lib/xbox_control
[2.184s] running install
[2.184s] running install_lib
[2.186s] copying /home/cisco/xbox_ros2_ws/build/xbox_control/build/lib/xbox_control/xbox_pub.py -> /home/cisco/xbox_ros2_ws/install/xbox_control/lib/python3.10/site-packages/xbox_control
[2.187s] byte-compiling /home/cisco/xbox_ros2_ws/install/xbox_control/lib/python3.10/site-packages/xbox_control/xbox_pub.py to xbox_pub.cpython-310.pyc
[2.189s] running install_data
[2.190s] running install_egg_info
[2.193s] removing '/home/cisco/xbox_ros2_ws/install/xbox_control/lib/python3.10/site-packages/xbox_control-0.0.0-py3.10.egg-info' (and everything under it)
[2.194s] Copying ../../build/xbox_control/xbox_control.egg-info to /home/cisco/xbox_ros2_ws/install/xbox_control/lib/python3.10/site-packages/xbox_control-0.0.0-py3.10.egg-info
[2.197s] running install_scripts
[2.239s] Installing xbox_pub script to /home/cisco/xbox_ros2_ws/install/xbox_control/lib/xbox_control
[2.239s] Installing xbox_sub script to /home/cisco/xbox_ros2_ws/install/xbox_control/lib/xbox_control
[2.240s] writing list of installed files to '/home/cisco/xbox_ros2_ws/build/xbox_control/install.log'
[2.301s] Invoked command in '/home/cisco/xbox_ros2_ws/src/xbox_control' returned '0': PYTHONPATH=/home/cisco/xbox_ros2_ws/build/xbox_control/prefix_override:/home/cisco/xbox_ros2_ws/install/xbox_control/lib/python3.10/site-packages:${PYTHONPATH} /usr/bin/python3 setup.py egg_info --egg-base ../../build/xbox_control build --build-base /home/cisco/xbox_ros2_ws/build/xbox_control/build install --record /home/cisco/xbox_ros2_ws/build/xbox_control/install.log --single-version-externally-managed
