[0.022s] Invoking command in '/home/cisco/xbox_ros2_ws/build/controller_interface': CMAKE_PREFIX_PATH=${CMAKE_PREFIX_PATH}:/home/cisco/xbox_ros2_ws/install/xbox_control:/opt/ros/humble /usr/bin/cmake --build /home/cisco/xbox_ros2_ws/build/controller_interface -- -j4 -l4
[0.079s] [  3%] Built target controller_interface__cpp
[0.079s] [ 12%] Built target controller_interface__rosidl_generator_c
[0.088s] [ 12%] Built target ament_cmake_python_copy_controller_interface
[0.114s] [ 29%] Built target controller_interface__rosidl_typesupport_cpp
[0.114s] [ 32%] Built target controller_interface__rosidl_typesupport_fastrtps_c
[0.115s] [ 41%] Built target controller_interface__rosidl_typesupport_introspection_c
[0.133s] [ 51%] Built target controller_interface__rosidl_typesupport_c
[0.147s] [ 61%] Built target controller_interface__rosidl_typesupport_fastrtps_cpp
[0.150s] [ 70%] Built target controller_interface__rosidl_typesupport_introspection_cpp
[0.172s] [ 70%] Built target controller_interface
[0.196s] [ 74%] Built target controller_interface__py
[0.221s] [ 80%] Built target controller_interface__rosidl_generator_py
[0.250s] [ 87%] Built target controller_interface__rosidl_typesupport_c__pyext
[0.256s] [ 93%] Built target controller_interface__rosidl_typesupport_fastrtps_c__pyext
[0.270s] [100%] Built target controller_interface__rosidl_typesupport_introspection_c__pyext
[0.429s] running egg_info
[0.430s] writing controller_interface.egg-info/PKG-INFO
[0.430s] writing dependency_links to controller_interface.egg-info/dependency_links.txt
[0.431s] writing top-level names to controller_interface.egg-info/top_level.txt
[0.433s] reading manifest file 'controller_interface.egg-info/SOURCES.txt'
[0.434s] writing manifest file 'controller_interface.egg-info/SOURCES.txt'
[0.465s] [100%] Built target ament_cmake_python_build_controller_interface_egg
[0.481s] Invoked command in '/home/cisco/xbox_ros2_ws/build/controller_interface' returned '0': CMAKE_PREFIX_PATH=${CMAKE_PREFIX_PATH}:/home/cisco/xbox_ros2_ws/install/xbox_control:/opt/ros/humble /usr/bin/cmake --build /home/cisco/xbox_ros2_ws/build/controller_interface -- -j4 -l4
[0.613s] Invoking command in '/home/cisco/xbox_ros2_ws/build/controller_interface': CMAKE_PREFIX_PATH=${CMAKE_PREFIX_PATH}:/home/cisco/xbox_ros2_ws/install/xbox_control:/opt/ros/humble /usr/bin/cmake --install /home/cisco/xbox_ros2_ws/build/controller_interface
[0.624s] -- Install configuration: ""
[0.625s] -- Up-to-date: /home/cisco/xbox_ros2_ws/install/controller_interface/share/ament_index/resource_index/rosidl_interfaces/controller_interface
[0.626s] -- Up-to-date: /home/cisco/xbox_ros2_ws/install/controller_interface/include/controller_interface/controller_interface
[0.626s] -- Up-to-date: /home/cisco/xbox_ros2_ws/install/controller_interface/include/controller_interface/controller_interface/msg
[0.627s] -- Up-to-date: /home/cisco/xbox_ros2_ws/install/controller_interface/include/controller_interface/controller_interface/msg/rosidl_generator_c__visibility_control.h
[0.627s] -- Up-to-date: /home/cisco/xbox_ros2_ws/install/controller_interface/include/controller_interface/controller_interface/msg/detail
[0.627s] -- Up-to-date: /home/cisco/xbox_ros2_ws/install/controller_interface/include/controller_interface/controller_interface/msg/detail/control__functions.c
[0.628s] -- Up-to-date: /home/cisco/xbox_ros2_ws/install/controller_interface/include/controller_interface/controller_interface/msg/detail/control__struct.h
[0.628s] -- Up-to-date: /home/cisco/xbox_ros2_ws/install/controller_interface/include/controller_interface/controller_interface/msg/detail/control__type_support.h
[0.629s] -- Up-to-date: /home/cisco/xbox_ros2_ws/install/controller_interface/include/controller_interface/controller_interface/msg/detail/control__functions.h
[0.629s] -- Up-to-date: /home/cisco/xbox_ros2_ws/install/controller_interface/include/controller_interface/controller_interface/msg/control.h
[0.629s] -- Up-to-date: /home/cisco/xbox_ros2_ws/install/controller_interface/share/controller_interface/environment/library_path.sh
[0.630s] -- Up-to-date: /home/cisco/xbox_ros2_ws/install/controller_interface/share/controller_interface/environment/library_path.dsv
[0.631s] -- Up-to-date: /home/cisco/xbox_ros2_ws/install/controller_interface/lib/libcontroller_interface__rosidl_generator_c.so
[0.632s] -- Up-to-date: /home/cisco/xbox_ros2_ws/install/controller_interface/include/controller_interface/controller_interface
[0.632s] -- Up-to-date: /home/cisco/xbox_ros2_ws/install/controller_interface/include/controller_interface/controller_interface/msg
[0.633s] -- Up-to-date: /home/cisco/xbox_ros2_ws/install/controller_interface/include/controller_interface/controller_interface/msg/rosidl_typesupport_fastrtps_c__visibility_control.h
[0.633s] -- Up-to-date: /home/cisco/xbox_ros2_ws/install/controller_interface/include/controller_interface/controller_interface/msg/detail
[0.633s] -- Up-to-date: /home/cisco/xbox_ros2_ws/install/controller_interface/include/controller_interface/controller_interface/msg/detail/control__rosidl_typesupport_fastrtps_c.h
[0.634s] -- Up-to-date: /home/cisco/xbox_ros2_ws/install/controller_interface/lib/libcontroller_interface__rosidl_typesupport_fastrtps_c.so
[0.634s] -- Up-to-date: /home/cisco/xbox_ros2_ws/install/controller_interface/include/controller_interface/controller_interface
[0.635s] -- Up-to-date: /home/cisco/xbox_ros2_ws/install/controller_interface/include/controller_interface/controller_interface/msg
[0.635s] -- Up-to-date: /home/cisco/xbox_ros2_ws/install/controller_interface/include/controller_interface/controller_interface/msg/detail
[0.635s] -- Up-to-date: /home/cisco/xbox_ros2_ws/install/controller_interface/include/controller_interface/controller_interface/msg/detail/control__type_support.c
[0.635s] -- Up-to-date: /home/cisco/xbox_ros2_ws/install/controller_interface/include/controller_interface/controller_interface/msg/detail/control__rosidl_typesupport_introspection_c.h
[0.635s] -- Up-to-date: /home/cisco/xbox_ros2_ws/install/controller_interface/include/controller_interface/controller_interface/msg/rosidl_typesupport_introspection_c__visibility_control.h
[0.636s] -- Up-to-date: /home/cisco/xbox_ros2_ws/install/controller_interface/lib/libcontroller_interface__rosidl_typesupport_introspection_c.so
[0.636s] -- Up-to-date: /home/cisco/xbox_ros2_ws/install/controller_interface/lib/libcontroller_interface__rosidl_typesupport_c.so
[0.636s] -- Up-to-date: /home/cisco/xbox_ros2_ws/install/controller_interface/include/controller_interface/controller_interface
[0.637s] -- Up-to-date: /home/cisco/xbox_ros2_ws/install/controller_interface/include/controller_interface/controller_interface/msg
[0.637s] -- Up-to-date: /home/cisco/xbox_ros2_ws/install/controller_interface/include/controller_interface/controller_interface/msg/detail
[0.637s] -- Up-to-date: /home/cisco/xbox_ros2_ws/install/controller_interface/include/controller_interface/controller_interface/msg/detail/control__traits.hpp
[0.637s] -- Up-to-date: /home/cisco/xbox_ros2_ws/install/controller_interface/include/controller_interface/controller_interface/msg/detail/control__struct.hpp
[0.637s] -- Up-to-date: /home/cisco/xbox_ros2_ws/install/controller_interface/include/controller_interface/controller_interface/msg/detail/control__builder.hpp
[0.637s] -- Up-to-date: /home/cisco/xbox_ros2_ws/install/controller_interface/include/controller_interface/controller_interface/msg/control.hpp
[0.638s] -- Up-to-date: /home/cisco/xbox_ros2_ws/install/controller_interface/include/controller_interface/controller_interface
[0.638s] -- Up-to-date: /home/cisco/xbox_ros2_ws/install/controller_interface/include/controller_interface/controller_interface/msg
[0.638s] -- Up-to-date: /home/cisco/xbox_ros2_ws/install/controller_interface/include/controller_interface/controller_interface/msg/detail
[0.638s] -- Up-to-date: /home/cisco/xbox_ros2_ws/install/controller_interface/include/controller_interface/controller_interface/msg/detail/dds_fastrtps
[0.639s] -- Up-to-date: /home/cisco/xbox_ros2_ws/install/controller_interface/include/controller_interface/controller_interface/msg/detail/control__rosidl_typesupport_fastrtps_cpp.hpp
[0.639s] -- Up-to-date: /home/cisco/xbox_ros2_ws/install/controller_interface/include/controller_interface/controller_interface/msg/rosidl_typesupport_fastrtps_cpp__visibility_control.h
[0.639s] -- Up-to-date: /home/cisco/xbox_ros2_ws/install/controller_interface/lib/libcontroller_interface__rosidl_typesupport_fastrtps_cpp.so
[0.639s] -- Up-to-date: /home/cisco/xbox_ros2_ws/install/controller_interface/include/controller_interface/controller_interface
[0.640s] -- Up-to-date: /home/cisco/xbox_ros2_ws/install/controller_interface/include/controller_interface/controller_interface/msg
[0.640s] -- Up-to-date: /home/cisco/xbox_ros2_ws/install/controller_interface/include/controller_interface/controller_interface/msg/detail
[0.640s] -- Up-to-date: /home/cisco/xbox_ros2_ws/install/controller_interface/include/controller_interface/controller_interface/msg/detail/control__rosidl_typesupport_introspection_cpp.hpp
[0.640s] -- Up-to-date: /home/cisco/xbox_ros2_ws/install/controller_interface/include/controller_interface/controller_interface/msg/detail/control__type_support.cpp
[0.649s] -- Up-to-date: /home/cisco/xbox_ros2_ws/install/controller_interface/lib/libcontroller_interface__rosidl_typesupport_introspection_cpp.so
[0.650s] -- Up-to-date: /home/cisco/xbox_ros2_ws/install/controller_interface/lib/libcontroller_interface__rosidl_typesupport_cpp.so
[0.650s] -- Up-to-date: /home/cisco/xbox_ros2_ws/install/controller_interface/share/controller_interface/environment/pythonpath.sh
[0.650s] -- Up-to-date: /home/cisco/xbox_ros2_ws/install/controller_interface/share/controller_interface/environment/pythonpath.dsv
[0.650s] -- Up-to-date: /home/cisco/xbox_ros2_ws/install/controller_interface/local/lib/python3.10/dist-packages/controller_interface-0.0.0-py3.10.egg-info
[0.651s] -- Installing: /home/cisco/xbox_ros2_ws/install/controller_interface/local/lib/python3.10/dist-packages/controller_interface-0.0.0-py3.10.egg-info/SOURCES.txt
[0.651s] -- Installing: /home/cisco/xbox_ros2_ws/install/controller_interface/local/lib/python3.10/dist-packages/controller_interface-0.0.0-py3.10.egg-info/PKG-INFO
[0.651s] -- Installing: /home/cisco/xbox_ros2_ws/install/controller_interface/local/lib/python3.10/dist-packages/controller_interface-0.0.0-py3.10.egg-info/dependency_links.txt
[0.652s] -- Installing: /home/cisco/xbox_ros2_ws/install/controller_interface/local/lib/python3.10/dist-packages/controller_interface-0.0.0-py3.10.egg-info/top_level.txt
[0.652s] -- Up-to-date: /home/cisco/xbox_ros2_ws/install/controller_interface/local/lib/python3.10/dist-packages/controller_interface
[0.652s] -- Up-to-date: /home/cisco/xbox_ros2_ws/install/controller_interface/local/lib/python3.10/dist-packages/controller_interface/_controller_interface_s.ep.rosidl_typesupport_c.c
[0.652s] -- Up-to-date: /home/cisco/xbox_ros2_ws/install/controller_interface/local/lib/python3.10/dist-packages/controller_interface/__init__.py
[0.655s] -- Up-to-date: /home/cisco/xbox_ros2_ws/install/controller_interface/local/lib/python3.10/dist-packages/controller_interface/_controller_interface_s.ep.rosidl_typesupport_introspection_c.c
[0.655s] -- Up-to-date: /home/cisco/xbox_ros2_ws/install/controller_interface/local/lib/python3.10/dist-packages/controller_interface/controller_interface_s__rosidl_typesupport_fastrtps_c.cpython-310-x86_64-linux-gnu.so
[0.655s] -- Up-to-date: /home/cisco/xbox_ros2_ws/install/controller_interface/local/lib/python3.10/dist-packages/controller_interface/libcontroller_interface__rosidl_generator_py.so
[0.656s] -- Up-to-date: /home/cisco/xbox_ros2_ws/install/controller_interface/local/lib/python3.10/dist-packages/controller_interface/controller_interface_s__rosidl_typesupport_introspection_c.cpython-310-x86_64-linux-gnu.so
[0.656s] -- Up-to-date: /home/cisco/xbox_ros2_ws/install/controller_interface/local/lib/python3.10/dist-packages/controller_interface/_controller_interface_s.ep.rosidl_typesupport_fastrtps_c.c
[0.656s] -- Up-to-date: /home/cisco/xbox_ros2_ws/install/controller_interface/local/lib/python3.10/dist-packages/controller_interface/msg
[0.657s] -- Up-to-date: /home/cisco/xbox_ros2_ws/install/controller_interface/local/lib/python3.10/dist-packages/controller_interface/msg/__init__.py
[0.657s] -- Up-to-date: /home/cisco/xbox_ros2_ws/install/controller_interface/local/lib/python3.10/dist-packages/controller_interface/msg/_control_s.c
[0.657s] -- Up-to-date: /home/cisco/xbox_ros2_ws/install/controller_interface/local/lib/python3.10/dist-packages/controller_interface/msg/_control.py
[0.657s] -- Up-to-date: /home/cisco/xbox_ros2_ws/install/controller_interface/local/lib/python3.10/dist-packages/controller_interface/controller_interface_s__rosidl_typesupport_c.cpython-310-x86_64-linux-gnu.so
[0.715s] Listing '/home/cisco/xbox_ros2_ws/install/controller_interface/local/lib/python3.10/dist-packages/controller_interface'...
[0.716s] Listing '/home/cisco/xbox_ros2_ws/install/controller_interface/local/lib/python3.10/dist-packages/controller_interface/msg'...
[0.721s] -- Up-to-date: /home/cisco/xbox_ros2_ws/install/controller_interface/local/lib/python3.10/dist-packages/controller_interface/controller_interface_s__rosidl_typesupport_fastrtps_c.cpython-310-x86_64-linux-gnu.so
[0.721s] -- Up-to-date: /home/cisco/xbox_ros2_ws/install/controller_interface/local/lib/python3.10/dist-packages/controller_interface/controller_interface_s__rosidl_typesupport_introspection_c.cpython-310-x86_64-linux-gnu.so
[0.722s] -- Up-to-date: /home/cisco/xbox_ros2_ws/install/controller_interface/local/lib/python3.10/dist-packages/controller_interface/controller_interface_s__rosidl_typesupport_c.cpython-310-x86_64-linux-gnu.so
[0.722s] -- Up-to-date: /home/cisco/xbox_ros2_ws/install/controller_interface/lib/libcontroller_interface__rosidl_generator_py.so
[0.723s] -- Up-to-date: /home/cisco/xbox_ros2_ws/install/controller_interface/share/controller_interface/msg/Control.idl
[0.723s] -- Up-to-date: /home/cisco/xbox_ros2_ws/install/controller_interface/share/controller_interface/msg/Control.msg
[0.723s] -- Up-to-date: /home/cisco/xbox_ros2_ws/install/controller_interface/share/ament_index/resource_index/package_run_dependencies/controller_interface
[0.723s] -- Up-to-date: /home/cisco/xbox_ros2_ws/install/controller_interface/share/ament_index/resource_index/parent_prefix_path/controller_interface
[0.723s] -- Up-to-date: /home/cisco/xbox_ros2_ws/install/controller_interface/share/controller_interface/environment/ament_prefix_path.sh
[0.724s] -- Up-to-date: /home/cisco/xbox_ros2_ws/install/controller_interface/share/controller_interface/environment/ament_prefix_path.dsv
[0.724s] -- Up-to-date: /home/cisco/xbox_ros2_ws/install/controller_interface/share/controller_interface/environment/path.sh
[0.724s] -- Up-to-date: /home/cisco/xbox_ros2_ws/install/controller_interface/share/controller_interface/environment/path.dsv
[0.724s] -- Up-to-date: /home/cisco/xbox_ros2_ws/install/controller_interface/share/controller_interface/local_setup.bash
[0.725s] -- Up-to-date: /home/cisco/xbox_ros2_ws/install/controller_interface/share/controller_interface/local_setup.sh
[0.725s] -- Up-to-date: /home/cisco/xbox_ros2_ws/install/controller_interface/share/controller_interface/local_setup.zsh
[0.725s] -- Up-to-date: /home/cisco/xbox_ros2_ws/install/controller_interface/share/controller_interface/local_setup.dsv
[0.725s] -- Installing: /home/cisco/xbox_ros2_ws/install/controller_interface/share/controller_interface/package.dsv
[0.726s] -- Up-to-date: /home/cisco/xbox_ros2_ws/install/controller_interface/share/ament_index/resource_index/packages/controller_interface
[0.726s] -- Up-to-date: /home/cisco/xbox_ros2_ws/install/controller_interface/share/controller_interface/cmake/export_controller_interface__rosidl_generator_cExport.cmake
[0.726s] -- Up-to-date: /home/cisco/xbox_ros2_ws/install/controller_interface/share/controller_interface/cmake/export_controller_interface__rosidl_generator_cExport-noconfig.cmake
[0.726s] -- Up-to-date: /home/cisco/xbox_ros2_ws/install/controller_interface/share/controller_interface/cmake/export_controller_interface__rosidl_typesupport_fastrtps_cExport.cmake
[0.726s] -- Up-to-date: /home/cisco/xbox_ros2_ws/install/controller_interface/share/controller_interface/cmake/export_controller_interface__rosidl_typesupport_fastrtps_cExport-noconfig.cmake
[0.727s] -- Up-to-date: /home/cisco/xbox_ros2_ws/install/controller_interface/share/controller_interface/cmake/controller_interface__rosidl_typesupport_introspection_cExport.cmake
[0.727s] -- Up-to-date: /home/cisco/xbox_ros2_ws/install/controller_interface/share/controller_interface/cmake/controller_interface__rosidl_typesupport_introspection_cExport-noconfig.cmake
[0.727s] -- Up-to-date: /home/cisco/xbox_ros2_ws/install/controller_interface/share/controller_interface/cmake/controller_interface__rosidl_typesupport_cExport.cmake
[0.727s] -- Up-to-date: /home/cisco/xbox_ros2_ws/install/controller_interface/share/controller_interface/cmake/controller_interface__rosidl_typesupport_cExport-noconfig.cmake
[0.728s] -- Up-to-date: /home/cisco/xbox_ros2_ws/install/controller_interface/share/controller_interface/cmake/export_controller_interface__rosidl_generator_cppExport.cmake
[0.728s] -- Up-to-date: /home/cisco/xbox_ros2_ws/install/controller_interface/share/controller_interface/cmake/export_controller_interface__rosidl_typesupport_fastrtps_cppExport.cmake
[0.728s] -- Up-to-date: /home/cisco/xbox_ros2_ws/install/controller_interface/share/controller_interface/cmake/export_controller_interface__rosidl_typesupport_fastrtps_cppExport-noconfig.cmake
[0.729s] -- Up-to-date: /home/cisco/xbox_ros2_ws/install/controller_interface/share/controller_interface/cmake/controller_interface__rosidl_typesupport_introspection_cppExport.cmake
[0.729s] -- Up-to-date: /home/cisco/xbox_ros2_ws/install/controller_interface/share/controller_interface/cmake/controller_interface__rosidl_typesupport_introspection_cppExport-noconfig.cmake
[0.729s] -- Up-to-date: /home/cisco/xbox_ros2_ws/install/controller_interface/share/controller_interface/cmake/controller_interface__rosidl_typesupport_cppExport.cmake
[0.729s] -- Up-to-date: /home/cisco/xbox_ros2_ws/install/controller_interface/share/controller_interface/cmake/controller_interface__rosidl_typesupport_cppExport-noconfig.cmake
[0.730s] -- Up-to-date: /home/cisco/xbox_ros2_ws/install/controller_interface/share/controller_interface/cmake/export_controller_interface__rosidl_generator_pyExport.cmake
[0.730s] -- Up-to-date: /home/cisco/xbox_ros2_ws/install/controller_interface/share/controller_interface/cmake/export_controller_interface__rosidl_generator_pyExport-noconfig.cmake
[0.730s] -- Up-to-date: /home/cisco/xbox_ros2_ws/install/controller_interface/share/controller_interface/cmake/rosidl_cmake-extras.cmake
[0.730s] -- Up-to-date: /home/cisco/xbox_ros2_ws/install/controller_interface/share/controller_interface/cmake/ament_cmake_export_include_directories-extras.cmake
[0.730s] -- Up-to-date: /home/cisco/xbox_ros2_ws/install/controller_interface/share/controller_interface/cmake/ament_cmake_export_libraries-extras.cmake
[0.731s] -- Up-to-date: /home/cisco/xbox_ros2_ws/install/controller_interface/share/controller_interface/cmake/ament_cmake_export_targets-extras.cmake
[0.731s] -- Up-to-date: /home/cisco/xbox_ros2_ws/install/controller_interface/share/controller_interface/cmake/rosidl_cmake_export_typesupport_targets-extras.cmake
[0.731s] -- Up-to-date: /home/cisco/xbox_ros2_ws/install/controller_interface/share/controller_interface/cmake/ament_cmake_export_dependencies-extras.cmake
[0.731s] -- Up-to-date: /home/cisco/xbox_ros2_ws/install/controller_interface/share/controller_interface/cmake/rosidl_cmake_export_typesupport_libraries-extras.cmake
[0.731s] -- Up-to-date: /home/cisco/xbox_ros2_ws/install/controller_interface/share/controller_interface/cmake/controller_interfaceConfig.cmake
[0.732s] -- Up-to-date: /home/cisco/xbox_ros2_ws/install/controller_interface/share/controller_interface/cmake/controller_interfaceConfig-version.cmake
[0.733s] -- Up-to-date: /home/cisco/xbox_ros2_ws/install/controller_interface/share/controller_interface/package.xml
[0.745s] Invoked command in '/home/cisco/xbox_ros2_ws/build/controller_interface' returned '0': CMAKE_PREFIX_PATH=${CMAKE_PREFIX_PATH}:/home/cisco/xbox_ros2_ws/install/xbox_control:/opt/ros/humble /usr/bin/cmake --install /home/cisco/xbox_ros2_ws/build/controller_interface
