[0.818s] DEBUG:colcon:Command line arguments: ['/usr/bin/colcon', 'build']
[0.818s] DEBUG:colcon:Parsed command line arguments: Namespace(log_base=None, log_level=None, verb_name='build', build_base='build', install_base='install', merge_install=False, symlink_install=False, test_result_base=None, continue_on_error=False, executor='parallel', parallel_workers=4, event_handlers=None, ignore_user_meta=False, metas=['./colcon.meta'], base_paths=['.'], packages_ignore=None, packages_ignore_regex=None, paths=None, packages_up_to=None, packages_up_to_regex=None, packages_above=None, packages_above_and_dependencies=None, packages_above_depth=None, packages_select_by_dep=None, packages_skip_by_dep=None, packages_skip_up_to=None, packages_select_build_failed=False, packages_skip_build_finished=False, packages_select_test_failures=False, packages_skip_test_passed=False, packages_select=None, packages_skip=None, packages_select_regex=None, packages_skip_regex=None, packages_start=None, packages_end=None, allow_overriding=[], cmake_args=None, cmake_target=None, cmake_target_skip_unavailable=False, cmake_clean_cache=False, cmake_clean_first=False, cmake_force_configure=False, ament_cmake_args=None, catkin_cmake_args=None, catkin_skip_building_tests=False, verb_parser=<colcon_defaults.argument_parser.defaults.DefaultArgumentsDecorator object at 0x7fd49cc62140>, verb_extension=<colcon_core.verb.build.BuildVerb object at 0x7fd49cc61bd0>, main=<bound method BuildVerb.main of <colcon_core.verb.build.BuildVerb object at 0x7fd49cc61bd0>>)
[0.972s] Level 1:colcon.colcon_core.package_discovery:discover_packages(colcon_meta) check parameters
[0.972s] Level 1:colcon.colcon_core.package_discovery:discover_packages(recursive) check parameters
[0.972s] Level 1:colcon.colcon_core.package_discovery:discover_packages(ignore) check parameters
[0.972s] Level 1:colcon.colcon_core.package_discovery:discover_packages(path) check parameters
[0.972s] Level 1:colcon.colcon_core.package_discovery:discover_packages(colcon_meta) discover
[0.972s] Level 1:colcon.colcon_core.package_discovery:discover_packages(recursive) discover
[0.973s] INFO:colcon.colcon_core.package_discovery:Crawling recursively for packages in '/home/cisco/xbox_ros2_ws/src'
[0.973s] Level 1:colcon.colcon_core.package_identification:_identify(.) by extensions ['ignore', 'ignore_ament_install']
[0.973s] Level 1:colcon.colcon_core.package_identification:_identify(.) by extension 'ignore'
[0.973s] Level 1:colcon.colcon_core.package_identification:_identify(.) by extension 'ignore_ament_install'
[0.973s] Level 1:colcon.colcon_core.package_identification:_identify(.) by extensions ['colcon_pkg']
[0.973s] Level 1:colcon.colcon_core.package_identification:_identify(.) by extension 'colcon_pkg'
[0.973s] Level 1:colcon.colcon_core.package_identification:_identify(.) by extensions ['colcon_meta']
[0.974s] Level 1:colcon.colcon_core.package_identification:_identify(.) by extension 'colcon_meta'
[0.974s] Level 1:colcon.colcon_core.package_identification:_identify(.) by extensions ['ros']
[0.974s] Level 1:colcon.colcon_core.package_identification:_identify(.) by extension 'ros'
[1.007s] Level 1:colcon.colcon_core.package_identification:_identify(.) by extensions ['cmake', 'python']
[1.007s] Level 1:colcon.colcon_core.package_identification:_identify(.) by extension 'cmake'
[1.007s] Level 1:colcon.colcon_core.package_identification:_identify(.) by extension 'python'
[1.007s] Level 1:colcon.colcon_core.package_identification:_identify(.) by extensions ['python_setup_py']
[1.007s] Level 1:colcon.colcon_core.package_identification:_identify(.) by extension 'python_setup_py'
[1.008s] Level 1:colcon.colcon_core.package_identification:_identify(build) by extensions ['ignore', 'ignore_ament_install']
[1.008s] Level 1:colcon.colcon_core.package_identification:_identify(build) by extension 'ignore'
[1.008s] Level 1:colcon.colcon_core.package_identification:_identify(build) ignored
[1.009s] Level 1:colcon.colcon_core.package_identification:_identify(controller_interface) by extensions ['ignore', 'ignore_ament_install']
[1.009s] Level 1:colcon.colcon_core.package_identification:_identify(controller_interface) by extension 'ignore'
[1.009s] Level 1:colcon.colcon_core.package_identification:_identify(controller_interface) by extension 'ignore_ament_install'
[1.010s] Level 1:colcon.colcon_core.package_identification:_identify(controller_interface) by extensions ['colcon_pkg']
[1.010s] Level 1:colcon.colcon_core.package_identification:_identify(controller_interface) by extension 'colcon_pkg'
[1.010s] Level 1:colcon.colcon_core.package_identification:_identify(controller_interface) by extensions ['colcon_meta']
[1.010s] Level 1:colcon.colcon_core.package_identification:_identify(controller_interface) by extension 'colcon_meta'
[1.010s] Level 1:colcon.colcon_core.package_identification:_identify(controller_interface) by extensions ['ros']
[1.010s] Level 1:colcon.colcon_core.package_identification:_identify(controller_interface) by extension 'ros'
[1.019s] DEBUG:colcon.colcon_core.package_identification:Package 'controller_interface' with type 'ros.ament_cmake' and name 'controller_interface'
[1.019s] Level 1:colcon.colcon_core.package_identification:_identify(install) by extensions ['ignore', 'ignore_ament_install']
[1.020s] Level 1:colcon.colcon_core.package_identification:_identify(install) by extension 'ignore'
[1.020s] Level 1:colcon.colcon_core.package_identification:_identify(install) ignored
[1.020s] Level 1:colcon.colcon_core.package_identification:_identify(log) by extensions ['ignore', 'ignore_ament_install']
[1.020s] Level 1:colcon.colcon_core.package_identification:_identify(log) by extension 'ignore'
[1.020s] Level 1:colcon.colcon_core.package_identification:_identify(log) ignored
[1.022s] Level 1:colcon.colcon_core.package_identification:_identify(xbox_control) by extensions ['ignore', 'ignore_ament_install']
[1.022s] Level 1:colcon.colcon_core.package_identification:_identify(xbox_control) by extension 'ignore'
[1.022s] Level 1:colcon.colcon_core.package_identification:_identify(xbox_control) by extension 'ignore_ament_install'
[1.022s] Level 1:colcon.colcon_core.package_identification:_identify(xbox_control) by extensions ['colcon_pkg']
[1.022s] Level 1:colcon.colcon_core.package_identification:_identify(xbox_control) by extension 'colcon_pkg'
[1.022s] Level 1:colcon.colcon_core.package_identification:_identify(xbox_control) by extensions ['colcon_meta']
[1.022s] Level 1:colcon.colcon_core.package_identification:_identify(xbox_control) by extension 'colcon_meta'
[1.022s] Level 1:colcon.colcon_core.package_identification:_identify(xbox_control) by extensions ['ros']
[1.023s] Level 1:colcon.colcon_core.package_identification:_identify(xbox_control) by extension 'ros'
[1.024s] DEBUG:colcon.colcon_core.package_identification:Package 'xbox_control' with type 'ros.ament_python' and name 'xbox_control'
[1.025s] Level 1:colcon.colcon_core.package_discovery:discover_packages(recursive) using defaults
[1.025s] Level 1:colcon.colcon_core.package_discovery:discover_packages(ignore) discover
[1.025s] Level 1:colcon.colcon_core.package_discovery:discover_packages(ignore) using defaults
[1.025s] Level 1:colcon.colcon_core.package_discovery:discover_packages(path) discover
[1.025s] Level 1:colcon.colcon_core.package_discovery:discover_packages(path) using defaults
[1.117s] Level 1:colcon.colcon_core.package_discovery:discover_packages(prefix_path) check parameters
[1.117s] Level 1:colcon.colcon_core.package_discovery:discover_packages(prefix_path) discover
[1.131s] DEBUG:colcon.colcon_installed_package_information.package_discovery:Found 1 installed packages in /home/cisco/ros2_ws/install
[1.135s] DEBUG:colcon.colcon_installed_package_information.package_discovery:Found 270 installed packages in /opt/ros/humble
[1.140s] Level 1:colcon.colcon_core.package_discovery:discover_packages(prefix_path) using defaults
[1.250s] Level 5:colcon.colcon_core.verb:set package 'controller_interface' build argument 'cmake_args' from command line to 'None'
[1.250s] Level 5:colcon.colcon_core.verb:set package 'controller_interface' build argument 'cmake_target' from command line to 'None'
[1.250s] Level 5:colcon.colcon_core.verb:set package 'controller_interface' build argument 'cmake_target_skip_unavailable' from command line to 'False'
[1.250s] Level 5:colcon.colcon_core.verb:set package 'controller_interface' build argument 'cmake_clean_cache' from command line to 'False'
[1.250s] Level 5:colcon.colcon_core.verb:set package 'controller_interface' build argument 'cmake_clean_first' from command line to 'False'
[1.250s] Level 5:colcon.colcon_core.verb:set package 'controller_interface' build argument 'cmake_force_configure' from command line to 'False'
[1.250s] Level 5:colcon.colcon_core.verb:set package 'controller_interface' build argument 'ament_cmake_args' from command line to 'None'
[1.250s] Level 5:colcon.colcon_core.verb:set package 'controller_interface' build argument 'catkin_cmake_args' from command line to 'None'
[1.250s] Level 5:colcon.colcon_core.verb:set package 'controller_interface' build argument 'catkin_skip_building_tests' from command line to 'False'
[1.251s] DEBUG:colcon.colcon_core.verb:Building package 'controller_interface' with the following arguments: {'ament_cmake_args': None, 'build_base': '/home/cisco/xbox_ros2_ws/src/build/controller_interface', 'catkin_cmake_args': None, 'catkin_skip_building_tests': False, 'cmake_args': None, 'cmake_clean_cache': False, 'cmake_clean_first': False, 'cmake_force_configure': False, 'cmake_target': None, 'cmake_target_skip_unavailable': False, 'install_base': '/home/cisco/xbox_ros2_ws/src/install/controller_interface', 'merge_install': False, 'path': '/home/cisco/xbox_ros2_ws/src/controller_interface', 'symlink_install': False, 'test_result_base': None}
[1.251s] Level 5:colcon.colcon_core.verb:set package 'xbox_control' build argument 'cmake_args' from command line to 'None'
[1.251s] Level 5:colcon.colcon_core.verb:set package 'xbox_control' build argument 'cmake_target' from command line to 'None'
[1.252s] Level 5:colcon.colcon_core.verb:set package 'xbox_control' build argument 'cmake_target_skip_unavailable' from command line to 'False'
[1.252s] Level 5:colcon.colcon_core.verb:set package 'xbox_control' build argument 'cmake_clean_cache' from command line to 'False'
[1.252s] Level 5:colcon.colcon_core.verb:set package 'xbox_control' build argument 'cmake_clean_first' from command line to 'False'
[1.252s] Level 5:colcon.colcon_core.verb:set package 'xbox_control' build argument 'cmake_force_configure' from command line to 'False'
[1.252s] Level 5:colcon.colcon_core.verb:set package 'xbox_control' build argument 'ament_cmake_args' from command line to 'None'
[1.252s] Level 5:colcon.colcon_core.verb:set package 'xbox_control' build argument 'catkin_cmake_args' from command line to 'None'
[1.252s] Level 5:colcon.colcon_core.verb:set package 'xbox_control' build argument 'catkin_skip_building_tests' from command line to 'False'
[1.252s] DEBUG:colcon.colcon_core.verb:Building package 'xbox_control' with the following arguments: {'ament_cmake_args': None, 'build_base': '/home/cisco/xbox_ros2_ws/src/build/xbox_control', 'catkin_cmake_args': None, 'catkin_skip_building_tests': False, 'cmake_args': None, 'cmake_clean_cache': False, 'cmake_clean_first': False, 'cmake_force_configure': False, 'cmake_target': None, 'cmake_target_skip_unavailable': False, 'install_base': '/home/cisco/xbox_ros2_ws/src/install/xbox_control', 'merge_install': False, 'path': '/home/cisco/xbox_ros2_ws/src/xbox_control', 'symlink_install': False, 'test_result_base': None}
[1.252s] INFO:colcon.colcon_core.executor:Executing jobs using 'parallel' executor
[1.256s] DEBUG:colcon.colcon_parallel_executor.executor.parallel:run_until_complete
[1.256s] INFO:colcon.colcon_ros.task.ament_cmake.build:Building ROS package in '/home/cisco/xbox_ros2_ws/src/controller_interface' with build type 'ament_cmake'
[1.257s] INFO:colcon.colcon_cmake.task.cmake.build:Building CMake package in '/home/cisco/xbox_ros2_ws/src/controller_interface'
[1.277s] INFO:colcon.colcon_core.plugin_system:Skipping extension 'colcon_core.shell.bat': Not used on non-Windows systems
[1.277s] INFO:colcon.colcon_core.shell:Skip shell extension 'powershell' for command environment: Not usable outside of PowerShell
[1.277s] DEBUG:colcon.colcon_core.shell:Skip shell extension 'dsv' for command environment
[1.297s] DEBUG:colcon.colcon_core.event_handler.log_command:Invoking command in '/home/cisco/xbox_ros2_ws/src/build/controller_interface': CMAKE_PREFIX_PATH=/home/cisco/ros2_ws/install/my_robot_controller:/opt/ros/humble /usr/bin/cmake --build /home/cisco/xbox_ros2_ws/src/build/controller_interface -- -j4 -l4
[6.059s] DEBUG:colcon.colcon_core.event_handler.log_command:Invoked command in '/home/cisco/xbox_ros2_ws/src/build/controller_interface' returned '0': CMAKE_PREFIX_PATH=/home/cisco/ros2_ws/install/my_robot_controller:/opt/ros/humble /usr/bin/cmake --build /home/cisco/xbox_ros2_ws/src/build/controller_interface -- -j4 -l4
[6.143s] DEBUG:colcon.colcon_core.event_handler.log_command:Invoking command in '/home/cisco/xbox_ros2_ws/src/build/controller_interface': CMAKE_PREFIX_PATH=/home/cisco/ros2_ws/install/my_robot_controller:/opt/ros/humble /usr/bin/cmake --install /home/cisco/xbox_ros2_ws/src/build/controller_interface
[6.231s] Level 1:colcon.colcon_core.environment:create_environment_scripts_only(controller_interface)
[6.231s] DEBUG:colcon.colcon_core.event_handler.log_command:Invoked command in '/home/cisco/xbox_ros2_ws/src/build/controller_interface' returned '0': CMAKE_PREFIX_PATH=/home/cisco/ros2_ws/install/my_robot_controller:/opt/ros/humble /usr/bin/cmake --install /home/cisco/xbox_ros2_ws/src/build/controller_interface
[6.253s] Level 1:colcon.colcon_core.environment:checking '/home/cisco/xbox_ros2_ws/src/install/controller_interface' for CMake module files
[6.255s] Level 1:colcon.colcon_core.environment:checking '/home/cisco/xbox_ros2_ws/src/install/controller_interface' for CMake config files
[6.256s] Level 1:colcon.colcon_core.shell:create_environment_hook('controller_interface', 'cmake_prefix_path')
[6.257s] INFO:colcon.colcon_core.shell:Creating environment hook '/home/cisco/xbox_ros2_ws/src/install/controller_interface/share/controller_interface/hook/cmake_prefix_path.ps1'
[6.260s] INFO:colcon.colcon_core.shell:Creating environment descriptor '/home/cisco/xbox_ros2_ws/src/install/controller_interface/share/controller_interface/hook/cmake_prefix_path.dsv'
[6.261s] INFO:colcon.colcon_core.shell:Creating environment hook '/home/cisco/xbox_ros2_ws/src/install/controller_interface/share/controller_interface/hook/cmake_prefix_path.sh'
[6.263s] Level 1:colcon.colcon_core.environment:checking '/home/cisco/xbox_ros2_ws/src/install/controller_interface/lib'
[6.263s] Level 1:colcon.colcon_core.shell:create_environment_hook('controller_interface', 'ld_library_path_lib')
[6.265s] INFO:colcon.colcon_core.shell:Creating environment hook '/home/cisco/xbox_ros2_ws/src/install/controller_interface/share/controller_interface/hook/ld_library_path_lib.ps1'
[6.265s] INFO:colcon.colcon_core.shell:Creating environment descriptor '/home/cisco/xbox_ros2_ws/src/install/controller_interface/share/controller_interface/hook/ld_library_path_lib.dsv'
[6.265s] INFO:colcon.colcon_core.shell:Creating environment hook '/home/cisco/xbox_ros2_ws/src/install/controller_interface/share/controller_interface/hook/ld_library_path_lib.sh'
[6.265s] Level 1:colcon.colcon_core.environment:checking '/home/cisco/xbox_ros2_ws/src/install/controller_interface/bin'
[6.266s] Level 1:colcon.colcon_core.environment:checking '/home/cisco/xbox_ros2_ws/src/install/controller_interface/lib/pkgconfig/controller_interface.pc'
[6.266s] Level 1:colcon.colcon_core.environment:checking '/home/cisco/xbox_ros2_ws/src/install/controller_interface/lib/python3.10/site-packages'
[6.266s] Level 1:colcon.colcon_core.environment:checking '/home/cisco/xbox_ros2_ws/src/install/controller_interface/bin'
[6.267s] INFO:colcon.colcon_core.shell:Creating package script '/home/cisco/xbox_ros2_ws/src/install/controller_interface/share/controller_interface/package.ps1'
[6.269s] INFO:colcon.colcon_core.shell:Creating package descriptor '/home/cisco/xbox_ros2_ws/src/install/controller_interface/share/controller_interface/package.dsv'
[6.270s] INFO:colcon.colcon_core.shell:Creating package script '/home/cisco/xbox_ros2_ws/src/install/controller_interface/share/controller_interface/package.sh'
[6.272s] INFO:colcon.colcon_core.shell:Creating package script '/home/cisco/xbox_ros2_ws/src/install/controller_interface/share/controller_interface/package.bash'
[6.274s] INFO:colcon.colcon_core.shell:Creating package script '/home/cisco/xbox_ros2_ws/src/install/controller_interface/share/controller_interface/package.zsh'
[6.277s] Level 1:colcon.colcon_core.environment:create_file_with_runtime_dependencies(/home/cisco/xbox_ros2_ws/src/install/controller_interface/share/colcon-core/packages/controller_interface)
[6.397s] Level 1:colcon.colcon_core.environment:create_environment_scripts_only(controller_interface)
[6.402s] Level 1:colcon.colcon_core.environment:checking '/home/cisco/xbox_ros2_ws/src/install/controller_interface' for CMake module files
[6.403s] Level 1:colcon.colcon_core.environment:checking '/home/cisco/xbox_ros2_ws/src/install/controller_interface' for CMake config files
[6.404s] Level 1:colcon.colcon_core.shell:create_environment_hook('controller_interface', 'cmake_prefix_path')
[6.407s] INFO:colcon.colcon_core.shell:Creating environment hook '/home/cisco/xbox_ros2_ws/src/install/controller_interface/share/controller_interface/hook/cmake_prefix_path.ps1'
[6.410s] INFO:colcon.colcon_core.shell:Creating environment descriptor '/home/cisco/xbox_ros2_ws/src/install/controller_interface/share/controller_interface/hook/cmake_prefix_path.dsv'
[6.412s] INFO:colcon.colcon_core.shell:Creating environment hook '/home/cisco/xbox_ros2_ws/src/install/controller_interface/share/controller_interface/hook/cmake_prefix_path.sh'
[6.414s] Level 1:colcon.colcon_core.environment:checking '/home/cisco/xbox_ros2_ws/src/install/controller_interface/lib'
[6.414s] Level 1:colcon.colcon_core.shell:create_environment_hook('controller_interface', 'ld_library_path_lib')
[6.417s] INFO:colcon.colcon_core.shell:Creating environment hook '/home/cisco/xbox_ros2_ws/src/install/controller_interface/share/controller_interface/hook/ld_library_path_lib.ps1'
[6.418s] INFO:colcon.colcon_core.shell:Creating environment descriptor '/home/cisco/xbox_ros2_ws/src/install/controller_interface/share/controller_interface/hook/ld_library_path_lib.dsv'
[6.419s] INFO:colcon.colcon_core.shell:Creating environment hook '/home/cisco/xbox_ros2_ws/src/install/controller_interface/share/controller_interface/hook/ld_library_path_lib.sh'
[6.420s] Level 1:colcon.colcon_core.environment:checking '/home/cisco/xbox_ros2_ws/src/install/controller_interface/bin'
[6.421s] Level 1:colcon.colcon_core.environment:checking '/home/cisco/xbox_ros2_ws/src/install/controller_interface/lib/pkgconfig/controller_interface.pc'
[6.421s] Level 1:colcon.colcon_core.environment:checking '/home/cisco/xbox_ros2_ws/src/install/controller_interface/lib/python3.10/site-packages'
[6.422s] Level 1:colcon.colcon_core.environment:checking '/home/cisco/xbox_ros2_ws/src/install/controller_interface/bin'
[6.428s] INFO:colcon.colcon_core.shell:Creating package script '/home/cisco/xbox_ros2_ws/src/install/controller_interface/share/controller_interface/package.ps1'
[6.430s] INFO:colcon.colcon_core.shell:Creating package descriptor '/home/cisco/xbox_ros2_ws/src/install/controller_interface/share/controller_interface/package.dsv'
[6.431s] INFO:colcon.colcon_core.shell:Creating package script '/home/cisco/xbox_ros2_ws/src/install/controller_interface/share/controller_interface/package.sh'
[6.432s] INFO:colcon.colcon_core.shell:Creating package script '/home/cisco/xbox_ros2_ws/src/install/controller_interface/share/controller_interface/package.bash'
[6.434s] INFO:colcon.colcon_core.shell:Creating package script '/home/cisco/xbox_ros2_ws/src/install/controller_interface/share/controller_interface/package.zsh'
[6.435s] Level 1:colcon.colcon_core.environment:create_file_with_runtime_dependencies(/home/cisco/xbox_ros2_ws/src/install/controller_interface/share/colcon-core/packages/controller_interface)
[6.436s] INFO:colcon.colcon_ros.task.ament_python.build:Building ROS package in '/home/cisco/xbox_ros2_ws/src/xbox_control' with build type 'ament_python'
[6.436s] Level 1:colcon.colcon_core.shell:create_environment_hook('xbox_control', 'ament_prefix_path')
[6.439s] INFO:colcon.colcon_core.shell:Creating environment hook '/home/cisco/xbox_ros2_ws/src/install/xbox_control/share/xbox_control/hook/ament_prefix_path.ps1'
[6.453s] INFO:colcon.colcon_core.shell:Creating environment descriptor '/home/cisco/xbox_ros2_ws/src/install/xbox_control/share/xbox_control/hook/ament_prefix_path.dsv'
[6.455s] INFO:colcon.colcon_core.shell:Creating environment hook '/home/cisco/xbox_ros2_ws/src/install/xbox_control/share/xbox_control/hook/ament_prefix_path.sh'
[6.461s] INFO:colcon.colcon_core.shell:Skip shell extension 'powershell' for command environment: Not usable outside of PowerShell
[6.461s] DEBUG:colcon.colcon_core.shell:Skip shell extension 'dsv' for command environment
[6.817s] INFO:colcon.colcon_core.task.python.build:Building Python package in '/home/cisco/xbox_ros2_ws/src/xbox_control'
[6.819s] INFO:colcon.colcon_core.shell:Skip shell extension 'powershell' for command environment: Not usable outside of PowerShell
[6.819s] DEBUG:colcon.colcon_core.shell:Skip shell extension 'dsv' for command environment
[7.299s] DEBUG:colcon.colcon_core.event_handler.log_command:Invoking command in '/home/cisco/xbox_ros2_ws/src/xbox_control': AMENT_PREFIX_PATH=/home/cisco/xbox_ros2_ws/src/install/controller_interface:${AMENT_PREFIX_PATH} CMAKE_PREFIX_PATH=/home/cisco/xbox_ros2_ws/src/install/controller_interface LD_LIBRARY_PATH=/home/cisco/xbox_ros2_ws/src/install/controller_interface/lib:${LD_LIBRARY_PATH} PYTHONPATH=/home/cisco/xbox_ros2_ws/src/build/xbox_control/prefix_override:/home/cisco/xbox_ros2_ws/src/install/xbox_control/lib/python3.10/site-packages:/home/cisco/xbox_ros2_ws/src/install/controller_interface/local/lib/python3.10/dist-packages:${PYTHONPATH} /usr/bin/python3 setup.py egg_info --egg-base ../build/xbox_control build --build-base /home/cisco/xbox_ros2_ws/src/build/xbox_control/build install --record /home/cisco/xbox_ros2_ws/src/build/xbox_control/install.log --single-version-externally-managed
[7.628s] Level 1:colcon.colcon_core.environment:checking '/home/cisco/xbox_ros2_ws/src/install/xbox_control' for CMake module files
[7.629s] DEBUG:colcon.colcon_core.event_handler.log_command:Invoked command in '/home/cisco/xbox_ros2_ws/src/xbox_control' returned '0': AMENT_PREFIX_PATH=/home/cisco/xbox_ros2_ws/src/install/controller_interface:${AMENT_PREFIX_PATH} CMAKE_PREFIX_PATH=/home/cisco/xbox_ros2_ws/src/install/controller_interface LD_LIBRARY_PATH=/home/cisco/xbox_ros2_ws/src/install/controller_interface/lib:${LD_LIBRARY_PATH} PYTHONPATH=/home/cisco/xbox_ros2_ws/src/build/xbox_control/prefix_override:/home/cisco/xbox_ros2_ws/src/install/xbox_control/lib/python3.10/site-packages:/home/cisco/xbox_ros2_ws/src/install/controller_interface/local/lib/python3.10/dist-packages:${PYTHONPATH} /usr/bin/python3 setup.py egg_info --egg-base ../build/xbox_control build --build-base /home/cisco/xbox_ros2_ws/src/build/xbox_control/build install --record /home/cisco/xbox_ros2_ws/src/build/xbox_control/install.log --single-version-externally-managed
[7.630s] Level 1:colcon.colcon_core.environment:checking '/home/cisco/xbox_ros2_ws/src/install/xbox_control' for CMake config files
[7.632s] Level 1:colcon.colcon_core.environment:checking '/home/cisco/xbox_ros2_ws/src/install/xbox_control/lib'
[7.632s] Level 1:colcon.colcon_core.environment:checking '/home/cisco/xbox_ros2_ws/src/install/xbox_control/bin'
[7.632s] Level 1:colcon.colcon_core.environment:checking '/home/cisco/xbox_ros2_ws/src/install/xbox_control/lib/pkgconfig/xbox_control.pc'
[7.632s] Level 1:colcon.colcon_core.environment:checking '/home/cisco/xbox_ros2_ws/src/install/xbox_control/lib/python3.10/site-packages'
[7.633s] Level 1:colcon.colcon_core.shell:create_environment_hook('xbox_control', 'pythonpath')
[7.634s] INFO:colcon.colcon_core.shell:Creating environment hook '/home/cisco/xbox_ros2_ws/src/install/xbox_control/share/xbox_control/hook/pythonpath.ps1'
[7.635s] INFO:colcon.colcon_core.shell:Creating environment descriptor '/home/cisco/xbox_ros2_ws/src/install/xbox_control/share/xbox_control/hook/pythonpath.dsv'
[7.635s] INFO:colcon.colcon_core.shell:Creating environment hook '/home/cisco/xbox_ros2_ws/src/install/xbox_control/share/xbox_control/hook/pythonpath.sh'
[7.636s] Level 1:colcon.colcon_core.environment:checking '/home/cisco/xbox_ros2_ws/src/install/xbox_control/bin'
[7.636s] Level 1:colcon.colcon_core.environment:create_environment_scripts_only(xbox_control)
[7.637s] INFO:colcon.colcon_core.shell:Creating package script '/home/cisco/xbox_ros2_ws/src/install/xbox_control/share/xbox_control/package.ps1'
[7.637s] INFO:colcon.colcon_core.shell:Creating package descriptor '/home/cisco/xbox_ros2_ws/src/install/xbox_control/share/xbox_control/package.dsv'
[7.638s] INFO:colcon.colcon_core.shell:Creating package script '/home/cisco/xbox_ros2_ws/src/install/xbox_control/share/xbox_control/package.sh'
[7.638s] INFO:colcon.colcon_core.shell:Creating package script '/home/cisco/xbox_ros2_ws/src/install/xbox_control/share/xbox_control/package.bash'
[7.639s] INFO:colcon.colcon_core.shell:Creating package script '/home/cisco/xbox_ros2_ws/src/install/xbox_control/share/xbox_control/package.zsh'
[7.639s] Level 1:colcon.colcon_core.environment:create_file_with_runtime_dependencies(/home/cisco/xbox_ros2_ws/src/install/xbox_control/share/colcon-core/packages/xbox_control)
[7.639s] DEBUG:colcon.colcon_parallel_executor.executor.parallel:closing loop
[7.640s] DEBUG:colcon.colcon_parallel_executor.executor.parallel:loop closed
[7.640s] DEBUG:colcon.colcon_parallel_executor.executor.parallel:run_until_complete finished with '0'
[7.640s] DEBUG:colcon.colcon_core.event_reactor:joining thread
[7.649s] INFO:colcon.colcon_core.plugin_system:Skipping extension 'colcon_notification.desktop_notification.terminal_notifier': Not used on non-Darwin systems
[7.650s] INFO:colcon.colcon_core.plugin_system:Skipping extension 'colcon_notification.desktop_notification.win32': Not used on non-Windows systems
[7.650s] INFO:colcon.colcon_notification.desktop_notification:Sending desktop notification using 'notify2'
[7.676s] DEBUG:colcon.colcon_core.event_reactor:joined thread
[7.678s] INFO:colcon.colcon_core.shell:Creating prefix script '/home/cisco/xbox_ros2_ws/src/install/local_setup.ps1'
[7.685s] INFO:colcon.colcon_core.shell:Creating prefix util module '/home/cisco/xbox_ros2_ws/src/install/_local_setup_util_ps1.py'
[7.693s] INFO:colcon.colcon_core.shell:Creating prefix chain script '/home/cisco/xbox_ros2_ws/src/install/setup.ps1'
[7.696s] INFO:colcon.colcon_core.shell:Creating prefix script '/home/cisco/xbox_ros2_ws/src/install/local_setup.sh'
[7.697s] INFO:colcon.colcon_core.shell:Creating prefix util module '/home/cisco/xbox_ros2_ws/src/install/_local_setup_util_sh.py'
[7.698s] INFO:colcon.colcon_core.shell:Creating prefix chain script '/home/cisco/xbox_ros2_ws/src/install/setup.sh'
[7.702s] INFO:colcon.colcon_core.shell:Creating prefix script '/home/cisco/xbox_ros2_ws/src/install/local_setup.bash'
[7.704s] INFO:colcon.colcon_core.shell:Creating prefix chain script '/home/cisco/xbox_ros2_ws/src/install/setup.bash'
[7.706s] INFO:colcon.colcon_core.shell:Creating prefix script '/home/cisco/xbox_ros2_ws/src/install/local_setup.zsh'
[7.708s] INFO:colcon.colcon_core.shell:Creating prefix chain script '/home/cisco/xbox_ros2_ws/src/install/setup.zsh'
