running egg_info
creating build/xbox_control/xbox_control.egg-info
writing build/xbox_control/xbox_control.egg-info/PKG-INFO
writing dependency_links to build/xbox_control/xbox_control.egg-info/dependency_links.txt
writing entry points to build/xbox_control/xbox_control.egg-info/entry_points.txt
writing requirements to build/xbox_control/xbox_control.egg-info/requires.txt
writing top-level names to build/xbox_control/xbox_control.egg-info/top_level.txt
writing manifest file 'build/xbox_control/xbox_control.egg-info/SOURCES.txt'
reading manifest file 'build/xbox_control/xbox_control.egg-info/SOURCES.txt'
writing manifest file 'build/xbox_control/xbox_control.egg-info/SOURCES.txt'
running build
running build_py
creating /home/cisco/xbox_ros2_ws/src/xbox_control/build/xbox_control/build
creating /home/cisco/xbox_ros2_ws/src/xbox_control/build/xbox_control/build/lib
creating /home/cisco/xbox_ros2_ws/src/xbox_control/build/xbox_control/build/lib/xbox_control
copying xbox_control/__init__.py -> /home/cisco/xbox_ros2_ws/src/xbox_control/build/xbox_control/build/lib/xbox_control
copying xbox_control/xbox_pub.py -> /home/cisco/xbox_ros2_ws/src/xbox_control/build/xbox_control/build/lib/xbox_control
copying xbox_control/xbox_sub.py -> /home/cisco/xbox_ros2_ws/src/xbox_control/build/xbox_control/build/lib/xbox_control
running install
running install_lib
creating /home/cisco/xbox_ros2_ws/src/xbox_control/install/xbox_control/lib/python3.10/site-packages/xbox_control
copying /home/cisco/xbox_ros2_ws/src/xbox_control/build/xbox_control/build/lib/xbox_control/__init__.py -> /home/cisco/xbox_ros2_ws/src/xbox_control/install/xbox_control/lib/python3.10/site-packages/xbox_control
copying /home/cisco/xbox_ros2_ws/src/xbox_control/build/xbox_control/build/lib/xbox_control/xbox_pub.py -> /home/cisco/xbox_ros2_ws/src/xbox_control/install/xbox_control/lib/python3.10/site-packages/xbox_control
copying /home/cisco/xbox_ros2_ws/src/xbox_control/build/xbox_control/build/lib/xbox_control/xbox_sub.py -> /home/cisco/xbox_ros2_ws/src/xbox_control/install/xbox_control/lib/python3.10/site-packages/xbox_control
byte-compiling /home/cisco/xbox_ros2_ws/src/xbox_control/install/xbox_control/lib/python3.10/site-packages/xbox_control/__init__.py to __init__.cpython-310.pyc
byte-compiling /home/cisco/xbox_ros2_ws/src/xbox_control/install/xbox_control/lib/python3.10/site-packages/xbox_control/xbox_pub.py to xbox_pub.cpython-310.pyc
byte-compiling /home/cisco/xbox_ros2_ws/src/xbox_control/install/xbox_control/lib/python3.10/site-packages/xbox_control/xbox_sub.py to xbox_sub.cpython-310.pyc
running install_data
creating /home/cisco/xbox_ros2_ws/src/xbox_control/install/xbox_control/share/ament_index
creating /home/cisco/xbox_ros2_ws/src/xbox_control/install/xbox_control/share/ament_index/resource_index
creating /home/cisco/xbox_ros2_ws/src/xbox_control/install/xbox_control/share/ament_index/resource_index/packages
copying resource/xbox_control -> /home/cisco/xbox_ros2_ws/src/xbox_control/install/xbox_control/share/ament_index/resource_index/packages
copying package.xml -> /home/cisco/xbox_ros2_ws/src/xbox_control/install/xbox_control/share/xbox_control
running install_egg_info
Copying build/xbox_control/xbox_control.egg-info to /home/cisco/xbox_ros2_ws/src/xbox_control/install/xbox_control/lib/python3.10/site-packages/xbox_control-0.0.0-py3.10.egg-info
running install_scripts
Installing xbox_pub = xbox_control.xbox_pub:mainxbox_sub script to /home/cisco/xbox_ros2_ws/src/xbox_control/install/xbox_control/lib/xbox_control
writing list of installed files to '/home/cisco/xbox_ros2_ws/src/xbox_control/build/xbox_control/install.log'
