[0.694s] Invoking command in '/home/cisco/xbox_ros2_ws/src/xbox_control': PYTHONPATH=/home/cisco/xbox_ros2_ws/src/xbox_control/build/xbox_control/prefix_override:/home/cisco/xbox_ros2_ws/src/xbox_control/install/xbox_control/lib/python3.10/site-packages:${PYTHONPATH} /usr/bin/python3 setup.py egg_info --egg-base build/xbox_control build --build-base /home/cisco/xbox_ros2_ws/src/xbox_control/build/xbox_control/build install --record /home/cisco/xbox_ros2_ws/src/xbox_control/build/xbox_control/install.log --single-version-externally-managed
[0.964s] running egg_info
[0.964s] creating build/xbox_control/xbox_control.egg-info
[0.965s] writing build/xbox_control/xbox_control.egg-info/PKG-INFO
[0.965s] writing dependency_links to build/xbox_control/xbox_control.egg-info/dependency_links.txt
[0.966s] writing entry points to build/xbox_control/xbox_control.egg-info/entry_points.txt
[0.966s] writing requirements to build/xbox_control/xbox_control.egg-info/requires.txt
[0.966s] writing top-level names to build/xbox_control/xbox_control.egg-info/top_level.txt
[0.967s] writing manifest file 'build/xbox_control/xbox_control.egg-info/SOURCES.txt'
[0.969s] reading manifest file 'build/xbox_control/xbox_control.egg-info/SOURCES.txt'
[0.969s] writing manifest file 'build/xbox_control/xbox_control.egg-info/SOURCES.txt'
[0.970s] running build
[0.970s] running build_py
[0.970s] creating /home/cisco/xbox_ros2_ws/src/xbox_control/build/xbox_control/build
[0.971s] creating /home/cisco/xbox_ros2_ws/src/xbox_control/build/xbox_control/build/lib
[0.971s] creating /home/cisco/xbox_ros2_ws/src/xbox_control/build/xbox_control/build/lib/xbox_control
[0.971s] copying xbox_control/__init__.py -> /home/cisco/xbox_ros2_ws/src/xbox_control/build/xbox_control/build/lib/xbox_control
[0.972s] copying xbox_control/xbox_pub.py -> /home/cisco/xbox_ros2_ws/src/xbox_control/build/xbox_control/build/lib/xbox_control
[0.972s] copying xbox_control/xbox_sub.py -> /home/cisco/xbox_ros2_ws/src/xbox_control/build/xbox_control/build/lib/xbox_control
[0.972s] running install
[0.973s] running install_lib
[0.974s] creating /home/cisco/xbox_ros2_ws/src/xbox_control/install/xbox_control/lib/python3.10/site-packages/xbox_control
[0.974s] copying /home/cisco/xbox_ros2_ws/src/xbox_control/build/xbox_control/build/lib/xbox_control/__init__.py -> /home/cisco/xbox_ros2_ws/src/xbox_control/install/xbox_control/lib/python3.10/site-packages/xbox_control
[0.974s] copying /home/cisco/xbox_ros2_ws/src/xbox_control/build/xbox_control/build/lib/xbox_control/xbox_pub.py -> /home/cisco/xbox_ros2_ws/src/xbox_control/install/xbox_control/lib/python3.10/site-packages/xbox_control
[0.975s] copying /home/cisco/xbox_ros2_ws/src/xbox_control/build/xbox_control/build/lib/xbox_control/xbox_sub.py -> /home/cisco/xbox_ros2_ws/src/xbox_control/install/xbox_control/lib/python3.10/site-packages/xbox_control
[0.976s] byte-compiling /home/cisco/xbox_ros2_ws/src/xbox_control/install/xbox_control/lib/python3.10/site-packages/xbox_control/__init__.py to __init__.cpython-310.pyc
[0.977s] byte-compiling /home/cisco/xbox_ros2_ws/src/xbox_control/install/xbox_control/lib/python3.10/site-packages/xbox_control/xbox_pub.py to xbox_pub.cpython-310.pyc
[0.978s] byte-compiling /home/cisco/xbox_ros2_ws/src/xbox_control/install/xbox_control/lib/python3.10/site-packages/xbox_control/xbox_sub.py to xbox_sub.cpython-310.pyc
[0.979s] running install_data
[0.981s] creating /home/cisco/xbox_ros2_ws/src/xbox_control/install/xbox_control/share/ament_index
[0.981s] creating /home/cisco/xbox_ros2_ws/src/xbox_control/install/xbox_control/share/ament_index/resource_index
[0.981s] creating /home/cisco/xbox_ros2_ws/src/xbox_control/install/xbox_control/share/ament_index/resource_index/packages
[0.981s] copying resource/xbox_control -> /home/cisco/xbox_ros2_ws/src/xbox_control/install/xbox_control/share/ament_index/resource_index/packages
[0.982s] copying package.xml -> /home/cisco/xbox_ros2_ws/src/xbox_control/install/xbox_control/share/xbox_control
[0.982s] running install_egg_info
[0.984s] Copying build/xbox_control/xbox_control.egg-info to /home/cisco/xbox_ros2_ws/src/xbox_control/install/xbox_control/lib/python3.10/site-packages/xbox_control-0.0.0-py3.10.egg-info
[0.986s] running install_scripts
[1.005s] Installing xbox_pub = xbox_control.xbox_pub:mainxbox_sub script to /home/cisco/xbox_ros2_ws/src/xbox_control/install/xbox_control/lib/xbox_control
[1.006s] writing list of installed files to '/home/cisco/xbox_ros2_ws/src/xbox_control/build/xbox_control/install.log'
[1.032s] Invoked command in '/home/cisco/xbox_ros2_ws/src/xbox_control' returned '0': PYTHONPATH=/home/cisco/xbox_ros2_ws/src/xbox_control/build/xbox_control/prefix_override:/home/cisco/xbox_ros2_ws/src/xbox_control/install/xbox_control/lib/python3.10/site-packages:${PYTHONPATH} /usr/bin/python3 setup.py egg_info --egg-base build/xbox_control build --build-base /home/cisco/xbox_ros2_ws/src/xbox_control/build/xbox_control/build install --record /home/cisco/xbox_ros2_ws/src/xbox_control/build/xbox_control/install.log --single-version-externally-managed
