[0.695s] Invoking command in '/home/cisco/xbox_ros2_ws/src/xbox_control': AMENT_PREFIX_PATH=/home/cisco/xbox_ros2_ws/install/controller_interface:${AMENT_PREFIX_PATH} CMAKE_PREFIX_PATH=/home/cisco/xbox_ros2_ws/install/controller_interface:${CMAKE_PREFIX_PATH} PYTHONPATH=/home/cisco/xbox_ros2_ws/build/xbox_control/prefix_override:/home/cisco/xbox_ros2_ws/install/xbox_control/lib/python3.10/site-packages:${PYTHONPATH} /usr/bin/python3 setup.py egg_info --egg-base ../../build/xbox_control build --build-base /home/cisco/xbox_ros2_ws/build/xbox_control/build install --record /home/cisco/xbox_ros2_ws/build/xbox_control/install.log --single-version-externally-managed
[0.937s] running egg_info
[0.938s] creating ../../build/xbox_control/xbox_control.egg-info
[0.938s] writing ../../build/xbox_control/xbox_control.egg-info/PKG-INFO
[0.938s] writing dependency_links to ../../build/xbox_control/xbox_control.egg-info/dependency_links.txt
[0.938s] writing entry points to ../../build/xbox_control/xbox_control.egg-info/entry_points.txt
[0.938s] writing requirements to ../../build/xbox_control/xbox_control.egg-info/requires.txt
[0.939s] writing top-level names to ../../build/xbox_control/xbox_control.egg-info/top_level.txt
[0.939s] writing manifest file '../../build/xbox_control/xbox_control.egg-info/SOURCES.txt'
[0.941s] reading manifest file '../../build/xbox_control/xbox_control.egg-info/SOURCES.txt'
[0.941s] writing manifest file '../../build/xbox_control/xbox_control.egg-info/SOURCES.txt'
[0.941s] running build
[0.941s] running build_py
[0.941s] creating /home/cisco/xbox_ros2_ws/build/xbox_control/build
[0.942s] creating /home/cisco/xbox_ros2_ws/build/xbox_control/build/lib
[0.942s] creating /home/cisco/xbox_ros2_ws/build/xbox_control/build/lib/xbox_control
[0.942s] copying xbox_control/__init__.py -> /home/cisco/xbox_ros2_ws/build/xbox_control/build/lib/xbox_control
[0.942s] copying xbox_control/xbox_pub.py -> /home/cisco/xbox_ros2_ws/build/xbox_control/build/lib/xbox_control
[0.942s] copying xbox_control/xbox_sub.py -> /home/cisco/xbox_ros2_ws/build/xbox_control/build/lib/xbox_control
[0.944s] running install
[0.944s] running install_lib
[0.944s] creating /home/cisco/xbox_ros2_ws/install/xbox_control/lib/python3.10/site-packages/xbox_control
[0.944s] copying /home/cisco/xbox_ros2_ws/build/xbox_control/build/lib/xbox_control/__init__.py -> /home/cisco/xbox_ros2_ws/install/xbox_control/lib/python3.10/site-packages/xbox_control
[0.945s] copying /home/cisco/xbox_ros2_ws/build/xbox_control/build/lib/xbox_control/xbox_pub.py -> /home/cisco/xbox_ros2_ws/install/xbox_control/lib/python3.10/site-packages/xbox_control
[0.945s] copying /home/cisco/xbox_ros2_ws/build/xbox_control/build/lib/xbox_control/xbox_sub.py -> /home/cisco/xbox_ros2_ws/install/xbox_control/lib/python3.10/site-packages/xbox_control
[0.945s] byte-compiling /home/cisco/xbox_ros2_ws/install/xbox_control/lib/python3.10/site-packages/xbox_control/__init__.py to __init__.cpython-310.pyc
[0.945s] byte-compiling /home/cisco/xbox_ros2_ws/install/xbox_control/lib/python3.10/site-packages/xbox_control/xbox_pub.py to xbox_pub.cpython-310.pyc
[0.945s] byte-compiling /home/cisco/xbox_ros2_ws/install/xbox_control/lib/python3.10/site-packages/xbox_control/xbox_sub.py to xbox_sub.cpython-310.pyc
[0.945s] running install_data
[0.947s] creating /home/cisco/xbox_ros2_ws/install/xbox_control/share/ament_index
[0.947s] creating /home/cisco/xbox_ros2_ws/install/xbox_control/share/ament_index/resource_index
[0.948s] creating /home/cisco/xbox_ros2_ws/install/xbox_control/share/ament_index/resource_index/packages
[0.948s] copying resource/xbox_control -> /home/cisco/xbox_ros2_ws/install/xbox_control/share/ament_index/resource_index/packages
[0.948s] copying package.xml -> /home/cisco/xbox_ros2_ws/install/xbox_control/share/xbox_control
[0.948s] running install_egg_info
[0.949s] Copying ../../build/xbox_control/xbox_control.egg-info to /home/cisco/xbox_ros2_ws/install/xbox_control/lib/python3.10/site-packages/xbox_control-0.0.0-py3.10.egg-info
[0.950s] running install_scripts
[0.967s] Installing xbox_pub = xbox_control.xbox_control.xbox_pub:mainxbox_sub script to /home/cisco/xbox_ros2_ws/install/xbox_control/lib/xbox_control
[0.968s] writing list of installed files to '/home/cisco/xbox_ros2_ws/build/xbox_control/install.log'
[0.996s] Invoked command in '/home/cisco/xbox_ros2_ws/src/xbox_control' returned '0': AMENT_PREFIX_PATH=/home/cisco/xbox_ros2_ws/install/controller_interface:${AMENT_PREFIX_PATH} CMAKE_PREFIX_PATH=/home/cisco/xbox_ros2_ws/install/controller_interface:${CMAKE_PREFIX_PATH} PYTHONPATH=/home/cisco/xbox_ros2_ws/build/xbox_control/prefix_override:/home/cisco/xbox_ros2_ws/install/xbox_control/lib/python3.10/site-packages:${PYTHONPATH} /usr/bin/python3 setup.py egg_info --egg-base ../../build/xbox_control build --build-base /home/cisco/xbox_ros2_ws/build/xbox_control/build install --record /home/cisco/xbox_ros2_ws/build/xbox_control/install.log --single-version-externally-managed
