[0.781s] Invoking command in '/home/cisco/xbox_ros2_ws/src/xbox_control': CMAKE_PREFIX_PATH=/home/cisco/xbox_ros2_ws/install/controller_interface:/home/cisco/ros2_ws/install/controller PYTHONPATH=/home/cisco/xbox_ros2_ws/build/xbox_control/prefix_override:/home/cisco/xbox_ros2_ws/install/xbox_control/lib/python3.10/site-packages:${PYTHONPATH} /usr/bin/python3 setup.py egg_info --egg-base ../../build/xbox_control build --build-base /home/cisco/xbox_ros2_ws/build/xbox_control/build install --record /home/cisco/xbox_ros2_ws/build/xbox_control/install.log --single-version-externally-managed
[1.143s] running egg_info
[1.145s] writing ../../build/xbox_control/xbox_control.egg-info/PKG-INFO
[1.145s] writing dependency_links to ../../build/xbox_control/xbox_control.egg-info/dependency_links.txt
[1.145s] writing entry points to ../../build/xbox_control/xbox_control.egg-info/entry_points.txt
[1.145s] writing requirements to ../../build/xbox_control/xbox_control.egg-info/requires.txt
[1.146s] writing top-level names to ../../build/xbox_control/xbox_control.egg-info/top_level.txt
[1.148s] reading manifest file '../../build/xbox_control/xbox_control.egg-info/SOURCES.txt'
[1.150s] writing manifest file '../../build/xbox_control/xbox_control.egg-info/SOURCES.txt'
[1.150s] running build
[1.151s] running build_py
[1.151s] copying xbox_control/xbox_pub.py -> /home/cisco/xbox_ros2_ws/build/xbox_control/build/lib/xbox_control
[1.151s] running install
[1.152s] running install_lib
[1.152s] copying /home/cisco/xbox_ros2_ws/build/xbox_control/build/lib/xbox_control/xbox_pub.py -> /home/cisco/xbox_ros2_ws/install/xbox_control/lib/python3.10/site-packages/xbox_control
[1.153s] byte-compiling /home/cisco/xbox_ros2_ws/install/xbox_control/lib/python3.10/site-packages/xbox_control/xbox_pub.py to xbox_pub.cpython-310.pyc
[1.155s] running install_data
[1.156s] running install_egg_info
[1.158s] removing '/home/cisco/xbox_ros2_ws/install/xbox_control/lib/python3.10/site-packages/xbox_control-0.0.0-py3.10.egg-info' (and everything under it)
[1.159s] Copying ../../build/xbox_control/xbox_control.egg-info to /home/cisco/xbox_ros2_ws/install/xbox_control/lib/python3.10/site-packages/xbox_control-0.0.0-py3.10.egg-info
[1.160s] running install_scripts
[1.192s] Installing xbox_pub script to /home/cisco/xbox_ros2_ws/install/xbox_control/lib/xbox_control
[1.192s] Installing xbox_sub script to /home/cisco/xbox_ros2_ws/install/xbox_control/lib/xbox_control
[1.192s] writing list of installed files to '/home/cisco/xbox_ros2_ws/build/xbox_control/install.log'
[1.242s] Invoked command in '/home/cisco/xbox_ros2_ws/src/xbox_control' returned '0': CMAKE_PREFIX_PATH=/home/cisco/xbox_ros2_ws/install/controller_interface:/home/cisco/ros2_ws/install/controller PYTHONPATH=/home/cisco/xbox_ros2_ws/build/xbox_control/prefix_override:/home/cisco/xbox_ros2_ws/install/xbox_control/lib/python3.10/site-packages:${PYTHONPATH} /usr/bin/python3 setup.py egg_info --egg-base ../../build/xbox_control build --build-base /home/cisco/xbox_ros2_ws/build/xbox_control/build install --record /home/cisco/xbox_ros2_ws/build/xbox_control/install.log --single-version-externally-managed
