[0.019s] Invoking command in '/home/cisco/xbox_ros2_ws/build/controller_interface': CMAKE_PREFIX_PATH=${CMAKE_PREFIX_PATH}:/home/cisco/xbox_ros2_ws/install/xbox_control:/opt/ros/humble /usr/bin/cmake --build /home/cisco/xbox_ros2_ws/build/controller_interface -- -j4 -l4
[0.086s] [ 12%] Built target controller_interface__rosidl_generator_c
[0.087s] [ 12%] Built target controller_interface__cpp
[0.100s] [ 12%] Built target ament_cmake_python_copy_controller_interface
[0.112s] [ 22%] Built target controller_interface__rosidl_typesupport_introspection_c
[0.116s] [ 32%] Built target controller_interface__rosidl_typesupport_fastrtps_c
[0.118s] [ 41%] Built target controller_interface__rosidl_typesupport_c
[0.132s] [ 51%] Built target controller_interface__rosidl_typesupport_fastrtps_cpp
[0.147s] [ 61%] Built target controller_interface__rosidl_typesupport_introspection_cpp
[0.156s] [ 70%] Built target controller_interface__rosidl_typesupport_cpp
[0.186s] [ 70%] Built target controller_interface
[0.209s] [ 74%] Built target controller_interface__py
[0.239s] [ 80%] Built target controller_interface__rosidl_generator_py
[0.271s] [ 90%] Built target controller_interface__rosidl_typesupport_fastrtps_c__pyext
[0.271s] [ 96%] Built target controller_interface__rosidl_typesupport_c__pyext
[0.272s] [100%] Built target controller_interface__rosidl_typesupport_introspection_c__pyext
[0.466s] running egg_info
[0.467s] writing controller_interface.egg-info/PKG-INFO
[0.468s] writing dependency_links to controller_interface.egg-info/dependency_links.txt
[0.468s] writing top-level names to controller_interface.egg-info/top_level.txt
[0.471s] reading manifest file 'controller_interface.egg-info/SOURCES.txt'
[0.472s] writing manifest file 'controller_interface.egg-info/SOURCES.txt'
[0.501s] [100%] Built target ament_cmake_python_build_controller_interface_egg
[0.517s] Invoked command in '/home/cisco/xbox_ros2_ws/build/controller_interface' returned '0': CMAKE_PREFIX_PATH=${CMAKE_PREFIX_PATH}:/home/cisco/xbox_ros2_ws/install/xbox_control:/opt/ros/humble /usr/bin/cmake --build /home/cisco/xbox_ros2_ws/build/controller_interface -- -j4 -l4
[0.613s] Invoking command in '/home/cisco/xbox_ros2_ws/build/controller_interface': CMAKE_PREFIX_PATH=${CMAKE_PREFIX_PATH}:/home/cisco/xbox_ros2_ws/install/xbox_control:/opt/ros/humble /usr/bin/cmake --install /home/cisco/xbox_ros2_ws/build/controller_interface
[0.621s] -- Install configuration: ""
[0.621s] -- Up-to-date: /home/cisco/xbox_ros2_ws/install/controller_interface/share/ament_index/resource_index/rosidl_interfaces/controller_interface
[0.621s] -- Up-to-date: /home/cisco/xbox_ros2_ws/install/controller_interface/include/controller_interface/controller_interface
[0.622s] -- Up-to-date: /home/cisco/xbox_ros2_ws/install/controller_interface/include/controller_interface/controller_interface/msg
[0.622s] -- Up-to-date: /home/cisco/xbox_ros2_ws/install/controller_interface/include/controller_interface/controller_interface/msg/rosidl_generator_c__visibility_control.h
[0.622s] -- Up-to-date: /home/cisco/xbox_ros2_ws/install/controller_interface/include/controller_interface/controller_interface/msg/detail
[0.622s] -- Up-to-date: /home/cisco/xbox_ros2_ws/install/controller_interface/include/controller_interface/controller_interface/msg/detail/control__functions.c
[0.623s] -- Up-to-date: /home/cisco/xbox_ros2_ws/install/controller_interface/include/controller_interface/controller_interface/msg/detail/control__struct.h
[0.623s] -- Up-to-date: /home/cisco/xbox_ros2_ws/install/controller_interface/include/controller_interface/controller_interface/msg/detail/control__type_support.h
[0.623s] -- Up-to-date: /home/cisco/xbox_ros2_ws/install/controller_interface/include/controller_interface/controller_interface/msg/detail/control__functions.h
[0.623s] -- Up-to-date: /home/cisco/xbox_ros2_ws/install/controller_interface/include/controller_interface/controller_interface/msg/control.h
[0.624s] -- Up-to-date: /home/cisco/xbox_ros2_ws/install/controller_interface/share/controller_interface/environment/library_path.sh
[0.624s] -- Up-to-date: /home/cisco/xbox_ros2_ws/install/controller_interface/share/controller_interface/environment/library_path.dsv
[0.624s] -- Up-to-date: /home/cisco/xbox_ros2_ws/install/controller_interface/lib/libcontroller_interface__rosidl_generator_c.so
[0.625s] -- Up-to-date: /home/cisco/xbox_ros2_ws/install/controller_interface/include/controller_interface/controller_interface
[0.625s] -- Up-to-date: /home/cisco/xbox_ros2_ws/install/controller_interface/include/controller_interface/controller_interface/msg
[0.625s] -- Up-to-date: /home/cisco/xbox_ros2_ws/install/controller_interface/include/controller_interface/controller_interface/msg/rosidl_typesupport_fastrtps_c__visibility_control.h
[0.625s] -- Up-to-date: /home/cisco/xbox_ros2_ws/install/controller_interface/include/controller_interface/controller_interface/msg/detail
[0.626s] -- Up-to-date: /home/cisco/xbox_ros2_ws/install/controller_interface/include/controller_interface/controller_interface/msg/detail/control__rosidl_typesupport_fastrtps_c.h
[0.626s] -- Up-to-date: /home/cisco/xbox_ros2_ws/install/controller_interface/lib/libcontroller_interface__rosidl_typesupport_fastrtps_c.so
[0.627s] -- Up-to-date: /home/cisco/xbox_ros2_ws/install/controller_interface/include/controller_interface/controller_interface
[0.628s] -- Up-to-date: /home/cisco/xbox_ros2_ws/install/controller_interface/include/controller_interface/controller_interface/msg
[0.628s] -- Up-to-date: /home/cisco/xbox_ros2_ws/install/controller_interface/include/controller_interface/controller_interface/msg/detail
[0.630s] -- Up-to-date: /home/cisco/xbox_ros2_ws/install/controller_interface/include/controller_interface/controller_interface/msg/detail/control__type_support.c
[0.630s] -- Up-to-date: /home/cisco/xbox_ros2_ws/install/controller_interface/include/controller_interface/controller_interface/msg/detail/control__rosidl_typesupport_introspection_c.h
[0.630s] -- Up-to-date: /home/cisco/xbox_ros2_ws/install/controller_interface/include/controller_interface/controller_interface/msg/rosidl_typesupport_introspection_c__visibility_control.h
[0.631s] -- Up-to-date: /home/cisco/xbox_ros2_ws/install/controller_interface/lib/libcontroller_interface__rosidl_typesupport_introspection_c.so
[0.631s] -- Up-to-date: /home/cisco/xbox_ros2_ws/install/controller_interface/lib/libcontroller_interface__rosidl_typesupport_c.so
[0.632s] -- Up-to-date: /home/cisco/xbox_ros2_ws/install/controller_interface/include/controller_interface/controller_interface
[0.632s] -- Up-to-date: /home/cisco/xbox_ros2_ws/install/controller_interface/include/controller_interface/controller_interface/msg
[0.632s] -- Up-to-date: /home/cisco/xbox_ros2_ws/install/controller_interface/include/controller_interface/controller_interface/msg/detail
[0.636s] -- Up-to-date: /home/cisco/xbox_ros2_ws/install/controller_interface/include/controller_interface/controller_interface/msg/detail/control__traits.hpp
[0.637s] -- Up-to-date: /home/cisco/xbox_ros2_ws/install/controller_interface/include/controller_interface/controller_interface/msg/detail/control__struct.hpp
[0.637s] -- Up-to-date: /home/cisco/xbox_ros2_ws/install/controller_interface/include/controller_interface/controller_interface/msg/detail/control__builder.hpp
[0.637s] -- Up-to-date: /home/cisco/xbox_ros2_ws/install/controller_interface/include/controller_interface/controller_interface/msg/control.hpp
[0.639s] -- Up-to-date: /home/cisco/xbox_ros2_ws/install/controller_interface/include/controller_interface/controller_interface
[0.644s] -- Up-to-date: /home/cisco/xbox_ros2_ws/install/controller_interface/include/controller_interface/controller_interface/msg
[0.644s] -- Up-to-date: /home/cisco/xbox_ros2_ws/install/controller_interface/include/controller_interface/controller_interface/msg/detail
[0.645s] -- Up-to-date: /home/cisco/xbox_ros2_ws/install/controller_interface/include/controller_interface/controller_interface/msg/detail/dds_fastrtps
[0.645s] -- Up-to-date: /home/cisco/xbox_ros2_ws/install/controller_interface/include/controller_interface/controller_interface/msg/detail/control__rosidl_typesupport_fastrtps_cpp.hpp
[0.646s] -- Up-to-date: /home/cisco/xbox_ros2_ws/install/controller_interface/include/controller_interface/controller_interface/msg/rosidl_typesupport_fastrtps_cpp__visibility_control.h
[0.646s] -- Up-to-date: /home/cisco/xbox_ros2_ws/install/controller_interface/lib/libcontroller_interface__rosidl_typesupport_fastrtps_cpp.so
[0.647s] -- Up-to-date: /home/cisco/xbox_ros2_ws/install/controller_interface/include/controller_interface/controller_interface
[0.648s] -- Up-to-date: /home/cisco/xbox_ros2_ws/install/controller_interface/include/controller_interface/controller_interface/msg
[0.648s] -- Up-to-date: /home/cisco/xbox_ros2_ws/install/controller_interface/include/controller_interface/controller_interface/msg/detail
[0.648s] -- Up-to-date: /home/cisco/xbox_ros2_ws/install/controller_interface/include/controller_interface/controller_interface/msg/detail/control__rosidl_typesupport_introspection_cpp.hpp
[0.649s] -- Up-to-date: /home/cisco/xbox_ros2_ws/install/controller_interface/include/controller_interface/controller_interface/msg/detail/control__type_support.cpp
[0.649s] -- Up-to-date: /home/cisco/xbox_ros2_ws/install/controller_interface/lib/libcontroller_interface__rosidl_typesupport_introspection_cpp.so
[0.649s] -- Up-to-date: /home/cisco/xbox_ros2_ws/install/controller_interface/lib/libcontroller_interface__rosidl_typesupport_cpp.so
[0.649s] -- Up-to-date: /home/cisco/xbox_ros2_ws/install/controller_interface/share/controller_interface/environment/pythonpath.sh
[0.650s] -- Up-to-date: /home/cisco/xbox_ros2_ws/install/controller_interface/share/controller_interface/environment/pythonpath.dsv
[0.650s] -- Up-to-date: /home/cisco/xbox_ros2_ws/install/controller_interface/local/lib/python3.10/dist-packages/controller_interface-0.0.0-py3.10.egg-info
[0.650s] -- Installing: /home/cisco/xbox_ros2_ws/install/controller_interface/local/lib/python3.10/dist-packages/controller_interface-0.0.0-py3.10.egg-info/SOURCES.txt
[0.650s] -- Installing: /home/cisco/xbox_ros2_ws/install/controller_interface/local/lib/python3.10/dist-packages/controller_interface-0.0.0-py3.10.egg-info/PKG-INFO
[0.651s] -- Installing: /home/cisco/xbox_ros2_ws/install/controller_interface/local/lib/python3.10/dist-packages/controller_interface-0.0.0-py3.10.egg-info/dependency_links.txt
[0.651s] -- Installing: /home/cisco/xbox_ros2_ws/install/controller_interface/local/lib/python3.10/dist-packages/controller_interface-0.0.0-py3.10.egg-info/top_level.txt
[0.651s] -- Up-to-date: /home/cisco/xbox_ros2_ws/install/controller_interface/local/lib/python3.10/dist-packages/controller_interface
[0.651s] -- Up-to-date: /home/cisco/xbox_ros2_ws/install/controller_interface/local/lib/python3.10/dist-packages/controller_interface/_controller_interface_s.ep.rosidl_typesupport_c.c
[0.652s] -- Up-to-date: /home/cisco/xbox_ros2_ws/install/controller_interface/local/lib/python3.10/dist-packages/controller_interface/__init__.py
[0.652s] -- Up-to-date: /home/cisco/xbox_ros2_ws/install/controller_interface/local/lib/python3.10/dist-packages/controller_interface/_controller_interface_s.ep.rosidl_typesupport_introspection_c.c
[0.652s] -- Up-to-date: /home/cisco/xbox_ros2_ws/install/controller_interface/local/lib/python3.10/dist-packages/controller_interface/controller_interface_s__rosidl_typesupport_fastrtps_c.cpython-310-x86_64-linux-gnu.so
[0.652s] -- Up-to-date: /home/cisco/xbox_ros2_ws/install/controller_interface/local/lib/python3.10/dist-packages/controller_interface/libcontroller_interface__rosidl_generator_py.so
[0.653s] -- Up-to-date: /home/cisco/xbox_ros2_ws/install/controller_interface/local/lib/python3.10/dist-packages/controller_interface/controller_interface_s__rosidl_typesupport_introspection_c.cpython-310-x86_64-linux-gnu.so
[0.653s] -- Up-to-date: /home/cisco/xbox_ros2_ws/install/controller_interface/local/lib/python3.10/dist-packages/controller_interface/_controller_interface_s.ep.rosidl_typesupport_fastrtps_c.c
[0.653s] -- Up-to-date: /home/cisco/xbox_ros2_ws/install/controller_interface/local/lib/python3.10/dist-packages/controller_interface/msg
[0.653s] -- Up-to-date: /home/cisco/xbox_ros2_ws/install/controller_interface/local/lib/python3.10/dist-packages/controller_interface/msg/__init__.py
[0.653s] -- Up-to-date: /home/cisco/xbox_ros2_ws/install/controller_interface/local/lib/python3.10/dist-packages/controller_interface/msg/_control_s.c
[0.654s] -- Up-to-date: /home/cisco/xbox_ros2_ws/install/controller_interface/local/lib/python3.10/dist-packages/controller_interface/msg/_control.py
[0.654s] -- Up-to-date: /home/cisco/xbox_ros2_ws/install/controller_interface/local/lib/python3.10/dist-packages/controller_interface/controller_interface_s__rosidl_typesupport_c.cpython-310-x86_64-linux-gnu.so
[0.685s] Listing '/home/cisco/xbox_ros2_ws/install/controller_interface/local/lib/python3.10/dist-packages/controller_interface'...
[0.685s] Listing '/home/cisco/xbox_ros2_ws/install/controller_interface/local/lib/python3.10/dist-packages/controller_interface/msg'...
[0.690s] -- Up-to-date: /home/cisco/xbox_ros2_ws/install/controller_interface/local/lib/python3.10/dist-packages/controller_interface/controller_interface_s__rosidl_typesupport_fastrtps_c.cpython-310-x86_64-linux-gnu.so
[0.690s] -- Up-to-date: /home/cisco/xbox_ros2_ws/install/controller_interface/local/lib/python3.10/dist-packages/controller_interface/controller_interface_s__rosidl_typesupport_introspection_c.cpython-310-x86_64-linux-gnu.so
[0.690s] -- Up-to-date: /home/cisco/xbox_ros2_ws/install/controller_interface/local/lib/python3.10/dist-packages/controller_interface/controller_interface_s__rosidl_typesupport_c.cpython-310-x86_64-linux-gnu.so
[0.691s] -- Up-to-date: /home/cisco/xbox_ros2_ws/install/controller_interface/lib/libcontroller_interface__rosidl_generator_py.so
[0.692s] -- Up-to-date: /home/cisco/xbox_ros2_ws/install/controller_interface/share/controller_interface/msg/Control.idl
[0.692s] -- Up-to-date: /home/cisco/xbox_ros2_ws/install/controller_interface/share/controller_interface/msg/Control.msg
[0.692s] -- Up-to-date: /home/cisco/xbox_ros2_ws/install/controller_interface/share/ament_index/resource_index/package_run_dependencies/controller_interface
[0.693s] -- Up-to-date: /home/cisco/xbox_ros2_ws/install/controller_interface/share/ament_index/resource_index/parent_prefix_path/controller_interface
[0.693s] -- Up-to-date: /home/cisco/xbox_ros2_ws/install/controller_interface/share/controller_interface/environment/ament_prefix_path.sh
[0.694s] -- Up-to-date: /home/cisco/xbox_ros2_ws/install/controller_interface/share/controller_interface/environment/ament_prefix_path.dsv
[0.694s] -- Up-to-date: /home/cisco/xbox_ros2_ws/install/controller_interface/share/controller_interface/environment/path.sh
[0.695s] -- Up-to-date: /home/cisco/xbox_ros2_ws/install/controller_interface/share/controller_interface/environment/path.dsv
[0.695s] -- Up-to-date: /home/cisco/xbox_ros2_ws/install/controller_interface/share/controller_interface/local_setup.bash
[0.695s] -- Up-to-date: /home/cisco/xbox_ros2_ws/install/controller_interface/share/controller_interface/local_setup.sh
[0.696s] -- Up-to-date: /home/cisco/xbox_ros2_ws/install/controller_interface/share/controller_interface/local_setup.zsh
[0.696s] -- Up-to-date: /home/cisco/xbox_ros2_ws/install/controller_interface/share/controller_interface/local_setup.dsv
[0.696s] -- Installing: /home/cisco/xbox_ros2_ws/install/controller_interface/share/controller_interface/package.dsv
[0.696s] -- Up-to-date: /home/cisco/xbox_ros2_ws/install/controller_interface/share/ament_index/resource_index/packages/controller_interface
[0.696s] -- Up-to-date: /home/cisco/xbox_ros2_ws/install/controller_interface/share/controller_interface/cmake/export_controller_interface__rosidl_generator_cExport.cmake
[0.696s] -- Up-to-date: /home/cisco/xbox_ros2_ws/install/controller_interface/share/controller_interface/cmake/export_controller_interface__rosidl_generator_cExport-noconfig.cmake
[0.696s] -- Up-to-date: /home/cisco/xbox_ros2_ws/install/controller_interface/share/controller_interface/cmake/export_controller_interface__rosidl_typesupport_fastrtps_cExport.cmake
[0.697s] -- Up-to-date: /home/cisco/xbox_ros2_ws/install/controller_interface/share/controller_interface/cmake/export_controller_interface__rosidl_typesupport_fastrtps_cExport-noconfig.cmake
[0.697s] -- Up-to-date: /home/cisco/xbox_ros2_ws/install/controller_interface/share/controller_interface/cmake/controller_interface__rosidl_typesupport_introspection_cExport.cmake
[0.697s] -- Up-to-date: /home/cisco/xbox_ros2_ws/install/controller_interface/share/controller_interface/cmake/controller_interface__rosidl_typesupport_introspection_cExport-noconfig.cmake
[0.697s] -- Up-to-date: /home/cisco/xbox_ros2_ws/install/controller_interface/share/controller_interface/cmake/controller_interface__rosidl_typesupport_cExport.cmake
[0.697s] -- Up-to-date: /home/cisco/xbox_ros2_ws/install/controller_interface/share/controller_interface/cmake/controller_interface__rosidl_typesupport_cExport-noconfig.cmake
[0.697s] -- Up-to-date: /home/cisco/xbox_ros2_ws/install/controller_interface/share/controller_interface/cmake/export_controller_interface__rosidl_generator_cppExport.cmake
[0.699s] -- Up-to-date: /home/cisco/xbox_ros2_ws/install/controller_interface/share/controller_interface/cmake/export_controller_interface__rosidl_typesupport_fastrtps_cppExport.cmake
[0.702s] -- Up-to-date: /home/cisco/xbox_ros2_ws/install/controller_interface/share/controller_interface/cmake/export_controller_interface__rosidl_typesupport_fastrtps_cppExport-noconfig.cmake
[0.702s] -- Up-to-date: /home/cisco/xbox_ros2_ws/install/controller_interface/share/controller_interface/cmake/controller_interface__rosidl_typesupport_introspection_cppExport.cmake
[0.703s] -- Up-to-date: /home/cisco/xbox_ros2_ws/install/controller_interface/share/controller_interface/cmake/controller_interface__rosidl_typesupport_introspection_cppExport-noconfig.cmake
[0.703s] -- Up-to-date: /home/cisco/xbox_ros2_ws/install/controller_interface/share/controller_interface/cmake/controller_interface__rosidl_typesupport_cppExport.cmake
[0.705s] -- Up-to-date: /home/cisco/xbox_ros2_ws/install/controller_interface/share/controller_interface/cmake/controller_interface__rosidl_typesupport_cppExport-noconfig.cmake
[0.706s] -- Up-to-date: /home/cisco/xbox_ros2_ws/install/controller_interface/share/controller_interface/cmake/export_controller_interface__rosidl_generator_pyExport.cmake
[0.706s] -- Up-to-date: /home/cisco/xbox_ros2_ws/install/controller_interface/share/controller_interface/cmake/export_controller_interface__rosidl_generator_pyExport-noconfig.cmake
[0.707s] -- Up-to-date: /home/cisco/xbox_ros2_ws/install/controller_interface/share/controller_interface/cmake/rosidl_cmake-extras.cmake
[0.711s] -- Up-to-date: /home/cisco/xbox_ros2_ws/install/controller_interface/share/controller_interface/cmake/ament_cmake_export_include_directories-extras.cmake
[0.711s] -- Up-to-date: /home/cisco/xbox_ros2_ws/install/controller_interface/share/controller_interface/cmake/ament_cmake_export_libraries-extras.cmake
[0.712s] -- Up-to-date: /home/cisco/xbox_ros2_ws/install/controller_interface/share/controller_interface/cmake/ament_cmake_export_targets-extras.cmake
[0.712s] -- Up-to-date: /home/cisco/xbox_ros2_ws/install/controller_interface/share/controller_interface/cmake/rosidl_cmake_export_typesupport_targets-extras.cmake
[0.713s] -- Up-to-date: /home/cisco/xbox_ros2_ws/install/controller_interface/share/controller_interface/cmake/ament_cmake_export_dependencies-extras.cmake
[0.713s] -- Up-to-date: /home/cisco/xbox_ros2_ws/install/controller_interface/share/controller_interface/cmake/rosidl_cmake_export_typesupport_libraries-extras.cmake
[0.714s] -- Up-to-date: /home/cisco/xbox_ros2_ws/install/controller_interface/share/controller_interface/cmake/controller_interfaceConfig.cmake
[0.714s] -- Up-to-date: /home/cisco/xbox_ros2_ws/install/controller_interface/share/controller_interface/cmake/controller_interfaceConfig-version.cmake
[0.715s] -- Up-to-date: /home/cisco/xbox_ros2_ws/install/controller_interface/share/controller_interface/package.xml
[0.715s] Invoked command in '/home/cisco/xbox_ros2_ws/build/controller_interface' returned '0': CMAKE_PREFIX_PATH=${CMAKE_PREFIX_PATH}:/home/cisco/xbox_ros2_ws/install/xbox_control:/opt/ros/humble /usr/bin/cmake --install /home/cisco/xbox_ros2_ws/build/controller_interface
