[0.129s] DEBUG:colcon:Command line arguments: ['/usr/bin/colcon', 'build']
[0.129s] DEBUG:colcon:Parsed command line arguments: Namespace(log_base=None, log_level=None, verb_name='build', build_base='build', install_base='install', merge_install=False, symlink_install=False, test_result_base=None, continue_on_error=False, executor='parallel', parallel_workers=4, event_handlers=None, ignore_user_meta=False, metas=['./colcon.meta'], base_paths=['.'], packages_ignore=None, packages_ignore_regex=None, paths=None, packages_up_to=None, packages_up_to_regex=None, packages_above=None, packages_above_and_dependencies=None, packages_above_depth=None, packages_select_by_dep=None, packages_skip_by_dep=None, packages_skip_up_to=None, packages_select_build_failed=False, packages_skip_build_finished=False, packages_select_test_failures=False, packages_skip_test_passed=False, packages_select=None, packages_skip=None, packages_select_regex=None, packages_skip_regex=None, packages_start=None, packages_end=None, allow_overriding=[], cmake_args=None, cmake_target=None, cmake_target_skip_unavailable=False, cmake_clean_cache=False, cmake_clean_first=False, cmake_force_configure=False, ament_cmake_args=None, catkin_cmake_args=None, catkin_skip_building_tests=False, verb_parser=<colcon_defaults.argument_parser.defaults.DefaultArgumentsDecorator object at 0x7f24f5b5e530>, verb_extension=<colcon_core.verb.build.BuildVerb object at 0x7f24f5b5dfc0>, main=<bound method BuildVerb.main of <colcon_core.verb.build.BuildVerb object at 0x7f24f5b5dfc0>>)
[0.154s] Level 1:colcon.colcon_core.package_discovery:discover_packages(colcon_meta) check parameters
[0.154s] Level 1:colcon.colcon_core.package_discovery:discover_packages(recursive) check parameters
[0.154s] Level 1:colcon.colcon_core.package_discovery:discover_packages(ignore) check parameters
[0.154s] Level 1:colcon.colcon_core.package_discovery:discover_packages(path) check parameters
[0.154s] Level 1:colcon.colcon_core.package_discovery:discover_packages(colcon_meta) discover
[0.154s] Level 1:colcon.colcon_core.package_discovery:discover_packages(recursive) discover
[0.154s] INFO:colcon.colcon_core.package_discovery:Crawling recursively for packages in '/home/cisco/xbox_ros2_ws'
[0.154s] Level 1:colcon.colcon_core.package_identification:_identify(.) by extensions ['ignore', 'ignore_ament_install']
[0.154s] Level 1:colcon.colcon_core.package_identification:_identify(.) by extension 'ignore'
[0.155s] Level 1:colcon.colcon_core.package_identification:_identify(.) by extension 'ignore_ament_install'
[0.155s] Level 1:colcon.colcon_core.package_identification:_identify(.) by extensions ['colcon_pkg']
[0.155s] Level 1:colcon.colcon_core.package_identification:_identify(.) by extension 'colcon_pkg'
[0.155s] Level 1:colcon.colcon_core.package_identification:_identify(.) by extensions ['colcon_meta']
[0.155s] Level 1:colcon.colcon_core.package_identification:_identify(.) by extension 'colcon_meta'
[0.155s] Level 1:colcon.colcon_core.package_identification:_identify(.) by extensions ['ros']
[0.155s] Level 1:colcon.colcon_core.package_identification:_identify(.) by extension 'ros'
[0.165s] Level 1:colcon.colcon_core.package_identification:_identify(.) by extensions ['cmake', 'python']
[0.165s] Level 1:colcon.colcon_core.package_identification:_identify(.) by extension 'cmake'
[0.165s] Level 1:colcon.colcon_core.package_identification:_identify(.) by extension 'python'
[0.165s] Level 1:colcon.colcon_core.package_identification:_identify(.) by extensions ['python_setup_py']
[0.165s] Level 1:colcon.colcon_core.package_identification:_identify(.) by extension 'python_setup_py'
[0.165s] Level 1:colcon.colcon_core.package_identification:_identify(build) by extensions ['ignore', 'ignore_ament_install']
[0.166s] Level 1:colcon.colcon_core.package_identification:_identify(build) by extension 'ignore'
[0.166s] Level 1:colcon.colcon_core.package_identification:_identify(build) ignored
[0.166s] Level 1:colcon.colcon_core.package_identification:_identify(install) by extensions ['ignore', 'ignore_ament_install']
[0.166s] Level 1:colcon.colcon_core.package_identification:_identify(install) by extension 'ignore'
[0.166s] Level 1:colcon.colcon_core.package_identification:_identify(install) ignored
[0.166s] Level 1:colcon.colcon_core.package_identification:_identify(log) by extensions ['ignore', 'ignore_ament_install']
[0.166s] Level 1:colcon.colcon_core.package_identification:_identify(log) by extension 'ignore'
[0.166s] Level 1:colcon.colcon_core.package_identification:_identify(log) ignored
[0.166s] Level 1:colcon.colcon_core.package_identification:_identify(src) by extensions ['ignore', 'ignore_ament_install']
[0.166s] Level 1:colcon.colcon_core.package_identification:_identify(src) by extension 'ignore'
[0.167s] Level 1:colcon.colcon_core.package_identification:_identify(src) by extension 'ignore_ament_install'
[0.167s] Level 1:colcon.colcon_core.package_identification:_identify(src) by extensions ['colcon_pkg']
[0.167s] Level 1:colcon.colcon_core.package_identification:_identify(src) by extension 'colcon_pkg'
[0.167s] Level 1:colcon.colcon_core.package_identification:_identify(src) by extensions ['colcon_meta']
[0.167s] Level 1:colcon.colcon_core.package_identification:_identify(src) by extension 'colcon_meta'
[0.167s] Level 1:colcon.colcon_core.package_identification:_identify(src) by extensions ['ros']
[0.167s] Level 1:colcon.colcon_core.package_identification:_identify(src) by extension 'ros'
[0.167s] Level 1:colcon.colcon_core.package_identification:_identify(src) by extensions ['cmake', 'python']
[0.167s] Level 1:colcon.colcon_core.package_identification:_identify(src) by extension 'cmake'
[0.167s] Level 1:colcon.colcon_core.package_identification:_identify(src) by extension 'python'
[0.167s] Level 1:colcon.colcon_core.package_identification:_identify(src) by extensions ['python_setup_py']
[0.167s] Level 1:colcon.colcon_core.package_identification:_identify(src) by extension 'python_setup_py'
[0.168s] Level 1:colcon.colcon_core.package_identification:_identify(src/build) by extensions ['ignore', 'ignore_ament_install']
[0.168s] Level 1:colcon.colcon_core.package_identification:_identify(src/build) by extension 'ignore'
[0.168s] Level 1:colcon.colcon_core.package_identification:_identify(src/build) ignored
[0.168s] Level 1:colcon.colcon_core.package_identification:_identify(src/controller_interface) by extensions ['ignore', 'ignore_ament_install']
[0.168s] Level 1:colcon.colcon_core.package_identification:_identify(src/controller_interface) by extension 'ignore'
[0.168s] Level 1:colcon.colcon_core.package_identification:_identify(src/controller_interface) by extension 'ignore_ament_install'
[0.168s] Level 1:colcon.colcon_core.package_identification:_identify(src/controller_interface) by extensions ['colcon_pkg']
[0.168s] Level 1:colcon.colcon_core.package_identification:_identify(src/controller_interface) by extension 'colcon_pkg'
[0.168s] Level 1:colcon.colcon_core.package_identification:_identify(src/controller_interface) by extensions ['colcon_meta']
[0.169s] Level 1:colcon.colcon_core.package_identification:_identify(src/controller_interface) by extension 'colcon_meta'
[0.169s] Level 1:colcon.colcon_core.package_identification:_identify(src/controller_interface) by extensions ['ros']
[0.169s] Level 1:colcon.colcon_core.package_identification:_identify(src/controller_interface) by extension 'ros'
[0.171s] DEBUG:colcon.colcon_core.package_identification:Package 'src/controller_interface' with type 'ros.ament_cmake' and name 'controller_interface'
[0.171s] Level 1:colcon.colcon_core.package_identification:_identify(src/install) by extensions ['ignore', 'ignore_ament_install']
[0.171s] Level 1:colcon.colcon_core.package_identification:_identify(src/install) by extension 'ignore'
[0.171s] Level 1:colcon.colcon_core.package_identification:_identify(src/install) ignored
[0.171s] Level 1:colcon.colcon_core.package_identification:_identify(src/log) by extensions ['ignore', 'ignore_ament_install']
[0.171s] Level 1:colcon.colcon_core.package_identification:_identify(src/log) by extension 'ignore'
[0.171s] Level 1:colcon.colcon_core.package_identification:_identify(src/log) ignored
[0.171s] Level 1:colcon.colcon_core.package_identification:_identify(src/xbox_control) by extensions ['ignore', 'ignore_ament_install']
[0.172s] Level 1:colcon.colcon_core.package_identification:_identify(src/xbox_control) by extension 'ignore'
[0.172s] Level 1:colcon.colcon_core.package_identification:_identify(src/xbox_control) by extension 'ignore_ament_install'
[0.172s] Level 1:colcon.colcon_core.package_identification:_identify(src/xbox_control) by extensions ['colcon_pkg']
[0.172s] Level 1:colcon.colcon_core.package_identification:_identify(src/xbox_control) by extension 'colcon_pkg'
[0.172s] Level 1:colcon.colcon_core.package_identification:_identify(src/xbox_control) by extensions ['colcon_meta']
[0.172s] Level 1:colcon.colcon_core.package_identification:_identify(src/xbox_control) by extension 'colcon_meta'
[0.172s] Level 1:colcon.colcon_core.package_identification:_identify(src/xbox_control) by extensions ['ros']
[0.172s] Level 1:colcon.colcon_core.package_identification:_identify(src/xbox_control) by extension 'ros'
[0.172s] DEBUG:colcon.colcon_core.package_identification:Package 'src/xbox_control' with type 'ros.ament_python' and name 'xbox_control'
[0.173s] Level 1:colcon.colcon_core.package_discovery:discover_packages(recursive) using defaults
[0.173s] Level 1:colcon.colcon_core.package_discovery:discover_packages(ignore) discover
[0.173s] Level 1:colcon.colcon_core.package_discovery:discover_packages(ignore) using defaults
[0.173s] Level 1:colcon.colcon_core.package_discovery:discover_packages(path) discover
[0.173s] Level 1:colcon.colcon_core.package_discovery:discover_packages(path) using defaults
[0.195s] Level 1:colcon.colcon_core.package_discovery:discover_packages(prefix_path) check parameters
[0.195s] Level 1:colcon.colcon_core.package_discovery:discover_packages(prefix_path) discover
[0.197s] DEBUG:colcon.colcon_installed_package_information.package_discovery:Found 1 installed packages in /home/cisco/ros2_ws/install
[0.198s] DEBUG:colcon.colcon_installed_package_information.package_discovery:Found 2 installed packages in /home/cisco/xbox_ros2_ws/install
[0.200s] DEBUG:colcon.colcon_installed_package_information.package_discovery:Found 270 installed packages in /opt/ros/humble
[0.202s] Level 1:colcon.colcon_core.package_discovery:discover_packages(prefix_path) using defaults
[0.250s] Level 5:colcon.colcon_core.verb:set package 'controller_interface' build argument 'cmake_args' from command line to 'None'
[0.250s] Level 5:colcon.colcon_core.verb:set package 'controller_interface' build argument 'cmake_target' from command line to 'None'
[0.250s] Level 5:colcon.colcon_core.verb:set package 'controller_interface' build argument 'cmake_target_skip_unavailable' from command line to 'False'
[0.250s] Level 5:colcon.colcon_core.verb:set package 'controller_interface' build argument 'cmake_clean_cache' from command line to 'False'
[0.250s] Level 5:colcon.colcon_core.verb:set package 'controller_interface' build argument 'cmake_clean_first' from command line to 'False'
[0.250s] Level 5:colcon.colcon_core.verb:set package 'controller_interface' build argument 'cmake_force_configure' from command line to 'False'
[0.250s] Level 5:colcon.colcon_core.verb:set package 'controller_interface' build argument 'ament_cmake_args' from command line to 'None'
[0.250s] Level 5:colcon.colcon_core.verb:set package 'controller_interface' build argument 'catkin_cmake_args' from command line to 'None'
[0.250s] Level 5:colcon.colcon_core.verb:set package 'controller_interface' build argument 'catkin_skip_building_tests' from command line to 'False'
[0.251s] DEBUG:colcon.colcon_core.verb:Building package 'controller_interface' with the following arguments: {'ament_cmake_args': None, 'build_base': '/home/cisco/xbox_ros2_ws/build/controller_interface', 'catkin_cmake_args': None, 'catkin_skip_building_tests': False, 'cmake_args': None, 'cmake_clean_cache': False, 'cmake_clean_first': False, 'cmake_force_configure': False, 'cmake_target': None, 'cmake_target_skip_unavailable': False, 'install_base': '/home/cisco/xbox_ros2_ws/install/controller_interface', 'merge_install': False, 'path': '/home/cisco/xbox_ros2_ws/src/controller_interface', 'symlink_install': False, 'test_result_base': None}
[0.252s] Level 5:colcon.colcon_core.verb:set package 'xbox_control' build argument 'cmake_args' from command line to 'None'
[0.252s] Level 5:colcon.colcon_core.verb:set package 'xbox_control' build argument 'cmake_target' from command line to 'None'
[0.252s] Level 5:colcon.colcon_core.verb:set package 'xbox_control' build argument 'cmake_target_skip_unavailable' from command line to 'False'
[0.252s] Level 5:colcon.colcon_core.verb:set package 'xbox_control' build argument 'cmake_clean_cache' from command line to 'False'
[0.252s] Level 5:colcon.colcon_core.verb:set package 'xbox_control' build argument 'cmake_clean_first' from command line to 'False'
[0.252s] Level 5:colcon.colcon_core.verb:set package 'xbox_control' build argument 'cmake_force_configure' from command line to 'False'
[0.252s] Level 5:colcon.colcon_core.verb:set package 'xbox_control' build argument 'ament_cmake_args' from command line to 'None'
[0.252s] Level 5:colcon.colcon_core.verb:set package 'xbox_control' build argument 'catkin_cmake_args' from command line to 'None'
[0.252s] Level 5:colcon.colcon_core.verb:set package 'xbox_control' build argument 'catkin_skip_building_tests' from command line to 'False'
[0.252s] DEBUG:colcon.colcon_core.verb:Building package 'xbox_control' with the following arguments: {'ament_cmake_args': None, 'build_base': '/home/cisco/xbox_ros2_ws/build/xbox_control', 'catkin_cmake_args': None, 'catkin_skip_building_tests': False, 'cmake_args': None, 'cmake_clean_cache': False, 'cmake_clean_first': False, 'cmake_force_configure': False, 'cmake_target': None, 'cmake_target_skip_unavailable': False, 'install_base': '/home/cisco/xbox_ros2_ws/install/xbox_control', 'merge_install': False, 'path': '/home/cisco/xbox_ros2_ws/src/xbox_control', 'symlink_install': False, 'test_result_base': None}
[0.253s] INFO:colcon.colcon_core.executor:Executing jobs using 'parallel' executor
[0.256s] DEBUG:colcon.colcon_parallel_executor.executor.parallel:run_until_complete
[0.257s] INFO:colcon.colcon_ros.task.ament_cmake.build:Building ROS package in '/home/cisco/xbox_ros2_ws/src/controller_interface' with build type 'ament_cmake'
[0.257s] INFO:colcon.colcon_cmake.task.cmake.build:Building CMake package in '/home/cisco/xbox_ros2_ws/src/controller_interface'
[0.261s] INFO:colcon.colcon_core.plugin_system:Skipping extension 'colcon_core.shell.bat': Not used on non-Windows systems
[0.261s] INFO:colcon.colcon_core.shell:Skip shell extension 'powershell' for command environment: Not usable outside of PowerShell
[0.262s] DEBUG:colcon.colcon_core.shell:Skip shell extension 'dsv' for command environment
[0.276s] DEBUG:colcon.colcon_core.event_handler.log_command:Invoking command in '/home/cisco/xbox_ros2_ws/build/controller_interface': CMAKE_PREFIX_PATH=${CMAKE_PREFIX_PATH}:/home/cisco/xbox_ros2_ws/install/xbox_control:/opt/ros/humble /usr/bin/cmake --build /home/cisco/xbox_ros2_ws/build/controller_interface -- -j4 -l4
[0.702s] DEBUG:colcon.colcon_core.event_handler.log_command:Invoked command in '/home/cisco/xbox_ros2_ws/build/controller_interface' returned '0': CMAKE_PREFIX_PATH=${CMAKE_PREFIX_PATH}:/home/cisco/xbox_ros2_ws/install/xbox_control:/opt/ros/humble /usr/bin/cmake --build /home/cisco/xbox_ros2_ws/build/controller_interface -- -j4 -l4
[0.777s] DEBUG:colcon.colcon_core.event_handler.log_command:Invoking command in '/home/cisco/xbox_ros2_ws/build/controller_interface': CMAKE_PREFIX_PATH=${CMAKE_PREFIX_PATH}:/home/cisco/xbox_ros2_ws/install/xbox_control:/opt/ros/humble /usr/bin/cmake --install /home/cisco/xbox_ros2_ws/build/controller_interface
[0.844s] Level 1:colcon.colcon_core.environment:create_environment_scripts_only(controller_interface)
[0.851s] DEBUG:colcon.colcon_core.event_handler.log_command:Invoked command in '/home/cisco/xbox_ros2_ws/build/controller_interface' returned '0': CMAKE_PREFIX_PATH=${CMAKE_PREFIX_PATH}:/home/cisco/xbox_ros2_ws/install/xbox_control:/opt/ros/humble /usr/bin/cmake --install /home/cisco/xbox_ros2_ws/build/controller_interface
[0.854s] Level 1:colcon.colcon_core.environment:checking '/home/cisco/xbox_ros2_ws/install/controller_interface' for CMake module files
[0.854s] Level 1:colcon.colcon_core.environment:checking '/home/cisco/xbox_ros2_ws/install/controller_interface' for CMake config files
[0.855s] Level 1:colcon.colcon_core.shell:create_environment_hook('controller_interface', 'cmake_prefix_path')
[0.856s] INFO:colcon.colcon_core.shell:Creating environment hook '/home/cisco/xbox_ros2_ws/install/controller_interface/share/controller_interface/hook/cmake_prefix_path.ps1'
[0.857s] INFO:colcon.colcon_core.shell:Creating environment descriptor '/home/cisco/xbox_ros2_ws/install/controller_interface/share/controller_interface/hook/cmake_prefix_path.dsv'
[0.858s] INFO:colcon.colcon_core.shell:Creating environment hook '/home/cisco/xbox_ros2_ws/install/controller_interface/share/controller_interface/hook/cmake_prefix_path.sh'
[0.859s] Level 1:colcon.colcon_core.environment:checking '/home/cisco/xbox_ros2_ws/install/controller_interface/lib'
[0.859s] Level 1:colcon.colcon_core.shell:create_environment_hook('controller_interface', 'ld_library_path_lib')
[0.860s] INFO:colcon.colcon_core.shell:Creating environment hook '/home/cisco/xbox_ros2_ws/install/controller_interface/share/controller_interface/hook/ld_library_path_lib.ps1'
[0.861s] INFO:colcon.colcon_core.shell:Creating environment descriptor '/home/cisco/xbox_ros2_ws/install/controller_interface/share/controller_interface/hook/ld_library_path_lib.dsv'
[0.861s] INFO:colcon.colcon_core.shell:Creating environment hook '/home/cisco/xbox_ros2_ws/install/controller_interface/share/controller_interface/hook/ld_library_path_lib.sh'
[0.862s] Level 1:colcon.colcon_core.environment:checking '/home/cisco/xbox_ros2_ws/install/controller_interface/bin'
[0.862s] Level 1:colcon.colcon_core.environment:checking '/home/cisco/xbox_ros2_ws/install/controller_interface/lib/pkgconfig/controller_interface.pc'
[0.862s] Level 1:colcon.colcon_core.environment:checking '/home/cisco/xbox_ros2_ws/install/controller_interface/lib/python3.10/site-packages'
[0.862s] Level 1:colcon.colcon_core.environment:checking '/home/cisco/xbox_ros2_ws/install/controller_interface/bin'
[0.864s] INFO:colcon.colcon_core.shell:Creating package script '/home/cisco/xbox_ros2_ws/install/controller_interface/share/controller_interface/package.ps1'
[0.865s] INFO:colcon.colcon_core.shell:Creating package descriptor '/home/cisco/xbox_ros2_ws/install/controller_interface/share/controller_interface/package.dsv'
[0.865s] INFO:colcon.colcon_core.shell:Creating package script '/home/cisco/xbox_ros2_ws/install/controller_interface/share/controller_interface/package.sh'
[0.866s] INFO:colcon.colcon_core.shell:Creating package script '/home/cisco/xbox_ros2_ws/install/controller_interface/share/controller_interface/package.bash'
[0.867s] INFO:colcon.colcon_core.shell:Creating package script '/home/cisco/xbox_ros2_ws/install/controller_interface/share/controller_interface/package.zsh'
[0.867s] Level 1:colcon.colcon_core.environment:create_file_with_runtime_dependencies(/home/cisco/xbox_ros2_ws/install/controller_interface/share/colcon-core/packages/controller_interface)
[0.942s] Level 1:colcon.colcon_core.environment:create_environment_scripts_only(controller_interface)
[0.943s] Level 1:colcon.colcon_core.environment:checking '/home/cisco/xbox_ros2_ws/install/controller_interface' for CMake module files
[0.944s] Level 1:colcon.colcon_core.environment:checking '/home/cisco/xbox_ros2_ws/install/controller_interface' for CMake config files
[0.945s] Level 1:colcon.colcon_core.shell:create_environment_hook('controller_interface', 'cmake_prefix_path')
[0.946s] INFO:colcon.colcon_core.shell:Creating environment hook '/home/cisco/xbox_ros2_ws/install/controller_interface/share/controller_interface/hook/cmake_prefix_path.ps1'
[0.946s] INFO:colcon.colcon_core.shell:Creating environment descriptor '/home/cisco/xbox_ros2_ws/install/controller_interface/share/controller_interface/hook/cmake_prefix_path.dsv'
[0.948s] INFO:colcon.colcon_core.shell:Creating environment hook '/home/cisco/xbox_ros2_ws/install/controller_interface/share/controller_interface/hook/cmake_prefix_path.sh'
[0.948s] Level 1:colcon.colcon_core.environment:checking '/home/cisco/xbox_ros2_ws/install/controller_interface/lib'
[0.948s] Level 1:colcon.colcon_core.shell:create_environment_hook('controller_interface', 'ld_library_path_lib')
[0.950s] INFO:colcon.colcon_core.shell:Creating environment hook '/home/cisco/xbox_ros2_ws/install/controller_interface/share/controller_interface/hook/ld_library_path_lib.ps1'
[0.950s] INFO:colcon.colcon_core.shell:Creating environment descriptor '/home/cisco/xbox_ros2_ws/install/controller_interface/share/controller_interface/hook/ld_library_path_lib.dsv'
[0.951s] INFO:colcon.colcon_core.shell:Creating environment hook '/home/cisco/xbox_ros2_ws/install/controller_interface/share/controller_interface/hook/ld_library_path_lib.sh'
[0.951s] Level 1:colcon.colcon_core.environment:checking '/home/cisco/xbox_ros2_ws/install/controller_interface/bin'
[0.951s] Level 1:colcon.colcon_core.environment:checking '/home/cisco/xbox_ros2_ws/install/controller_interface/lib/pkgconfig/controller_interface.pc'
[0.952s] Level 1:colcon.colcon_core.environment:checking '/home/cisco/xbox_ros2_ws/install/controller_interface/lib/python3.10/site-packages'
[0.952s] Level 1:colcon.colcon_core.environment:checking '/home/cisco/xbox_ros2_ws/install/controller_interface/bin'
[0.953s] INFO:colcon.colcon_core.shell:Creating package script '/home/cisco/xbox_ros2_ws/install/controller_interface/share/controller_interface/package.ps1'
[0.954s] INFO:colcon.colcon_core.shell:Creating package descriptor '/home/cisco/xbox_ros2_ws/install/controller_interface/share/controller_interface/package.dsv'
[0.954s] INFO:colcon.colcon_core.shell:Creating package script '/home/cisco/xbox_ros2_ws/install/controller_interface/share/controller_interface/package.sh'
[0.955s] INFO:colcon.colcon_core.shell:Creating package script '/home/cisco/xbox_ros2_ws/install/controller_interface/share/controller_interface/package.bash'
[0.955s] INFO:colcon.colcon_core.shell:Creating package script '/home/cisco/xbox_ros2_ws/install/controller_interface/share/controller_interface/package.zsh'
[0.956s] Level 1:colcon.colcon_core.environment:create_file_with_runtime_dependencies(/home/cisco/xbox_ros2_ws/install/controller_interface/share/colcon-core/packages/controller_interface)
[0.956s] INFO:colcon.colcon_ros.task.ament_python.build:Building ROS package in '/home/cisco/xbox_ros2_ws/src/xbox_control' with build type 'ament_python'
[0.957s] Level 1:colcon.colcon_core.shell:create_environment_hook('xbox_control', 'ament_prefix_path')
[0.958s] INFO:colcon.colcon_core.shell:Creating environment hook '/home/cisco/xbox_ros2_ws/install/xbox_control/share/xbox_control/hook/ament_prefix_path.ps1'
[0.959s] INFO:colcon.colcon_core.shell:Creating environment descriptor '/home/cisco/xbox_ros2_ws/install/xbox_control/share/xbox_control/hook/ament_prefix_path.dsv'
[0.960s] INFO:colcon.colcon_core.shell:Creating environment hook '/home/cisco/xbox_ros2_ws/install/xbox_control/share/xbox_control/hook/ament_prefix_path.sh'
[0.962s] INFO:colcon.colcon_core.shell:Skip shell extension 'powershell' for command environment: Not usable outside of PowerShell
[0.962s] DEBUG:colcon.colcon_core.shell:Skip shell extension 'dsv' for command environment
[1.333s] INFO:colcon.colcon_core.task.python.build:Building Python package in '/home/cisco/xbox_ros2_ws/src/xbox_control'
[1.336s] INFO:colcon.colcon_core.shell:Skip shell extension 'powershell' for command environment: Not usable outside of PowerShell
[1.336s] DEBUG:colcon.colcon_core.shell:Skip shell extension 'dsv' for command environment
[1.722s] DEBUG:colcon.colcon_core.event_handler.log_command:Invoking command in '/home/cisco/xbox_ros2_ws/src/xbox_control': CMAKE_PREFIX_PATH=/home/cisco/xbox_ros2_ws/install/controller_interface:/home/cisco/ros2_ws/install/controller PYTHONPATH=/home/cisco/xbox_ros2_ws/build/xbox_control/prefix_override:/home/cisco/xbox_ros2_ws/install/xbox_control/lib/python3.10/site-packages:${PYTHONPATH} /usr/bin/python3 setup.py egg_info --egg-base ../../build/xbox_control build --build-base /home/cisco/xbox_ros2_ws/build/xbox_control/build install --record /home/cisco/xbox_ros2_ws/build/xbox_control/install.log --single-version-externally-managed
[2.088s] Level 1:colcon.colcon_core.environment:checking '/home/cisco/xbox_ros2_ws/install/xbox_control' for CMake module files
[2.089s] DEBUG:colcon.colcon_core.event_handler.log_command:Invoked command in '/home/cisco/xbox_ros2_ws/src/xbox_control' returned '0': CMAKE_PREFIX_PATH=/home/cisco/xbox_ros2_ws/install/controller_interface:/home/cisco/ros2_ws/install/controller PYTHONPATH=/home/cisco/xbox_ros2_ws/build/xbox_control/prefix_override:/home/cisco/xbox_ros2_ws/install/xbox_control/lib/python3.10/site-packages:${PYTHONPATH} /usr/bin/python3 setup.py egg_info --egg-base ../../build/xbox_control build --build-base /home/cisco/xbox_ros2_ws/build/xbox_control/build install --record /home/cisco/xbox_ros2_ws/build/xbox_control/install.log --single-version-externally-managed
[2.089s] Level 1:colcon.colcon_core.environment:checking '/home/cisco/xbox_ros2_ws/install/xbox_control' for CMake config files
[2.090s] Level 1:colcon.colcon_core.environment:checking '/home/cisco/xbox_ros2_ws/install/xbox_control/lib'
[2.090s] Level 1:colcon.colcon_core.environment:checking '/home/cisco/xbox_ros2_ws/install/xbox_control/bin'
[2.090s] Level 1:colcon.colcon_core.environment:checking '/home/cisco/xbox_ros2_ws/install/xbox_control/lib/pkgconfig/xbox_control.pc'
[2.091s] Level 1:colcon.colcon_core.environment:checking '/home/cisco/xbox_ros2_ws/install/xbox_control/lib/python3.10/site-packages'
[2.091s] Level 1:colcon.colcon_core.shell:create_environment_hook('xbox_control', 'pythonpath')
[2.097s] INFO:colcon.colcon_core.shell:Creating environment hook '/home/cisco/xbox_ros2_ws/install/xbox_control/share/xbox_control/hook/pythonpath.ps1'
[2.098s] INFO:colcon.colcon_core.shell:Creating environment descriptor '/home/cisco/xbox_ros2_ws/install/xbox_control/share/xbox_control/hook/pythonpath.dsv'
[2.098s] INFO:colcon.colcon_core.shell:Creating environment hook '/home/cisco/xbox_ros2_ws/install/xbox_control/share/xbox_control/hook/pythonpath.sh'
[2.099s] Level 1:colcon.colcon_core.environment:checking '/home/cisco/xbox_ros2_ws/install/xbox_control/bin'
[2.099s] Level 1:colcon.colcon_core.environment:create_environment_scripts_only(xbox_control)
[2.101s] INFO:colcon.colcon_core.shell:Creating package script '/home/cisco/xbox_ros2_ws/install/xbox_control/share/xbox_control/package.ps1'
[2.102s] INFO:colcon.colcon_core.shell:Creating package descriptor '/home/cisco/xbox_ros2_ws/install/xbox_control/share/xbox_control/package.dsv'
[2.103s] INFO:colcon.colcon_core.shell:Creating package script '/home/cisco/xbox_ros2_ws/install/xbox_control/share/xbox_control/package.sh'
[2.103s] INFO:colcon.colcon_core.shell:Creating package script '/home/cisco/xbox_ros2_ws/install/xbox_control/share/xbox_control/package.bash'
[2.104s] INFO:colcon.colcon_core.shell:Creating package script '/home/cisco/xbox_ros2_ws/install/xbox_control/share/xbox_control/package.zsh'
[2.105s] Level 1:colcon.colcon_core.environment:create_file_with_runtime_dependencies(/home/cisco/xbox_ros2_ws/install/xbox_control/share/colcon-core/packages/xbox_control)
[2.105s] DEBUG:colcon.colcon_parallel_executor.executor.parallel:closing loop
[2.105s] DEBUG:colcon.colcon_parallel_executor.executor.parallel:loop closed
[2.105s] DEBUG:colcon.colcon_parallel_executor.executor.parallel:run_until_complete finished with '0'
[2.105s] DEBUG:colcon.colcon_core.event_reactor:joining thread
[2.111s] INFO:colcon.colcon_core.plugin_system:Skipping extension 'colcon_notification.desktop_notification.terminal_notifier': Not used on non-Darwin systems
[2.111s] INFO:colcon.colcon_core.plugin_system:Skipping extension 'colcon_notification.desktop_notification.win32': Not used on non-Windows systems
[2.111s] INFO:colcon.colcon_notification.desktop_notification:Sending desktop notification using 'notify2'
[2.128s] DEBUG:colcon.colcon_core.event_reactor:joined thread
[2.130s] INFO:colcon.colcon_core.shell:Creating prefix script '/home/cisco/xbox_ros2_ws/install/local_setup.ps1'
[2.144s] INFO:colcon.colcon_core.shell:Creating prefix util module '/home/cisco/xbox_ros2_ws/install/_local_setup_util_ps1.py'
[2.146s] INFO:colcon.colcon_core.shell:Creating prefix chain script '/home/cisco/xbox_ros2_ws/install/setup.ps1'
[2.149s] INFO:colcon.colcon_core.shell:Creating prefix script '/home/cisco/xbox_ros2_ws/install/local_setup.sh'
[2.150s] INFO:colcon.colcon_core.shell:Creating prefix util module '/home/cisco/xbox_ros2_ws/install/_local_setup_util_sh.py'
[2.151s] INFO:colcon.colcon_core.shell:Creating prefix chain script '/home/cisco/xbox_ros2_ws/install/setup.sh'
[2.154s] INFO:colcon.colcon_core.shell:Creating prefix script '/home/cisco/xbox_ros2_ws/install/local_setup.bash'
[2.155s] INFO:colcon.colcon_core.shell:Creating prefix chain script '/home/cisco/xbox_ros2_ws/install/setup.bash'
[2.158s] INFO:colcon.colcon_core.shell:Creating prefix script '/home/cisco/xbox_ros2_ws/install/local_setup.zsh'
[2.159s] INFO:colcon.colcon_core.shell:Creating prefix chain script '/home/cisco/xbox_ros2_ws/install/setup.zsh'
