[0.022s] Invoking command in '/home/cisco/xbox_ros2_ws/build/controller_interface': CMAKE_PREFIX_PATH=${CMAKE_PREFIX_PATH}:/home/cisco/xbox_ros2_ws/install/xbox_control:/home/cisco/ros2_ws/install/my_robot_controller:/opt/ros/humble /usr/bin/cmake --build /home/cisco/xbox_ros2_ws/build/controller_interface -- -j4 -l4
[0.051s] -- Found ament_cmake: 1.3.3 (/opt/ros/humble/share/ament_cmake/cmake)
[0.206s] -- Found rosidl_default_generators: 1.2.0 (/opt/ros/humble/share/rosidl_default_generators/cmake)
[0.210s] -- Using all available rosidl_typesupport_c: rosidl_typesupport_fastrtps_c;rosidl_typesupport_introspection_c
[0.212s] -- Found rosidl_adapter: 3.1.4 (/opt/ros/humble/share/rosidl_adapter/cmake)
[0.245s] -- Using all available rosidl_typesupport_cpp: rosidl_typesupport_fastrtps_cpp;rosidl_typesupport_introspection_cpp
[0.499s] -- Found ament_cmake_ros: 0.10.0 (/opt/ros/humble/share/ament_cmake_ros/cmake)
[0.674s] -- Using all available rosidl_typesupport_c: rosidl_typesupport_fastrtps_c;rosidl_typesupport_introspection_c
[0.939s] -- Using all available rosidl_typesupport_cpp: rosidl_typesupport_fastrtps_cpp;rosidl_typesupport_introspection_cpp
[0.965s] -- Found python_cmake_module: 0.10.0 (/opt/ros/humble/share/python_cmake_module/cmake)
[0.987s] -- Using PYTHON_EXECUTABLE: /usr/bin/python3
[0.987s] -- Using PYTHON_INCLUDE_DIRS: /usr/include/python3.10
[0.987s] -- Using PYTHON_LIBRARIES: /usr/lib/x86_64-linux-gnu/libpython3.10.so
[0.998s] -- Found ament_lint_auto: 0.12.4 (/opt/ros/humble/share/ament_lint_auto/cmake)
[1.007s] -- Added test 'lint_cmake' to check CMake code style
[1.007s] -- Added test 'xmllint' to check XML markup files
[1.009s] -- Configuring done
[1.050s] -- Generating done
[1.057s] -- Build files have been written to: /home/cisco/xbox_ros2_ws/build/controller_interface
[1.078s] [35m[1mConsolidate compiler generated dependencies of target controller_interface__rosidl_generator_c[0m
[1.091s] [  3%] Built target controller_interface__cpp
[1.095s] [ 12%] Built target controller_interface__rosidl_generator_c
[1.102s] [35m[1mConsolidate compiler generated dependencies of target controller_interface__rosidl_typesupport_fastrtps_cpp[0m
[1.102s] [ 12%] Built target ament_cmake_python_copy_controller_interface
[1.106s] [35m[1mConsolidate compiler generated dependencies of target controller_interface__rosidl_typesupport_cpp[0m
[1.115s] [35m[1mConsolidate compiler generated dependencies of target controller_interface__rosidl_typesupport_introspection_cpp[0m
[1.115s] [35m[1mConsolidate compiler generated dependencies of target controller_interface__rosidl_typesupport_fastrtps_c[0m
[1.118s] [ 22%] Built target controller_interface__rosidl_typesupport_fastrtps_cpp
[1.130s] [35m[1mConsolidate compiler generated dependencies of target controller_interface__rosidl_typesupport_introspection_c[0m
[1.142s] [ 32%] Built target controller_interface__rosidl_typesupport_introspection_cpp
[1.144s] [ 41%] Built target controller_interface__rosidl_typesupport_cpp
[1.147s] [ 51%] Built target controller_interface__rosidl_typesupport_fastrtps_c
[1.154s] [ 61%] Built target controller_interface__rosidl_typesupport_introspection_c
[1.156s] [35m[1mConsolidate compiler generated dependencies of target controller_interface__rosidl_typesupport_c[0m
[1.167s] [ 70%] Built target controller_interface__rosidl_typesupport_c
[1.185s] [ 70%] Built target controller_interface
[1.205s] [ 74%] Built target controller_interface__py
[1.217s] [35m[1mConsolidate compiler generated dependencies of target controller_interface__rosidl_generator_py[0m
[1.229s] [ 80%] Built target controller_interface__rosidl_generator_py
[1.242s] [35m[1mConsolidate compiler generated dependencies of target controller_interface__rosidl_typesupport_introspection_c__pyext[0m
[1.242s] [35m[1mConsolidate compiler generated dependencies of target controller_interface__rosidl_typesupport_c__pyext[0m
[1.245s] [35m[1mConsolidate compiler generated dependencies of target controller_interface__rosidl_typesupport_fastrtps_c__pyext[0m
[1.262s] [ 87%] Built target controller_interface__rosidl_typesupport_c__pyext
[1.263s] [ 93%] Built target controller_interface__rosidl_typesupport_introspection_c__pyext
[1.265s] [100%] Built target controller_interface__rosidl_typesupport_fastrtps_c__pyext
[1.457s] running egg_info
[1.458s] writing controller_interface.egg-info/PKG-INFO
[1.459s] writing dependency_links to controller_interface.egg-info/dependency_links.txt
[1.459s] writing top-level names to controller_interface.egg-info/top_level.txt
[1.461s] reading manifest file 'controller_interface.egg-info/SOURCES.txt'
[1.462s] writing manifest file 'controller_interface.egg-info/SOURCES.txt'
[1.493s] [100%] Built target ament_cmake_python_build_controller_interface_egg
[1.504s] Invoked command in '/home/cisco/xbox_ros2_ws/build/controller_interface' returned '0': CMAKE_PREFIX_PATH=${CMAKE_PREFIX_PATH}:/home/cisco/xbox_ros2_ws/install/xbox_control:/home/cisco/ros2_ws/install/my_robot_controller:/opt/ros/humble /usr/bin/cmake --build /home/cisco/xbox_ros2_ws/build/controller_interface -- -j4 -l4
[1.592s] Invoking command in '/home/cisco/xbox_ros2_ws/build/controller_interface': CMAKE_PREFIX_PATH=${CMAKE_PREFIX_PATH}:/home/cisco/xbox_ros2_ws/install/xbox_control:/home/cisco/ros2_ws/install/my_robot_controller:/opt/ros/humble /usr/bin/cmake --install /home/cisco/xbox_ros2_ws/build/controller_interface
[1.599s] -- Install configuration: ""
[1.600s] -- Up-to-date: /home/cisco/xbox_ros2_ws/install/controller_interface/share/ament_index/resource_index/rosidl_interfaces/controller_interface
[1.600s] -- Up-to-date: /home/cisco/xbox_ros2_ws/install/controller_interface/include/controller_interface/controller_interface
[1.600s] -- Up-to-date: /home/cisco/xbox_ros2_ws/install/controller_interface/include/controller_interface/controller_interface/msg
[1.600s] -- Up-to-date: /home/cisco/xbox_ros2_ws/install/controller_interface/include/controller_interface/controller_interface/msg/rosidl_generator_c__visibility_control.h
[1.600s] -- Up-to-date: /home/cisco/xbox_ros2_ws/install/controller_interface/include/controller_interface/controller_interface/msg/detail
[1.600s] -- Up-to-date: /home/cisco/xbox_ros2_ws/install/controller_interface/include/controller_interface/controller_interface/msg/detail/control__functions.c
[1.601s] -- Up-to-date: /home/cisco/xbox_ros2_ws/install/controller_interface/include/controller_interface/controller_interface/msg/detail/control__struct.h
[1.601s] -- Up-to-date: /home/cisco/xbox_ros2_ws/install/controller_interface/include/controller_interface/controller_interface/msg/detail/control__type_support.h
[1.601s] -- Up-to-date: /home/cisco/xbox_ros2_ws/install/controller_interface/include/controller_interface/controller_interface/msg/detail/control__functions.h
[1.601s] -- Up-to-date: /home/cisco/xbox_ros2_ws/install/controller_interface/include/controller_interface/controller_interface/msg/control.h
[1.601s] -- Up-to-date: /home/cisco/xbox_ros2_ws/install/controller_interface/share/controller_interface/environment/library_path.sh
[1.601s] -- Installing: /home/cisco/xbox_ros2_ws/install/controller_interface/share/controller_interface/environment/library_path.dsv
[1.601s] -- Up-to-date: /home/cisco/xbox_ros2_ws/install/controller_interface/lib/libcontroller_interface__rosidl_generator_c.so
[1.602s] -- Up-to-date: /home/cisco/xbox_ros2_ws/install/controller_interface/include/controller_interface/controller_interface
[1.602s] -- Up-to-date: /home/cisco/xbox_ros2_ws/install/controller_interface/include/controller_interface/controller_interface/msg
[1.602s] -- Up-to-date: /home/cisco/xbox_ros2_ws/install/controller_interface/include/controller_interface/controller_interface/msg/rosidl_typesupport_fastrtps_c__visibility_control.h
[1.602s] -- Up-to-date: /home/cisco/xbox_ros2_ws/install/controller_interface/include/controller_interface/controller_interface/msg/detail
[1.602s] -- Up-to-date: /home/cisco/xbox_ros2_ws/install/controller_interface/include/controller_interface/controller_interface/msg/detail/control__rosidl_typesupport_fastrtps_c.h
[1.602s] -- Up-to-date: /home/cisco/xbox_ros2_ws/install/controller_interface/lib/libcontroller_interface__rosidl_typesupport_fastrtps_c.so
[1.602s] -- Up-to-date: /home/cisco/xbox_ros2_ws/install/controller_interface/include/controller_interface/controller_interface
[1.602s] -- Up-to-date: /home/cisco/xbox_ros2_ws/install/controller_interface/include/controller_interface/controller_interface/msg
[1.602s] -- Up-to-date: /home/cisco/xbox_ros2_ws/install/controller_interface/include/controller_interface/controller_interface/msg/detail
[1.603s] -- Up-to-date: /home/cisco/xbox_ros2_ws/install/controller_interface/include/controller_interface/controller_interface/msg/detail/control__type_support.c
[1.603s] -- Up-to-date: /home/cisco/xbox_ros2_ws/install/controller_interface/include/controller_interface/controller_interface/msg/detail/control__rosidl_typesupport_introspection_c.h
[1.603s] -- Up-to-date: /home/cisco/xbox_ros2_ws/install/controller_interface/include/controller_interface/controller_interface/msg/rosidl_typesupport_introspection_c__visibility_control.h
[1.603s] -- Up-to-date: /home/cisco/xbox_ros2_ws/install/controller_interface/lib/libcontroller_interface__rosidl_typesupport_introspection_c.so
[1.603s] -- Up-to-date: /home/cisco/xbox_ros2_ws/install/controller_interface/lib/libcontroller_interface__rosidl_typesupport_c.so
[1.603s] -- Up-to-date: /home/cisco/xbox_ros2_ws/install/controller_interface/include/controller_interface/controller_interface
[1.604s] -- Up-to-date: /home/cisco/xbox_ros2_ws/install/controller_interface/include/controller_interface/controller_interface/msg
[1.604s] -- Up-to-date: /home/cisco/xbox_ros2_ws/install/controller_interface/include/controller_interface/controller_interface/msg/detail
[1.604s] -- Up-to-date: /home/cisco/xbox_ros2_ws/install/controller_interface/include/controller_interface/controller_interface/msg/detail/control__traits.hpp
[1.604s] -- Up-to-date: /home/cisco/xbox_ros2_ws/install/controller_interface/include/controller_interface/controller_interface/msg/detail/control__struct.hpp
[1.604s] -- Up-to-date: /home/cisco/xbox_ros2_ws/install/controller_interface/include/controller_interface/controller_interface/msg/detail/control__builder.hpp
[1.604s] -- Up-to-date: /home/cisco/xbox_ros2_ws/install/controller_interface/include/controller_interface/controller_interface/msg/control.hpp
[1.605s] -- Up-to-date: /home/cisco/xbox_ros2_ws/install/controller_interface/include/controller_interface/controller_interface
[1.605s] -- Up-to-date: /home/cisco/xbox_ros2_ws/install/controller_interface/include/controller_interface/controller_interface/msg
[1.605s] -- Up-to-date: /home/cisco/xbox_ros2_ws/install/controller_interface/include/controller_interface/controller_interface/msg/detail
[1.605s] -- Up-to-date: /home/cisco/xbox_ros2_ws/install/controller_interface/include/controller_interface/controller_interface/msg/detail/dds_fastrtps
[1.605s] -- Up-to-date: /home/cisco/xbox_ros2_ws/install/controller_interface/include/controller_interface/controller_interface/msg/detail/control__rosidl_typesupport_fastrtps_cpp.hpp
[1.605s] -- Up-to-date: /home/cisco/xbox_ros2_ws/install/controller_interface/include/controller_interface/controller_interface/msg/rosidl_typesupport_fastrtps_cpp__visibility_control.h
[1.605s] -- Up-to-date: /home/cisco/xbox_ros2_ws/install/controller_interface/lib/libcontroller_interface__rosidl_typesupport_fastrtps_cpp.so
[1.605s] -- Up-to-date: /home/cisco/xbox_ros2_ws/install/controller_interface/include/controller_interface/controller_interface
[1.606s] -- Up-to-date: /home/cisco/xbox_ros2_ws/install/controller_interface/include/controller_interface/controller_interface/msg
[1.606s] -- Up-to-date: /home/cisco/xbox_ros2_ws/install/controller_interface/include/controller_interface/controller_interface/msg/detail
[1.606s] -- Up-to-date: /home/cisco/xbox_ros2_ws/install/controller_interface/include/controller_interface/controller_interface/msg/detail/control__rosidl_typesupport_introspection_cpp.hpp
[1.606s] -- Up-to-date: /home/cisco/xbox_ros2_ws/install/controller_interface/include/controller_interface/controller_interface/msg/detail/control__type_support.cpp
[1.606s] -- Up-to-date: /home/cisco/xbox_ros2_ws/install/controller_interface/lib/libcontroller_interface__rosidl_typesupport_introspection_cpp.so
[1.606s] -- Up-to-date: /home/cisco/xbox_ros2_ws/install/controller_interface/lib/libcontroller_interface__rosidl_typesupport_cpp.so
[1.606s] -- Up-to-date: /home/cisco/xbox_ros2_ws/install/controller_interface/share/controller_interface/environment/pythonpath.sh
[1.606s] -- Installing: /home/cisco/xbox_ros2_ws/install/controller_interface/share/controller_interface/environment/pythonpath.dsv
[1.606s] -- Up-to-date: /home/cisco/xbox_ros2_ws/install/controller_interface/local/lib/python3.10/dist-packages/controller_interface-0.0.0-py3.10.egg-info
[1.607s] -- Installing: /home/cisco/xbox_ros2_ws/install/controller_interface/local/lib/python3.10/dist-packages/controller_interface-0.0.0-py3.10.egg-info/SOURCES.txt
[1.607s] -- Installing: /home/cisco/xbox_ros2_ws/install/controller_interface/local/lib/python3.10/dist-packages/controller_interface-0.0.0-py3.10.egg-info/PKG-INFO
[1.607s] -- Installing: /home/cisco/xbox_ros2_ws/install/controller_interface/local/lib/python3.10/dist-packages/controller_interface-0.0.0-py3.10.egg-info/dependency_links.txt
[1.607s] -- Installing: /home/cisco/xbox_ros2_ws/install/controller_interface/local/lib/python3.10/dist-packages/controller_interface-0.0.0-py3.10.egg-info/top_level.txt
[1.607s] -- Up-to-date: /home/cisco/xbox_ros2_ws/install/controller_interface/local/lib/python3.10/dist-packages/controller_interface
[1.607s] -- Up-to-date: /home/cisco/xbox_ros2_ws/install/controller_interface/local/lib/python3.10/dist-packages/controller_interface/_controller_interface_s.ep.rosidl_typesupport_c.c
[1.607s] -- Installing: /home/cisco/xbox_ros2_ws/install/controller_interface/local/lib/python3.10/dist-packages/controller_interface/__init__.py
[1.612s] -- Up-to-date: /home/cisco/xbox_ros2_ws/install/controller_interface/local/lib/python3.10/dist-packages/controller_interface/_controller_interface_s.ep.rosidl_typesupport_introspection_c.c
[1.612s] -- Up-to-date: /home/cisco/xbox_ros2_ws/install/controller_interface/local/lib/python3.10/dist-packages/controller_interface/controller_interface_s__rosidl_typesupport_fastrtps_c.cpython-310-x86_64-linux-gnu.so
[1.612s] -- Up-to-date: /home/cisco/xbox_ros2_ws/install/controller_interface/local/lib/python3.10/dist-packages/controller_interface/libcontroller_interface__rosidl_generator_py.so
[1.613s] -- Up-to-date: /home/cisco/xbox_ros2_ws/install/controller_interface/local/lib/python3.10/dist-packages/controller_interface/controller_interface_s__rosidl_typesupport_introspection_c.cpython-310-x86_64-linux-gnu.so
[1.613s] -- Up-to-date: /home/cisco/xbox_ros2_ws/install/controller_interface/local/lib/python3.10/dist-packages/controller_interface/_controller_interface_s.ep.rosidl_typesupport_fastrtps_c.c
[1.613s] -- Up-to-date: /home/cisco/xbox_ros2_ws/install/controller_interface/local/lib/python3.10/dist-packages/controller_interface/msg
[1.613s] -- Up-to-date: /home/cisco/xbox_ros2_ws/install/controller_interface/local/lib/python3.10/dist-packages/controller_interface/msg/__init__.py
[1.613s] -- Up-to-date: /home/cisco/xbox_ros2_ws/install/controller_interface/local/lib/python3.10/dist-packages/controller_interface/msg/_control_s.c
[1.613s] -- Up-to-date: /home/cisco/xbox_ros2_ws/install/controller_interface/local/lib/python3.10/dist-packages/controller_interface/msg/_control.py
[1.613s] -- Up-to-date: /home/cisco/xbox_ros2_ws/install/controller_interface/local/lib/python3.10/dist-packages/controller_interface/controller_interface_s__rosidl_typesupport_c.cpython-310-x86_64-linux-gnu.so
[1.655s] Listing '/home/cisco/xbox_ros2_ws/install/controller_interface/local/lib/python3.10/dist-packages/controller_interface'...
[1.655s] Compiling '/home/cisco/xbox_ros2_ws/install/controller_interface/local/lib/python3.10/dist-packages/controller_interface/__init__.py'...
[1.655s] Listing '/home/cisco/xbox_ros2_ws/install/controller_interface/local/lib/python3.10/dist-packages/controller_interface/msg'...
[1.662s] -- Up-to-date: /home/cisco/xbox_ros2_ws/install/controller_interface/local/lib/python3.10/dist-packages/controller_interface/controller_interface_s__rosidl_typesupport_fastrtps_c.cpython-310-x86_64-linux-gnu.so
[1.662s] -- Up-to-date: /home/cisco/xbox_ros2_ws/install/controller_interface/local/lib/python3.10/dist-packages/controller_interface/controller_interface_s__rosidl_typesupport_introspection_c.cpython-310-x86_64-linux-gnu.so
[1.663s] -- Up-to-date: /home/cisco/xbox_ros2_ws/install/controller_interface/local/lib/python3.10/dist-packages/controller_interface/controller_interface_s__rosidl_typesupport_c.cpython-310-x86_64-linux-gnu.so
[1.663s] -- Up-to-date: /home/cisco/xbox_ros2_ws/install/controller_interface/lib/libcontroller_interface__rosidl_generator_py.so
[1.663s] -- Up-to-date: /home/cisco/xbox_ros2_ws/install/controller_interface/share/controller_interface/msg/Control.idl
[1.664s] -- Installing: /home/cisco/xbox_ros2_ws/install/controller_interface/share/controller_interface/msg/Control.msg
[1.664s] -- Up-to-date: /home/cisco/xbox_ros2_ws/install/controller_interface/share/ament_index/resource_index/package_run_dependencies/controller_interface
[1.664s] -- Up-to-date: /home/cisco/xbox_ros2_ws/install/controller_interface/share/ament_index/resource_index/parent_prefix_path/controller_interface
[1.664s] -- Up-to-date: /home/cisco/xbox_ros2_ws/install/controller_interface/share/controller_interface/environment/ament_prefix_path.sh
[1.664s] -- Installing: /home/cisco/xbox_ros2_ws/install/controller_interface/share/controller_interface/environment/ament_prefix_path.dsv
[1.665s] -- Up-to-date: /home/cisco/xbox_ros2_ws/install/controller_interface/share/controller_interface/environment/path.sh
[1.665s] -- Installing: /home/cisco/xbox_ros2_ws/install/controller_interface/share/controller_interface/environment/path.dsv
[1.665s] -- Up-to-date: /home/cisco/xbox_ros2_ws/install/controller_interface/share/controller_interface/local_setup.bash
[1.665s] -- Up-to-date: /home/cisco/xbox_ros2_ws/install/controller_interface/share/controller_interface/local_setup.sh
[1.665s] -- Up-to-date: /home/cisco/xbox_ros2_ws/install/controller_interface/share/controller_interface/local_setup.zsh
[1.666s] -- Installing: /home/cisco/xbox_ros2_ws/install/controller_interface/share/controller_interface/local_setup.dsv
[1.666s] -- Installing: /home/cisco/xbox_ros2_ws/install/controller_interface/share/controller_interface/package.dsv
[1.666s] -- Up-to-date: /home/cisco/xbox_ros2_ws/install/controller_interface/share/ament_index/resource_index/packages/controller_interface
[1.667s] -- Up-to-date: /home/cisco/xbox_ros2_ws/install/controller_interface/share/controller_interface/cmake/export_controller_interface__rosidl_generator_cExport.cmake
[1.667s] -- Up-to-date: /home/cisco/xbox_ros2_ws/install/controller_interface/share/controller_interface/cmake/export_controller_interface__rosidl_generator_cExport-noconfig.cmake
[1.667s] -- Up-to-date: /home/cisco/xbox_ros2_ws/install/controller_interface/share/controller_interface/cmake/export_controller_interface__rosidl_typesupport_fastrtps_cExport.cmake
[1.668s] -- Up-to-date: /home/cisco/xbox_ros2_ws/install/controller_interface/share/controller_interface/cmake/export_controller_interface__rosidl_typesupport_fastrtps_cExport-noconfig.cmake
[1.668s] -- Up-to-date: /home/cisco/xbox_ros2_ws/install/controller_interface/share/controller_interface/cmake/controller_interface__rosidl_typesupport_introspection_cExport.cmake
[1.668s] -- Up-to-date: /home/cisco/xbox_ros2_ws/install/controller_interface/share/controller_interface/cmake/controller_interface__rosidl_typesupport_introspection_cExport-noconfig.cmake
[1.668s] -- Up-to-date: /home/cisco/xbox_ros2_ws/install/controller_interface/share/controller_interface/cmake/controller_interface__rosidl_typesupport_cExport.cmake
[1.668s] -- Up-to-date: /home/cisco/xbox_ros2_ws/install/controller_interface/share/controller_interface/cmake/controller_interface__rosidl_typesupport_cExport-noconfig.cmake
[1.669s] -- Up-to-date: /home/cisco/xbox_ros2_ws/install/controller_interface/share/controller_interface/cmake/export_controller_interface__rosidl_generator_cppExport.cmake
[1.669s] -- Up-to-date: /home/cisco/xbox_ros2_ws/install/controller_interface/share/controller_interface/cmake/export_controller_interface__rosidl_typesupport_fastrtps_cppExport.cmake
[1.669s] -- Up-to-date: /home/cisco/xbox_ros2_ws/install/controller_interface/share/controller_interface/cmake/export_controller_interface__rosidl_typesupport_fastrtps_cppExport-noconfig.cmake
[1.669s] -- Up-to-date: /home/cisco/xbox_ros2_ws/install/controller_interface/share/controller_interface/cmake/controller_interface__rosidl_typesupport_introspection_cppExport.cmake
[1.669s] -- Up-to-date: /home/cisco/xbox_ros2_ws/install/controller_interface/share/controller_interface/cmake/controller_interface__rosidl_typesupport_introspection_cppExport-noconfig.cmake
[1.669s] -- Up-to-date: /home/cisco/xbox_ros2_ws/install/controller_interface/share/controller_interface/cmake/controller_interface__rosidl_typesupport_cppExport.cmake
[1.669s] -- Up-to-date: /home/cisco/xbox_ros2_ws/install/controller_interface/share/controller_interface/cmake/controller_interface__rosidl_typesupport_cppExport-noconfig.cmake
[1.669s] -- Up-to-date: /home/cisco/xbox_ros2_ws/install/controller_interface/share/controller_interface/cmake/export_controller_interface__rosidl_generator_pyExport.cmake
[1.669s] -- Up-to-date: /home/cisco/xbox_ros2_ws/install/controller_interface/share/controller_interface/cmake/export_controller_interface__rosidl_generator_pyExport-noconfig.cmake
[1.669s] -- Up-to-date: /home/cisco/xbox_ros2_ws/install/controller_interface/share/controller_interface/cmake/rosidl_cmake-extras.cmake
[1.670s] -- Up-to-date: /home/cisco/xbox_ros2_ws/install/controller_interface/share/controller_interface/cmake/ament_cmake_export_include_directories-extras.cmake
[1.670s] -- Up-to-date: /home/cisco/xbox_ros2_ws/install/controller_interface/share/controller_interface/cmake/ament_cmake_export_libraries-extras.cmake
[1.670s] -- Up-to-date: /home/cisco/xbox_ros2_ws/install/controller_interface/share/controller_interface/cmake/ament_cmake_export_targets-extras.cmake
[1.670s] -- Up-to-date: /home/cisco/xbox_ros2_ws/install/controller_interface/share/controller_interface/cmake/rosidl_cmake_export_typesupport_targets-extras.cmake
[1.671s] -- Up-to-date: /home/cisco/xbox_ros2_ws/install/controller_interface/share/controller_interface/cmake/ament_cmake_export_dependencies-extras.cmake
[1.683s] -- Up-to-date: /home/cisco/xbox_ros2_ws/install/controller_interface/share/controller_interface/cmake/rosidl_cmake_export_typesupport_libraries-extras.cmake
[1.683s] -- Up-to-date: /home/cisco/xbox_ros2_ws/install/controller_interface/share/controller_interface/cmake/controller_interfaceConfig.cmake
[1.683s] -- Up-to-date: /home/cisco/xbox_ros2_ws/install/controller_interface/share/controller_interface/cmake/controller_interfaceConfig-version.cmake
[1.683s] -- Up-to-date: /home/cisco/xbox_ros2_ws/install/controller_interface/share/controller_interface/package.xml
[1.684s] Invoked command in '/home/cisco/xbox_ros2_ws/build/controller_interface' returned '0': CMAKE_PREFIX_PATH=${CMAKE_PREFIX_PATH}:/home/cisco/xbox_ros2_ws/install/xbox_control:/home/cisco/ros2_ws/install/my_robot_controller:/opt/ros/humble /usr/bin/cmake --install /home/cisco/xbox_ros2_ws/build/controller_interface
