[0.015s] Invoking command in '/home/cisco/xbox_ros2_ws/build/controller_interface': CMAKE_PREFIX_PATH=${CMAKE_PREFIX_PATH}:/home/cisco/xbox_ros2_ws/src/install/xbox_control:/home/cisco/ros2_ws/install/my_robot_controller:/opt/ros/humble /usr/bin/cmake --build /home/cisco/xbox_ros2_ws/build/controller_interface -- -j4 -l4
[0.043s] -- Found ament_cmake: 1.3.3 (/opt/ros/humble/share/ament_cmake/cmake)
[0.187s] -- Found geometry_msgs: 4.2.2 (/opt/ros/humble/share/geometry_msgs/cmake)
[0.214s] -- Found rosidl_generator_c: 3.1.4 (/opt/ros/humble/share/rosidl_generator_c/cmake)
[0.216s] -- Found rosidl_adapter: 3.1.4 (/opt/ros/humble/share/rosidl_adapter/cmake)
[0.222s] -- Found rosidl_generator_cpp: 3.1.4 (/opt/ros/humble/share/rosidl_generator_cpp/cmake)
[0.234s] -- Using all available rosidl_typesupport_c: rosidl_typesupport_fastrtps_c;rosidl_typesupport_introspection_c
[0.251s] -- Using all available rosidl_typesupport_cpp: rosidl_typesupport_fastrtps_cpp;rosidl_typesupport_introspection_cpp
[0.364s] -- Found rosidl_default_generators: 1.2.0 (/opt/ros/humble/share/rosidl_default_generators/cmake)
[0.521s] [31mCMake Error at /opt/ros/humble/share/rosidl_adapter/cmake/rosidl_adapt_interfaces.cmake:59 (message):
[0.521s]   execute_process(/usr/bin/python3.10 -m rosidl_adapter --package-name
[0.522s]   controller_interface --arguments-file
[0.522s]   /home/cisco/xbox_ros2_ws/build/controller_interface/rosidl_adapter__arguments__controller_interface.json
[0.522s]   --output-dir
[0.522s]   /home/cisco/xbox_ros2_ws/build/controller_interface/rosidl_adapter/controller_interface
[0.522s]   --output-file
[0.522s]   /home/cisco/xbox_ros2_ws/build/controller_interface/rosidl_adapter/controller_interface.idls)
[0.522s]   returned error code 1:
[0.522s] 
[0.522s]   Traceback (most recent call last):
[0.522s] 
[0.522s]     File "/usr/lib/python3.10/runpy.py", line 196, in _run_module_as_main
[0.522s]       return _run_code(code, main_globals, None,
[0.523s]     File "/usr/lib/python3.10/runpy.py", line 86, in _run_code
[0.523s]       exec(code, run_globals)
[0.523s]     File "/opt/ros/humble/local/lib/python3.10/dist-packages/rosidl_adapter/__main__.py", line 19, in <module>
[0.523s]       sys.exit(main())
[0.523s]     File "/opt/ros/humble/local/lib/python3.10/dist-packages/rosidl_adapter/main.py", line 53, in main
[0.523s]       abs_idl_file = convert_to_idl(
[0.523s]     File "/opt/ros/humble/local/lib/python3.10/dist-packages/rosidl_adapter/__init__.py", line 19, in convert_to_idl
[0.523s]       return convert_msg_to_idl(
[0.523s]     File "/opt/ros/humble/local/lib/python3.10/dist-packages/rosidl_adapter/msg/__init__.py", line 28, in convert_msg_to_idl
[0.523s]       msg = parse_message_string(package_name, input_file.stem, content)
[0.523s]     File "/opt/ros/humble/local/lib/python3.10/dist-packages/rosidl_adapter/parser.py", line 544, in parse_message_string
[0.523s]       msg = MessageSpecification(pkg_name, msg_name, fields, constants)
[0.523s]     File "/opt/ros/humble/local/lib/python3.10/dist-packages/rosidl_adapter/parser.py", line 388, in __init__
[0.524s]       self.base_type = BaseType(
[0.524s]     File "/opt/ros/humble/local/lib/python3.10/dist-packages/rosidl_adapter/parser.py", line 205, in __init__
[0.524s]       raise InvalidResourceName(
[0.524s] 
[0.524s]   rosidl_adapter.parser.InvalidResourceName: 'control' is an invalid message
[0.524s]   name.  It should have the pattern '^[A-Z][A-Za-z0-9]*$'
[0.524s] 
[0.524s] Call Stack (most recent call first):
[0.524s]   /opt/ros/humble/share/rosidl_cmake/cmake/rosidl_generate_interfaces.cmake:130 (rosidl_adapt_interfaces)
[0.524s]   CMakeLists.txt:13 (rosidl_generate_interfaces)
[0.524s] 
[0.524s] [0m
[0.524s] -- Configuring incomplete, errors occurred!
[0.524s] See also "/home/cisco/xbox_ros2_ws/build/controller_interface/CMakeFiles/CMakeOutput.log".
[0.526s] gmake: *** [Makefile:226: cmake_check_build_system] Error 1
[0.528s] Invoked command in '/home/cisco/xbox_ros2_ws/build/controller_interface' returned '2': CMAKE_PREFIX_PATH=${CMAKE_PREFIX_PATH}:/home/cisco/xbox_ros2_ws/src/install/xbox_control:/home/cisco/ros2_ws/install/my_robot_controller:/opt/ros/humble /usr/bin/cmake --build /home/cisco/xbox_ros2_ws/build/controller_interface -- -j4 -l4
