[0.221s] DEBUG:colcon:Command line arguments: ['/usr/bin/colcon', 'build']
[0.221s] DEBUG:colcon:Parsed command line arguments: Namespace(log_base=None, log_level=None, verb_name='build', build_base='build', install_base='install', merge_install=False, symlink_install=False, test_result_base=None, continue_on_error=False, executor='parallel', parallel_workers=4, event_handlers=None, ignore_user_meta=False, metas=['./colcon.meta'], base_paths=['.'], packages_ignore=None, packages_ignore_regex=None, paths=None, packages_up_to=None, packages_up_to_regex=None, packages_above=None, packages_above_and_dependencies=None, packages_above_depth=None, packages_select_by_dep=None, packages_skip_by_dep=None, packages_skip_up_to=None, packages_select_build_failed=False, packages_skip_build_finished=False, packages_select_test_failures=False, packages_skip_test_passed=False, packages_select=None, packages_skip=None, packages_select_regex=None, packages_skip_regex=None, packages_start=None, packages_end=None, allow_overriding=[], cmake_args=None, cmake_target=None, cmake_target_skip_unavailable=False, cmake_clean_cache=False, cmake_clean_first=False, cmake_force_configure=False, ament_cmake_args=None, catkin_cmake_args=None, catkin_skip_building_tests=False, verb_parser=<colcon_defaults.argument_parser.defaults.DefaultArgumentsDecorator object at 0x7f4655d29990>, verb_extension=<colcon_core.verb.build.BuildVerb object at 0x7f4655d29420>, main=<bound method BuildVerb.main of <colcon_core.verb.build.BuildVerb object at 0x7f4655d29420>>)
[0.265s] Level 1:colcon.colcon_core.package_discovery:discover_packages(colcon_meta) check parameters
[0.266s] Level 1:colcon.colcon_core.package_discovery:discover_packages(recursive) check parameters
[0.266s] Level 1:colcon.colcon_core.package_discovery:discover_packages(ignore) check parameters
[0.266s] Level 1:colcon.colcon_core.package_discovery:discover_packages(path) check parameters
[0.266s] Level 1:colcon.colcon_core.package_discovery:discover_packages(colcon_meta) discover
[0.266s] Level 1:colcon.colcon_core.package_discovery:discover_packages(recursive) discover
[0.266s] INFO:colcon.colcon_core.package_discovery:Crawling recursively for packages in '/home/cisco/xbox_ros2_ws'
[0.266s] Level 1:colcon.colcon_core.package_identification:_identify(.) by extensions ['ignore', 'ignore_ament_install']
[0.266s] Level 1:colcon.colcon_core.package_identification:_identify(.) by extension 'ignore'
[0.266s] Level 1:colcon.colcon_core.package_identification:_identify(.) by extension 'ignore_ament_install'
[0.267s] Level 1:colcon.colcon_core.package_identification:_identify(.) by extensions ['colcon_pkg']
[0.267s] Level 1:colcon.colcon_core.package_identification:_identify(.) by extension 'colcon_pkg'
[0.267s] Level 1:colcon.colcon_core.package_identification:_identify(.) by extensions ['colcon_meta']
[0.267s] Level 1:colcon.colcon_core.package_identification:_identify(.) by extension 'colcon_meta'
[0.267s] Level 1:colcon.colcon_core.package_identification:_identify(.) by extensions ['ros']
[0.267s] Level 1:colcon.colcon_core.package_identification:_identify(.) by extension 'ros'
[0.284s] Level 1:colcon.colcon_core.package_identification:_identify(.) by extensions ['cmake', 'python']
[0.284s] Level 1:colcon.colcon_core.package_identification:_identify(.) by extension 'cmake'
[0.284s] Level 1:colcon.colcon_core.package_identification:_identify(.) by extension 'python'
[0.284s] Level 1:colcon.colcon_core.package_identification:_identify(.) by extensions ['python_setup_py']
[0.284s] Level 1:colcon.colcon_core.package_identification:_identify(.) by extension 'python_setup_py'
[0.284s] Level 1:colcon.colcon_core.package_identification:_identify(build) by extensions ['ignore', 'ignore_ament_install']
[0.285s] Level 1:colcon.colcon_core.package_identification:_identify(build) by extension 'ignore'
[0.285s] Level 1:colcon.colcon_core.package_identification:_identify(build) ignored
[0.285s] Level 1:colcon.colcon_core.package_identification:_identify(install) by extensions ['ignore', 'ignore_ament_install']
[0.285s] Level 1:colcon.colcon_core.package_identification:_identify(install) by extension 'ignore'
[0.285s] Level 1:colcon.colcon_core.package_identification:_identify(install) ignored
[0.285s] Level 1:colcon.colcon_core.package_identification:_identify(log) by extensions ['ignore', 'ignore_ament_install']
[0.285s] Level 1:colcon.colcon_core.package_identification:_identify(log) by extension 'ignore'
[0.285s] Level 1:colcon.colcon_core.package_identification:_identify(log) ignored
[0.285s] Level 1:colcon.colcon_core.package_identification:_identify(src) by extensions ['ignore', 'ignore_ament_install']
[0.285s] Level 1:colcon.colcon_core.package_identification:_identify(src) by extension 'ignore'
[0.285s] Level 1:colcon.colcon_core.package_identification:_identify(src) by extension 'ignore_ament_install'
[0.286s] Level 1:colcon.colcon_core.package_identification:_identify(src) by extensions ['colcon_pkg']
[0.286s] Level 1:colcon.colcon_core.package_identification:_identify(src) by extension 'colcon_pkg'
[0.286s] Level 1:colcon.colcon_core.package_identification:_identify(src) by extensions ['colcon_meta']
[0.286s] Level 1:colcon.colcon_core.package_identification:_identify(src) by extension 'colcon_meta'
[0.286s] Level 1:colcon.colcon_core.package_identification:_identify(src) by extensions ['ros']
[0.286s] Level 1:colcon.colcon_core.package_identification:_identify(src) by extension 'ros'
[0.286s] Level 1:colcon.colcon_core.package_identification:_identify(src) by extensions ['cmake', 'python']
[0.286s] Level 1:colcon.colcon_core.package_identification:_identify(src) by extension 'cmake'
[0.286s] Level 1:colcon.colcon_core.package_identification:_identify(src) by extension 'python'
[0.286s] Level 1:colcon.colcon_core.package_identification:_identify(src) by extensions ['python_setup_py']
[0.286s] Level 1:colcon.colcon_core.package_identification:_identify(src) by extension 'python_setup_py'
[0.286s] Level 1:colcon.colcon_core.package_identification:_identify(src/build) by extensions ['ignore', 'ignore_ament_install']
[0.286s] Level 1:colcon.colcon_core.package_identification:_identify(src/build) by extension 'ignore'
[0.286s] Level 1:colcon.colcon_core.package_identification:_identify(src/build) ignored
[0.287s] Level 1:colcon.colcon_core.package_identification:_identify(src/controller_interface) by extensions ['ignore', 'ignore_ament_install']
[0.287s] Level 1:colcon.colcon_core.package_identification:_identify(src/controller_interface) by extension 'ignore'
[0.287s] Level 1:colcon.colcon_core.package_identification:_identify(src/controller_interface) by extension 'ignore_ament_install'
[0.287s] Level 1:colcon.colcon_core.package_identification:_identify(src/controller_interface) by extensions ['colcon_pkg']
[0.287s] Level 1:colcon.colcon_core.package_identification:_identify(src/controller_interface) by extension 'colcon_pkg'
[0.287s] Level 1:colcon.colcon_core.package_identification:_identify(src/controller_interface) by extensions ['colcon_meta']
[0.287s] Level 1:colcon.colcon_core.package_identification:_identify(src/controller_interface) by extension 'colcon_meta'
[0.287s] Level 1:colcon.colcon_core.package_identification:_identify(src/controller_interface) by extensions ['ros']
[0.287s] Level 1:colcon.colcon_core.package_identification:_identify(src/controller_interface) by extension 'ros'
[0.290s] DEBUG:colcon.colcon_core.package_identification:Package 'src/controller_interface' with type 'ros.ament_cmake' and name 'controller_interface'
[0.290s] Level 1:colcon.colcon_core.package_identification:_identify(src/install) by extensions ['ignore', 'ignore_ament_install']
[0.290s] Level 1:colcon.colcon_core.package_identification:_identify(src/install) by extension 'ignore'
[0.290s] Level 1:colcon.colcon_core.package_identification:_identify(src/install) ignored
[0.291s] Level 1:colcon.colcon_core.package_identification:_identify(src/log) by extensions ['ignore', 'ignore_ament_install']
[0.291s] Level 1:colcon.colcon_core.package_identification:_identify(src/log) by extension 'ignore'
[0.291s] Level 1:colcon.colcon_core.package_identification:_identify(src/log) ignored
[0.291s] Level 1:colcon.colcon_core.package_identification:_identify(src/xbox_control) by extensions ['ignore', 'ignore_ament_install']
[0.291s] Level 1:colcon.colcon_core.package_identification:_identify(src/xbox_control) by extension 'ignore'
[0.291s] Level 1:colcon.colcon_core.package_identification:_identify(src/xbox_control) by extension 'ignore_ament_install'
[0.291s] Level 1:colcon.colcon_core.package_identification:_identify(src/xbox_control) by extensions ['colcon_pkg']
[0.291s] Level 1:colcon.colcon_core.package_identification:_identify(src/xbox_control) by extension 'colcon_pkg'
[0.291s] Level 1:colcon.colcon_core.package_identification:_identify(src/xbox_control) by extensions ['colcon_meta']
[0.291s] Level 1:colcon.colcon_core.package_identification:_identify(src/xbox_control) by extension 'colcon_meta'
[0.291s] Level 1:colcon.colcon_core.package_identification:_identify(src/xbox_control) by extensions ['ros']
[0.291s] Level 1:colcon.colcon_core.package_identification:_identify(src/xbox_control) by extension 'ros'
[0.292s] DEBUG:colcon.colcon_core.package_identification:Package 'src/xbox_control' with type 'ros.ament_python' and name 'xbox_control'
[0.292s] Level 1:colcon.colcon_core.package_discovery:discover_packages(recursive) using defaults
[0.292s] Level 1:colcon.colcon_core.package_discovery:discover_packages(ignore) discover
[0.292s] Level 1:colcon.colcon_core.package_discovery:discover_packages(ignore) using defaults
[0.292s] Level 1:colcon.colcon_core.package_discovery:discover_packages(path) discover
[0.292s] Level 1:colcon.colcon_core.package_discovery:discover_packages(path) using defaults
[0.326s] Level 1:colcon.colcon_core.package_discovery:discover_packages(prefix_path) check parameters
[0.326s] Level 1:colcon.colcon_core.package_discovery:discover_packages(prefix_path) discover
[0.329s] DEBUG:colcon.colcon_installed_package_information.package_discovery:Found 2 installed packages in /home/cisco/xbox_ros2_ws/src/install
[0.330s] DEBUG:colcon.colcon_installed_package_information.package_discovery:Found 1 installed packages in /home/cisco/ros2_ws/install
[0.332s] DEBUG:colcon.colcon_installed_package_information.package_discovery:Found 270 installed packages in /opt/ros/humble
[0.334s] Level 1:colcon.colcon_core.package_discovery:discover_packages(prefix_path) using defaults
[0.413s] Level 5:colcon.colcon_core.verb:set package 'controller_interface' build argument 'cmake_args' from command line to 'None'
[0.413s] Level 5:colcon.colcon_core.verb:set package 'controller_interface' build argument 'cmake_target' from command line to 'None'
[0.413s] Level 5:colcon.colcon_core.verb:set package 'controller_interface' build argument 'cmake_target_skip_unavailable' from command line to 'False'
[0.413s] Level 5:colcon.colcon_core.verb:set package 'controller_interface' build argument 'cmake_clean_cache' from command line to 'False'
[0.413s] Level 5:colcon.colcon_core.verb:set package 'controller_interface' build argument 'cmake_clean_first' from command line to 'False'
[0.413s] Level 5:colcon.colcon_core.verb:set package 'controller_interface' build argument 'cmake_force_configure' from command line to 'False'
[0.413s] Level 5:colcon.colcon_core.verb:set package 'controller_interface' build argument 'ament_cmake_args' from command line to 'None'
[0.413s] Level 5:colcon.colcon_core.verb:set package 'controller_interface' build argument 'catkin_cmake_args' from command line to 'None'
[0.413s] Level 5:colcon.colcon_core.verb:set package 'controller_interface' build argument 'catkin_skip_building_tests' from command line to 'False'
[0.413s] DEBUG:colcon.colcon_core.verb:Building package 'controller_interface' with the following arguments: {'ament_cmake_args': None, 'build_base': '/home/cisco/xbox_ros2_ws/build/controller_interface', 'catkin_cmake_args': None, 'catkin_skip_building_tests': False, 'cmake_args': None, 'cmake_clean_cache': False, 'cmake_clean_first': False, 'cmake_force_configure': False, 'cmake_target': None, 'cmake_target_skip_unavailable': False, 'install_base': '/home/cisco/xbox_ros2_ws/install/controller_interface', 'merge_install': False, 'path': '/home/cisco/xbox_ros2_ws/src/controller_interface', 'symlink_install': False, 'test_result_base': None}
[0.415s] Level 5:colcon.colcon_core.verb:set package 'xbox_control' build argument 'cmake_args' from command line to 'None'
[0.415s] Level 5:colcon.colcon_core.verb:set package 'xbox_control' build argument 'cmake_target' from command line to 'None'
[0.415s] Level 5:colcon.colcon_core.verb:set package 'xbox_control' build argument 'cmake_target_skip_unavailable' from command line to 'False'
[0.415s] Level 5:colcon.colcon_core.verb:set package 'xbox_control' build argument 'cmake_clean_cache' from command line to 'False'
[0.415s] Level 5:colcon.colcon_core.verb:set package 'xbox_control' build argument 'cmake_clean_first' from command line to 'False'
[0.415s] Level 5:colcon.colcon_core.verb:set package 'xbox_control' build argument 'cmake_force_configure' from command line to 'False'
[0.415s] Level 5:colcon.colcon_core.verb:set package 'xbox_control' build argument 'ament_cmake_args' from command line to 'None'
[0.415s] Level 5:colcon.colcon_core.verb:set package 'xbox_control' build argument 'catkin_cmake_args' from command line to 'None'
[0.415s] Level 5:colcon.colcon_core.verb:set package 'xbox_control' build argument 'catkin_skip_building_tests' from command line to 'False'
[0.415s] DEBUG:colcon.colcon_core.verb:Building package 'xbox_control' with the following arguments: {'ament_cmake_args': None, 'build_base': '/home/cisco/xbox_ros2_ws/build/xbox_control', 'catkin_cmake_args': None, 'catkin_skip_building_tests': False, 'cmake_args': None, 'cmake_clean_cache': False, 'cmake_clean_first': False, 'cmake_force_configure': False, 'cmake_target': None, 'cmake_target_skip_unavailable': False, 'install_base': '/home/cisco/xbox_ros2_ws/install/xbox_control', 'merge_install': False, 'path': '/home/cisco/xbox_ros2_ws/src/xbox_control', 'symlink_install': False, 'test_result_base': None}
[0.417s] INFO:colcon.colcon_core.executor:Executing jobs using 'parallel' executor
[0.422s] DEBUG:colcon.colcon_parallel_executor.executor.parallel:run_until_complete
[0.423s] INFO:colcon.colcon_ros.task.ament_cmake.build:Building ROS package in '/home/cisco/xbox_ros2_ws/src/controller_interface' with build type 'ament_cmake'
[0.423s] INFO:colcon.colcon_cmake.task.cmake.build:Building CMake package in '/home/cisco/xbox_ros2_ws/src/controller_interface'
[0.430s] INFO:colcon.colcon_core.plugin_system:Skipping extension 'colcon_core.shell.bat': Not used on non-Windows systems
[0.430s] INFO:colcon.colcon_core.shell:Skip shell extension 'powershell' for command environment: Not usable outside of PowerShell
[0.430s] DEBUG:colcon.colcon_core.shell:Skip shell extension 'dsv' for command environment
[0.450s] DEBUG:colcon.colcon_core.event_handler.log_command:Invoking command in '/home/cisco/xbox_ros2_ws/build/controller_interface': CMAKE_PREFIX_PATH=${CMAKE_PREFIX_PATH}:/home/cisco/xbox_ros2_ws/src/install/xbox_control:/home/cisco/ros2_ws/install/my_robot_controller:/opt/ros/humble /usr/bin/cmake --build /home/cisco/xbox_ros2_ws/build/controller_interface -- -j4 -l4
[6.857s] DEBUG:colcon.colcon_core.event_handler.log_command:Invoked command in '/home/cisco/xbox_ros2_ws/build/controller_interface' returned '0': CMAKE_PREFIX_PATH=${CMAKE_PREFIX_PATH}:/home/cisco/xbox_ros2_ws/src/install/xbox_control:/home/cisco/ros2_ws/install/my_robot_controller:/opt/ros/humble /usr/bin/cmake --build /home/cisco/xbox_ros2_ws/build/controller_interface -- -j4 -l4
[6.970s] DEBUG:colcon.colcon_core.event_handler.log_command:Invoking command in '/home/cisco/xbox_ros2_ws/build/controller_interface': CMAKE_PREFIX_PATH=${CMAKE_PREFIX_PATH}:/home/cisco/xbox_ros2_ws/src/install/xbox_control:/home/cisco/ros2_ws/install/my_robot_controller:/opt/ros/humble /usr/bin/cmake --install /home/cisco/xbox_ros2_ws/build/controller_interface
[7.092s] Level 1:colcon.colcon_core.environment:create_environment_scripts_only(controller_interface)
[7.093s] DEBUG:colcon.colcon_core.event_handler.log_command:Invoked command in '/home/cisco/xbox_ros2_ws/build/controller_interface' returned '0': CMAKE_PREFIX_PATH=${CMAKE_PREFIX_PATH}:/home/cisco/xbox_ros2_ws/src/install/xbox_control:/home/cisco/ros2_ws/install/my_robot_controller:/opt/ros/humble /usr/bin/cmake --install /home/cisco/xbox_ros2_ws/build/controller_interface
[7.101s] Level 1:colcon.colcon_core.environment:checking '/home/cisco/xbox_ros2_ws/install/controller_interface' for CMake module files
[7.101s] Level 1:colcon.colcon_core.environment:checking '/home/cisco/xbox_ros2_ws/install/controller_interface' for CMake config files
[7.102s] Level 1:colcon.colcon_core.shell:create_environment_hook('controller_interface', 'cmake_prefix_path')
[7.107s] INFO:colcon.colcon_core.shell:Creating environment hook '/home/cisco/xbox_ros2_ws/install/controller_interface/share/controller_interface/hook/cmake_prefix_path.ps1'
[7.109s] INFO:colcon.colcon_core.shell:Creating environment descriptor '/home/cisco/xbox_ros2_ws/install/controller_interface/share/controller_interface/hook/cmake_prefix_path.dsv'
[7.110s] INFO:colcon.colcon_core.shell:Creating environment hook '/home/cisco/xbox_ros2_ws/install/controller_interface/share/controller_interface/hook/cmake_prefix_path.sh'
[7.113s] Level 1:colcon.colcon_core.environment:checking '/home/cisco/xbox_ros2_ws/install/controller_interface/lib'
[7.113s] Level 1:colcon.colcon_core.shell:create_environment_hook('controller_interface', 'ld_library_path_lib')
[7.115s] INFO:colcon.colcon_core.shell:Creating environment hook '/home/cisco/xbox_ros2_ws/install/controller_interface/share/controller_interface/hook/ld_library_path_lib.ps1'
[7.116s] INFO:colcon.colcon_core.shell:Creating environment descriptor '/home/cisco/xbox_ros2_ws/install/controller_interface/share/controller_interface/hook/ld_library_path_lib.dsv'
[7.117s] INFO:colcon.colcon_core.shell:Creating environment hook '/home/cisco/xbox_ros2_ws/install/controller_interface/share/controller_interface/hook/ld_library_path_lib.sh'
[7.117s] Level 1:colcon.colcon_core.environment:checking '/home/cisco/xbox_ros2_ws/install/controller_interface/bin'
[7.117s] Level 1:colcon.colcon_core.environment:checking '/home/cisco/xbox_ros2_ws/install/controller_interface/lib/pkgconfig/controller_interface.pc'
[7.118s] Level 1:colcon.colcon_core.environment:checking '/home/cisco/xbox_ros2_ws/install/controller_interface/lib/python3.10/site-packages'
[7.118s] Level 1:colcon.colcon_core.environment:checking '/home/cisco/xbox_ros2_ws/install/controller_interface/bin'
[7.120s] INFO:colcon.colcon_core.shell:Creating package script '/home/cisco/xbox_ros2_ws/install/controller_interface/share/controller_interface/package.ps1'
[7.121s] INFO:colcon.colcon_core.shell:Creating package descriptor '/home/cisco/xbox_ros2_ws/install/controller_interface/share/controller_interface/package.dsv'
[7.122s] INFO:colcon.colcon_core.shell:Creating package script '/home/cisco/xbox_ros2_ws/install/controller_interface/share/controller_interface/package.sh'
[7.122s] INFO:colcon.colcon_core.shell:Creating package script '/home/cisco/xbox_ros2_ws/install/controller_interface/share/controller_interface/package.bash'
[7.123s] INFO:colcon.colcon_core.shell:Creating package script '/home/cisco/xbox_ros2_ws/install/controller_interface/share/controller_interface/package.zsh'
[7.124s] Level 1:colcon.colcon_core.environment:create_file_with_runtime_dependencies(/home/cisco/xbox_ros2_ws/install/controller_interface/share/colcon-core/packages/controller_interface)
[7.218s] Level 1:colcon.colcon_core.environment:create_environment_scripts_only(controller_interface)
[7.224s] Level 1:colcon.colcon_core.environment:checking '/home/cisco/xbox_ros2_ws/install/controller_interface' for CMake module files
[7.225s] Level 1:colcon.colcon_core.environment:checking '/home/cisco/xbox_ros2_ws/install/controller_interface' for CMake config files
[7.226s] Level 1:colcon.colcon_core.shell:create_environment_hook('controller_interface', 'cmake_prefix_path')
[7.228s] INFO:colcon.colcon_core.shell:Creating environment hook '/home/cisco/xbox_ros2_ws/install/controller_interface/share/controller_interface/hook/cmake_prefix_path.ps1'
[7.229s] INFO:colcon.colcon_core.shell:Creating environment descriptor '/home/cisco/xbox_ros2_ws/install/controller_interface/share/controller_interface/hook/cmake_prefix_path.dsv'
[7.230s] INFO:colcon.colcon_core.shell:Creating environment hook '/home/cisco/xbox_ros2_ws/install/controller_interface/share/controller_interface/hook/cmake_prefix_path.sh'
[7.232s] Level 1:colcon.colcon_core.environment:checking '/home/cisco/xbox_ros2_ws/install/controller_interface/lib'
[7.233s] Level 1:colcon.colcon_core.shell:create_environment_hook('controller_interface', 'ld_library_path_lib')
[7.235s] INFO:colcon.colcon_core.shell:Creating environment hook '/home/cisco/xbox_ros2_ws/install/controller_interface/share/controller_interface/hook/ld_library_path_lib.ps1'
[7.236s] INFO:colcon.colcon_core.shell:Creating environment descriptor '/home/cisco/xbox_ros2_ws/install/controller_interface/share/controller_interface/hook/ld_library_path_lib.dsv'
[7.237s] INFO:colcon.colcon_core.shell:Creating environment hook '/home/cisco/xbox_ros2_ws/install/controller_interface/share/controller_interface/hook/ld_library_path_lib.sh'
[7.238s] Level 1:colcon.colcon_core.environment:checking '/home/cisco/xbox_ros2_ws/install/controller_interface/bin'
[7.238s] Level 1:colcon.colcon_core.environment:checking '/home/cisco/xbox_ros2_ws/install/controller_interface/lib/pkgconfig/controller_interface.pc'
[7.238s] Level 1:colcon.colcon_core.environment:checking '/home/cisco/xbox_ros2_ws/install/controller_interface/lib/python3.10/site-packages'
[7.239s] Level 1:colcon.colcon_core.environment:checking '/home/cisco/xbox_ros2_ws/install/controller_interface/bin'
[7.240s] INFO:colcon.colcon_core.shell:Creating package script '/home/cisco/xbox_ros2_ws/install/controller_interface/share/controller_interface/package.ps1'
[7.241s] INFO:colcon.colcon_core.shell:Creating package descriptor '/home/cisco/xbox_ros2_ws/install/controller_interface/share/controller_interface/package.dsv'
[7.242s] INFO:colcon.colcon_core.shell:Creating package script '/home/cisco/xbox_ros2_ws/install/controller_interface/share/controller_interface/package.sh'
[7.242s] INFO:colcon.colcon_core.shell:Creating package script '/home/cisco/xbox_ros2_ws/install/controller_interface/share/controller_interface/package.bash'
[7.242s] INFO:colcon.colcon_core.shell:Creating package script '/home/cisco/xbox_ros2_ws/install/controller_interface/share/controller_interface/package.zsh'
[7.243s] Level 1:colcon.colcon_core.environment:create_file_with_runtime_dependencies(/home/cisco/xbox_ros2_ws/install/controller_interface/share/colcon-core/packages/controller_interface)
[7.244s] INFO:colcon.colcon_ros.task.ament_python.build:Building ROS package in '/home/cisco/xbox_ros2_ws/src/xbox_control' with build type 'ament_python'
[7.247s] Level 1:colcon.colcon_core.shell:create_environment_hook('xbox_control', 'ament_prefix_path')
[7.250s] INFO:colcon.colcon_core.shell:Creating environment hook '/home/cisco/xbox_ros2_ws/install/xbox_control/share/xbox_control/hook/ament_prefix_path.ps1'
[7.252s] INFO:colcon.colcon_core.shell:Creating environment descriptor '/home/cisco/xbox_ros2_ws/install/xbox_control/share/xbox_control/hook/ament_prefix_path.dsv'
[7.255s] INFO:colcon.colcon_core.shell:Creating environment hook '/home/cisco/xbox_ros2_ws/install/xbox_control/share/xbox_control/hook/ament_prefix_path.sh'
[7.258s] INFO:colcon.colcon_core.shell:Skip shell extension 'powershell' for command environment: Not usable outside of PowerShell
[7.258s] DEBUG:colcon.colcon_core.shell:Skip shell extension 'dsv' for command environment
[7.711s] INFO:colcon.colcon_core.task.python.build:Building Python package in '/home/cisco/xbox_ros2_ws/src/xbox_control'
[7.714s] INFO:colcon.colcon_core.shell:Skip shell extension 'powershell' for command environment: Not usable outside of PowerShell
[7.714s] DEBUG:colcon.colcon_core.shell:Skip shell extension 'dsv' for command environment
[8.228s] DEBUG:colcon.colcon_core.event_handler.log_command:Invoking command in '/home/cisco/xbox_ros2_ws/src/xbox_control': AMENT_PREFIX_PATH=/home/cisco/xbox_ros2_ws/install/controller_interface:${AMENT_PREFIX_PATH} CMAKE_PREFIX_PATH=/home/cisco/xbox_ros2_ws/install/controller_interface:${CMAKE_PREFIX_PATH} LD_LIBRARY_PATH=/home/cisco/xbox_ros2_ws/install/controller_interface/lib:${LD_LIBRARY_PATH} PYTHONPATH=/home/cisco/xbox_ros2_ws/build/xbox_control/prefix_override:/home/cisco/xbox_ros2_ws/install/xbox_control/lib/python3.10/site-packages:/home/cisco/xbox_ros2_ws/install/controller_interface/local/lib/python3.10/dist-packages:${PYTHONPATH} /usr/bin/python3 setup.py egg_info --egg-base ../../build/xbox_control build --build-base /home/cisco/xbox_ros2_ws/build/xbox_control/build install --record /home/cisco/xbox_ros2_ws/build/xbox_control/install.log --single-version-externally-managed
[8.730s] Level 1:colcon.colcon_core.environment:checking '/home/cisco/xbox_ros2_ws/install/xbox_control' for CMake module files
[8.731s] DEBUG:colcon.colcon_core.event_handler.log_command:Invoked command in '/home/cisco/xbox_ros2_ws/src/xbox_control' returned '0': AMENT_PREFIX_PATH=/home/cisco/xbox_ros2_ws/install/controller_interface:${AMENT_PREFIX_PATH} CMAKE_PREFIX_PATH=/home/cisco/xbox_ros2_ws/install/controller_interface:${CMAKE_PREFIX_PATH} LD_LIBRARY_PATH=/home/cisco/xbox_ros2_ws/install/controller_interface/lib:${LD_LIBRARY_PATH} PYTHONPATH=/home/cisco/xbox_ros2_ws/build/xbox_control/prefix_override:/home/cisco/xbox_ros2_ws/install/xbox_control/lib/python3.10/site-packages:/home/cisco/xbox_ros2_ws/install/controller_interface/local/lib/python3.10/dist-packages:${PYTHONPATH} /usr/bin/python3 setup.py egg_info --egg-base ../../build/xbox_control build --build-base /home/cisco/xbox_ros2_ws/build/xbox_control/build install --record /home/cisco/xbox_ros2_ws/build/xbox_control/install.log --single-version-externally-managed
[8.731s] Level 1:colcon.colcon_core.environment:checking '/home/cisco/xbox_ros2_ws/install/xbox_control' for CMake config files
[8.732s] Level 1:colcon.colcon_core.environment:checking '/home/cisco/xbox_ros2_ws/install/xbox_control/lib'
[8.732s] Level 1:colcon.colcon_core.environment:checking '/home/cisco/xbox_ros2_ws/install/xbox_control/bin'
[8.732s] Level 1:colcon.colcon_core.environment:checking '/home/cisco/xbox_ros2_ws/install/xbox_control/lib/pkgconfig/xbox_control.pc'
[8.732s] Level 1:colcon.colcon_core.environment:checking '/home/cisco/xbox_ros2_ws/install/xbox_control/lib/python3.10/site-packages'
[8.732s] Level 1:colcon.colcon_core.shell:create_environment_hook('xbox_control', 'pythonpath')
[8.733s] INFO:colcon.colcon_core.shell:Creating environment hook '/home/cisco/xbox_ros2_ws/install/xbox_control/share/xbox_control/hook/pythonpath.ps1'
[8.734s] INFO:colcon.colcon_core.shell:Creating environment descriptor '/home/cisco/xbox_ros2_ws/install/xbox_control/share/xbox_control/hook/pythonpath.dsv'
[8.735s] INFO:colcon.colcon_core.shell:Creating environment hook '/home/cisco/xbox_ros2_ws/install/xbox_control/share/xbox_control/hook/pythonpath.sh'
[8.736s] Level 1:colcon.colcon_core.environment:checking '/home/cisco/xbox_ros2_ws/install/xbox_control/bin'
[8.737s] Level 1:colcon.colcon_core.environment:create_environment_scripts_only(xbox_control)
[8.739s] INFO:colcon.colcon_core.shell:Creating package script '/home/cisco/xbox_ros2_ws/install/xbox_control/share/xbox_control/package.ps1'
[8.740s] INFO:colcon.colcon_core.shell:Creating package descriptor '/home/cisco/xbox_ros2_ws/install/xbox_control/share/xbox_control/package.dsv'
[8.741s] INFO:colcon.colcon_core.shell:Creating package script '/home/cisco/xbox_ros2_ws/install/xbox_control/share/xbox_control/package.sh'
[8.741s] INFO:colcon.colcon_core.shell:Creating package script '/home/cisco/xbox_ros2_ws/install/xbox_control/share/xbox_control/package.bash'
[8.742s] INFO:colcon.colcon_core.shell:Creating package script '/home/cisco/xbox_ros2_ws/install/xbox_control/share/xbox_control/package.zsh'
[8.742s] Level 1:colcon.colcon_core.environment:create_file_with_runtime_dependencies(/home/cisco/xbox_ros2_ws/install/xbox_control/share/colcon-core/packages/xbox_control)
[8.742s] DEBUG:colcon.colcon_parallel_executor.executor.parallel:closing loop
[8.743s] DEBUG:colcon.colcon_parallel_executor.executor.parallel:loop closed
[8.744s] DEBUG:colcon.colcon_parallel_executor.executor.parallel:run_until_complete finished with '0'
[8.746s] DEBUG:colcon.colcon_core.event_reactor:joining thread
[8.761s] INFO:colcon.colcon_core.plugin_system:Skipping extension 'colcon_notification.desktop_notification.terminal_notifier': Not used on non-Darwin systems
[8.761s] INFO:colcon.colcon_core.plugin_system:Skipping extension 'colcon_notification.desktop_notification.win32': Not used on non-Windows systems
[8.761s] INFO:colcon.colcon_notification.desktop_notification:Sending desktop notification using 'notify2'
[8.795s] DEBUG:colcon.colcon_core.event_reactor:joined thread
[8.798s] INFO:colcon.colcon_core.shell:Creating prefix script '/home/cisco/xbox_ros2_ws/install/local_setup.ps1'
[8.800s] INFO:colcon.colcon_core.shell:Creating prefix util module '/home/cisco/xbox_ros2_ws/install/_local_setup_util_ps1.py'
[8.802s] INFO:colcon.colcon_core.shell:Creating prefix chain script '/home/cisco/xbox_ros2_ws/install/setup.ps1'
[8.805s] INFO:colcon.colcon_core.shell:Creating prefix script '/home/cisco/xbox_ros2_ws/install/local_setup.sh'
[8.806s] INFO:colcon.colcon_core.shell:Creating prefix util module '/home/cisco/xbox_ros2_ws/install/_local_setup_util_sh.py'
[8.808s] INFO:colcon.colcon_core.shell:Creating prefix chain script '/home/cisco/xbox_ros2_ws/install/setup.sh'
[8.813s] INFO:colcon.colcon_core.shell:Creating prefix script '/home/cisco/xbox_ros2_ws/install/local_setup.bash'
[8.814s] INFO:colcon.colcon_core.shell:Creating prefix chain script '/home/cisco/xbox_ros2_ws/install/setup.bash'
[8.818s] INFO:colcon.colcon_core.shell:Creating prefix script '/home/cisco/xbox_ros2_ws/install/local_setup.zsh'
[8.819s] INFO:colcon.colcon_core.shell:Creating prefix chain script '/home/cisco/xbox_ros2_ws/install/setup.zsh'
