[0.914s] Invoking command in '/home/cisco/xbox_ros2_ws/src/xbox_control': CMAKE_PREFIX_PATH=/home/cisco/xbox_ros2_ws/install/controller_interface:/home/cisco/ros2_ws/install/controller PYTHONPATH=/home/cisco/xbox_ros2_ws/build/xbox_control/prefix_override:/home/cisco/xbox_ros2_ws/install/xbox_control/lib/python3.10/site-packages:${PYTHONPATH} /usr/bin/python3 setup.py egg_info --egg-base ../../build/xbox_control build --build-base /home/cisco/xbox_ros2_ws/build/xbox_control/build install --record /home/cisco/xbox_ros2_ws/build/xbox_control/install.log --single-version-externally-managed
[1.220s] running egg_info
[1.221s] writing ../../build/xbox_control/xbox_control.egg-info/PKG-INFO
[1.222s] writing dependency_links to ../../build/xbox_control/xbox_control.egg-info/dependency_links.txt
[1.222s] writing entry points to ../../build/xbox_control/xbox_control.egg-info/entry_points.txt
[1.223s] writing requirements to ../../build/xbox_control/xbox_control.egg-info/requires.txt
[1.223s] writing top-level names to ../../build/xbox_control/xbox_control.egg-info/top_level.txt
[1.225s] reading manifest file '../../build/xbox_control/xbox_control.egg-info/SOURCES.txt'
[1.226s] writing manifest file '../../build/xbox_control/xbox_control.egg-info/SOURCES.txt'
[1.226s] running build
[1.226s] running build_py
[1.227s] copying xbox_control/xbox_sub.py -> /home/cisco/xbox_ros2_ws/build/xbox_control/build/lib/xbox_control
[1.227s] running install
[1.227s] running install_lib
[1.228s] copying /home/cisco/xbox_ros2_ws/build/xbox_control/build/lib/xbox_control/xbox_sub.py -> /home/cisco/xbox_ros2_ws/install/xbox_control/lib/python3.10/site-packages/xbox_control
[1.228s] byte-compiling /home/cisco/xbox_ros2_ws/install/xbox_control/lib/python3.10/site-packages/xbox_control/xbox_sub.py to xbox_sub.cpython-310.pyc
[1.229s] running install_data
[1.230s] running install_egg_info
[1.232s] removing '/home/cisco/xbox_ros2_ws/install/xbox_control/lib/python3.10/site-packages/xbox_control-0.0.0-py3.10.egg-info' (and everything under it)
[1.232s] Copying ../../build/xbox_control/xbox_control.egg-info to /home/cisco/xbox_ros2_ws/install/xbox_control/lib/python3.10/site-packages/xbox_control-0.0.0-py3.10.egg-info
[1.233s] running install_scripts
[1.256s] Installing xbox_pub script to /home/cisco/xbox_ros2_ws/install/xbox_control/lib/xbox_control
[1.257s] Installing xbox_sub script to /home/cisco/xbox_ros2_ws/install/xbox_control/lib/xbox_control
[1.257s] writing list of installed files to '/home/cisco/xbox_ros2_ws/build/xbox_control/install.log'
[1.289s] Invoked command in '/home/cisco/xbox_ros2_ws/src/xbox_control' returned '0': CMAKE_PREFIX_PATH=/home/cisco/xbox_ros2_ws/install/controller_interface:/home/cisco/ros2_ws/install/controller PYTHONPATH=/home/cisco/xbox_ros2_ws/build/xbox_control/prefix_override:/home/cisco/xbox_ros2_ws/install/xbox_control/lib/python3.10/site-packages:${PYTHONPATH} /usr/bin/python3 setup.py egg_info --egg-base ../../build/xbox_control build --build-base /home/cisco/xbox_ros2_ws/build/xbox_control/build install --record /home/cisco/xbox_ros2_ws/build/xbox_control/install.log --single-version-externally-managed
