[0.972s] Invoking command in '/home/cisco/xbox_ros2_ws/src/xbox_control': CMAKE_PREFIX_PATH=/home/cisco/xbox_ros2_ws/install/controller_interface:/home/cisco/ros2_ws/install/controller PYTHONPATH=/home/cisco/xbox_ros2_ws/build/xbox_control/prefix_override:/home/cisco/xbox_ros2_ws/install/xbox_control/lib/python3.10/site-packages:${PYTHONPATH} /usr/bin/python3 setup.py egg_info --egg-base ../../build/xbox_control build --build-base /home/cisco/xbox_ros2_ws/build/xbox_control/build install --record /home/cisco/xbox_ros2_ws/build/xbox_control/install.log --single-version-externally-managed
[1.286s] running egg_info
[1.287s] writing ../../build/xbox_control/xbox_control.egg-info/PKG-INFO
[1.288s] writing dependency_links to ../../build/xbox_control/xbox_control.egg-info/dependency_links.txt
[1.289s] writing entry points to ../../build/xbox_control/xbox_control.egg-info/entry_points.txt
[1.290s] writing requirements to ../../build/xbox_control/xbox_control.egg-info/requires.txt
[1.290s] writing top-level names to ../../build/xbox_control/xbox_control.egg-info/top_level.txt
[1.293s] reading manifest file '../../build/xbox_control/xbox_control.egg-info/SOURCES.txt'
[1.294s] writing manifest file '../../build/xbox_control/xbox_control.egg-info/SOURCES.txt'
[1.294s] running build
[1.295s] running build_py
[1.295s] copying xbox_control/xbox_pub.py -> /home/cisco/xbox_ros2_ws/build/xbox_control/build/lib/xbox_control
[1.296s] running install
[1.296s] running install_lib
[1.297s] copying /home/cisco/xbox_ros2_ws/build/xbox_control/build/lib/xbox_control/xbox_pub.py -> /home/cisco/xbox_ros2_ws/install/xbox_control/lib/python3.10/site-packages/xbox_control
[1.298s] byte-compiling /home/cisco/xbox_ros2_ws/install/xbox_control/lib/python3.10/site-packages/xbox_control/xbox_pub.py to xbox_pub.cpython-310.pyc
[1.300s] running install_data
[1.301s] running install_egg_info
[1.302s] removing '/home/cisco/xbox_ros2_ws/install/xbox_control/lib/python3.10/site-packages/xbox_control-0.0.0-py3.10.egg-info' (and everything under it)
[1.304s] Copying ../../build/xbox_control/xbox_control.egg-info to /home/cisco/xbox_ros2_ws/install/xbox_control/lib/python3.10/site-packages/xbox_control-0.0.0-py3.10.egg-info
[1.306s] running install_scripts
[1.326s] Installing xbox_pub script to /home/cisco/xbox_ros2_ws/install/xbox_control/lib/xbox_control
[1.327s] Installing xbox_sub script to /home/cisco/xbox_ros2_ws/install/xbox_control/lib/xbox_control
[1.327s] writing list of installed files to '/home/cisco/xbox_ros2_ws/build/xbox_control/install.log'
[1.359s] Invoked command in '/home/cisco/xbox_ros2_ws/src/xbox_control' returned '0': CMAKE_PREFIX_PATH=/home/cisco/xbox_ros2_ws/install/controller_interface:/home/cisco/ros2_ws/install/controller PYTHONPATH=/home/cisco/xbox_ros2_ws/build/xbox_control/prefix_override:/home/cisco/xbox_ros2_ws/install/xbox_control/lib/python3.10/site-packages:${PYTHONPATH} /usr/bin/python3 setup.py egg_info --egg-base ../../build/xbox_control build --build-base /home/cisco/xbox_ros2_ws/build/xbox_control/build install --record /home/cisco/xbox_ros2_ws/build/xbox_control/install.log --single-version-externally-managed
