[0.682s] Invoking command in '/home/cisco/xbox_ros2_ws/src/xbox_control': PYTHONPATH=/home/cisco/xbox_ros2_ws/src/build/xbox_control/prefix_override:/home/cisco/xbox_ros2_ws/src/install/xbox_control/lib/python3.10/site-packages:${PYTHONPATH} /usr/bin/python3 setup.py egg_info --egg-base ../build/xbox_control build --build-base /home/cisco/xbox_ros2_ws/src/build/xbox_control/build install --record /home/cisco/xbox_ros2_ws/src/build/xbox_control/install.log --single-version-externally-managed
[0.932s] running egg_info
[0.932s] writing ../build/xbox_control/xbox_control.egg-info/PKG-INFO
[0.933s] writing dependency_links to ../build/xbox_control/xbox_control.egg-info/dependency_links.txt
[0.933s] writing entry points to ../build/xbox_control/xbox_control.egg-info/entry_points.txt
[0.934s] writing requirements to ../build/xbox_control/xbox_control.egg-info/requires.txt
[0.934s] writing top-level names to ../build/xbox_control/xbox_control.egg-info/top_level.txt
[0.936s] reading manifest file '../build/xbox_control/xbox_control.egg-info/SOURCES.txt'
[0.936s] writing manifest file '../build/xbox_control/xbox_control.egg-info/SOURCES.txt'
[0.937s] running build
[0.937s] running build_py
[0.937s] running install
[0.938s] running install_lib
[0.939s] running install_data
[0.939s] running install_egg_info
[0.941s] removing '/home/cisco/xbox_ros2_ws/src/install/xbox_control/lib/python3.10/site-packages/xbox_control-0.0.0-py3.10.egg-info' (and everything under it)
[0.941s] Copying ../build/xbox_control/xbox_control.egg-info to /home/cisco/xbox_ros2_ws/src/install/xbox_control/lib/python3.10/site-packages/xbox_control-0.0.0-py3.10.egg-info
[0.942s] running install_scripts
[0.959s] Installing xbox_pub = xbox_control.xbox_control.xbox_pub:mainxbox_sub script to /home/cisco/xbox_ros2_ws/src/install/xbox_control/lib/xbox_control
[0.960s] writing list of installed files to '/home/cisco/xbox_ros2_ws/src/build/xbox_control/install.log'
[0.988s] Invoked command in '/home/cisco/xbox_ros2_ws/src/xbox_control' returned '0': PYTHONPATH=/home/cisco/xbox_ros2_ws/src/build/xbox_control/prefix_override:/home/cisco/xbox_ros2_ws/src/install/xbox_control/lib/python3.10/site-packages:${PYTHONPATH} /usr/bin/python3 setup.py egg_info --egg-base ../build/xbox_control build --build-base /home/cisco/xbox_ros2_ws/src/build/xbox_control/build install --record /home/cisco/xbox_ros2_ws/src/build/xbox_control/install.log --single-version-externally-managed
