[0.021s] Invoking command in '/home/cisco/xbox_ros2_ws/build/controller_interface': CMAKE_PREFIX_PATH=${CMAKE_PREFIX_PATH}:/home/cisco/xbox_ros2_ws/install/xbox_control:/opt/ros/humble /usr/bin/cmake --build /home/cisco/xbox_ros2_ws/build/controller_interface -- -j4 -l4
[0.077s] [  6%] Built target controller_interface__cpp
[0.077s] [ 12%] Built target controller_interface__rosidl_generator_c
[0.100s] [ 12%] Built target ament_cmake_python_copy_controller_interface
[0.102s] [ 22%] Built target controller_interface__rosidl_typesupport_introspection_cpp
[0.105s] [ 41%] Built target controller_interface__rosidl_typesupport_fastrtps_cpp
[0.105s] [ 41%] Built target controller_interface__rosidl_typesupport_cpp
[0.137s] [ 51%] Built target controller_interface__rosidl_typesupport_fastrtps_c
[0.140s] [ 61%] Built target controller_interface__rosidl_typesupport_introspection_c
[0.144s] [ 70%] Built target controller_interface__rosidl_typesupport_c
[0.164s] [ 70%] Built target controller_interface
[0.184s] [ 74%] Built target controller_interface__py
[0.207s] [ 80%] Built target controller_interface__rosidl_generator_py
[0.237s] [ 87%] Built target controller_interface__rosidl_typesupport_c__pyext
[0.239s] [ 93%] Built target controller_interface__rosidl_typesupport_fastrtps_c__pyext
[0.242s] [100%] Built target controller_interface__rosidl_typesupport_introspection_c__pyext
[0.443s] running egg_info
[0.443s] writing controller_interface.egg-info/PKG-INFO
[0.444s] writing dependency_links to controller_interface.egg-info/dependency_links.txt
[0.444s] writing top-level names to controller_interface.egg-info/top_level.txt
[0.447s] reading manifest file 'controller_interface.egg-info/SOURCES.txt'
[0.447s] writing manifest file 'controller_interface.egg-info/SOURCES.txt'
[0.483s] [100%] Built target ament_cmake_python_build_controller_interface_egg
[0.499s] Invoked command in '/home/cisco/xbox_ros2_ws/build/controller_interface' returned '0': CMAKE_PREFIX_PATH=${CMAKE_PREFIX_PATH}:/home/cisco/xbox_ros2_ws/install/xbox_control:/opt/ros/humble /usr/bin/cmake --build /home/cisco/xbox_ros2_ws/build/controller_interface -- -j4 -l4
[0.581s] Invoking command in '/home/cisco/xbox_ros2_ws/build/controller_interface': CMAKE_PREFIX_PATH=${CMAKE_PREFIX_PATH}:/home/cisco/xbox_ros2_ws/install/xbox_control:/opt/ros/humble /usr/bin/cmake --install /home/cisco/xbox_ros2_ws/build/controller_interface
[0.591s] -- Install configuration: ""
[0.591s] -- Up-to-date: /home/cisco/xbox_ros2_ws/install/controller_interface/share/ament_index/resource_index/rosidl_interfaces/controller_interface
[0.591s] -- Up-to-date: /home/cisco/xbox_ros2_ws/install/controller_interface/include/controller_interface/controller_interface
[0.592s] -- Up-to-date: /home/cisco/xbox_ros2_ws/install/controller_interface/include/controller_interface/controller_interface/msg
[0.592s] -- Up-to-date: /home/cisco/xbox_ros2_ws/install/controller_interface/include/controller_interface/controller_interface/msg/rosidl_generator_c__visibility_control.h
[0.592s] -- Up-to-date: /home/cisco/xbox_ros2_ws/install/controller_interface/include/controller_interface/controller_interface/msg/detail
[0.593s] -- Up-to-date: /home/cisco/xbox_ros2_ws/install/controller_interface/include/controller_interface/controller_interface/msg/detail/control__functions.c
[0.593s] -- Up-to-date: /home/cisco/xbox_ros2_ws/install/controller_interface/include/controller_interface/controller_interface/msg/detail/control__struct.h
[0.593s] -- Up-to-date: /home/cisco/xbox_ros2_ws/install/controller_interface/include/controller_interface/controller_interface/msg/detail/control__type_support.h
[0.593s] -- Up-to-date: /home/cisco/xbox_ros2_ws/install/controller_interface/include/controller_interface/controller_interface/msg/detail/control__functions.h
[0.594s] -- Up-to-date: /home/cisco/xbox_ros2_ws/install/controller_interface/include/controller_interface/controller_interface/msg/control.h
[0.594s] -- Up-to-date: /home/cisco/xbox_ros2_ws/install/controller_interface/share/controller_interface/environment/library_path.sh
[0.595s] -- Up-to-date: /home/cisco/xbox_ros2_ws/install/controller_interface/share/controller_interface/environment/library_path.dsv
[0.595s] -- Up-to-date: /home/cisco/xbox_ros2_ws/install/controller_interface/lib/libcontroller_interface__rosidl_generator_c.so
[0.595s] -- Up-to-date: /home/cisco/xbox_ros2_ws/install/controller_interface/include/controller_interface/controller_interface
[0.595s] -- Up-to-date: /home/cisco/xbox_ros2_ws/install/controller_interface/include/controller_interface/controller_interface/msg
[0.595s] -- Up-to-date: /home/cisco/xbox_ros2_ws/install/controller_interface/include/controller_interface/controller_interface/msg/rosidl_typesupport_fastrtps_c__visibility_control.h
[0.595s] -- Up-to-date: /home/cisco/xbox_ros2_ws/install/controller_interface/include/controller_interface/controller_interface/msg/detail
[0.596s] -- Up-to-date: /home/cisco/xbox_ros2_ws/install/controller_interface/include/controller_interface/controller_interface/msg/detail/control__rosidl_typesupport_fastrtps_c.h
[0.596s] -- Up-to-date: /home/cisco/xbox_ros2_ws/install/controller_interface/lib/libcontroller_interface__rosidl_typesupport_fastrtps_c.so
[0.596s] -- Up-to-date: /home/cisco/xbox_ros2_ws/install/controller_interface/include/controller_interface/controller_interface
[0.597s] -- Up-to-date: /home/cisco/xbox_ros2_ws/install/controller_interface/include/controller_interface/controller_interface/msg
[0.597s] -- Up-to-date: /home/cisco/xbox_ros2_ws/install/controller_interface/include/controller_interface/controller_interface/msg/detail
[0.597s] -- Up-to-date: /home/cisco/xbox_ros2_ws/install/controller_interface/include/controller_interface/controller_interface/msg/detail/control__type_support.c
[0.597s] -- Up-to-date: /home/cisco/xbox_ros2_ws/install/controller_interface/include/controller_interface/controller_interface/msg/detail/control__rosidl_typesupport_introspection_c.h
[0.597s] -- Up-to-date: /home/cisco/xbox_ros2_ws/install/controller_interface/include/controller_interface/controller_interface/msg/rosidl_typesupport_introspection_c__visibility_control.h
[0.597s] -- Up-to-date: /home/cisco/xbox_ros2_ws/install/controller_interface/lib/libcontroller_interface__rosidl_typesupport_introspection_c.so
[0.597s] -- Up-to-date: /home/cisco/xbox_ros2_ws/install/controller_interface/lib/libcontroller_interface__rosidl_typesupport_c.so
[0.598s] -- Up-to-date: /home/cisco/xbox_ros2_ws/install/controller_interface/include/controller_interface/controller_interface
[0.598s] -- Up-to-date: /home/cisco/xbox_ros2_ws/install/controller_interface/include/controller_interface/controller_interface/msg
[0.598s] -- Up-to-date: /home/cisco/xbox_ros2_ws/install/controller_interface/include/controller_interface/controller_interface/msg/detail
[0.598s] -- Up-to-date: /home/cisco/xbox_ros2_ws/install/controller_interface/include/controller_interface/controller_interface/msg/detail/control__traits.hpp
[0.598s] -- Up-to-date: /home/cisco/xbox_ros2_ws/install/controller_interface/include/controller_interface/controller_interface/msg/detail/control__struct.hpp
[0.598s] -- Up-to-date: /home/cisco/xbox_ros2_ws/install/controller_interface/include/controller_interface/controller_interface/msg/detail/control__builder.hpp
[0.598s] -- Up-to-date: /home/cisco/xbox_ros2_ws/install/controller_interface/include/controller_interface/controller_interface/msg/control.hpp
[0.598s] -- Up-to-date: /home/cisco/xbox_ros2_ws/install/controller_interface/include/controller_interface/controller_interface
[0.598s] -- Up-to-date: /home/cisco/xbox_ros2_ws/install/controller_interface/include/controller_interface/controller_interface/msg
[0.599s] -- Up-to-date: /home/cisco/xbox_ros2_ws/install/controller_interface/include/controller_interface/controller_interface/msg/detail
[0.599s] -- Up-to-date: /home/cisco/xbox_ros2_ws/install/controller_interface/include/controller_interface/controller_interface/msg/detail/dds_fastrtps
[0.599s] -- Up-to-date: /home/cisco/xbox_ros2_ws/install/controller_interface/include/controller_interface/controller_interface/msg/detail/control__rosidl_typesupport_fastrtps_cpp.hpp
[0.599s] -- Up-to-date: /home/cisco/xbox_ros2_ws/install/controller_interface/include/controller_interface/controller_interface/msg/rosidl_typesupport_fastrtps_cpp__visibility_control.h
[0.599s] -- Up-to-date: /home/cisco/xbox_ros2_ws/install/controller_interface/lib/libcontroller_interface__rosidl_typesupport_fastrtps_cpp.so
[0.599s] -- Up-to-date: /home/cisco/xbox_ros2_ws/install/controller_interface/include/controller_interface/controller_interface
[0.599s] -- Up-to-date: /home/cisco/xbox_ros2_ws/install/controller_interface/include/controller_interface/controller_interface/msg
[0.599s] -- Up-to-date: /home/cisco/xbox_ros2_ws/install/controller_interface/include/controller_interface/controller_interface/msg/detail
[0.599s] -- Up-to-date: /home/cisco/xbox_ros2_ws/install/controller_interface/include/controller_interface/controller_interface/msg/detail/control__rosidl_typesupport_introspection_cpp.hpp
[0.599s] -- Up-to-date: /home/cisco/xbox_ros2_ws/install/controller_interface/include/controller_interface/controller_interface/msg/detail/control__type_support.cpp
[0.599s] -- Up-to-date: /home/cisco/xbox_ros2_ws/install/controller_interface/lib/libcontroller_interface__rosidl_typesupport_introspection_cpp.so
[0.600s] -- Up-to-date: /home/cisco/xbox_ros2_ws/install/controller_interface/lib/libcontroller_interface__rosidl_typesupport_cpp.so
[0.600s] -- Up-to-date: /home/cisco/xbox_ros2_ws/install/controller_interface/share/controller_interface/environment/pythonpath.sh
[0.600s] -- Up-to-date: /home/cisco/xbox_ros2_ws/install/controller_interface/share/controller_interface/environment/pythonpath.dsv
[0.600s] -- Up-to-date: /home/cisco/xbox_ros2_ws/install/controller_interface/local/lib/python3.10/dist-packages/controller_interface-0.0.0-py3.10.egg-info
[0.600s] -- Installing: /home/cisco/xbox_ros2_ws/install/controller_interface/local/lib/python3.10/dist-packages/controller_interface-0.0.0-py3.10.egg-info/SOURCES.txt
[0.600s] -- Installing: /home/cisco/xbox_ros2_ws/install/controller_interface/local/lib/python3.10/dist-packages/controller_interface-0.0.0-py3.10.egg-info/PKG-INFO
[0.600s] -- Installing: /home/cisco/xbox_ros2_ws/install/controller_interface/local/lib/python3.10/dist-packages/controller_interface-0.0.0-py3.10.egg-info/dependency_links.txt
[0.600s] -- Installing: /home/cisco/xbox_ros2_ws/install/controller_interface/local/lib/python3.10/dist-packages/controller_interface-0.0.0-py3.10.egg-info/top_level.txt
[0.600s] -- Up-to-date: /home/cisco/xbox_ros2_ws/install/controller_interface/local/lib/python3.10/dist-packages/controller_interface
[0.600s] -- Up-to-date: /home/cisco/xbox_ros2_ws/install/controller_interface/local/lib/python3.10/dist-packages/controller_interface/_controller_interface_s.ep.rosidl_typesupport_c.c
[0.601s] -- Up-to-date: /home/cisco/xbox_ros2_ws/install/controller_interface/local/lib/python3.10/dist-packages/controller_interface/__init__.py
[0.601s] -- Up-to-date: /home/cisco/xbox_ros2_ws/install/controller_interface/local/lib/python3.10/dist-packages/controller_interface/_controller_interface_s.ep.rosidl_typesupport_introspection_c.c
[0.601s] -- Up-to-date: /home/cisco/xbox_ros2_ws/install/controller_interface/local/lib/python3.10/dist-packages/controller_interface/controller_interface_s__rosidl_typesupport_fastrtps_c.cpython-310-x86_64-linux-gnu.so
[0.601s] -- Up-to-date: /home/cisco/xbox_ros2_ws/install/controller_interface/local/lib/python3.10/dist-packages/controller_interface/libcontroller_interface__rosidl_generator_py.so
[0.602s] -- Up-to-date: /home/cisco/xbox_ros2_ws/install/controller_interface/local/lib/python3.10/dist-packages/controller_interface/controller_interface_s__rosidl_typesupport_introspection_c.cpython-310-x86_64-linux-gnu.so
[0.602s] -- Up-to-date: /home/cisco/xbox_ros2_ws/install/controller_interface/local/lib/python3.10/dist-packages/controller_interface/_controller_interface_s.ep.rosidl_typesupport_fastrtps_c.c
[0.602s] -- Up-to-date: /home/cisco/xbox_ros2_ws/install/controller_interface/local/lib/python3.10/dist-packages/controller_interface/msg
[0.603s] -- Up-to-date: /home/cisco/xbox_ros2_ws/install/controller_interface/local/lib/python3.10/dist-packages/controller_interface/msg/__init__.py
[0.603s] -- Up-to-date: /home/cisco/xbox_ros2_ws/install/controller_interface/local/lib/python3.10/dist-packages/controller_interface/msg/_control_s.c
[0.603s] -- Up-to-date: /home/cisco/xbox_ros2_ws/install/controller_interface/local/lib/python3.10/dist-packages/controller_interface/msg/_control.py
[0.603s] -- Up-to-date: /home/cisco/xbox_ros2_ws/install/controller_interface/local/lib/python3.10/dist-packages/controller_interface/controller_interface_s__rosidl_typesupport_c.cpython-310-x86_64-linux-gnu.so
[0.633s] Listing '/home/cisco/xbox_ros2_ws/install/controller_interface/local/lib/python3.10/dist-packages/controller_interface'...
[0.633s] Listing '/home/cisco/xbox_ros2_ws/install/controller_interface/local/lib/python3.10/dist-packages/controller_interface/msg'...
[0.638s] -- Up-to-date: /home/cisco/xbox_ros2_ws/install/controller_interface/local/lib/python3.10/dist-packages/controller_interface/controller_interface_s__rosidl_typesupport_fastrtps_c.cpython-310-x86_64-linux-gnu.so
[0.638s] -- Up-to-date: /home/cisco/xbox_ros2_ws/install/controller_interface/local/lib/python3.10/dist-packages/controller_interface/controller_interface_s__rosidl_typesupport_introspection_c.cpython-310-x86_64-linux-gnu.so
[0.639s] -- Up-to-date: /home/cisco/xbox_ros2_ws/install/controller_interface/local/lib/python3.10/dist-packages/controller_interface/controller_interface_s__rosidl_typesupport_c.cpython-310-x86_64-linux-gnu.so
[0.640s] -- Up-to-date: /home/cisco/xbox_ros2_ws/install/controller_interface/lib/libcontroller_interface__rosidl_generator_py.so
[0.640s] -- Up-to-date: /home/cisco/xbox_ros2_ws/install/controller_interface/share/controller_interface/msg/Control.idl
[0.641s] -- Up-to-date: /home/cisco/xbox_ros2_ws/install/controller_interface/share/controller_interface/msg/Control.msg
[0.643s] -- Up-to-date: /home/cisco/xbox_ros2_ws/install/controller_interface/share/ament_index/resource_index/package_run_dependencies/controller_interface
[0.643s] -- Up-to-date: /home/cisco/xbox_ros2_ws/install/controller_interface/share/ament_index/resource_index/parent_prefix_path/controller_interface
[0.643s] -- Up-to-date: /home/cisco/xbox_ros2_ws/install/controller_interface/share/controller_interface/environment/ament_prefix_path.sh
[0.644s] -- Up-to-date: /home/cisco/xbox_ros2_ws/install/controller_interface/share/controller_interface/environment/ament_prefix_path.dsv
[0.644s] -- Up-to-date: /home/cisco/xbox_ros2_ws/install/controller_interface/share/controller_interface/environment/path.sh
[0.644s] -- Up-to-date: /home/cisco/xbox_ros2_ws/install/controller_interface/share/controller_interface/environment/path.dsv
[0.644s] -- Up-to-date: /home/cisco/xbox_ros2_ws/install/controller_interface/share/controller_interface/local_setup.bash
[0.644s] -- Up-to-date: /home/cisco/xbox_ros2_ws/install/controller_interface/share/controller_interface/local_setup.sh
[0.645s] -- Up-to-date: /home/cisco/xbox_ros2_ws/install/controller_interface/share/controller_interface/local_setup.zsh
[0.645s] -- Up-to-date: /home/cisco/xbox_ros2_ws/install/controller_interface/share/controller_interface/local_setup.dsv
[0.647s] -- Installing: /home/cisco/xbox_ros2_ws/install/controller_interface/share/controller_interface/package.dsv
[0.648s] -- Up-to-date: /home/cisco/xbox_ros2_ws/install/controller_interface/share/ament_index/resource_index/packages/controller_interface
[0.649s] -- Up-to-date: /home/cisco/xbox_ros2_ws/install/controller_interface/share/controller_interface/cmake/export_controller_interface__rosidl_generator_cExport.cmake
[0.650s] -- Up-to-date: /home/cisco/xbox_ros2_ws/install/controller_interface/share/controller_interface/cmake/export_controller_interface__rosidl_generator_cExport-noconfig.cmake
[0.653s] -- Up-to-date: /home/cisco/xbox_ros2_ws/install/controller_interface/share/controller_interface/cmake/export_controller_interface__rosidl_typesupport_fastrtps_cExport.cmake
[0.655s] -- Up-to-date: /home/cisco/xbox_ros2_ws/install/controller_interface/share/controller_interface/cmake/export_controller_interface__rosidl_typesupport_fastrtps_cExport-noconfig.cmake
[0.655s] -- Up-to-date: /home/cisco/xbox_ros2_ws/install/controller_interface/share/controller_interface/cmake/controller_interface__rosidl_typesupport_introspection_cExport.cmake
[0.656s] -- Up-to-date: /home/cisco/xbox_ros2_ws/install/controller_interface/share/controller_interface/cmake/controller_interface__rosidl_typesupport_introspection_cExport-noconfig.cmake
[0.657s] -- Up-to-date: /home/cisco/xbox_ros2_ws/install/controller_interface/share/controller_interface/cmake/controller_interface__rosidl_typesupport_cExport.cmake
[0.658s] -- Up-to-date: /home/cisco/xbox_ros2_ws/install/controller_interface/share/controller_interface/cmake/controller_interface__rosidl_typesupport_cExport-noconfig.cmake
[0.658s] -- Up-to-date: /home/cisco/xbox_ros2_ws/install/controller_interface/share/controller_interface/cmake/export_controller_interface__rosidl_generator_cppExport.cmake
[0.659s] -- Up-to-date: /home/cisco/xbox_ros2_ws/install/controller_interface/share/controller_interface/cmake/export_controller_interface__rosidl_typesupport_fastrtps_cppExport.cmake
[0.664s] -- Up-to-date: /home/cisco/xbox_ros2_ws/install/controller_interface/share/controller_interface/cmake/export_controller_interface__rosidl_typesupport_fastrtps_cppExport-noconfig.cmake
[0.665s] -- Up-to-date: /home/cisco/xbox_ros2_ws/install/controller_interface/share/controller_interface/cmake/controller_interface__rosidl_typesupport_introspection_cppExport.cmake
[0.667s] -- Up-to-date: /home/cisco/xbox_ros2_ws/install/controller_interface/share/controller_interface/cmake/controller_interface__rosidl_typesupport_introspection_cppExport-noconfig.cmake
[0.669s] -- Up-to-date: /home/cisco/xbox_ros2_ws/install/controller_interface/share/controller_interface/cmake/controller_interface__rosidl_typesupport_cppExport.cmake
[0.669s] -- Up-to-date: /home/cisco/xbox_ros2_ws/install/controller_interface/share/controller_interface/cmake/controller_interface__rosidl_typesupport_cppExport-noconfig.cmake
[0.670s] -- Up-to-date: /home/cisco/xbox_ros2_ws/install/controller_interface/share/controller_interface/cmake/export_controller_interface__rosidl_generator_pyExport.cmake
[0.670s] -- Up-to-date: /home/cisco/xbox_ros2_ws/install/controller_interface/share/controller_interface/cmake/export_controller_interface__rosidl_generator_pyExport-noconfig.cmake
[0.671s] -- Up-to-date: /home/cisco/xbox_ros2_ws/install/controller_interface/share/controller_interface/cmake/rosidl_cmake-extras.cmake
[0.675s] -- Up-to-date: /home/cisco/xbox_ros2_ws/install/controller_interface/share/controller_interface/cmake/ament_cmake_export_include_directories-extras.cmake
[0.676s] -- Up-to-date: /home/cisco/xbox_ros2_ws/install/controller_interface/share/controller_interface/cmake/ament_cmake_export_libraries-extras.cmake
[0.677s] -- Up-to-date: /home/cisco/xbox_ros2_ws/install/controller_interface/share/controller_interface/cmake/ament_cmake_export_targets-extras.cmake
[0.679s] -- Up-to-date: /home/cisco/xbox_ros2_ws/install/controller_interface/share/controller_interface/cmake/rosidl_cmake_export_typesupport_targets-extras.cmake
[0.681s] -- Up-to-date: /home/cisco/xbox_ros2_ws/install/controller_interface/share/controller_interface/cmake/ament_cmake_export_dependencies-extras.cmake
[0.682s] -- Up-to-date: /home/cisco/xbox_ros2_ws/install/controller_interface/share/controller_interface/cmake/rosidl_cmake_export_typesupport_libraries-extras.cmake
[0.682s] -- Up-to-date: /home/cisco/xbox_ros2_ws/install/controller_interface/share/controller_interface/cmake/controller_interfaceConfig.cmake
[0.683s] -- Up-to-date: /home/cisco/xbox_ros2_ws/install/controller_interface/share/controller_interface/cmake/controller_interfaceConfig-version.cmake
[0.684s] -- Up-to-date: /home/cisco/xbox_ros2_ws/install/controller_interface/share/controller_interface/package.xml
[0.684s] Invoked command in '/home/cisco/xbox_ros2_ws/build/controller_interface' returned '0': CMAKE_PREFIX_PATH=${CMAKE_PREFIX_PATH}:/home/cisco/xbox_ros2_ws/install/xbox_control:/opt/ros/humble /usr/bin/cmake --install /home/cisco/xbox_ros2_ws/build/controller_interface
