[0.398s] DEBUG:colcon:Command line arguments: ['/usr/bin/colcon', 'build']
[0.399s] DEBUG:colcon:Parsed command line arguments: Namespace(log_base=None, log_level=None, verb_name='build', build_base='build', install_base='install', merge_install=False, symlink_install=False, test_result_base=None, continue_on_error=False, executor='parallel', parallel_workers=4, event_handlers=None, ignore_user_meta=False, metas=['./colcon.meta'], base_paths=['.'], packages_ignore=None, packages_ignore_regex=None, paths=None, packages_up_to=None, packages_up_to_regex=None, packages_above=None, packages_above_and_dependencies=None, packages_above_depth=None, packages_select_by_dep=None, packages_skip_by_dep=None, packages_skip_up_to=None, packages_select_build_failed=False, packages_skip_build_finished=False, packages_select_test_failures=False, packages_skip_test_passed=False, packages_select=None, packages_skip=None, packages_select_regex=None, packages_skip_regex=None, packages_start=None, packages_end=None, allow_overriding=[], cmake_args=None, cmake_target=None, cmake_target_skip_unavailable=False, cmake_clean_cache=False, cmake_clean_first=False, cmake_force_configure=False, ament_cmake_args=None, catkin_cmake_args=None, catkin_skip_building_tests=False, verb_parser=<colcon_defaults.argument_parser.defaults.DefaultArgumentsDecorator object at 0x7ff896870fa0>, verb_extension=<colcon_core.verb.build.BuildVerb object at 0x7ff896870a30>, main=<bound method BuildVerb.main of <colcon_core.verb.build.BuildVerb object at 0x7ff896870a30>>)
[0.471s] Level 1:colcon.colcon_core.package_discovery:discover_packages(colcon_meta) check parameters
[0.471s] Level 1:colcon.colcon_core.package_discovery:discover_packages(recursive) check parameters
[0.471s] Level 1:colcon.colcon_core.package_discovery:discover_packages(ignore) check parameters
[0.471s] Level 1:colcon.colcon_core.package_discovery:discover_packages(path) check parameters
[0.471s] Level 1:colcon.colcon_core.package_discovery:discover_packages(colcon_meta) discover
[0.471s] Level 1:colcon.colcon_core.package_discovery:discover_packages(recursive) discover
[0.472s] INFO:colcon.colcon_core.package_discovery:Crawling recursively for packages in '/home/cisco/xbox_ros2_ws'
[0.472s] Level 1:colcon.colcon_core.package_identification:_identify(.) by extensions ['ignore', 'ignore_ament_install']
[0.472s] Level 1:colcon.colcon_core.package_identification:_identify(.) by extension 'ignore'
[0.472s] Level 1:colcon.colcon_core.package_identification:_identify(.) by extension 'ignore_ament_install'
[0.472s] Level 1:colcon.colcon_core.package_identification:_identify(.) by extensions ['colcon_pkg']
[0.472s] Level 1:colcon.colcon_core.package_identification:_identify(.) by extension 'colcon_pkg'
[0.472s] Level 1:colcon.colcon_core.package_identification:_identify(.) by extensions ['colcon_meta']
[0.472s] Level 1:colcon.colcon_core.package_identification:_identify(.) by extension 'colcon_meta'
[0.472s] Level 1:colcon.colcon_core.package_identification:_identify(.) by extensions ['ros']
[0.472s] Level 1:colcon.colcon_core.package_identification:_identify(.) by extension 'ros'
[0.498s] Level 1:colcon.colcon_core.package_identification:_identify(.) by extensions ['cmake', 'python']
[0.498s] Level 1:colcon.colcon_core.package_identification:_identify(.) by extension 'cmake'
[0.498s] Level 1:colcon.colcon_core.package_identification:_identify(.) by extension 'python'
[0.498s] Level 1:colcon.colcon_core.package_identification:_identify(.) by extensions ['python_setup_py']
[0.498s] Level 1:colcon.colcon_core.package_identification:_identify(.) by extension 'python_setup_py'
[0.498s] Level 1:colcon.colcon_core.package_identification:_identify(build) by extensions ['ignore', 'ignore_ament_install']
[0.499s] Level 1:colcon.colcon_core.package_identification:_identify(build) by extension 'ignore'
[0.499s] Level 1:colcon.colcon_core.package_identification:_identify(build) ignored
[0.499s] Level 1:colcon.colcon_core.package_identification:_identify(install) by extensions ['ignore', 'ignore_ament_install']
[0.499s] Level 1:colcon.colcon_core.package_identification:_identify(install) by extension 'ignore'
[0.499s] Level 1:colcon.colcon_core.package_identification:_identify(install) ignored
[0.500s] Level 1:colcon.colcon_core.package_identification:_identify(log) by extensions ['ignore', 'ignore_ament_install']
[0.500s] Level 1:colcon.colcon_core.package_identification:_identify(log) by extension 'ignore'
[0.500s] Level 1:colcon.colcon_core.package_identification:_identify(log) ignored
[0.500s] Level 1:colcon.colcon_core.package_identification:_identify(src) by extensions ['ignore', 'ignore_ament_install']
[0.500s] Level 1:colcon.colcon_core.package_identification:_identify(src) by extension 'ignore'
[0.501s] Level 1:colcon.colcon_core.package_identification:_identify(src) by extension 'ignore_ament_install'
[0.501s] Level 1:colcon.colcon_core.package_identification:_identify(src) by extensions ['colcon_pkg']
[0.501s] Level 1:colcon.colcon_core.package_identification:_identify(src) by extension 'colcon_pkg'
[0.501s] Level 1:colcon.colcon_core.package_identification:_identify(src) by extensions ['colcon_meta']
[0.501s] Level 1:colcon.colcon_core.package_identification:_identify(src) by extension 'colcon_meta'
[0.501s] Level 1:colcon.colcon_core.package_identification:_identify(src) by extensions ['ros']
[0.501s] Level 1:colcon.colcon_core.package_identification:_identify(src) by extension 'ros'
[0.502s] Level 1:colcon.colcon_core.package_identification:_identify(src) by extensions ['cmake', 'python']
[0.502s] Level 1:colcon.colcon_core.package_identification:_identify(src) by extension 'cmake'
[0.502s] Level 1:colcon.colcon_core.package_identification:_identify(src) by extension 'python'
[0.502s] Level 1:colcon.colcon_core.package_identification:_identify(src) by extensions ['python_setup_py']
[0.502s] Level 1:colcon.colcon_core.package_identification:_identify(src) by extension 'python_setup_py'
[0.502s] Level 1:colcon.colcon_core.package_identification:_identify(src/build) by extensions ['ignore', 'ignore_ament_install']
[0.503s] Level 1:colcon.colcon_core.package_identification:_identify(src/build) by extension 'ignore'
[0.503s] Level 1:colcon.colcon_core.package_identification:_identify(src/build) ignored
[0.503s] Level 1:colcon.colcon_core.package_identification:_identify(src/controller_interface) by extensions ['ignore', 'ignore_ament_install']
[0.503s] Level 1:colcon.colcon_core.package_identification:_identify(src/controller_interface) by extension 'ignore'
[0.503s] Level 1:colcon.colcon_core.package_identification:_identify(src/controller_interface) by extension 'ignore_ament_install'
[0.503s] Level 1:colcon.colcon_core.package_identification:_identify(src/controller_interface) by extensions ['colcon_pkg']
[0.504s] Level 1:colcon.colcon_core.package_identification:_identify(src/controller_interface) by extension 'colcon_pkg'
[0.504s] Level 1:colcon.colcon_core.package_identification:_identify(src/controller_interface) by extensions ['colcon_meta']
[0.504s] Level 1:colcon.colcon_core.package_identification:_identify(src/controller_interface) by extension 'colcon_meta'
[0.504s] Level 1:colcon.colcon_core.package_identification:_identify(src/controller_interface) by extensions ['ros']
[0.504s] Level 1:colcon.colcon_core.package_identification:_identify(src/controller_interface) by extension 'ros'
[0.509s] DEBUG:colcon.colcon_core.package_identification:Package 'src/controller_interface' with type 'ros.ament_cmake' and name 'controller_interface'
[0.509s] Level 1:colcon.colcon_core.package_identification:_identify(src/install) by extensions ['ignore', 'ignore_ament_install']
[0.510s] Level 1:colcon.colcon_core.package_identification:_identify(src/install) by extension 'ignore'
[0.510s] Level 1:colcon.colcon_core.package_identification:_identify(src/install) ignored
[0.510s] Level 1:colcon.colcon_core.package_identification:_identify(src/log) by extensions ['ignore', 'ignore_ament_install']
[0.510s] Level 1:colcon.colcon_core.package_identification:_identify(src/log) by extension 'ignore'
[0.510s] Level 1:colcon.colcon_core.package_identification:_identify(src/log) ignored
[0.510s] Level 1:colcon.colcon_core.package_identification:_identify(src/xbox_control) by extensions ['ignore', 'ignore_ament_install']
[0.511s] Level 1:colcon.colcon_core.package_identification:_identify(src/xbox_control) by extension 'ignore'
[0.511s] Level 1:colcon.colcon_core.package_identification:_identify(src/xbox_control) by extension 'ignore_ament_install'
[0.511s] Level 1:colcon.colcon_core.package_identification:_identify(src/xbox_control) by extensions ['colcon_pkg']
[0.511s] Level 1:colcon.colcon_core.package_identification:_identify(src/xbox_control) by extension 'colcon_pkg'
[0.511s] Level 1:colcon.colcon_core.package_identification:_identify(src/xbox_control) by extensions ['colcon_meta']
[0.511s] Level 1:colcon.colcon_core.package_identification:_identify(src/xbox_control) by extension 'colcon_meta'
[0.511s] Level 1:colcon.colcon_core.package_identification:_identify(src/xbox_control) by extensions ['ros']
[0.511s] Level 1:colcon.colcon_core.package_identification:_identify(src/xbox_control) by extension 'ros'
[0.513s] DEBUG:colcon.colcon_core.package_identification:Package 'src/xbox_control' with type 'ros.ament_python' and name 'xbox_control'
[0.513s] Level 1:colcon.colcon_core.package_discovery:discover_packages(recursive) using defaults
[0.513s] Level 1:colcon.colcon_core.package_discovery:discover_packages(ignore) discover
[0.513s] Level 1:colcon.colcon_core.package_discovery:discover_packages(ignore) using defaults
[0.513s] Level 1:colcon.colcon_core.package_discovery:discover_packages(path) discover
[0.513s] Level 1:colcon.colcon_core.package_discovery:discover_packages(path) using defaults
[0.575s] Level 1:colcon.colcon_core.package_discovery:discover_packages(prefix_path) check parameters
[0.576s] Level 1:colcon.colcon_core.package_discovery:discover_packages(prefix_path) discover
[0.584s] DEBUG:colcon.colcon_installed_package_information.package_discovery:Found 2 installed packages in /home/cisco/xbox_ros2_ws/install
[0.585s] DEBUG:colcon.colcon_installed_package_information.package_discovery:Found 2 installed packages in /home/cisco/xbox_ros2_ws/src/install
[0.590s] DEBUG:colcon.colcon_installed_package_information.package_discovery:Found 1 installed packages in /home/cisco/ros2_ws/install
[0.595s] DEBUG:colcon.colcon_installed_package_information.package_discovery:Found 270 installed packages in /opt/ros/humble
[0.599s] Level 1:colcon.colcon_core.package_discovery:discover_packages(prefix_path) using defaults
[0.758s] Level 5:colcon.colcon_core.verb:set package 'controller_interface' build argument 'cmake_args' from command line to 'None'
[0.758s] Level 5:colcon.colcon_core.verb:set package 'controller_interface' build argument 'cmake_target' from command line to 'None'
[0.758s] Level 5:colcon.colcon_core.verb:set package 'controller_interface' build argument 'cmake_target_skip_unavailable' from command line to 'False'
[0.758s] Level 5:colcon.colcon_core.verb:set package 'controller_interface' build argument 'cmake_clean_cache' from command line to 'False'
[0.758s] Level 5:colcon.colcon_core.verb:set package 'controller_interface' build argument 'cmake_clean_first' from command line to 'False'
[0.758s] Level 5:colcon.colcon_core.verb:set package 'controller_interface' build argument 'cmake_force_configure' from command line to 'False'
[0.758s] Level 5:colcon.colcon_core.verb:set package 'controller_interface' build argument 'ament_cmake_args' from command line to 'None'
[0.758s] Level 5:colcon.colcon_core.verb:set package 'controller_interface' build argument 'catkin_cmake_args' from command line to 'None'
[0.758s] Level 5:colcon.colcon_core.verb:set package 'controller_interface' build argument 'catkin_skip_building_tests' from command line to 'False'
[0.759s] DEBUG:colcon.colcon_core.verb:Building package 'controller_interface' with the following arguments: {'ament_cmake_args': None, 'build_base': '/home/cisco/xbox_ros2_ws/build/controller_interface', 'catkin_cmake_args': None, 'catkin_skip_building_tests': False, 'cmake_args': None, 'cmake_clean_cache': False, 'cmake_clean_first': False, 'cmake_force_configure': False, 'cmake_target': None, 'cmake_target_skip_unavailable': False, 'install_base': '/home/cisco/xbox_ros2_ws/install/controller_interface', 'merge_install': False, 'path': '/home/cisco/xbox_ros2_ws/src/controller_interface', 'symlink_install': False, 'test_result_base': None}
[0.762s] Level 5:colcon.colcon_core.verb:set package 'xbox_control' build argument 'cmake_args' from command line to 'None'
[0.762s] Level 5:colcon.colcon_core.verb:set package 'xbox_control' build argument 'cmake_target' from command line to 'None'
[0.762s] Level 5:colcon.colcon_core.verb:set package 'xbox_control' build argument 'cmake_target_skip_unavailable' from command line to 'False'
[0.762s] Level 5:colcon.colcon_core.verb:set package 'xbox_control' build argument 'cmake_clean_cache' from command line to 'False'
[0.762s] Level 5:colcon.colcon_core.verb:set package 'xbox_control' build argument 'cmake_clean_first' from command line to 'False'
[0.762s] Level 5:colcon.colcon_core.verb:set package 'xbox_control' build argument 'cmake_force_configure' from command line to 'False'
[0.762s] Level 5:colcon.colcon_core.verb:set package 'xbox_control' build argument 'ament_cmake_args' from command line to 'None'
[0.762s] Level 5:colcon.colcon_core.verb:set package 'xbox_control' build argument 'catkin_cmake_args' from command line to 'None'
[0.762s] Level 5:colcon.colcon_core.verb:set package 'xbox_control' build argument 'catkin_skip_building_tests' from command line to 'False'
[0.763s] DEBUG:colcon.colcon_core.verb:Building package 'xbox_control' with the following arguments: {'ament_cmake_args': None, 'build_base': '/home/cisco/xbox_ros2_ws/build/xbox_control', 'catkin_cmake_args': None, 'catkin_skip_building_tests': False, 'cmake_args': None, 'cmake_clean_cache': False, 'cmake_clean_first': False, 'cmake_force_configure': False, 'cmake_target': None, 'cmake_target_skip_unavailable': False, 'install_base': '/home/cisco/xbox_ros2_ws/install/xbox_control', 'merge_install': False, 'path': '/home/cisco/xbox_ros2_ws/src/xbox_control', 'symlink_install': False, 'test_result_base': None}
[0.764s] INFO:colcon.colcon_core.executor:Executing jobs using 'parallel' executor
[0.771s] DEBUG:colcon.colcon_parallel_executor.executor.parallel:run_until_complete
[0.772s] INFO:colcon.colcon_ros.task.ament_cmake.build:Building ROS package in '/home/cisco/xbox_ros2_ws/src/controller_interface' with build type 'ament_cmake'
[0.772s] INFO:colcon.colcon_cmake.task.cmake.build:Building CMake package in '/home/cisco/xbox_ros2_ws/src/controller_interface'
[0.784s] INFO:colcon.colcon_core.plugin_system:Skipping extension 'colcon_core.shell.bat': Not used on non-Windows systems
[0.785s] INFO:colcon.colcon_core.shell:Skip shell extension 'powershell' for command environment: Not usable outside of PowerShell
[0.788s] DEBUG:colcon.colcon_core.shell:Skip shell extension 'dsv' for command environment
[0.836s] DEBUG:colcon.colcon_core.event_handler.log_command:Invoking command in '/home/cisco/xbox_ros2_ws/build/controller_interface': CMAKE_PREFIX_PATH=${CMAKE_PREFIX_PATH}:/home/cisco/xbox_ros2_ws/install/xbox_control:/home/cisco/xbox_ros2_ws/src/install/xbox_control:/home/cisco/ros2_ws/install/my_robot_controller:/opt/ros/humble /usr/bin/cmake --build /home/cisco/xbox_ros2_ws/build/controller_interface -- -j4 -l4
[1.975s] DEBUG:colcon.colcon_core.event_handler.log_command:Invoked command in '/home/cisco/xbox_ros2_ws/build/controller_interface' returned '0': CMAKE_PREFIX_PATH=${CMAKE_PREFIX_PATH}:/home/cisco/xbox_ros2_ws/install/xbox_control:/home/cisco/xbox_ros2_ws/src/install/xbox_control:/home/cisco/ros2_ws/install/my_robot_controller:/opt/ros/humble /usr/bin/cmake --build /home/cisco/xbox_ros2_ws/build/controller_interface -- -j4 -l4
[2.149s] DEBUG:colcon.colcon_core.event_handler.log_command:Invoking command in '/home/cisco/xbox_ros2_ws/build/controller_interface': CMAKE_PREFIX_PATH=${CMAKE_PREFIX_PATH}:/home/cisco/xbox_ros2_ws/install/xbox_control:/home/cisco/xbox_ros2_ws/src/install/xbox_control:/home/cisco/ros2_ws/install/my_robot_controller:/opt/ros/humble /usr/bin/cmake --install /home/cisco/xbox_ros2_ws/build/controller_interface
[2.286s] Level 1:colcon.colcon_core.environment:create_environment_scripts_only(controller_interface)
[2.287s] DEBUG:colcon.colcon_core.event_handler.log_command:Invoked command in '/home/cisco/xbox_ros2_ws/build/controller_interface' returned '0': CMAKE_PREFIX_PATH=${CMAKE_PREFIX_PATH}:/home/cisco/xbox_ros2_ws/install/xbox_control:/home/cisco/xbox_ros2_ws/src/install/xbox_control:/home/cisco/ros2_ws/install/my_robot_controller:/opt/ros/humble /usr/bin/cmake --install /home/cisco/xbox_ros2_ws/build/controller_interface
[2.298s] Level 1:colcon.colcon_core.environment:checking '/home/cisco/xbox_ros2_ws/install/controller_interface' for CMake module files
[2.300s] Level 1:colcon.colcon_core.environment:checking '/home/cisco/xbox_ros2_ws/install/controller_interface' for CMake config files
[2.301s] Level 1:colcon.colcon_core.shell:create_environment_hook('controller_interface', 'cmake_prefix_path')
[2.305s] INFO:colcon.colcon_core.shell:Creating environment hook '/home/cisco/xbox_ros2_ws/install/controller_interface/share/controller_interface/hook/cmake_prefix_path.ps1'
[2.308s] INFO:colcon.colcon_core.shell:Creating environment descriptor '/home/cisco/xbox_ros2_ws/install/controller_interface/share/controller_interface/hook/cmake_prefix_path.dsv'
[2.309s] INFO:colcon.colcon_core.shell:Creating environment hook '/home/cisco/xbox_ros2_ws/install/controller_interface/share/controller_interface/hook/cmake_prefix_path.sh'
[2.312s] Level 1:colcon.colcon_core.environment:checking '/home/cisco/xbox_ros2_ws/install/controller_interface/lib'
[2.312s] Level 1:colcon.colcon_core.shell:create_environment_hook('controller_interface', 'ld_library_path_lib')
[2.316s] INFO:colcon.colcon_core.shell:Creating environment hook '/home/cisco/xbox_ros2_ws/install/controller_interface/share/controller_interface/hook/ld_library_path_lib.ps1'
[2.317s] INFO:colcon.colcon_core.shell:Creating environment descriptor '/home/cisco/xbox_ros2_ws/install/controller_interface/share/controller_interface/hook/ld_library_path_lib.dsv'
[2.318s] INFO:colcon.colcon_core.shell:Creating environment hook '/home/cisco/xbox_ros2_ws/install/controller_interface/share/controller_interface/hook/ld_library_path_lib.sh'
[2.319s] Level 1:colcon.colcon_core.environment:checking '/home/cisco/xbox_ros2_ws/install/controller_interface/bin'
[2.319s] Level 1:colcon.colcon_core.environment:checking '/home/cisco/xbox_ros2_ws/install/controller_interface/lib/pkgconfig/controller_interface.pc'
[2.319s] Level 1:colcon.colcon_core.environment:checking '/home/cisco/xbox_ros2_ws/install/controller_interface/lib/python3.10/site-packages'
[2.320s] Level 1:colcon.colcon_core.environment:checking '/home/cisco/xbox_ros2_ws/install/controller_interface/bin'
[2.324s] INFO:colcon.colcon_core.shell:Creating package script '/home/cisco/xbox_ros2_ws/install/controller_interface/share/controller_interface/package.ps1'
[2.326s] INFO:colcon.colcon_core.shell:Creating package descriptor '/home/cisco/xbox_ros2_ws/install/controller_interface/share/controller_interface/package.dsv'
[2.327s] INFO:colcon.colcon_core.shell:Creating package script '/home/cisco/xbox_ros2_ws/install/controller_interface/share/controller_interface/package.sh'
[2.329s] INFO:colcon.colcon_core.shell:Creating package script '/home/cisco/xbox_ros2_ws/install/controller_interface/share/controller_interface/package.bash'
[2.331s] INFO:colcon.colcon_core.shell:Creating package script '/home/cisco/xbox_ros2_ws/install/controller_interface/share/controller_interface/package.zsh'
[2.333s] Level 1:colcon.colcon_core.environment:create_file_with_runtime_dependencies(/home/cisco/xbox_ros2_ws/install/controller_interface/share/colcon-core/packages/controller_interface)
[2.500s] Level 1:colcon.colcon_core.environment:create_environment_scripts_only(controller_interface)
[2.506s] Level 1:colcon.colcon_core.environment:checking '/home/cisco/xbox_ros2_ws/install/controller_interface' for CMake module files
[2.508s] Level 1:colcon.colcon_core.environment:checking '/home/cisco/xbox_ros2_ws/install/controller_interface' for CMake config files
[2.509s] Level 1:colcon.colcon_core.shell:create_environment_hook('controller_interface', 'cmake_prefix_path')
[2.514s] INFO:colcon.colcon_core.shell:Creating environment hook '/home/cisco/xbox_ros2_ws/install/controller_interface/share/controller_interface/hook/cmake_prefix_path.ps1'
[2.515s] INFO:colcon.colcon_core.shell:Creating environment descriptor '/home/cisco/xbox_ros2_ws/install/controller_interface/share/controller_interface/hook/cmake_prefix_path.dsv'
[2.516s] INFO:colcon.colcon_core.shell:Creating environment hook '/home/cisco/xbox_ros2_ws/install/controller_interface/share/controller_interface/hook/cmake_prefix_path.sh'
[2.518s] Level 1:colcon.colcon_core.environment:checking '/home/cisco/xbox_ros2_ws/install/controller_interface/lib'
[2.519s] Level 1:colcon.colcon_core.shell:create_environment_hook('controller_interface', 'ld_library_path_lib')
[2.525s] INFO:colcon.colcon_core.shell:Creating environment hook '/home/cisco/xbox_ros2_ws/install/controller_interface/share/controller_interface/hook/ld_library_path_lib.ps1'
[2.527s] INFO:colcon.colcon_core.shell:Creating environment descriptor '/home/cisco/xbox_ros2_ws/install/controller_interface/share/controller_interface/hook/ld_library_path_lib.dsv'
[2.528s] INFO:colcon.colcon_core.shell:Creating environment hook '/home/cisco/xbox_ros2_ws/install/controller_interface/share/controller_interface/hook/ld_library_path_lib.sh'
[2.529s] Level 1:colcon.colcon_core.environment:checking '/home/cisco/xbox_ros2_ws/install/controller_interface/bin'
[2.530s] Level 1:colcon.colcon_core.environment:checking '/home/cisco/xbox_ros2_ws/install/controller_interface/lib/pkgconfig/controller_interface.pc'
[2.531s] Level 1:colcon.colcon_core.environment:checking '/home/cisco/xbox_ros2_ws/install/controller_interface/lib/python3.10/site-packages'
[2.531s] Level 1:colcon.colcon_core.environment:checking '/home/cisco/xbox_ros2_ws/install/controller_interface/bin'
[2.535s] INFO:colcon.colcon_core.shell:Creating package script '/home/cisco/xbox_ros2_ws/install/controller_interface/share/controller_interface/package.ps1'
[2.537s] INFO:colcon.colcon_core.shell:Creating package descriptor '/home/cisco/xbox_ros2_ws/install/controller_interface/share/controller_interface/package.dsv'
[2.539s] INFO:colcon.colcon_core.shell:Creating package script '/home/cisco/xbox_ros2_ws/install/controller_interface/share/controller_interface/package.sh'
[2.541s] INFO:colcon.colcon_core.shell:Creating package script '/home/cisco/xbox_ros2_ws/install/controller_interface/share/controller_interface/package.bash'
[2.543s] INFO:colcon.colcon_core.shell:Creating package script '/home/cisco/xbox_ros2_ws/install/controller_interface/share/controller_interface/package.zsh'
[2.544s] Level 1:colcon.colcon_core.environment:create_file_with_runtime_dependencies(/home/cisco/xbox_ros2_ws/install/controller_interface/share/colcon-core/packages/controller_interface)
[2.545s] INFO:colcon.colcon_ros.task.ament_python.build:Building ROS package in '/home/cisco/xbox_ros2_ws/src/xbox_control' with build type 'ament_python'
[2.547s] Level 1:colcon.colcon_core.shell:create_environment_hook('xbox_control', 'ament_prefix_path')
[2.550s] INFO:colcon.colcon_core.shell:Creating environment hook '/home/cisco/xbox_ros2_ws/install/xbox_control/share/xbox_control/hook/ament_prefix_path.ps1'
[2.552s] INFO:colcon.colcon_core.shell:Creating environment descriptor '/home/cisco/xbox_ros2_ws/install/xbox_control/share/xbox_control/hook/ament_prefix_path.dsv'
[2.556s] INFO:colcon.colcon_core.shell:Creating environment hook '/home/cisco/xbox_ros2_ws/install/xbox_control/share/xbox_control/hook/ament_prefix_path.sh'
[2.564s] INFO:colcon.colcon_core.shell:Skip shell extension 'powershell' for command environment: Not usable outside of PowerShell
[2.564s] DEBUG:colcon.colcon_core.shell:Skip shell extension 'dsv' for command environment
[3.378s] INFO:colcon.colcon_core.task.python.build:Building Python package in '/home/cisco/xbox_ros2_ws/src/xbox_control'
[3.381s] INFO:colcon.colcon_core.shell:Skip shell extension 'powershell' for command environment: Not usable outside of PowerShell
[3.381s] DEBUG:colcon.colcon_core.shell:Skip shell extension 'dsv' for command environment
[4.410s] DEBUG:colcon.colcon_core.event_handler.log_command:Invoking command in '/home/cisco/xbox_ros2_ws/src/xbox_control': PYTHONPATH=/home/cisco/xbox_ros2_ws/build/xbox_control/prefix_override:/home/cisco/xbox_ros2_ws/install/xbox_control/lib/python3.10/site-packages:${PYTHONPATH} /usr/bin/python3 setup.py egg_info --egg-base ../../build/xbox_control build --build-base /home/cisco/xbox_ros2_ws/build/xbox_control/build install --record /home/cisco/xbox_ros2_ws/build/xbox_control/install.log --single-version-externally-managed
[5.329s] Level 1:colcon.colcon_core.environment:checking '/home/cisco/xbox_ros2_ws/install/xbox_control' for CMake module files
[5.331s] DEBUG:colcon.colcon_core.event_handler.log_command:Invoked command in '/home/cisco/xbox_ros2_ws/src/xbox_control' returned '0': PYTHONPATH=/home/cisco/xbox_ros2_ws/build/xbox_control/prefix_override:/home/cisco/xbox_ros2_ws/install/xbox_control/lib/python3.10/site-packages:${PYTHONPATH} /usr/bin/python3 setup.py egg_info --egg-base ../../build/xbox_control build --build-base /home/cisco/xbox_ros2_ws/build/xbox_control/build install --record /home/cisco/xbox_ros2_ws/build/xbox_control/install.log --single-version-externally-managed
[5.332s] Level 1:colcon.colcon_core.environment:checking '/home/cisco/xbox_ros2_ws/install/xbox_control' for CMake config files
[5.333s] Level 1:colcon.colcon_core.environment:checking '/home/cisco/xbox_ros2_ws/install/xbox_control/lib'
[5.333s] Level 1:colcon.colcon_core.environment:checking '/home/cisco/xbox_ros2_ws/install/xbox_control/bin'
[5.333s] Level 1:colcon.colcon_core.environment:checking '/home/cisco/xbox_ros2_ws/install/xbox_control/lib/pkgconfig/xbox_control.pc'
[5.334s] Level 1:colcon.colcon_core.environment:checking '/home/cisco/xbox_ros2_ws/install/xbox_control/lib/python3.10/site-packages'
[5.334s] Level 1:colcon.colcon_core.shell:create_environment_hook('xbox_control', 'pythonpath')
[5.338s] INFO:colcon.colcon_core.shell:Creating environment hook '/home/cisco/xbox_ros2_ws/install/xbox_control/share/xbox_control/hook/pythonpath.ps1'
[5.340s] INFO:colcon.colcon_core.shell:Creating environment descriptor '/home/cisco/xbox_ros2_ws/install/xbox_control/share/xbox_control/hook/pythonpath.dsv'
[5.341s] INFO:colcon.colcon_core.shell:Creating environment hook '/home/cisco/xbox_ros2_ws/install/xbox_control/share/xbox_control/hook/pythonpath.sh'
[5.343s] Level 1:colcon.colcon_core.environment:checking '/home/cisco/xbox_ros2_ws/install/xbox_control/bin'
[5.344s] Level 1:colcon.colcon_core.environment:create_environment_scripts_only(xbox_control)
[5.349s] INFO:colcon.colcon_core.shell:Creating package script '/home/cisco/xbox_ros2_ws/install/xbox_control/share/xbox_control/package.ps1'
[5.351s] INFO:colcon.colcon_core.shell:Creating package descriptor '/home/cisco/xbox_ros2_ws/install/xbox_control/share/xbox_control/package.dsv'
[5.353s] INFO:colcon.colcon_core.shell:Creating package script '/home/cisco/xbox_ros2_ws/install/xbox_control/share/xbox_control/package.sh'
[5.356s] INFO:colcon.colcon_core.shell:Creating package script '/home/cisco/xbox_ros2_ws/install/xbox_control/share/xbox_control/package.bash'
[5.358s] INFO:colcon.colcon_core.shell:Creating package script '/home/cisco/xbox_ros2_ws/install/xbox_control/share/xbox_control/package.zsh'
[5.359s] Level 1:colcon.colcon_core.environment:create_file_with_runtime_dependencies(/home/cisco/xbox_ros2_ws/install/xbox_control/share/colcon-core/packages/xbox_control)
[5.360s] DEBUG:colcon.colcon_parallel_executor.executor.parallel:closing loop
[5.361s] DEBUG:colcon.colcon_parallel_executor.executor.parallel:loop closed
[5.362s] DEBUG:colcon.colcon_parallel_executor.executor.parallel:run_until_complete finished with '0'
[5.362s] DEBUG:colcon.colcon_core.event_reactor:joining thread
[5.386s] INFO:colcon.colcon_core.plugin_system:Skipping extension 'colcon_notification.desktop_notification.terminal_notifier': Not used on non-Darwin systems
[5.386s] INFO:colcon.colcon_core.plugin_system:Skipping extension 'colcon_notification.desktop_notification.win32': Not used on non-Windows systems
[5.387s] INFO:colcon.colcon_notification.desktop_notification:Sending desktop notification using 'notify2'
[5.439s] DEBUG:colcon.colcon_core.event_reactor:joined thread
[5.444s] INFO:colcon.colcon_core.shell:Creating prefix script '/home/cisco/xbox_ros2_ws/install/local_setup.ps1'
[5.447s] INFO:colcon.colcon_core.shell:Creating prefix util module '/home/cisco/xbox_ros2_ws/install/_local_setup_util_ps1.py'
[5.452s] INFO:colcon.colcon_core.shell:Creating prefix chain script '/home/cisco/xbox_ros2_ws/install/setup.ps1'
[5.458s] INFO:colcon.colcon_core.shell:Creating prefix script '/home/cisco/xbox_ros2_ws/install/local_setup.sh'
[5.460s] INFO:colcon.colcon_core.shell:Creating prefix util module '/home/cisco/xbox_ros2_ws/install/_local_setup_util_sh.py'
[5.462s] INFO:colcon.colcon_core.shell:Creating prefix chain script '/home/cisco/xbox_ros2_ws/install/setup.sh'
[5.468s] INFO:colcon.colcon_core.shell:Creating prefix script '/home/cisco/xbox_ros2_ws/install/local_setup.bash'
[5.470s] INFO:colcon.colcon_core.shell:Creating prefix chain script '/home/cisco/xbox_ros2_ws/install/setup.bash'
[5.475s] INFO:colcon.colcon_core.shell:Creating prefix script '/home/cisco/xbox_ros2_ws/install/local_setup.zsh'
[5.477s] INFO:colcon.colcon_core.shell:Creating prefix chain script '/home/cisco/xbox_ros2_ws/install/setup.zsh'
