[0.032s] Invoking command in '/home/cisco/xbox_ros2_ws/src/build/controller_interface': CMAKE_PREFIX_PATH=/home/cisco/ros2_ws/install/my_robot_controller:/opt/ros/humble /usr/bin/cmake /home/cisco/xbox_ros2_ws/src/controller_interface -DCMAKE_INSTALL_PREFIX=/home/cisco/xbox_ros2_ws/src/install/controller_interface
[0.440s] -- The C compiler identification is GNU 11.3.0
[0.440s] -- The CXX compiler identification is GNU 11.3.0
[0.440s] -- Detecting C compiler ABI info
[0.595s] -- Detecting C compiler ABI info - done
[0.609s] -- Check for working C compiler: /usr/bin/cc - skipped
[0.610s] -- Detecting C compile features
[0.612s] -- Detecting C compile features - done
[0.618s] -- Detecting CXX compiler ABI info
[0.710s] -- Detecting CXX compiler ABI info - done
[0.718s] -- Check for working CXX compiler: /usr/bin/c++ - skipped
[0.718s] -- Detecting CXX compile features
[0.719s] -- Detecting CXX compile features - done
[0.726s] -- Found ament_cmake: 1.3.3 (/opt/ros/humble/share/ament_cmake/cmake)
[0.966s] -- Found Python3: /usr/bin/python3.10 (found version "3.10.6") found components: Interpreter 
[1.139s] -- Found ament_lint_auto: 0.12.4 (/opt/ros/humble/share/ament_lint_auto/cmake)
[1.315s] -- Added test 'lint_cmake' to check CMake code style
[1.318s] -- Added test 'xmllint' to check XML markup files
[1.320s] -- Configuring done
[1.324s] -- Generating done
[1.325s] -- Build files have been written to: /home/cisco/xbox_ros2_ws/src/build/controller_interface
[1.336s] Invoked command in '/home/cisco/xbox_ros2_ws/src/build/controller_interface' returned '0': CMAKE_PREFIX_PATH=/home/cisco/ros2_ws/install/my_robot_controller:/opt/ros/humble /usr/bin/cmake /home/cisco/xbox_ros2_ws/src/controller_interface -DCMAKE_INSTALL_PREFIX=/home/cisco/xbox_ros2_ws/src/install/controller_interface
[1.337s] Invoking command in '/home/cisco/xbox_ros2_ws/src/build/controller_interface': CMAKE_PREFIX_PATH=/home/cisco/ros2_ws/install/my_robot_controller:/opt/ros/humble /usr/bin/cmake --build /home/cisco/xbox_ros2_ws/src/build/controller_interface -- -j4 -l4
[1.417s] Invoked command in '/home/cisco/xbox_ros2_ws/src/build/controller_interface' returned '0': CMAKE_PREFIX_PATH=/home/cisco/ros2_ws/install/my_robot_controller:/opt/ros/humble /usr/bin/cmake --build /home/cisco/xbox_ros2_ws/src/build/controller_interface -- -j4 -l4
[1.485s] Invoking command in '/home/cisco/xbox_ros2_ws/src/build/controller_interface': CMAKE_PREFIX_PATH=/home/cisco/ros2_ws/install/my_robot_controller:/opt/ros/humble /usr/bin/cmake --install /home/cisco/xbox_ros2_ws/src/build/controller_interface
[1.505s] -- Install configuration: ""
[1.505s] -- Installing: /home/cisco/xbox_ros2_ws/src/install/controller_interface/share/ament_index/resource_index/package_run_dependencies/controller_interface
[1.506s] -- Installing: /home/cisco/xbox_ros2_ws/src/install/controller_interface/share/ament_index/resource_index/parent_prefix_path/controller_interface
[1.506s] -- Installing: /home/cisco/xbox_ros2_ws/src/install/controller_interface/share/controller_interface/environment/ament_prefix_path.sh
[1.506s] -- Installing: /home/cisco/xbox_ros2_ws/src/install/controller_interface/share/controller_interface/environment/ament_prefix_path.dsv
[1.506s] -- Installing: /home/cisco/xbox_ros2_ws/src/install/controller_interface/share/controller_interface/environment/path.sh
[1.506s] -- Installing: /home/cisco/xbox_ros2_ws/src/install/controller_interface/share/controller_interface/environment/path.dsv
[1.506s] -- Installing: /home/cisco/xbox_ros2_ws/src/install/controller_interface/share/controller_interface/local_setup.bash
[1.507s] -- Installing: /home/cisco/xbox_ros2_ws/src/install/controller_interface/share/controller_interface/local_setup.sh
[1.507s] -- Installing: /home/cisco/xbox_ros2_ws/src/install/controller_interface/share/controller_interface/local_setup.zsh
[1.511s] -- Installing: /home/cisco/xbox_ros2_ws/src/install/controller_interface/share/controller_interface/local_setup.dsv
[1.512s] -- Installing: /home/cisco/xbox_ros2_ws/src/install/controller_interface/share/controller_interface/package.dsv
[1.512s] -- Installing: /home/cisco/xbox_ros2_ws/src/install/controller_interface/share/ament_index/resource_index/packages/controller_interface
[1.513s] -- Installing: /home/cisco/xbox_ros2_ws/src/install/controller_interface/share/controller_interface/cmake/controller_interfaceConfig.cmake
[1.516s] -- Installing: /home/cisco/xbox_ros2_ws/src/install/controller_interface/share/controller_interface/cmake/controller_interfaceConfig-version.cmake
[1.516s] -- Installing: /home/cisco/xbox_ros2_ws/src/install/controller_interface/share/controller_interface/package.xml
[1.517s] Invoked command in '/home/cisco/xbox_ros2_ws/src/build/controller_interface' returned '0': CMAKE_PREFIX_PATH=/home/cisco/ros2_ws/install/my_robot_controller:/opt/ros/humble /usr/bin/cmake --install /home/cisco/xbox_ros2_ws/src/build/controller_interface
