[0.661s] Invoking command in '/home/cisco/xbox_ros2_ws/src/xbox_control': AMENT_PREFIX_PATH=/home/cisco/xbox_ros2_ws/install/controller_interface:${AMENT_PREFIX_PATH} CMAKE_PREFIX_PATH=/home/cisco/xbox_ros2_ws/install/controller_interface:${CMAKE_PREFIX_PATH} PYTHONPATH=/home/cisco/xbox_ros2_ws/build/xbox_control/prefix_override:/home/cisco/xbox_ros2_ws/install/xbox_control/lib/python3.10/site-packages:${PYTHONPATH} /usr/bin/python3 setup.py egg_info --egg-base ../../build/xbox_control build --build-base /home/cisco/xbox_ros2_ws/build/xbox_control/build install --record /home/cisco/xbox_ros2_ws/build/xbox_control/install.log --single-version-externally-managed
[0.921s] running egg_info
[0.922s] writing ../../build/xbox_control/xbox_control.egg-info/PKG-INFO
[0.922s] writing dependency_links to ../../build/xbox_control/xbox_control.egg-info/dependency_links.txt
[0.923s] writing entry points to ../../build/xbox_control/xbox_control.egg-info/entry_points.txt
[0.923s] writing requirements to ../../build/xbox_control/xbox_control.egg-info/requires.txt
[0.923s] writing top-level names to ../../build/xbox_control/xbox_control.egg-info/top_level.txt
[0.924s] reading manifest file '../../build/xbox_control/xbox_control.egg-info/SOURCES.txt'
[0.925s] writing manifest file '../../build/xbox_control/xbox_control.egg-info/SOURCES.txt'
[0.925s] running build
[0.926s] running build_py
[0.926s] running install
[0.926s] running install_lib
[0.927s] running install_data
[0.928s] running install_egg_info
[0.929s] removing '/home/cisco/xbox_ros2_ws/install/xbox_control/lib/python3.10/site-packages/xbox_control-0.0.0-py3.10.egg-info' (and everything under it)
[0.930s] Copying ../../build/xbox_control/xbox_control.egg-info to /home/cisco/xbox_ros2_ws/install/xbox_control/lib/python3.10/site-packages/xbox_control-0.0.0-py3.10.egg-info
[0.930s] running install_scripts
[0.951s] Installing xbox_pub = xbox_control.xbox_pub:mainxbox_sub script to /home/cisco/xbox_ros2_ws/install/xbox_control/lib/xbox_control
[0.951s] writing list of installed files to '/home/cisco/xbox_ros2_ws/build/xbox_control/install.log'
[0.980s] Invoked command in '/home/cisco/xbox_ros2_ws/src/xbox_control' returned '0': AMENT_PREFIX_PATH=/home/cisco/xbox_ros2_ws/install/controller_interface:${AMENT_PREFIX_PATH} CMAKE_PREFIX_PATH=/home/cisco/xbox_ros2_ws/install/controller_interface:${CMAKE_PREFIX_PATH} PYTHONPATH=/home/cisco/xbox_ros2_ws/build/xbox_control/prefix_override:/home/cisco/xbox_ros2_ws/install/xbox_control/lib/python3.10/site-packages:${PYTHONPATH} /usr/bin/python3 setup.py egg_info --egg-base ../../build/xbox_control build --build-base /home/cisco/xbox_ros2_ws/build/xbox_control/build install --record /home/cisco/xbox_ros2_ws/build/xbox_control/install.log --single-version-externally-managed
