[0.023s] Invoking command in '/home/cisco/xbox_ros2_ws/src/build/controller_interface': CMAKE_PREFIX_PATH=${CMAKE_PREFIX_PATH}:/home/cisco/xbox_ros2_ws/src/install/xbox_control:/home/cisco/ros2_ws/install/my_robot_controller:/opt/ros/humble /usr/bin/cmake --build /home/cisco/xbox_ros2_ws/src/build/controller_interface -- -j4 -l4
[0.063s] Invoked command in '/home/cisco/xbox_ros2_ws/src/build/controller_interface' returned '0': CMAKE_PREFIX_PATH=${CMAKE_PREFIX_PATH}:/home/cisco/xbox_ros2_ws/src/install/xbox_control:/home/cisco/ros2_ws/install/my_robot_controller:/opt/ros/humble /usr/bin/cmake --build /home/cisco/xbox_ros2_ws/src/build/controller_interface -- -j4 -l4
[0.091s] Invoking command in '/home/cisco/xbox_ros2_ws/src/build/controller_interface': CMAKE_PREFIX_PATH=${CMAKE_PREFIX_PATH}:/home/cisco/xbox_ros2_ws/src/install/xbox_control:/home/cisco/ros2_ws/install/my_robot_controller:/opt/ros/humble /usr/bin/cmake --install /home/cisco/xbox_ros2_ws/src/build/controller_interface
[0.097s] -- Install configuration: ""
[0.098s] -- Up-to-date: /home/cisco/xbox_ros2_ws/src/install/controller_interface/share/ament_index/resource_index/package_run_dependencies/controller_interface
[0.098s] -- Up-to-date: /home/cisco/xbox_ros2_ws/src/install/controller_interface/share/ament_index/resource_index/parent_prefix_path/controller_interface
[0.098s] -- Up-to-date: /home/cisco/xbox_ros2_ws/src/install/controller_interface/share/controller_interface/environment/ament_prefix_path.sh
[0.099s] -- Up-to-date: /home/cisco/xbox_ros2_ws/src/install/controller_interface/share/controller_interface/environment/ament_prefix_path.dsv
[0.099s] -- Up-to-date: /home/cisco/xbox_ros2_ws/src/install/controller_interface/share/controller_interface/environment/path.sh
[0.099s] -- Up-to-date: /home/cisco/xbox_ros2_ws/src/install/controller_interface/share/controller_interface/environment/path.dsv
[0.099s] -- Up-to-date: /home/cisco/xbox_ros2_ws/src/install/controller_interface/share/controller_interface/local_setup.bash
[0.100s] -- Up-to-date: /home/cisco/xbox_ros2_ws/src/install/controller_interface/share/controller_interface/local_setup.sh
[0.102s] -- Up-to-date: /home/cisco/xbox_ros2_ws/src/install/controller_interface/share/controller_interface/local_setup.zsh
[0.102s] -- Up-to-date: /home/cisco/xbox_ros2_ws/src/install/controller_interface/share/controller_interface/local_setup.dsv
[0.103s] -- Installing: /home/cisco/xbox_ros2_ws/src/install/controller_interface/share/controller_interface/package.dsv
[0.104s] -- Up-to-date: /home/cisco/xbox_ros2_ws/src/install/controller_interface/share/ament_index/resource_index/packages/controller_interface
[0.104s] -- Up-to-date: /home/cisco/xbox_ros2_ws/src/install/controller_interface/share/controller_interface/cmake/controller_interfaceConfig.cmake
[0.106s] -- Up-to-date: /home/cisco/xbox_ros2_ws/src/install/controller_interface/share/controller_interface/cmake/controller_interfaceConfig-version.cmake
[0.107s] -- Up-to-date: /home/cisco/xbox_ros2_ws/src/install/controller_interface/share/controller_interface/package.xml
[0.108s] Invoked command in '/home/cisco/xbox_ros2_ws/src/build/controller_interface' returned '0': CMAKE_PREFIX_PATH=${CMAKE_PREFIX_PATH}:/home/cisco/xbox_ros2_ws/src/install/xbox_control:/home/cisco/ros2_ws/install/my_robot_controller:/opt/ros/humble /usr/bin/cmake --install /home/cisco/xbox_ros2_ws/src/build/controller_interface
