[0.020s] Invoking command in '/home/cisco/xbox_ros2_ws/build/controller_interface': CMAKE_PREFIX_PATH=${CMAKE_PREFIX_PATH}:/home/cisco/xbox_ros2_ws/install/xbox_control:/home/cisco/ros2_ws/install/my_robot_controller:/opt/ros/humble /usr/bin/cmake --build /home/cisco/xbox_ros2_ws/build/controller_interface -- -j4 -l4
[0.044s] -- Found ament_cmake: 1.3.3 (/opt/ros/humble/share/ament_cmake/cmake)
[0.216s] -- Found rosidl_default_generators: 1.2.0 (/opt/ros/humble/share/rosidl_default_generators/cmake)
[0.218s] -- Using all available rosidl_typesupport_c: rosidl_typesupport_fastrtps_c;rosidl_typesupport_introspection_c
[0.221s] -- Found rosidl_adapter: 3.1.4 (/opt/ros/humble/share/rosidl_adapter/cmake)
[0.255s] -- Using all available rosidl_typesupport_cpp: rosidl_typesupport_fastrtps_cpp;rosidl_typesupport_introspection_cpp
[0.545s] -- Found ament_cmake_ros: 0.10.0 (/opt/ros/humble/share/ament_cmake_ros/cmake)
[0.757s] -- Using all available rosidl_typesupport_c: rosidl_typesupport_fastrtps_c;rosidl_typesupport_introspection_c
[1.007s] -- Using all available rosidl_typesupport_cpp: rosidl_typesupport_fastrtps_cpp;rosidl_typesupport_introspection_cpp
[1.026s] -- Found python_cmake_module: 0.10.0 (/opt/ros/humble/share/python_cmake_module/cmake)
[1.053s] -- Using PYTHON_EXECUTABLE: /usr/bin/python3
[1.053s] -- Using PYTHON_INCLUDE_DIRS: /usr/include/python3.10
[1.053s] -- Using PYTHON_LIBRARIES: /usr/lib/x86_64-linux-gnu/libpython3.10.so
[1.067s] -- Found ament_lint_auto: 0.12.4 (/opt/ros/humble/share/ament_lint_auto/cmake)
[1.079s] -- Added test 'lint_cmake' to check CMake code style
[1.080s] -- Added test 'xmllint' to check XML markup files
[1.083s] -- Configuring done
[1.118s] -- Generating done
[1.123s] -- Build files have been written to: /home/cisco/xbox_ros2_ws/build/controller_interface
[1.150s] [  3%] [34m[1mGenerating C code for ROS interfaces[0m
[1.161s] [  6%] [34m[1mGenerating C++ code for ROS interfaces[0m
[1.177s] [  6%] Built target ament_cmake_python_copy_controller_interface
[1.610s] [  6%] Built target controller_interface__cpp
[1.627s] [  9%] [34m[1mGenerating C++ introspection for ROS interfaces[0m
[1.654s] [ 12%] [34m[1mGenerating C++ type support dispatch for ROS interfaces[0m
[1.662s] running egg_info
[1.664s] writing controller_interface.egg-info/PKG-INFO
[1.665s] writing dependency_links to controller_interface.egg-info/dependency_links.txt
[1.665s] writing top-level names to controller_interface.egg-info/top_level.txt
[1.671s] reading manifest file 'controller_interface.egg-info/SOURCES.txt'
[1.672s] writing manifest file 'controller_interface.egg-info/SOURCES.txt'
[1.713s] [ 12%] Built target ament_cmake_python_build_controller_interface_egg
[1.728s] [ 16%] [34m[1mGenerating C++ type support for eProsima Fast-RTPS[0m
[1.773s] [35m[1mConsolidate compiler generated dependencies of target controller_interface__rosidl_generator_c[0m
[1.833s] [ 19%] [32mBuilding C object CMakeFiles/controller_interface__rosidl_generator_c.dir/rosidl_generator_c/controller_interface/msg/detail/control__functions.c.o[0m
[2.080s] [ 22%] [32m[1mLinking C shared library libcontroller_interface__rosidl_generator_c.so[0m
[2.095s] [35m[1mConsolidate compiler generated dependencies of target controller_interface__rosidl_typesupport_introspection_cpp[0m
[2.140s] [ 25%] [32mBuilding CXX object CMakeFiles/controller_interface__rosidl_typesupport_introspection_cpp.dir/rosidl_typesupport_introspection_cpp/controller_interface/msg/detail/control__type_support.cpp.o[0m
[2.179s] [ 25%] Built target controller_interface__rosidl_generator_c
[2.200s] [35m[1mConsolidate compiler generated dependencies of target controller_interface__rosidl_typesupport_cpp[0m
[2.221s] [ 29%] [34m[1mGenerating C type support for eProsima Fast-RTPS[0m
[2.250s] [ 32%] [32mBuilding CXX object CMakeFiles/controller_interface__rosidl_typesupport_cpp.dir/rosidl_typesupport_cpp/controller_interface/msg/control__type_support.cpp.o[0m
[2.290s] [35m[1mConsolidate compiler generated dependencies of target controller_interface__rosidl_typesupport_fastrtps_cpp[0m
[2.360s] [ 35%] [32mBuilding CXX object CMakeFiles/controller_interface__rosidl_typesupport_fastrtps_cpp.dir/rosidl_typesupport_fastrtps_cpp/controller_interface/msg/detail/dds_fastrtps/control__type_support.cpp.o[0m
[2.904s] [35m[1mConsolidate compiler generated dependencies of target controller_interface__rosidl_typesupport_fastrtps_c[0m
[2.957s] [ 38%] [32mBuilding CXX object CMakeFiles/controller_interface__rosidl_typesupport_fastrtps_c.dir/rosidl_typesupport_fastrtps_c/controller_interface/msg/detail/control__type_support_c.cpp.o[0m
[3.070s] [ 41%] [32m[1mLinking CXX shared library libcontroller_interface__rosidl_typesupport_cpp.so[0m
[3.186s] [ 45%] [32m[1mLinking CXX shared library libcontroller_interface__rosidl_typesupport_introspection_cpp.so[0m
[3.241s] [ 45%] Built target controller_interface__rosidl_typesupport_cpp
[3.262s] [ 45%] Built target controller_interface__rosidl_typesupport_introspection_cpp
[3.281s] [ 48%] [34m[1mGenerating C introspection for ROS interfaces[0m
[3.304s] [ 51%] [34m[1mGenerating C type support dispatch for ROS interfaces[0m
[3.354s] [ 54%] [32m[1mLinking CXX shared library libcontroller_interface__rosidl_typesupport_fastrtps_cpp.so[0m
[3.498s] [ 54%] Built target controller_interface__rosidl_typesupport_fastrtps_cpp
[3.554s] [ 58%] [32m[1mLinking CXX shared library libcontroller_interface__rosidl_typesupport_fastrtps_c.so[0m
[3.679s] [ 58%] Built target controller_interface__rosidl_typesupport_fastrtps_c
[3.704s] [35m[1mConsolidate compiler generated dependencies of target controller_interface__rosidl_typesupport_c[0m
[3.719s] [ 61%] [32mBuilding CXX object CMakeFiles/controller_interface__rosidl_typesupport_c.dir/rosidl_typesupport_c/controller_interface/msg/control__type_support.cpp.o[0m
[3.755s] [35m[1mConsolidate compiler generated dependencies of target controller_interface__rosidl_typesupport_introspection_c[0m
[3.763s] [ 64%] [32m[1mLinking CXX shared library libcontroller_interface__rosidl_typesupport_c.so[0m
[3.768s] [ 67%] [32mBuilding C object CMakeFiles/controller_interface__rosidl_typesupport_introspection_c.dir/rosidl_typesupport_introspection_c/controller_interface/msg/detail/control__type_support.c.o[0m
[3.805s] [ 70%] [32m[1mLinking C shared library libcontroller_interface__rosidl_typesupport_introspection_c.so[0m
[3.824s] [ 70%] Built target controller_interface__rosidl_typesupport_c
[3.832s] [ 70%] Built target controller_interface__rosidl_typesupport_introspection_c
[3.858s] [ 70%] Built target controller_interface
[3.884s] [ 74%] [34m[1mGenerating Python code for ROS interfaces[0m
[4.319s] [ 74%] Built target controller_interface__py
[4.328s] [35m[1mConsolidate compiler generated dependencies of target controller_interface__rosidl_generator_py[0m
[4.348s] [ 77%] [32mBuilding C object CMakeFiles/controller_interface__rosidl_generator_py.dir/rosidl_generator_py/controller_interface/msg/_control_s.c.o[0m
[4.471s] [ 80%] [32m[1mLinking C shared library rosidl_generator_py/controller_interface/libcontroller_interface__rosidl_generator_py.so[0m
[4.515s] [ 80%] Built target controller_interface__rosidl_generator_py
[4.528s] [35m[1mConsolidate compiler generated dependencies of target controller_interface__rosidl_typesupport_c__pyext[0m
[4.528s] [35m[1mConsolidate compiler generated dependencies of target controller_interface__rosidl_typesupport_fastrtps_c__pyext[0m
[4.533s] [35m[1mConsolidate compiler generated dependencies of target controller_interface__rosidl_typesupport_introspection_c__pyext[0m
[4.545s] [ 83%] [32mBuilding C object CMakeFiles/controller_interface__rosidl_typesupport_c__pyext.dir/rosidl_generator_py/controller_interface/_controller_interface_s.ep.rosidl_typesupport_c.c.o[0m
[4.551s] [ 87%] [32mBuilding C object CMakeFiles/controller_interface__rosidl_typesupport_introspection_c__pyext.dir/rosidl_generator_py/controller_interface/_controller_interface_s.ep.rosidl_typesupport_introspection_c.c.o[0m
[4.555s] [ 90%] [32mBuilding C object CMakeFiles/controller_interface__rosidl_typesupport_fastrtps_c__pyext.dir/rosidl_generator_py/controller_interface/_controller_interface_s.ep.rosidl_typesupport_fastrtps_c.c.o[0m
[4.682s] [ 93%] [32m[1mLinking C shared library rosidl_generator_py/controller_interface/controller_interface_s__rosidl_typesupport_introspection_c.cpython-310-x86_64-linux-gnu.so[0m
[4.686s] [ 96%] [32m[1mLinking C shared library rosidl_generator_py/controller_interface/controller_interface_s__rosidl_typesupport_c.cpython-310-x86_64-linux-gnu.so[0m
[4.706s] [100%] [32m[1mLinking C shared library rosidl_generator_py/controller_interface/controller_interface_s__rosidl_typesupport_fastrtps_c.cpython-310-x86_64-linux-gnu.so[0m
[4.721s] [100%] Built target controller_interface__rosidl_typesupport_introspection_c__pyext
[4.731s] [100%] Built target controller_interface__rosidl_typesupport_c__pyext
[4.746s] [100%] Built target controller_interface__rosidl_typesupport_fastrtps_c__pyext
[4.762s] Invoked command in '/home/cisco/xbox_ros2_ws/build/controller_interface' returned '0': CMAKE_PREFIX_PATH=${CMAKE_PREFIX_PATH}:/home/cisco/xbox_ros2_ws/install/xbox_control:/home/cisco/ros2_ws/install/my_robot_controller:/opt/ros/humble /usr/bin/cmake --build /home/cisco/xbox_ros2_ws/build/controller_interface -- -j4 -l4
[4.868s] Invoking command in '/home/cisco/xbox_ros2_ws/build/controller_interface': CMAKE_PREFIX_PATH=${CMAKE_PREFIX_PATH}:/home/cisco/xbox_ros2_ws/install/xbox_control:/home/cisco/ros2_ws/install/my_robot_controller:/opt/ros/humble /usr/bin/cmake --install /home/cisco/xbox_ros2_ws/build/controller_interface
[4.879s] -- Install configuration: ""
[4.879s] -- Up-to-date: /home/cisco/xbox_ros2_ws/install/controller_interface/share/ament_index/resource_index/rosidl_interfaces/controller_interface
[4.879s] -- Up-to-date: /home/cisco/xbox_ros2_ws/install/controller_interface/include/controller_interface/controller_interface
[4.879s] -- Up-to-date: /home/cisco/xbox_ros2_ws/install/controller_interface/include/controller_interface/controller_interface/msg
[4.879s] -- Up-to-date: /home/cisco/xbox_ros2_ws/install/controller_interface/include/controller_interface/controller_interface/msg/rosidl_generator_c__visibility_control.h
[4.879s] -- Up-to-date: /home/cisco/xbox_ros2_ws/install/controller_interface/include/controller_interface/controller_interface/msg/detail
[4.879s] -- Installing: /home/cisco/xbox_ros2_ws/install/controller_interface/include/controller_interface/controller_interface/msg/detail/control__functions.c
[4.880s] -- Installing: /home/cisco/xbox_ros2_ws/install/controller_interface/include/controller_interface/controller_interface/msg/detail/control__struct.h
[4.880s] -- Installing: /home/cisco/xbox_ros2_ws/install/controller_interface/include/controller_interface/controller_interface/msg/detail/control__type_support.h
[4.881s] -- Installing: /home/cisco/xbox_ros2_ws/install/controller_interface/include/controller_interface/controller_interface/msg/detail/control__functions.h
[4.881s] -- Installing: /home/cisco/xbox_ros2_ws/install/controller_interface/include/controller_interface/controller_interface/msg/control.h
[4.882s] -- Up-to-date: /home/cisco/xbox_ros2_ws/install/controller_interface/share/controller_interface/environment/library_path.sh
[4.882s] -- Installing: /home/cisco/xbox_ros2_ws/install/controller_interface/share/controller_interface/environment/library_path.dsv
[4.882s] -- Installing: /home/cisco/xbox_ros2_ws/install/controller_interface/lib/libcontroller_interface__rosidl_generator_c.so
[4.883s] -- Set runtime path of "/home/cisco/xbox_ros2_ws/install/controller_interface/lib/libcontroller_interface__rosidl_generator_c.so" to ""
[4.883s] -- Up-to-date: /home/cisco/xbox_ros2_ws/install/controller_interface/include/controller_interface/controller_interface
[4.883s] -- Up-to-date: /home/cisco/xbox_ros2_ws/install/controller_interface/include/controller_interface/controller_interface/msg
[4.883s] -- Up-to-date: /home/cisco/xbox_ros2_ws/install/controller_interface/include/controller_interface/controller_interface/msg/rosidl_typesupport_fastrtps_c__visibility_control.h
[4.883s] -- Up-to-date: /home/cisco/xbox_ros2_ws/install/controller_interface/include/controller_interface/controller_interface/msg/detail
[4.884s] -- Installing: /home/cisco/xbox_ros2_ws/install/controller_interface/include/controller_interface/controller_interface/msg/detail/control__rosidl_typesupport_fastrtps_c.h
[4.884s] -- Installing: /home/cisco/xbox_ros2_ws/install/controller_interface/lib/libcontroller_interface__rosidl_typesupport_fastrtps_c.so
[4.885s] -- Set runtime path of "/home/cisco/xbox_ros2_ws/install/controller_interface/lib/libcontroller_interface__rosidl_typesupport_fastrtps_c.so" to ""
[4.885s] -- Up-to-date: /home/cisco/xbox_ros2_ws/install/controller_interface/include/controller_interface/controller_interface
[4.885s] -- Up-to-date: /home/cisco/xbox_ros2_ws/install/controller_interface/include/controller_interface/controller_interface/msg
[4.886s] -- Up-to-date: /home/cisco/xbox_ros2_ws/install/controller_interface/include/controller_interface/controller_interface/msg/detail
[4.886s] -- Installing: /home/cisco/xbox_ros2_ws/install/controller_interface/include/controller_interface/controller_interface/msg/detail/control__type_support.c
[4.886s] -- Installing: /home/cisco/xbox_ros2_ws/install/controller_interface/include/controller_interface/controller_interface/msg/detail/control__rosidl_typesupport_introspection_c.h
[4.886s] -- Up-to-date: /home/cisco/xbox_ros2_ws/install/controller_interface/include/controller_interface/controller_interface/msg/rosidl_typesupport_introspection_c__visibility_control.h
[4.887s] -- Installing: /home/cisco/xbox_ros2_ws/install/controller_interface/lib/libcontroller_interface__rosidl_typesupport_introspection_c.so
[4.887s] -- Set runtime path of "/home/cisco/xbox_ros2_ws/install/controller_interface/lib/libcontroller_interface__rosidl_typesupport_introspection_c.so" to ""
[4.887s] -- Installing: /home/cisco/xbox_ros2_ws/install/controller_interface/lib/libcontroller_interface__rosidl_typesupport_c.so
[4.888s] -- Set runtime path of "/home/cisco/xbox_ros2_ws/install/controller_interface/lib/libcontroller_interface__rosidl_typesupport_c.so" to ""
[4.889s] -- Up-to-date: /home/cisco/xbox_ros2_ws/install/controller_interface/include/controller_interface/controller_interface
[4.889s] -- Up-to-date: /home/cisco/xbox_ros2_ws/install/controller_interface/include/controller_interface/controller_interface/msg
[4.889s] -- Up-to-date: /home/cisco/xbox_ros2_ws/install/controller_interface/include/controller_interface/controller_interface/msg/detail
[4.889s] -- Installing: /home/cisco/xbox_ros2_ws/install/controller_interface/include/controller_interface/controller_interface/msg/detail/control__traits.hpp
[4.890s] -- Installing: /home/cisco/xbox_ros2_ws/install/controller_interface/include/controller_interface/controller_interface/msg/detail/control__struct.hpp
[4.890s] -- Installing: /home/cisco/xbox_ros2_ws/install/controller_interface/include/controller_interface/controller_interface/msg/detail/control__builder.hpp
[4.891s] -- Installing: /home/cisco/xbox_ros2_ws/install/controller_interface/include/controller_interface/controller_interface/msg/control.hpp
[4.892s] -- Up-to-date: /home/cisco/xbox_ros2_ws/install/controller_interface/include/controller_interface/controller_interface
[4.892s] -- Up-to-date: /home/cisco/xbox_ros2_ws/install/controller_interface/include/controller_interface/controller_interface/msg
[4.892s] -- Up-to-date: /home/cisco/xbox_ros2_ws/install/controller_interface/include/controller_interface/controller_interface/msg/detail
[4.892s] -- Up-to-date: /home/cisco/xbox_ros2_ws/install/controller_interface/include/controller_interface/controller_interface/msg/detail/dds_fastrtps
[4.893s] -- Installing: /home/cisco/xbox_ros2_ws/install/controller_interface/include/controller_interface/controller_interface/msg/detail/control__rosidl_typesupport_fastrtps_cpp.hpp
[4.893s] -- Up-to-date: /home/cisco/xbox_ros2_ws/install/controller_interface/include/controller_interface/controller_interface/msg/rosidl_typesupport_fastrtps_cpp__visibility_control.h
[4.893s] -- Installing: /home/cisco/xbox_ros2_ws/install/controller_interface/lib/libcontroller_interface__rosidl_typesupport_fastrtps_cpp.so
[4.894s] -- Set runtime path of "/home/cisco/xbox_ros2_ws/install/controller_interface/lib/libcontroller_interface__rosidl_typesupport_fastrtps_cpp.so" to ""
[4.894s] -- Up-to-date: /home/cisco/xbox_ros2_ws/install/controller_interface/include/controller_interface/controller_interface
[4.895s] -- Up-to-date: /home/cisco/xbox_ros2_ws/install/controller_interface/include/controller_interface/controller_interface/msg
[4.895s] -- Up-to-date: /home/cisco/xbox_ros2_ws/install/controller_interface/include/controller_interface/controller_interface/msg/detail
[4.895s] -- Installing: /home/cisco/xbox_ros2_ws/install/controller_interface/include/controller_interface/controller_interface/msg/detail/control__rosidl_typesupport_introspection_cpp.hpp
[4.895s] -- Installing: /home/cisco/xbox_ros2_ws/install/controller_interface/include/controller_interface/controller_interface/msg/detail/control__type_support.cpp
[4.896s] -- Installing: /home/cisco/xbox_ros2_ws/install/controller_interface/lib/libcontroller_interface__rosidl_typesupport_introspection_cpp.so
[4.896s] -- Set runtime path of "/home/cisco/xbox_ros2_ws/install/controller_interface/lib/libcontroller_interface__rosidl_typesupport_introspection_cpp.so" to ""
[4.896s] -- Installing: /home/cisco/xbox_ros2_ws/install/controller_interface/lib/libcontroller_interface__rosidl_typesupport_cpp.so
[4.897s] -- Set runtime path of "/home/cisco/xbox_ros2_ws/install/controller_interface/lib/libcontroller_interface__rosidl_typesupport_cpp.so" to ""
[4.898s] -- Up-to-date: /home/cisco/xbox_ros2_ws/install/controller_interface/share/controller_interface/environment/pythonpath.sh
[4.898s] -- Installing: /home/cisco/xbox_ros2_ws/install/controller_interface/share/controller_interface/environment/pythonpath.dsv
[4.898s] -- Up-to-date: /home/cisco/xbox_ros2_ws/install/controller_interface/local/lib/python3.10/dist-packages/controller_interface-0.0.0-py3.10.egg-info
[4.899s] -- Installing: /home/cisco/xbox_ros2_ws/install/controller_interface/local/lib/python3.10/dist-packages/controller_interface-0.0.0-py3.10.egg-info/SOURCES.txt
[4.899s] -- Installing: /home/cisco/xbox_ros2_ws/install/controller_interface/local/lib/python3.10/dist-packages/controller_interface-0.0.0-py3.10.egg-info/PKG-INFO
[4.899s] -- Installing: /home/cisco/xbox_ros2_ws/install/controller_interface/local/lib/python3.10/dist-packages/controller_interface-0.0.0-py3.10.egg-info/dependency_links.txt
[4.899s] -- Installing: /home/cisco/xbox_ros2_ws/install/controller_interface/local/lib/python3.10/dist-packages/controller_interface-0.0.0-py3.10.egg-info/top_level.txt
[4.900s] -- Up-to-date: /home/cisco/xbox_ros2_ws/install/controller_interface/local/lib/python3.10/dist-packages/controller_interface
[4.900s] -- Installing: /home/cisco/xbox_ros2_ws/install/controller_interface/local/lib/python3.10/dist-packages/controller_interface/_controller_interface_s.ep.rosidl_typesupport_c.c
[4.900s] -- Installing: /home/cisco/xbox_ros2_ws/install/controller_interface/local/lib/python3.10/dist-packages/controller_interface/__init__.py
[4.901s] -- Installing: /home/cisco/xbox_ros2_ws/install/controller_interface/local/lib/python3.10/dist-packages/controller_interface/_controller_interface_s.ep.rosidl_typesupport_introspection_c.c
[4.901s] -- Installing: /home/cisco/xbox_ros2_ws/install/controller_interface/local/lib/python3.10/dist-packages/controller_interface/controller_interface_s__rosidl_typesupport_fastrtps_c.cpython-310-x86_64-linux-gnu.so
[4.901s] -- Installing: /home/cisco/xbox_ros2_ws/install/controller_interface/local/lib/python3.10/dist-packages/controller_interface/libcontroller_interface__rosidl_generator_py.so
[4.902s] -- Installing: /home/cisco/xbox_ros2_ws/install/controller_interface/local/lib/python3.10/dist-packages/controller_interface/controller_interface_s__rosidl_typesupport_introspection_c.cpython-310-x86_64-linux-gnu.so
[4.903s] -- Installing: /home/cisco/xbox_ros2_ws/install/controller_interface/local/lib/python3.10/dist-packages/controller_interface/_controller_interface_s.ep.rosidl_typesupport_fastrtps_c.c
[4.903s] -- Up-to-date: /home/cisco/xbox_ros2_ws/install/controller_interface/local/lib/python3.10/dist-packages/controller_interface/msg
[4.904s] -- Installing: /home/cisco/xbox_ros2_ws/install/controller_interface/local/lib/python3.10/dist-packages/controller_interface/msg/__init__.py
[4.904s] -- Installing: /home/cisco/xbox_ros2_ws/install/controller_interface/local/lib/python3.10/dist-packages/controller_interface/msg/_control_s.c
[4.904s] -- Installing: /home/cisco/xbox_ros2_ws/install/controller_interface/local/lib/python3.10/dist-packages/controller_interface/msg/_control.py
[4.905s] -- Installing: /home/cisco/xbox_ros2_ws/install/controller_interface/local/lib/python3.10/dist-packages/controller_interface/controller_interface_s__rosidl_typesupport_c.cpython-310-x86_64-linux-gnu.so
[4.942s] Listing '/home/cisco/xbox_ros2_ws/install/controller_interface/local/lib/python3.10/dist-packages/controller_interface'...
[4.942s] Compiling '/home/cisco/xbox_ros2_ws/install/controller_interface/local/lib/python3.10/dist-packages/controller_interface/__init__.py'...
[4.942s] Listing '/home/cisco/xbox_ros2_ws/install/controller_interface/local/lib/python3.10/dist-packages/controller_interface/msg'...
[4.942s] Compiling '/home/cisco/xbox_ros2_ws/install/controller_interface/local/lib/python3.10/dist-packages/controller_interface/msg/__init__.py'...
[4.942s] Compiling '/home/cisco/xbox_ros2_ws/install/controller_interface/local/lib/python3.10/dist-packages/controller_interface/msg/_control.py'...
[4.947s] -- Installing: /home/cisco/xbox_ros2_ws/install/controller_interface/local/lib/python3.10/dist-packages/controller_interface/controller_interface_s__rosidl_typesupport_fastrtps_c.cpython-310-x86_64-linux-gnu.so
[4.948s] -- Set runtime path of "/home/cisco/xbox_ros2_ws/install/controller_interface/local/lib/python3.10/dist-packages/controller_interface/controller_interface_s__rosidl_typesupport_fastrtps_c.cpython-310-x86_64-linux-gnu.so" to ""
[4.950s] -- Installing: /home/cisco/xbox_ros2_ws/install/controller_interface/local/lib/python3.10/dist-packages/controller_interface/controller_interface_s__rosidl_typesupport_introspection_c.cpython-310-x86_64-linux-gnu.so
[4.951s] -- Set runtime path of "/home/cisco/xbox_ros2_ws/install/controller_interface/local/lib/python3.10/dist-packages/controller_interface/controller_interface_s__rosidl_typesupport_introspection_c.cpython-310-x86_64-linux-gnu.so" to ""
[4.951s] -- Installing: /home/cisco/xbox_ros2_ws/install/controller_interface/local/lib/python3.10/dist-packages/controller_interface/controller_interface_s__rosidl_typesupport_c.cpython-310-x86_64-linux-gnu.so
[4.952s] -- Set runtime path of "/home/cisco/xbox_ros2_ws/install/controller_interface/local/lib/python3.10/dist-packages/controller_interface/controller_interface_s__rosidl_typesupport_c.cpython-310-x86_64-linux-gnu.so" to ""
[4.953s] -- Installing: /home/cisco/xbox_ros2_ws/install/controller_interface/lib/libcontroller_interface__rosidl_generator_py.so
[4.954s] -- Set runtime path of "/home/cisco/xbox_ros2_ws/install/controller_interface/lib/libcontroller_interface__rosidl_generator_py.so" to ""
[4.954s] -- Installing: /home/cisco/xbox_ros2_ws/install/controller_interface/share/controller_interface/msg/Control.idl
[4.954s] -- Installing: /home/cisco/xbox_ros2_ws/install/controller_interface/share/controller_interface/msg/Control.msg
[4.955s] -- Up-to-date: /home/cisco/xbox_ros2_ws/install/controller_interface/share/ament_index/resource_index/package_run_dependencies/controller_interface
[4.955s] -- Up-to-date: /home/cisco/xbox_ros2_ws/install/controller_interface/share/ament_index/resource_index/parent_prefix_path/controller_interface
[4.955s] -- Up-to-date: /home/cisco/xbox_ros2_ws/install/controller_interface/share/controller_interface/environment/ament_prefix_path.sh
[4.955s] -- Installing: /home/cisco/xbox_ros2_ws/install/controller_interface/share/controller_interface/environment/ament_prefix_path.dsv
[4.956s] -- Up-to-date: /home/cisco/xbox_ros2_ws/install/controller_interface/share/controller_interface/environment/path.sh
[4.956s] -- Installing: /home/cisco/xbox_ros2_ws/install/controller_interface/share/controller_interface/environment/path.dsv
[4.957s] -- Up-to-date: /home/cisco/xbox_ros2_ws/install/controller_interface/share/controller_interface/local_setup.bash
[4.957s] -- Up-to-date: /home/cisco/xbox_ros2_ws/install/controller_interface/share/controller_interface/local_setup.sh
[4.957s] -- Up-to-date: /home/cisco/xbox_ros2_ws/install/controller_interface/share/controller_interface/local_setup.zsh
[4.957s] -- Installing: /home/cisco/xbox_ros2_ws/install/controller_interface/share/controller_interface/local_setup.dsv
[4.961s] -- Installing: /home/cisco/xbox_ros2_ws/install/controller_interface/share/controller_interface/package.dsv
[4.961s] -- Up-to-date: /home/cisco/xbox_ros2_ws/install/controller_interface/share/ament_index/resource_index/packages/controller_interface
[4.962s] -- Up-to-date: /home/cisco/xbox_ros2_ws/install/controller_interface/share/controller_interface/cmake/export_controller_interface__rosidl_generator_cExport.cmake
[4.962s] -- Up-to-date: /home/cisco/xbox_ros2_ws/install/controller_interface/share/controller_interface/cmake/export_controller_interface__rosidl_generator_cExport-noconfig.cmake
[4.962s] -- Up-to-date: /home/cisco/xbox_ros2_ws/install/controller_interface/share/controller_interface/cmake/export_controller_interface__rosidl_typesupport_fastrtps_cExport.cmake
[4.963s] -- Up-to-date: /home/cisco/xbox_ros2_ws/install/controller_interface/share/controller_interface/cmake/export_controller_interface__rosidl_typesupport_fastrtps_cExport-noconfig.cmake
[4.963s] -- Up-to-date: /home/cisco/xbox_ros2_ws/install/controller_interface/share/controller_interface/cmake/controller_interface__rosidl_typesupport_introspection_cExport.cmake
[4.963s] -- Up-to-date: /home/cisco/xbox_ros2_ws/install/controller_interface/share/controller_interface/cmake/controller_interface__rosidl_typesupport_introspection_cExport-noconfig.cmake
[4.963s] -- Up-to-date: /home/cisco/xbox_ros2_ws/install/controller_interface/share/controller_interface/cmake/controller_interface__rosidl_typesupport_cExport.cmake
[4.963s] -- Up-to-date: /home/cisco/xbox_ros2_ws/install/controller_interface/share/controller_interface/cmake/controller_interface__rosidl_typesupport_cExport-noconfig.cmake
[4.964s] -- Up-to-date: /home/cisco/xbox_ros2_ws/install/controller_interface/share/controller_interface/cmake/export_controller_interface__rosidl_generator_cppExport.cmake
[4.964s] -- Up-to-date: /home/cisco/xbox_ros2_ws/install/controller_interface/share/controller_interface/cmake/export_controller_interface__rosidl_typesupport_fastrtps_cppExport.cmake
[4.964s] -- Up-to-date: /home/cisco/xbox_ros2_ws/install/controller_interface/share/controller_interface/cmake/export_controller_interface__rosidl_typesupport_fastrtps_cppExport-noconfig.cmake
[4.965s] -- Up-to-date: /home/cisco/xbox_ros2_ws/install/controller_interface/share/controller_interface/cmake/controller_interface__rosidl_typesupport_introspection_cppExport.cmake
[4.965s] -- Up-to-date: /home/cisco/xbox_ros2_ws/install/controller_interface/share/controller_interface/cmake/controller_interface__rosidl_typesupport_introspection_cppExport-noconfig.cmake
[4.965s] -- Up-to-date: /home/cisco/xbox_ros2_ws/install/controller_interface/share/controller_interface/cmake/controller_interface__rosidl_typesupport_cppExport.cmake
[4.966s] -- Up-to-date: /home/cisco/xbox_ros2_ws/install/controller_interface/share/controller_interface/cmake/controller_interface__rosidl_typesupport_cppExport-noconfig.cmake
[4.966s] -- Up-to-date: /home/cisco/xbox_ros2_ws/install/controller_interface/share/controller_interface/cmake/export_controller_interface__rosidl_generator_pyExport.cmake
[4.966s] -- Up-to-date: /home/cisco/xbox_ros2_ws/install/controller_interface/share/controller_interface/cmake/export_controller_interface__rosidl_generator_pyExport-noconfig.cmake
[4.967s] -- Up-to-date: /home/cisco/xbox_ros2_ws/install/controller_interface/share/controller_interface/cmake/rosidl_cmake-extras.cmake
[4.967s] -- Up-to-date: /home/cisco/xbox_ros2_ws/install/controller_interface/share/controller_interface/cmake/ament_cmake_export_include_directories-extras.cmake
[4.967s] -- Up-to-date: /home/cisco/xbox_ros2_ws/install/controller_interface/share/controller_interface/cmake/ament_cmake_export_libraries-extras.cmake
[4.968s] -- Up-to-date: /home/cisco/xbox_ros2_ws/install/controller_interface/share/controller_interface/cmake/ament_cmake_export_targets-extras.cmake
[4.968s] -- Up-to-date: /home/cisco/xbox_ros2_ws/install/controller_interface/share/controller_interface/cmake/rosidl_cmake_export_typesupport_targets-extras.cmake
[4.968s] -- Up-to-date: /home/cisco/xbox_ros2_ws/install/controller_interface/share/controller_interface/cmake/ament_cmake_export_dependencies-extras.cmake
[4.968s] -- Up-to-date: /home/cisco/xbox_ros2_ws/install/controller_interface/share/controller_interface/cmake/rosidl_cmake_export_typesupport_libraries-extras.cmake
[4.969s] -- Up-to-date: /home/cisco/xbox_ros2_ws/install/controller_interface/share/controller_interface/cmake/controller_interfaceConfig.cmake
[4.969s] -- Up-to-date: /home/cisco/xbox_ros2_ws/install/controller_interface/share/controller_interface/cmake/controller_interfaceConfig-version.cmake
[4.969s] -- Up-to-date: /home/cisco/xbox_ros2_ws/install/controller_interface/share/controller_interface/package.xml
[4.986s] Invoked command in '/home/cisco/xbox_ros2_ws/build/controller_interface' returned '0': CMAKE_PREFIX_PATH=${CMAKE_PREFIX_PATH}:/home/cisco/xbox_ros2_ws/install/xbox_control:/home/cisco/ros2_ws/install/my_robot_controller:/opt/ros/humble /usr/bin/cmake --install /home/cisco/xbox_ros2_ws/build/controller_interface
