[0.959s] Invoking command in '/home/cisco/xbox_ros2_ws/src/xbox_control': PYTHONPATH=/home/cisco/xbox_ros2_ws/src/build/xbox_control/prefix_override:/home/cisco/xbox_ros2_ws/src/install/xbox_control/lib/python3.10/site-packages:${PYTHONPATH} /usr/bin/python3 setup.py egg_info --egg-base ../build/xbox_control build --build-base /home/cisco/xbox_ros2_ws/src/build/xbox_control/build install --record /home/cisco/xbox_ros2_ws/src/build/xbox_control/install.log --single-version-externally-managed
[1.398s] running egg_info
[1.400s] creating ../build/xbox_control/xbox_control.egg-info
[1.401s] writing ../build/xbox_control/xbox_control.egg-info/PKG-INFO
[1.401s] writing dependency_links to ../build/xbox_control/xbox_control.egg-info/dependency_links.txt
[1.401s] writing entry points to ../build/xbox_control/xbox_control.egg-info/entry_points.txt
[1.401s] writing requirements to ../build/xbox_control/xbox_control.egg-info/requires.txt
[1.401s] writing top-level names to ../build/xbox_control/xbox_control.egg-info/top_level.txt
[1.401s] writing manifest file '../build/xbox_control/xbox_control.egg-info/SOURCES.txt'
[1.401s] reading manifest file '../build/xbox_control/xbox_control.egg-info/SOURCES.txt'
[1.401s] writing manifest file '../build/xbox_control/xbox_control.egg-info/SOURCES.txt'
[1.401s] running build
[1.401s] running build_py
[1.402s] creating /home/cisco/xbox_ros2_ws/src/build/xbox_control/build
[1.402s] creating /home/cisco/xbox_ros2_ws/src/build/xbox_control/build/lib
[1.402s] creating /home/cisco/xbox_ros2_ws/src/build/xbox_control/build/lib/xbox_control
[1.402s] copying xbox_control/__init__.py -> /home/cisco/xbox_ros2_ws/src/build/xbox_control/build/lib/xbox_control
[1.402s] copying xbox_control/xbox_pub.py -> /home/cisco/xbox_ros2_ws/src/build/xbox_control/build/lib/xbox_control
[1.402s] copying xbox_control/xbox_sub.py -> /home/cisco/xbox_ros2_ws/src/build/xbox_control/build/lib/xbox_control
[1.410s] running install
[1.410s] running install_lib
[1.410s] creating /home/cisco/xbox_ros2_ws/src/install/xbox_control/lib/python3.10/site-packages/xbox_control
[1.410s] copying /home/cisco/xbox_ros2_ws/src/build/xbox_control/build/lib/xbox_control/__init__.py -> /home/cisco/xbox_ros2_ws/src/install/xbox_control/lib/python3.10/site-packages/xbox_control
[1.410s] copying /home/cisco/xbox_ros2_ws/src/build/xbox_control/build/lib/xbox_control/xbox_pub.py -> /home/cisco/xbox_ros2_ws/src/install/xbox_control/lib/python3.10/site-packages/xbox_control
[1.410s] copying /home/cisco/xbox_ros2_ws/src/build/xbox_control/build/lib/xbox_control/xbox_sub.py -> /home/cisco/xbox_ros2_ws/src/install/xbox_control/lib/python3.10/site-packages/xbox_control
[1.410s] byte-compiling /home/cisco/xbox_ros2_ws/src/install/xbox_control/lib/python3.10/site-packages/xbox_control/__init__.py to __init__.cpython-310.pyc
[1.410s] byte-compiling /home/cisco/xbox_ros2_ws/src/install/xbox_control/lib/python3.10/site-packages/xbox_control/xbox_pub.py to xbox_pub.cpython-310.pyc
[1.410s] byte-compiling /home/cisco/xbox_ros2_ws/src/install/xbox_control/lib/python3.10/site-packages/xbox_control/xbox_sub.py to xbox_sub.cpython-310.pyc
[1.410s] running install_data
[1.410s] creating /home/cisco/xbox_ros2_ws/src/install/xbox_control/share/ament_index
[1.410s] creating /home/cisco/xbox_ros2_ws/src/install/xbox_control/share/ament_index/resource_index
[1.411s] creating /home/cisco/xbox_ros2_ws/src/install/xbox_control/share/ament_index/resource_index/packages
[1.411s] copying resource/xbox_control -> /home/cisco/xbox_ros2_ws/src/install/xbox_control/share/ament_index/resource_index/packages
[1.411s] copying package.xml -> /home/cisco/xbox_ros2_ws/src/install/xbox_control/share/xbox_control
[1.411s] running install_egg_info
[1.415s] Copying ../build/xbox_control/xbox_control.egg-info to /home/cisco/xbox_ros2_ws/src/install/xbox_control/lib/python3.10/site-packages/xbox_control-0.0.0-py3.10.egg-info
[1.420s] running install_scripts
[1.450s] Installing xbox_pub = xbox_control.xbox_pub:mainxbox_sub script to /home/cisco/xbox_ros2_ws/src/install/xbox_control/lib/xbox_control
[1.451s] writing list of installed files to '/home/cisco/xbox_ros2_ws/src/build/xbox_control/install.log'
[1.561s] Invoked command in '/home/cisco/xbox_ros2_ws/src/xbox_control' returned '0': PYTHONPATH=/home/cisco/xbox_ros2_ws/src/build/xbox_control/prefix_override:/home/cisco/xbox_ros2_ws/src/install/xbox_control/lib/python3.10/site-packages:${PYTHONPATH} /usr/bin/python3 setup.py egg_info --egg-base ../build/xbox_control build --build-base /home/cisco/xbox_ros2_ws/src/build/xbox_control/build install --record /home/cisco/xbox_ros2_ws/src/build/xbox_control/install.log --single-version-externally-managed
