[0.795s] Invoking command in '/home/cisco/xbox_ros2_ws/src/xbox_control': PYTHONPATH=/home/cisco/xbox_ros2_ws/build/xbox_control/prefix_override:/home/cisco/xbox_ros2_ws/install/xbox_control/lib/python3.10/site-packages:${PYTHONPATH} /usr/bin/python3 setup.py egg_info --egg-base ../../build/xbox_control build --build-base /home/cisco/xbox_ros2_ws/build/xbox_control/build install --record /home/cisco/xbox_ros2_ws/build/xbox_control/install.log --single-version-externally-managed
[1.072s] running egg_info
[1.073s] writing ../../build/xbox_control/xbox_control.egg-info/PKG-INFO
[1.074s] writing dependency_links to ../../build/xbox_control/xbox_control.egg-info/dependency_links.txt
[1.075s] writing entry points to ../../build/xbox_control/xbox_control.egg-info/entry_points.txt
[1.076s] writing requirements to ../../build/xbox_control/xbox_control.egg-info/requires.txt
[1.076s] writing top-level names to ../../build/xbox_control/xbox_control.egg-info/top_level.txt
[1.079s] reading manifest file '../../build/xbox_control/xbox_control.egg-info/SOURCES.txt'
[1.080s] writing manifest file '../../build/xbox_control/xbox_control.egg-info/SOURCES.txt'
[1.081s] running build
[1.081s] running build_py
[1.082s] running install
[1.082s] running install_lib
[1.085s] running install_data
[1.086s] running install_egg_info
[1.089s] removing '/home/cisco/xbox_ros2_ws/install/xbox_control/lib/python3.10/site-packages/xbox_control-0.0.0-py3.10.egg-info' (and everything under it)
[1.090s] Copying ../../build/xbox_control/xbox_control.egg-info to /home/cisco/xbox_ros2_ws/install/xbox_control/lib/python3.10/site-packages/xbox_control-0.0.0-py3.10.egg-info
[1.092s] running install_scripts
[1.114s] Installing xbox_pub script to /home/cisco/xbox_ros2_ws/install/xbox_control/lib/xbox_control
[1.115s] Installing xbox_sub script to /home/cisco/xbox_ros2_ws/install/xbox_control/lib/xbox_control
[1.116s] writing list of installed files to '/home/cisco/xbox_ros2_ws/build/xbox_control/install.log'
[1.143s] Invoked command in '/home/cisco/xbox_ros2_ws/src/xbox_control' returned '0': PYTHONPATH=/home/cisco/xbox_ros2_ws/build/xbox_control/prefix_override:/home/cisco/xbox_ros2_ws/install/xbox_control/lib/python3.10/site-packages:${PYTHONPATH} /usr/bin/python3 setup.py egg_info --egg-base ../../build/xbox_control build --build-base /home/cisco/xbox_ros2_ws/build/xbox_control/build install --record /home/cisco/xbox_ros2_ws/build/xbox_control/install.log --single-version-externally-managed
