[0.040s] Invoking command in '/home/cisco/xbox_ros2_ws/src/build/controller_interface': CMAKE_PREFIX_PATH=/home/cisco/ros2_ws/install/my_robot_controller:/opt/ros/humble /usr/bin/cmake --build /home/cisco/xbox_ros2_ws/src/build/controller_interface -- -j4 -l4
[0.223s] -- Found ament_cmake: 1.3.3 (/opt/ros/humble/share/ament_cmake/cmake)
[0.471s] -- Found rosidl_default_generators: 1.2.0 (/opt/ros/humble/share/rosidl_default_generators/cmake)
[0.485s] -- Using all available rosidl_typesupport_c: rosidl_typesupport_fastrtps_c;rosidl_typesupport_introspection_c
[0.502s] -- Found rosidl_adapter: 3.1.4 (/opt/ros/humble/share/rosidl_adapter/cmake)
[0.605s] -- Using all available rosidl_typesupport_cpp: rosidl_typesupport_fastrtps_cpp;rosidl_typesupport_introspection_cpp
[0.948s] -- Found ament_cmake_ros: 0.10.0 (/opt/ros/humble/share/ament_cmake_ros/cmake)
[1.158s] -- Using all available rosidl_typesupport_c: rosidl_typesupport_fastrtps_c;rosidl_typesupport_introspection_c
[1.413s] -- Using all available rosidl_typesupport_cpp: rosidl_typesupport_fastrtps_cpp;rosidl_typesupport_introspection_cpp
[1.438s] -- Found PythonInterp: /usr/bin/python3 (found suitable version "3.10.6", minimum required is "3.6") 
[1.440s] -- Found python_cmake_module: 0.10.0 (/opt/ros/humble/share/python_cmake_module/cmake)
[1.473s] -- Found PythonLibs: /usr/lib/x86_64-linux-gnu/libpython3.10.so (found suitable version "3.10.6", minimum required is "3.5") 
[1.474s] -- Using PYTHON_EXECUTABLE: /usr/bin/python3
[1.474s] -- Using PYTHON_INCLUDE_DIRS: /usr/include/python3.10
[1.474s] -- Using PYTHON_LIBRARIES: /usr/lib/x86_64-linux-gnu/libpython3.10.so
[1.496s] -- Found PythonExtra: .so  
[1.535s] -- Found ament_lint_auto: 0.12.4 (/opt/ros/humble/share/ament_lint_auto/cmake)
[1.578s] -- Added test 'lint_cmake' to check CMake code style
[1.581s] -- Added test 'xmllint' to check XML markup files
[1.586s] -- Configuring done
[1.625s] -- Generating done
[1.628s] -- Build files have been written to: /home/cisco/xbox_ros2_ws/src/build/controller_interface
[1.656s] [  3%] [34m[1mGenerating C code for ROS interfaces[0m
[1.669s] [  6%] [34m[1mGenerating C++ code for ROS interfaces[0m
[1.680s] [  6%] Built target ament_cmake_python_copy_controller_interface
[2.091s] [  9%] [32mBuilding C object CMakeFiles/controller_interface__rosidl_generator_c.dir/rosidl_generator_c/controller_interface/msg/detail/control__functions.c.o[0m
[2.105s] [  9%] Built target controller_interface__cpp
[2.105s] running egg_info
[2.106s] creating controller_interface.egg-info
[2.106s] writing controller_interface.egg-info/PKG-INFO
[2.107s] writing dependency_links to controller_interface.egg-info/dependency_links.txt
[2.107s] writing top-level names to controller_interface.egg-info/top_level.txt
[2.107s] writing manifest file 'controller_interface.egg-info/SOURCES.txt'
[2.113s] reading manifest file 'controller_interface.egg-info/SOURCES.txt'
[2.115s] writing manifest file 'controller_interface.egg-info/SOURCES.txt'
[2.116s] [ 12%] [34m[1mGenerating C++ type support for eProsima Fast-RTPS[0m
[2.119s] [ 16%] [34m[1mGenerating C++ introspection for ROS interfaces[0m
[2.157s] [ 16%] Built target ament_cmake_python_build_controller_interface_egg
[2.171s] [ 19%] [34m[1mGenerating C++ type support dispatch for ROS interfaces[0m
[2.263s] [ 22%] [32m[1mLinking C shared library libcontroller_interface__rosidl_generator_c.so[0m
[2.327s] [ 22%] Built target controller_interface__rosidl_generator_c
[2.338s] [ 25%] [34m[1mGenerating C type support for eProsima Fast-RTPS[0m
[2.524s] [ 29%] [32mBuilding CXX object CMakeFiles/controller_interface__rosidl_typesupport_fastrtps_cpp.dir/rosidl_typesupport_fastrtps_cpp/controller_interface/msg/detail/dds_fastrtps/control__type_support.cpp.o[0m
[2.534s] [ 32%] [32mBuilding CXX object CMakeFiles/controller_interface__rosidl_typesupport_introspection_cpp.dir/rosidl_typesupport_introspection_cpp/controller_interface/msg/detail/control__type_support.cpp.o[0m
[2.597s] [ 35%] [32mBuilding CXX object CMakeFiles/controller_interface__rosidl_typesupport_cpp.dir/rosidl_typesupport_cpp/controller_interface/msg/control__type_support.cpp.o[0m
[2.812s] [ 38%] [32mBuilding CXX object CMakeFiles/controller_interface__rosidl_typesupport_fastrtps_c.dir/rosidl_typesupport_fastrtps_c/controller_interface/msg/detail/control__type_support_c.cpp.o[0m
[3.143s] [ 41%] [32m[1mLinking CXX shared library libcontroller_interface__rosidl_typesupport_cpp.so[0m
[3.201s] [ 41%] Built target controller_interface__rosidl_typesupport_cpp
[3.211s] [ 45%] [34m[1mGenerating C introspection for ROS interfaces[0m
[3.252s] [ 48%] [32m[1mLinking CXX shared library libcontroller_interface__rosidl_typesupport_introspection_cpp.so[0m
[3.301s] [ 51%] [32m[1mLinking CXX shared library libcontroller_interface__rosidl_typesupport_fastrtps_cpp.so[0m
[3.309s] [ 51%] Built target controller_interface__rosidl_typesupport_introspection_cpp
[3.321s] [ 54%] [34m[1mGenerating C type support dispatch for ROS interfaces[0m
[3.403s] [ 58%] [32m[1mLinking CXX shared library libcontroller_interface__rosidl_typesupport_fastrtps_c.so[0m
[3.405s] [ 58%] Built target controller_interface__rosidl_typesupport_fastrtps_cpp
[3.505s] [ 58%] Built target controller_interface__rosidl_typesupport_fastrtps_c
[3.615s] [ 61%] [32mBuilding C object CMakeFiles/controller_interface__rosidl_typesupport_introspection_c.dir/rosidl_typesupport_introspection_c/controller_interface/msg/detail/control__type_support.c.o[0m
[3.636s] [ 64%] [32mBuilding CXX object CMakeFiles/controller_interface__rosidl_typesupport_c.dir/rosidl_typesupport_c/controller_interface/msg/control__type_support.cpp.o[0m
[3.657s] [ 67%] [32m[1mLinking C shared library libcontroller_interface__rosidl_typesupport_introspection_c.so[0m
[3.673s] [ 70%] [32m[1mLinking CXX shared library libcontroller_interface__rosidl_typesupport_c.so[0m
[3.686s] [ 70%] Built target controller_interface__rosidl_typesupport_introspection_c
[3.713s] [ 70%] Built target controller_interface__rosidl_typesupport_c
[3.732s] [ 70%] Built target controller_interface
[3.749s] [ 74%] [34m[1mGenerating Python code for ROS interfaces[0m
[4.106s] [ 74%] Built target controller_interface__py
[4.130s] [ 77%] [32mBuilding C object CMakeFiles/controller_interface__rosidl_generator_py.dir/rosidl_generator_py/controller_interface/msg/_control_s.c.o[0m
[4.490s] [ 80%] [32m[1mLinking C shared library rosidl_generator_py/controller_interface/libcontroller_interface__rosidl_generator_py.so[0m
[4.580s] [ 80%] Built target controller_interface__rosidl_generator_py
[4.611s] [ 90%] [32mBuilding C object CMakeFiles/controller_interface__rosidl_typesupport_c__pyext.dir/rosidl_generator_py/controller_interface/_controller_interface_s.ep.rosidl_typesupport_c.c.o[0m
[4.611s] [ 90%] [32mBuilding C object CMakeFiles/controller_interface__rosidl_typesupport_fastrtps_c__pyext.dir/rosidl_generator_py/controller_interface/_controller_interface_s.ep.rosidl_typesupport_fastrtps_c.c.o[0m
[4.611s] [ 90%] [32mBuilding C object CMakeFiles/controller_interface__rosidl_typesupport_introspection_c__pyext.dir/rosidl_generator_py/controller_interface/_controller_interface_s.ep.rosidl_typesupport_introspection_c.c.o[0m
[4.728s] [ 93%] [32m[1mLinking C shared library rosidl_generator_py/controller_interface/controller_interface_s__rosidl_typesupport_fastrtps_c.cpython-310-x86_64-linux-gnu.so[0m
[4.733s] [ 96%] [32m[1mLinking C shared library rosidl_generator_py/controller_interface/controller_interface_s__rosidl_typesupport_c.cpython-310-x86_64-linux-gnu.so[0m
[4.735s] [100%] [32m[1mLinking C shared library rosidl_generator_py/controller_interface/controller_interface_s__rosidl_typesupport_introspection_c.cpython-310-x86_64-linux-gnu.so[0m
[4.771s] [100%] Built target controller_interface__rosidl_typesupport_fastrtps_c__pyext
[4.789s] [100%] Built target controller_interface__rosidl_typesupport_c__pyext
[4.791s] [100%] Built target controller_interface__rosidl_typesupport_introspection_c__pyext
[4.802s] Invoked command in '/home/cisco/xbox_ros2_ws/src/build/controller_interface' returned '0': CMAKE_PREFIX_PATH=/home/cisco/ros2_ws/install/my_robot_controller:/opt/ros/humble /usr/bin/cmake --build /home/cisco/xbox_ros2_ws/src/build/controller_interface -- -j4 -l4
[4.885s] Invoking command in '/home/cisco/xbox_ros2_ws/src/build/controller_interface': CMAKE_PREFIX_PATH=/home/cisco/ros2_ws/install/my_robot_controller:/opt/ros/humble /usr/bin/cmake --install /home/cisco/xbox_ros2_ws/src/build/controller_interface
[4.892s] -- Install configuration: ""
[4.892s] -- Installing: /home/cisco/xbox_ros2_ws/src/install/controller_interface/share/ament_index/resource_index/rosidl_interfaces/controller_interface
[4.892s] -- Installing: /home/cisco/xbox_ros2_ws/src/install/controller_interface/include/controller_interface/controller_interface
[4.892s] -- Installing: /home/cisco/xbox_ros2_ws/src/install/controller_interface/include/controller_interface/controller_interface/msg
[4.892s] -- Installing: /home/cisco/xbox_ros2_ws/src/install/controller_interface/include/controller_interface/controller_interface/msg/rosidl_generator_c__visibility_control.h
[4.893s] -- Installing: /home/cisco/xbox_ros2_ws/src/install/controller_interface/include/controller_interface/controller_interface/msg/detail
[4.893s] -- Installing: /home/cisco/xbox_ros2_ws/src/install/controller_interface/include/controller_interface/controller_interface/msg/detail/control__functions.c
[4.893s] -- Installing: /home/cisco/xbox_ros2_ws/src/install/controller_interface/include/controller_interface/controller_interface/msg/detail/control__struct.h
[4.893s] -- Installing: /home/cisco/xbox_ros2_ws/src/install/controller_interface/include/controller_interface/controller_interface/msg/detail/control__type_support.h
[4.893s] -- Installing: /home/cisco/xbox_ros2_ws/src/install/controller_interface/include/controller_interface/controller_interface/msg/detail/control__functions.h
[4.893s] -- Installing: /home/cisco/xbox_ros2_ws/src/install/controller_interface/include/controller_interface/controller_interface/msg/control.h
[4.902s] -- Installing: /home/cisco/xbox_ros2_ws/src/install/controller_interface/share/controller_interface/environment/library_path.sh
[4.903s] -- Installing: /home/cisco/xbox_ros2_ws/src/install/controller_interface/share/controller_interface/environment/library_path.dsv
[4.903s] -- Installing: /home/cisco/xbox_ros2_ws/src/install/controller_interface/lib/libcontroller_interface__rosidl_generator_c.so
[4.904s] -- Set runtime path of "/home/cisco/xbox_ros2_ws/src/install/controller_interface/lib/libcontroller_interface__rosidl_generator_c.so" to ""
[4.904s] -- Up-to-date: /home/cisco/xbox_ros2_ws/src/install/controller_interface/include/controller_interface/controller_interface
[4.904s] -- Up-to-date: /home/cisco/xbox_ros2_ws/src/install/controller_interface/include/controller_interface/controller_interface/msg
[4.904s] -- Installing: /home/cisco/xbox_ros2_ws/src/install/controller_interface/include/controller_interface/controller_interface/msg/rosidl_typesupport_fastrtps_c__visibility_control.h
[4.904s] -- Up-to-date: /home/cisco/xbox_ros2_ws/src/install/controller_interface/include/controller_interface/controller_interface/msg/detail
[4.904s] -- Installing: /home/cisco/xbox_ros2_ws/src/install/controller_interface/include/controller_interface/controller_interface/msg/detail/control__rosidl_typesupport_fastrtps_c.h
[4.904s] -- Installing: /home/cisco/xbox_ros2_ws/src/install/controller_interface/lib/libcontroller_interface__rosidl_typesupport_fastrtps_c.so
[4.905s] -- Set runtime path of "/home/cisco/xbox_ros2_ws/src/install/controller_interface/lib/libcontroller_interface__rosidl_typesupport_fastrtps_c.so" to ""
[4.905s] -- Up-to-date: /home/cisco/xbox_ros2_ws/src/install/controller_interface/include/controller_interface/controller_interface
[4.905s] -- Up-to-date: /home/cisco/xbox_ros2_ws/src/install/controller_interface/include/controller_interface/controller_interface/msg
[4.905s] -- Up-to-date: /home/cisco/xbox_ros2_ws/src/install/controller_interface/include/controller_interface/controller_interface/msg/detail
[4.905s] -- Installing: /home/cisco/xbox_ros2_ws/src/install/controller_interface/include/controller_interface/controller_interface/msg/detail/control__type_support.c
[4.905s] -- Installing: /home/cisco/xbox_ros2_ws/src/install/controller_interface/include/controller_interface/controller_interface/msg/detail/control__rosidl_typesupport_introspection_c.h
[4.905s] -- Installing: /home/cisco/xbox_ros2_ws/src/install/controller_interface/include/controller_interface/controller_interface/msg/rosidl_typesupport_introspection_c__visibility_control.h
[4.905s] -- Installing: /home/cisco/xbox_ros2_ws/src/install/controller_interface/lib/libcontroller_interface__rosidl_typesupport_introspection_c.so
[4.906s] -- Set runtime path of "/home/cisco/xbox_ros2_ws/src/install/controller_interface/lib/libcontroller_interface__rosidl_typesupport_introspection_c.so" to ""
[4.906s] -- Installing: /home/cisco/xbox_ros2_ws/src/install/controller_interface/lib/libcontroller_interface__rosidl_typesupport_c.so
[4.906s] -- Set runtime path of "/home/cisco/xbox_ros2_ws/src/install/controller_interface/lib/libcontroller_interface__rosidl_typesupport_c.so" to ""
[4.906s] -- Up-to-date: /home/cisco/xbox_ros2_ws/src/install/controller_interface/include/controller_interface/controller_interface
[4.906s] -- Up-to-date: /home/cisco/xbox_ros2_ws/src/install/controller_interface/include/controller_interface/controller_interface/msg
[4.906s] -- Up-to-date: /home/cisco/xbox_ros2_ws/src/install/controller_interface/include/controller_interface/controller_interface/msg/detail
[4.907s] -- Installing: /home/cisco/xbox_ros2_ws/src/install/controller_interface/include/controller_interface/controller_interface/msg/detail/control__traits.hpp
[4.907s] -- Installing: /home/cisco/xbox_ros2_ws/src/install/controller_interface/include/controller_interface/controller_interface/msg/detail/control__struct.hpp
[4.907s] -- Installing: /home/cisco/xbox_ros2_ws/src/install/controller_interface/include/controller_interface/controller_interface/msg/detail/control__builder.hpp
[4.907s] -- Installing: /home/cisco/xbox_ros2_ws/src/install/controller_interface/include/controller_interface/controller_interface/msg/control.hpp
[4.907s] -- Up-to-date: /home/cisco/xbox_ros2_ws/src/install/controller_interface/include/controller_interface/controller_interface
[4.907s] -- Up-to-date: /home/cisco/xbox_ros2_ws/src/install/controller_interface/include/controller_interface/controller_interface/msg
[4.907s] -- Up-to-date: /home/cisco/xbox_ros2_ws/src/install/controller_interface/include/controller_interface/controller_interface/msg/detail
[4.908s] -- Installing: /home/cisco/xbox_ros2_ws/src/install/controller_interface/include/controller_interface/controller_interface/msg/detail/dds_fastrtps
[4.908s] -- Installing: /home/cisco/xbox_ros2_ws/src/install/controller_interface/include/controller_interface/controller_interface/msg/detail/control__rosidl_typesupport_fastrtps_cpp.hpp
[4.908s] -- Installing: /home/cisco/xbox_ros2_ws/src/install/controller_interface/include/controller_interface/controller_interface/msg/rosidl_typesupport_fastrtps_cpp__visibility_control.h
[4.908s] -- Installing: /home/cisco/xbox_ros2_ws/src/install/controller_interface/lib/libcontroller_interface__rosidl_typesupport_fastrtps_cpp.so
[4.908s] -- Set runtime path of "/home/cisco/xbox_ros2_ws/src/install/controller_interface/lib/libcontroller_interface__rosidl_typesupport_fastrtps_cpp.so" to ""
[4.908s] -- Up-to-date: /home/cisco/xbox_ros2_ws/src/install/controller_interface/include/controller_interface/controller_interface
[4.908s] -- Up-to-date: /home/cisco/xbox_ros2_ws/src/install/controller_interface/include/controller_interface/controller_interface/msg
[4.908s] -- Up-to-date: /home/cisco/xbox_ros2_ws/src/install/controller_interface/include/controller_interface/controller_interface/msg/detail
[4.909s] -- Installing: /home/cisco/xbox_ros2_ws/src/install/controller_interface/include/controller_interface/controller_interface/msg/detail/control__rosidl_typesupport_introspection_cpp.hpp
[4.909s] -- Installing: /home/cisco/xbox_ros2_ws/src/install/controller_interface/include/controller_interface/controller_interface/msg/detail/control__type_support.cpp
[4.909s] -- Installing: /home/cisco/xbox_ros2_ws/src/install/controller_interface/lib/libcontroller_interface__rosidl_typesupport_introspection_cpp.so
[4.909s] -- Set runtime path of "/home/cisco/xbox_ros2_ws/src/install/controller_interface/lib/libcontroller_interface__rosidl_typesupport_introspection_cpp.so" to ""
[4.910s] -- Installing: /home/cisco/xbox_ros2_ws/src/install/controller_interface/lib/libcontroller_interface__rosidl_typesupport_cpp.so
[4.910s] -- Set runtime path of "/home/cisco/xbox_ros2_ws/src/install/controller_interface/lib/libcontroller_interface__rosidl_typesupport_cpp.so" to ""
[4.910s] -- Installing: /home/cisco/xbox_ros2_ws/src/install/controller_interface/share/controller_interface/environment/pythonpath.sh
[4.910s] -- Installing: /home/cisco/xbox_ros2_ws/src/install/controller_interface/share/controller_interface/environment/pythonpath.dsv
[4.910s] -- Installing: /home/cisco/xbox_ros2_ws/src/install/controller_interface/local/lib/python3.10/dist-packages/controller_interface-0.0.0-py3.10.egg-info
[4.911s] -- Installing: /home/cisco/xbox_ros2_ws/src/install/controller_interface/local/lib/python3.10/dist-packages/controller_interface-0.0.0-py3.10.egg-info/SOURCES.txt
[4.911s] -- Installing: /home/cisco/xbox_ros2_ws/src/install/controller_interface/local/lib/python3.10/dist-packages/controller_interface-0.0.0-py3.10.egg-info/PKG-INFO
[4.911s] -- Installing: /home/cisco/xbox_ros2_ws/src/install/controller_interface/local/lib/python3.10/dist-packages/controller_interface-0.0.0-py3.10.egg-info/dependency_links.txt
[4.911s] -- Installing: /home/cisco/xbox_ros2_ws/src/install/controller_interface/local/lib/python3.10/dist-packages/controller_interface-0.0.0-py3.10.egg-info/top_level.txt
[4.911s] -- Installing: /home/cisco/xbox_ros2_ws/src/install/controller_interface/local/lib/python3.10/dist-packages/controller_interface
[4.911s] -- Installing: /home/cisco/xbox_ros2_ws/src/install/controller_interface/local/lib/python3.10/dist-packages/controller_interface/_controller_interface_s.ep.rosidl_typesupport_c.c
[4.911s] -- Installing: /home/cisco/xbox_ros2_ws/src/install/controller_interface/local/lib/python3.10/dist-packages/controller_interface/__init__.py
[4.912s] -- Installing: /home/cisco/xbox_ros2_ws/src/install/controller_interface/local/lib/python3.10/dist-packages/controller_interface/_controller_interface_s.ep.rosidl_typesupport_introspection_c.c
[4.912s] -- Installing: /home/cisco/xbox_ros2_ws/src/install/controller_interface/local/lib/python3.10/dist-packages/controller_interface/controller_interface_s__rosidl_typesupport_fastrtps_c.cpython-310-x86_64-linux-gnu.so
[4.912s] -- Installing: /home/cisco/xbox_ros2_ws/src/install/controller_interface/local/lib/python3.10/dist-packages/controller_interface/libcontroller_interface__rosidl_generator_py.so
[4.912s] -- Installing: /home/cisco/xbox_ros2_ws/src/install/controller_interface/local/lib/python3.10/dist-packages/controller_interface/controller_interface_s__rosidl_typesupport_introspection_c.cpython-310-x86_64-linux-gnu.so
[4.912s] -- Installing: /home/cisco/xbox_ros2_ws/src/install/controller_interface/local/lib/python3.10/dist-packages/controller_interface/_controller_interface_s.ep.rosidl_typesupport_fastrtps_c.c
[4.912s] -- Installing: /home/cisco/xbox_ros2_ws/src/install/controller_interface/local/lib/python3.10/dist-packages/controller_interface/msg
[4.912s] -- Installing: /home/cisco/xbox_ros2_ws/src/install/controller_interface/local/lib/python3.10/dist-packages/controller_interface/msg/__init__.py
[4.913s] -- Installing: /home/cisco/xbox_ros2_ws/src/install/controller_interface/local/lib/python3.10/dist-packages/controller_interface/msg/_control_s.c
[4.913s] -- Installing: /home/cisco/xbox_ros2_ws/src/install/controller_interface/local/lib/python3.10/dist-packages/controller_interface/msg/_control.py
[4.913s] -- Installing: /home/cisco/xbox_ros2_ws/src/install/controller_interface/local/lib/python3.10/dist-packages/controller_interface/controller_interface_s__rosidl_typesupport_c.cpython-310-x86_64-linux-gnu.so
[4.949s] Listing '/home/cisco/xbox_ros2_ws/src/install/controller_interface/local/lib/python3.10/dist-packages/controller_interface'...
[4.949s] Compiling '/home/cisco/xbox_ros2_ws/src/install/controller_interface/local/lib/python3.10/dist-packages/controller_interface/__init__.py'...
[4.949s] Listing '/home/cisco/xbox_ros2_ws/src/install/controller_interface/local/lib/python3.10/dist-packages/controller_interface/msg'...
[4.949s] Compiling '/home/cisco/xbox_ros2_ws/src/install/controller_interface/local/lib/python3.10/dist-packages/controller_interface/msg/__init__.py'...
[4.949s] Compiling '/home/cisco/xbox_ros2_ws/src/install/controller_interface/local/lib/python3.10/dist-packages/controller_interface/msg/_control.py'...
[4.955s] -- Installing: /home/cisco/xbox_ros2_ws/src/install/controller_interface/local/lib/python3.10/dist-packages/controller_interface/controller_interface_s__rosidl_typesupport_fastrtps_c.cpython-310-x86_64-linux-gnu.so
[4.955s] -- Set runtime path of "/home/cisco/xbox_ros2_ws/src/install/controller_interface/local/lib/python3.10/dist-packages/controller_interface/controller_interface_s__rosidl_typesupport_fastrtps_c.cpython-310-x86_64-linux-gnu.so" to ""
[4.955s] -- Installing: /home/cisco/xbox_ros2_ws/src/install/controller_interface/local/lib/python3.10/dist-packages/controller_interface/controller_interface_s__rosidl_typesupport_introspection_c.cpython-310-x86_64-linux-gnu.so
[4.955s] -- Set runtime path of "/home/cisco/xbox_ros2_ws/src/install/controller_interface/local/lib/python3.10/dist-packages/controller_interface/controller_interface_s__rosidl_typesupport_introspection_c.cpython-310-x86_64-linux-gnu.so" to ""
[4.956s] -- Installing: /home/cisco/xbox_ros2_ws/src/install/controller_interface/local/lib/python3.10/dist-packages/controller_interface/controller_interface_s__rosidl_typesupport_c.cpython-310-x86_64-linux-gnu.so
[4.956s] -- Set runtime path of "/home/cisco/xbox_ros2_ws/src/install/controller_interface/local/lib/python3.10/dist-packages/controller_interface/controller_interface_s__rosidl_typesupport_c.cpython-310-x86_64-linux-gnu.so" to ""
[4.956s] -- Installing: /home/cisco/xbox_ros2_ws/src/install/controller_interface/lib/libcontroller_interface__rosidl_generator_py.so
[4.959s] -- Set runtime path of "/home/cisco/xbox_ros2_ws/src/install/controller_interface/lib/libcontroller_interface__rosidl_generator_py.so" to ""
[4.959s] -- Installing: /home/cisco/xbox_ros2_ws/src/install/controller_interface/share/controller_interface/msg/Control.idl
[4.959s] -- Installing: /home/cisco/xbox_ros2_ws/src/install/controller_interface/share/controller_interface/msg/Control.msg
[4.959s] -- Installing: /home/cisco/xbox_ros2_ws/src/install/controller_interface/share/ament_index/resource_index/package_run_dependencies/controller_interface
[4.961s] -- Up-to-date: /home/cisco/xbox_ros2_ws/src/install/controller_interface/share/ament_index/resource_index/parent_prefix_path/controller_interface
[4.961s] -- Up-to-date: /home/cisco/xbox_ros2_ws/src/install/controller_interface/share/controller_interface/environment/ament_prefix_path.sh
[4.961s] -- Installing: /home/cisco/xbox_ros2_ws/src/install/controller_interface/share/controller_interface/environment/ament_prefix_path.dsv
[4.961s] -- Up-to-date: /home/cisco/xbox_ros2_ws/src/install/controller_interface/share/controller_interface/environment/path.sh
[4.961s] -- Installing: /home/cisco/xbox_ros2_ws/src/install/controller_interface/share/controller_interface/environment/path.dsv
[4.962s] -- Up-to-date: /home/cisco/xbox_ros2_ws/src/install/controller_interface/share/controller_interface/local_setup.bash
[4.962s] -- Installing: /home/cisco/xbox_ros2_ws/src/install/controller_interface/share/controller_interface/local_setup.sh
[4.962s] -- Up-to-date: /home/cisco/xbox_ros2_ws/src/install/controller_interface/share/controller_interface/local_setup.zsh
[4.962s] -- Installing: /home/cisco/xbox_ros2_ws/src/install/controller_interface/share/controller_interface/local_setup.dsv
[4.962s] -- Installing: /home/cisco/xbox_ros2_ws/src/install/controller_interface/share/controller_interface/package.dsv
[4.964s] -- Up-to-date: /home/cisco/xbox_ros2_ws/src/install/controller_interface/share/ament_index/resource_index/packages/controller_interface
[4.965s] -- Installing: /home/cisco/xbox_ros2_ws/src/install/controller_interface/share/controller_interface/cmake/export_controller_interface__rosidl_generator_cExport.cmake
[4.965s] -- Installing: /home/cisco/xbox_ros2_ws/src/install/controller_interface/share/controller_interface/cmake/export_controller_interface__rosidl_generator_cExport-noconfig.cmake
[4.966s] -- Installing: /home/cisco/xbox_ros2_ws/src/install/controller_interface/share/controller_interface/cmake/export_controller_interface__rosidl_typesupport_fastrtps_cExport.cmake
[4.966s] -- Installing: /home/cisco/xbox_ros2_ws/src/install/controller_interface/share/controller_interface/cmake/export_controller_interface__rosidl_typesupport_fastrtps_cExport-noconfig.cmake
[4.967s] -- Installing: /home/cisco/xbox_ros2_ws/src/install/controller_interface/share/controller_interface/cmake/controller_interface__rosidl_typesupport_introspection_cExport.cmake
[4.967s] -- Installing: /home/cisco/xbox_ros2_ws/src/install/controller_interface/share/controller_interface/cmake/controller_interface__rosidl_typesupport_introspection_cExport-noconfig.cmake
[4.967s] -- Installing: /home/cisco/xbox_ros2_ws/src/install/controller_interface/share/controller_interface/cmake/controller_interface__rosidl_typesupport_cExport.cmake
[4.967s] -- Installing: /home/cisco/xbox_ros2_ws/src/install/controller_interface/share/controller_interface/cmake/controller_interface__rosidl_typesupport_cExport-noconfig.cmake
[4.967s] -- Installing: /home/cisco/xbox_ros2_ws/src/install/controller_interface/share/controller_interface/cmake/export_controller_interface__rosidl_generator_cppExport.cmake
[4.968s] -- Installing: /home/cisco/xbox_ros2_ws/src/install/controller_interface/share/controller_interface/cmake/export_controller_interface__rosidl_typesupport_fastrtps_cppExport.cmake
[4.968s] -- Installing: /home/cisco/xbox_ros2_ws/src/install/controller_interface/share/controller_interface/cmake/export_controller_interface__rosidl_typesupport_fastrtps_cppExport-noconfig.cmake
[4.968s] -- Installing: /home/cisco/xbox_ros2_ws/src/install/controller_interface/share/controller_interface/cmake/controller_interface__rosidl_typesupport_introspection_cppExport.cmake
[4.968s] -- Installing: /home/cisco/xbox_ros2_ws/src/install/controller_interface/share/controller_interface/cmake/controller_interface__rosidl_typesupport_introspection_cppExport-noconfig.cmake
[4.968s] -- Installing: /home/cisco/xbox_ros2_ws/src/install/controller_interface/share/controller_interface/cmake/controller_interface__rosidl_typesupport_cppExport.cmake
[4.969s] -- Installing: /home/cisco/xbox_ros2_ws/src/install/controller_interface/share/controller_interface/cmake/controller_interface__rosidl_typesupport_cppExport-noconfig.cmake
[4.969s] -- Installing: /home/cisco/xbox_ros2_ws/src/install/controller_interface/share/controller_interface/cmake/export_controller_interface__rosidl_generator_pyExport.cmake
[4.969s] -- Installing: /home/cisco/xbox_ros2_ws/src/install/controller_interface/share/controller_interface/cmake/export_controller_interface__rosidl_generator_pyExport-noconfig.cmake
[4.970s] -- Installing: /home/cisco/xbox_ros2_ws/src/install/controller_interface/share/controller_interface/cmake/rosidl_cmake-extras.cmake
[4.970s] -- Installing: /home/cisco/xbox_ros2_ws/src/install/controller_interface/share/controller_interface/cmake/ament_cmake_export_include_directories-extras.cmake
[4.970s] -- Installing: /home/cisco/xbox_ros2_ws/src/install/controller_interface/share/controller_interface/cmake/ament_cmake_export_libraries-extras.cmake
[4.971s] -- Installing: /home/cisco/xbox_ros2_ws/src/install/controller_interface/share/controller_interface/cmake/ament_cmake_export_targets-extras.cmake
[4.971s] -- Installing: /home/cisco/xbox_ros2_ws/src/install/controller_interface/share/controller_interface/cmake/rosidl_cmake_export_typesupport_targets-extras.cmake
[4.971s] -- Installing: /home/cisco/xbox_ros2_ws/src/install/controller_interface/share/controller_interface/cmake/ament_cmake_export_dependencies-extras.cmake
[4.971s] -- Installing: /home/cisco/xbox_ros2_ws/src/install/controller_interface/share/controller_interface/cmake/rosidl_cmake_export_typesupport_libraries-extras.cmake
[4.971s] -- Installing: /home/cisco/xbox_ros2_ws/src/install/controller_interface/share/controller_interface/cmake/controller_interfaceConfig.cmake
[4.971s] -- Up-to-date: /home/cisco/xbox_ros2_ws/src/install/controller_interface/share/controller_interface/cmake/controller_interfaceConfig-version.cmake
[4.971s] -- Installing: /home/cisco/xbox_ros2_ws/src/install/controller_interface/share/controller_interface/package.xml
[4.974s] Invoked command in '/home/cisco/xbox_ros2_ws/src/build/controller_interface' returned '0': CMAKE_PREFIX_PATH=/home/cisco/ros2_ws/install/my_robot_controller:/opt/ros/humble /usr/bin/cmake --install /home/cisco/xbox_ros2_ws/src/build/controller_interface
