[0.617s] Invoking command in '/home/cisco/xbox_ros2_ws/src/xbox_control': PYTHONPATH=/home/cisco/xbox_ros2_ws/build/xbox_control/prefix_override:/home/cisco/xbox_ros2_ws/install/xbox_control/lib/python3.10/site-packages:${PYTHONPATH} /usr/bin/python3 setup.py egg_info --egg-base ../../build/xbox_control build --build-base /home/cisco/xbox_ros2_ws/build/xbox_control/build install --record /home/cisco/xbox_ros2_ws/build/xbox_control/install.log --single-version-externally-managed
[0.863s] running egg_info
[0.864s] writing ../../build/xbox_control/xbox_control.egg-info/PKG-INFO
[0.864s] writing dependency_links to ../../build/xbox_control/xbox_control.egg-info/dependency_links.txt
[0.865s] writing entry points to ../../build/xbox_control/xbox_control.egg-info/entry_points.txt
[0.865s] writing requirements to ../../build/xbox_control/xbox_control.egg-info/requires.txt
[0.865s] writing top-level names to ../../build/xbox_control/xbox_control.egg-info/top_level.txt
[0.868s] reading manifest file '../../build/xbox_control/xbox_control.egg-info/SOURCES.txt'
[0.869s] writing manifest file '../../build/xbox_control/xbox_control.egg-info/SOURCES.txt'
[0.869s] running build
[0.869s] running build_py
[0.870s] copying xbox_control/xbox_sub.py -> /home/cisco/xbox_ros2_ws/build/xbox_control/build/lib/xbox_control
[0.870s] running install
[0.871s] running install_lib
[0.872s] copying /home/cisco/xbox_ros2_ws/build/xbox_control/build/lib/xbox_control/xbox_sub.py -> /home/cisco/xbox_ros2_ws/install/xbox_control/lib/python3.10/site-packages/xbox_control
[0.873s] byte-compiling /home/cisco/xbox_ros2_ws/install/xbox_control/lib/python3.10/site-packages/xbox_control/xbox_sub.py to xbox_sub.cpython-310.pyc
[0.873s] running install_data
[0.874s] running install_egg_info
[0.876s] removing '/home/cisco/xbox_ros2_ws/install/xbox_control/lib/python3.10/site-packages/xbox_control-0.0.0-py3.10.egg-info' (and everything under it)
[0.876s] Copying ../../build/xbox_control/xbox_control.egg-info to /home/cisco/xbox_ros2_ws/install/xbox_control/lib/python3.10/site-packages/xbox_control-0.0.0-py3.10.egg-info
[0.878s] running install_scripts
[0.896s] Installing xbox_pub script to /home/cisco/xbox_ros2_ws/install/xbox_control/lib/xbox_control
[0.896s] Installing xbox_sub script to /home/cisco/xbox_ros2_ws/install/xbox_control/lib/xbox_control
[0.897s] writing list of installed files to '/home/cisco/xbox_ros2_ws/build/xbox_control/install.log'
[0.923s] Invoked command in '/home/cisco/xbox_ros2_ws/src/xbox_control' returned '0': PYTHONPATH=/home/cisco/xbox_ros2_ws/build/xbox_control/prefix_override:/home/cisco/xbox_ros2_ws/install/xbox_control/lib/python3.10/site-packages:${PYTHONPATH} /usr/bin/python3 setup.py egg_info --egg-base ../../build/xbox_control build --build-base /home/cisco/xbox_ros2_ws/build/xbox_control/build install --record /home/cisco/xbox_ros2_ws/build/xbox_control/install.log --single-version-externally-managed
